ARM GAS  C:\Users\gamin\AppData\Local\Temp\ccy87B0g.s 			page 1


   1              		.cpu cortex-m4
   2              		.arch armv7e-m
   3              		.fpu fpv4-sp-d16
   4              		.eabi_attribute 27, 1
   5              		.eabi_attribute 28, 1
   6              		.eabi_attribute 20, 1
   7              		.eabi_attribute 21, 1
   8              		.eabi_attribute 23, 3
   9              		.eabi_attribute 24, 1
  10              		.eabi_attribute 25, 1
  11              		.eabi_attribute 26, 1
  12              		.eabi_attribute 30, 1
  13              		.eabi_attribute 34, 1
  14              		.eabi_attribute 18, 4
  15              		.file	"stm32l4xx_hal_msp.c"
  16              		.text
  17              	.Ltext0:
  18              		.cfi_sections	.debug_frame
  19              		.file 1 "Core/Src/stm32l4xx_hal_msp.c"
  20              		.section	.text.HAL_MspInit,"ax",%progbits
  21              		.align	1
  22              		.global	HAL_MspInit
  23              		.syntax unified
  24              		.thumb
  25              		.thumb_func
  27              	HAL_MspInit:
  28              	.LFB288:
   1:Core/Src/stm32l4xx_hal_msp.c **** /* USER CODE BEGIN Header */
   2:Core/Src/stm32l4xx_hal_msp.c **** /**
   3:Core/Src/stm32l4xx_hal_msp.c ****   ******************************************************************************
   4:Core/Src/stm32l4xx_hal_msp.c ****   * @file         stm32l4xx_hal_msp.c
   5:Core/Src/stm32l4xx_hal_msp.c ****   * @brief        This file provides code for the MSP Initialization
   6:Core/Src/stm32l4xx_hal_msp.c ****   *               and de-Initialization codes.
   7:Core/Src/stm32l4xx_hal_msp.c ****   ******************************************************************************
   8:Core/Src/stm32l4xx_hal_msp.c ****   * @attention
   9:Core/Src/stm32l4xx_hal_msp.c ****   *
  10:Core/Src/stm32l4xx_hal_msp.c ****   * Copyright (c) 2024 STMicroelectronics.
  11:Core/Src/stm32l4xx_hal_msp.c ****   * All rights reserved.
  12:Core/Src/stm32l4xx_hal_msp.c ****   *
  13:Core/Src/stm32l4xx_hal_msp.c ****   * This software is licensed under terms that can be found in the LICENSE file
  14:Core/Src/stm32l4xx_hal_msp.c ****   * in the root directory of this software component.
  15:Core/Src/stm32l4xx_hal_msp.c ****   * If no LICENSE file comes with this software, it is provided AS-IS.
  16:Core/Src/stm32l4xx_hal_msp.c ****   *
  17:Core/Src/stm32l4xx_hal_msp.c ****   ******************************************************************************
  18:Core/Src/stm32l4xx_hal_msp.c ****   */
  19:Core/Src/stm32l4xx_hal_msp.c **** /* USER CODE END Header */
  20:Core/Src/stm32l4xx_hal_msp.c **** 
  21:Core/Src/stm32l4xx_hal_msp.c **** /* Includes ------------------------------------------------------------------*/
  22:Core/Src/stm32l4xx_hal_msp.c **** #include "main.h"
  23:Core/Src/stm32l4xx_hal_msp.c **** 
  24:Core/Src/stm32l4xx_hal_msp.c **** /* USER CODE BEGIN Includes */
  25:Core/Src/stm32l4xx_hal_msp.c **** 
  26:Core/Src/stm32l4xx_hal_msp.c **** /* USER CODE END Includes */
  27:Core/Src/stm32l4xx_hal_msp.c **** extern DMA_HandleTypeDef hdma_adc1;
  28:Core/Src/stm32l4xx_hal_msp.c **** 
  29:Core/Src/stm32l4xx_hal_msp.c **** /* Private typedef -----------------------------------------------------------*/
  30:Core/Src/stm32l4xx_hal_msp.c **** /* USER CODE BEGIN TD */
ARM GAS  C:\Users\gamin\AppData\Local\Temp\ccy87B0g.s 			page 2


  31:Core/Src/stm32l4xx_hal_msp.c **** 
  32:Core/Src/stm32l4xx_hal_msp.c **** /* USER CODE END TD */
  33:Core/Src/stm32l4xx_hal_msp.c **** 
  34:Core/Src/stm32l4xx_hal_msp.c **** /* Private define ------------------------------------------------------------*/
  35:Core/Src/stm32l4xx_hal_msp.c **** /* USER CODE BEGIN Define */
  36:Core/Src/stm32l4xx_hal_msp.c **** 
  37:Core/Src/stm32l4xx_hal_msp.c **** /* USER CODE END Define */
  38:Core/Src/stm32l4xx_hal_msp.c **** 
  39:Core/Src/stm32l4xx_hal_msp.c **** /* Private macro -------------------------------------------------------------*/
  40:Core/Src/stm32l4xx_hal_msp.c **** /* USER CODE BEGIN Macro */
  41:Core/Src/stm32l4xx_hal_msp.c **** 
  42:Core/Src/stm32l4xx_hal_msp.c **** /* USER CODE END Macro */
  43:Core/Src/stm32l4xx_hal_msp.c **** 
  44:Core/Src/stm32l4xx_hal_msp.c **** /* Private variables ---------------------------------------------------------*/
  45:Core/Src/stm32l4xx_hal_msp.c **** /* USER CODE BEGIN PV */
  46:Core/Src/stm32l4xx_hal_msp.c **** 
  47:Core/Src/stm32l4xx_hal_msp.c **** /* USER CODE END PV */
  48:Core/Src/stm32l4xx_hal_msp.c **** 
  49:Core/Src/stm32l4xx_hal_msp.c **** /* Private function prototypes -----------------------------------------------*/
  50:Core/Src/stm32l4xx_hal_msp.c **** /* USER CODE BEGIN PFP */
  51:Core/Src/stm32l4xx_hal_msp.c **** 
  52:Core/Src/stm32l4xx_hal_msp.c **** /* USER CODE END PFP */
  53:Core/Src/stm32l4xx_hal_msp.c **** 
  54:Core/Src/stm32l4xx_hal_msp.c **** /* External functions --------------------------------------------------------*/
  55:Core/Src/stm32l4xx_hal_msp.c **** /* USER CODE BEGIN ExternalFunctions */
  56:Core/Src/stm32l4xx_hal_msp.c **** 
  57:Core/Src/stm32l4xx_hal_msp.c **** /* USER CODE END ExternalFunctions */
  58:Core/Src/stm32l4xx_hal_msp.c **** 
  59:Core/Src/stm32l4xx_hal_msp.c **** /* USER CODE BEGIN 0 */
  60:Core/Src/stm32l4xx_hal_msp.c **** 
  61:Core/Src/stm32l4xx_hal_msp.c **** /* USER CODE END 0 */
  62:Core/Src/stm32l4xx_hal_msp.c **** 
  63:Core/Src/stm32l4xx_hal_msp.c **** void HAL_TIM_MspPostInit(TIM_HandleTypeDef *htim);
  64:Core/Src/stm32l4xx_hal_msp.c ****                     /**
  65:Core/Src/stm32l4xx_hal_msp.c ****   * Initializes the Global MSP.
  66:Core/Src/stm32l4xx_hal_msp.c ****   */
  67:Core/Src/stm32l4xx_hal_msp.c **** void HAL_MspInit(void)
  68:Core/Src/stm32l4xx_hal_msp.c **** {
  29              		.loc 1 68 1 view -0
  30              		.cfi_startproc
  31              		@ args = 0, pretend = 0, frame = 8
  32              		@ frame_needed = 0, uses_anonymous_args = 0
  33              		@ link register save eliminated.
  34 0000 82B0     		sub	sp, sp, #8
  35              		.cfi_def_cfa_offset 8
  69:Core/Src/stm32l4xx_hal_msp.c ****   /* USER CODE BEGIN MspInit 0 */
  70:Core/Src/stm32l4xx_hal_msp.c **** 
  71:Core/Src/stm32l4xx_hal_msp.c ****   /* USER CODE END MspInit 0 */
  72:Core/Src/stm32l4xx_hal_msp.c **** 
  73:Core/Src/stm32l4xx_hal_msp.c ****   __HAL_RCC_SYSCFG_CLK_ENABLE();
  36              		.loc 1 73 3 view .LVU1
  37              	.LBB2:
  38              		.loc 1 73 3 view .LVU2
  39              		.loc 1 73 3 view .LVU3
  40 0002 0A4B     		ldr	r3, .L3
  41 0004 1A6E     		ldr	r2, [r3, #96]
  42 0006 42F00102 		orr	r2, r2, #1
ARM GAS  C:\Users\gamin\AppData\Local\Temp\ccy87B0g.s 			page 3


  43 000a 1A66     		str	r2, [r3, #96]
  44              		.loc 1 73 3 view .LVU4
  45 000c 1A6E     		ldr	r2, [r3, #96]
  46 000e 02F00102 		and	r2, r2, #1
  47 0012 0092     		str	r2, [sp]
  48              		.loc 1 73 3 view .LVU5
  49 0014 009A     		ldr	r2, [sp]
  50              	.LBE2:
  51              		.loc 1 73 3 view .LVU6
  74:Core/Src/stm32l4xx_hal_msp.c ****   __HAL_RCC_PWR_CLK_ENABLE();
  52              		.loc 1 74 3 view .LVU7
  53              	.LBB3:
  54              		.loc 1 74 3 view .LVU8
  55              		.loc 1 74 3 view .LVU9
  56 0016 9A6D     		ldr	r2, [r3, #88]
  57 0018 42F08052 		orr	r2, r2, #268435456
  58 001c 9A65     		str	r2, [r3, #88]
  59              		.loc 1 74 3 view .LVU10
  60 001e 9B6D     		ldr	r3, [r3, #88]
  61 0020 03F08053 		and	r3, r3, #268435456
  62 0024 0193     		str	r3, [sp, #4]
  63              		.loc 1 74 3 view .LVU11
  64 0026 019B     		ldr	r3, [sp, #4]
  65              	.LBE3:
  66              		.loc 1 74 3 view .LVU12
  75:Core/Src/stm32l4xx_hal_msp.c **** 
  76:Core/Src/stm32l4xx_hal_msp.c ****   /* System interrupt init*/
  77:Core/Src/stm32l4xx_hal_msp.c **** 
  78:Core/Src/stm32l4xx_hal_msp.c ****   /* USER CODE BEGIN MspInit 1 */
  79:Core/Src/stm32l4xx_hal_msp.c **** 
  80:Core/Src/stm32l4xx_hal_msp.c ****   /* USER CODE END MspInit 1 */
  81:Core/Src/stm32l4xx_hal_msp.c **** }
  67              		.loc 1 81 1 is_stmt 0 view .LVU13
  68 0028 02B0     		add	sp, sp, #8
  69              		.cfi_def_cfa_offset 0
  70              		@ sp needed
  71 002a 7047     		bx	lr
  72              	.L4:
  73              		.align	2
  74              	.L3:
  75 002c 00100240 		.word	1073876992
  76              		.cfi_endproc
  77              	.LFE288:
  79              		.section	.text.HAL_ADC_MspInit,"ax",%progbits
  80              		.align	1
  81              		.global	HAL_ADC_MspInit
  82              		.syntax unified
  83              		.thumb
  84              		.thumb_func
  86              	HAL_ADC_MspInit:
  87              	.LVL0:
  88              	.LFB289:
  82:Core/Src/stm32l4xx_hal_msp.c **** 
  83:Core/Src/stm32l4xx_hal_msp.c **** /**
  84:Core/Src/stm32l4xx_hal_msp.c **** * @brief ADC MSP Initialization
  85:Core/Src/stm32l4xx_hal_msp.c **** * This function configures the hardware resources used in this example
  86:Core/Src/stm32l4xx_hal_msp.c **** * @param hadc: ADC handle pointer
ARM GAS  C:\Users\gamin\AppData\Local\Temp\ccy87B0g.s 			page 4


  87:Core/Src/stm32l4xx_hal_msp.c **** * @retval None
  88:Core/Src/stm32l4xx_hal_msp.c **** */
  89:Core/Src/stm32l4xx_hal_msp.c **** void HAL_ADC_MspInit(ADC_HandleTypeDef* hadc)
  90:Core/Src/stm32l4xx_hal_msp.c **** {
  89              		.loc 1 90 1 is_stmt 1 view -0
  90              		.cfi_startproc
  91              		@ args = 0, pretend = 0, frame = 32
  92              		@ frame_needed = 0, uses_anonymous_args = 0
  93              		.loc 1 90 1 is_stmt 0 view .LVU15
  94 0000 10B5     		push	{r4, lr}
  95              		.cfi_def_cfa_offset 8
  96              		.cfi_offset 4, -8
  97              		.cfi_offset 14, -4
  98 0002 88B0     		sub	sp, sp, #32
  99              		.cfi_def_cfa_offset 40
  91:Core/Src/stm32l4xx_hal_msp.c ****   GPIO_InitTypeDef GPIO_InitStruct = {0};
 100              		.loc 1 91 3 is_stmt 1 view .LVU16
 101              		.loc 1 91 20 is_stmt 0 view .LVU17
 102 0004 0023     		movs	r3, #0
 103 0006 0393     		str	r3, [sp, #12]
 104 0008 0493     		str	r3, [sp, #16]
 105 000a 0593     		str	r3, [sp, #20]
 106 000c 0693     		str	r3, [sp, #24]
 107 000e 0793     		str	r3, [sp, #28]
  92:Core/Src/stm32l4xx_hal_msp.c ****   if(hadc->Instance==ADC1)
 108              		.loc 1 92 3 is_stmt 1 view .LVU18
 109              		.loc 1 92 10 is_stmt 0 view .LVU19
 110 0010 0268     		ldr	r2, [r0]
 111              		.loc 1 92 5 view .LVU20
 112 0012 204B     		ldr	r3, .L11
 113 0014 9A42     		cmp	r2, r3
 114 0016 01D0     		beq	.L9
 115              	.LVL1:
 116              	.L5:
  93:Core/Src/stm32l4xx_hal_msp.c ****   {
  94:Core/Src/stm32l4xx_hal_msp.c ****   /* USER CODE BEGIN ADC1_MspInit 0 */
  95:Core/Src/stm32l4xx_hal_msp.c **** 
  96:Core/Src/stm32l4xx_hal_msp.c ****   /* USER CODE END ADC1_MspInit 0 */
  97:Core/Src/stm32l4xx_hal_msp.c ****     /* Peripheral clock enable */
  98:Core/Src/stm32l4xx_hal_msp.c ****     __HAL_RCC_ADC_CLK_ENABLE();
  99:Core/Src/stm32l4xx_hal_msp.c **** 
 100:Core/Src/stm32l4xx_hal_msp.c ****     __HAL_RCC_GPIOA_CLK_ENABLE();
 101:Core/Src/stm32l4xx_hal_msp.c ****     /**ADC1 GPIO Configuration
 102:Core/Src/stm32l4xx_hal_msp.c ****     PA0     ------> ADC1_IN5
 103:Core/Src/stm32l4xx_hal_msp.c ****     */
 104:Core/Src/stm32l4xx_hal_msp.c ****     GPIO_InitStruct.Pin = GPIO_PIN_0;
 105:Core/Src/stm32l4xx_hal_msp.c ****     GPIO_InitStruct.Mode = GPIO_MODE_ANALOG_ADC_CONTROL;
 106:Core/Src/stm32l4xx_hal_msp.c ****     GPIO_InitStruct.Pull = GPIO_NOPULL;
 107:Core/Src/stm32l4xx_hal_msp.c ****     HAL_GPIO_Init(GPIOA, &GPIO_InitStruct);
 108:Core/Src/stm32l4xx_hal_msp.c **** 
 109:Core/Src/stm32l4xx_hal_msp.c ****     /* ADC1 DMA Init */
 110:Core/Src/stm32l4xx_hal_msp.c ****     /* ADC1 Init */
 111:Core/Src/stm32l4xx_hal_msp.c ****     hdma_adc1.Instance = DMA1_Channel1;
 112:Core/Src/stm32l4xx_hal_msp.c ****     hdma_adc1.Init.Request = DMA_REQUEST_0;
 113:Core/Src/stm32l4xx_hal_msp.c ****     hdma_adc1.Init.Direction = DMA_PERIPH_TO_MEMORY;
 114:Core/Src/stm32l4xx_hal_msp.c ****     hdma_adc1.Init.PeriphInc = DMA_PINC_DISABLE;
 115:Core/Src/stm32l4xx_hal_msp.c ****     hdma_adc1.Init.MemInc = DMA_MINC_ENABLE;
ARM GAS  C:\Users\gamin\AppData\Local\Temp\ccy87B0g.s 			page 5


 116:Core/Src/stm32l4xx_hal_msp.c ****     hdma_adc1.Init.PeriphDataAlignment = DMA_PDATAALIGN_HALFWORD;
 117:Core/Src/stm32l4xx_hal_msp.c ****     hdma_adc1.Init.MemDataAlignment = DMA_MDATAALIGN_HALFWORD;
 118:Core/Src/stm32l4xx_hal_msp.c ****     hdma_adc1.Init.Mode = DMA_CIRCULAR;
 119:Core/Src/stm32l4xx_hal_msp.c ****     hdma_adc1.Init.Priority = DMA_PRIORITY_LOW;
 120:Core/Src/stm32l4xx_hal_msp.c ****     if (HAL_DMA_Init(&hdma_adc1) != HAL_OK)
 121:Core/Src/stm32l4xx_hal_msp.c ****     {
 122:Core/Src/stm32l4xx_hal_msp.c ****       Error_Handler();
 123:Core/Src/stm32l4xx_hal_msp.c ****     }
 124:Core/Src/stm32l4xx_hal_msp.c **** 
 125:Core/Src/stm32l4xx_hal_msp.c ****     __HAL_LINKDMA(hadc,DMA_Handle,hdma_adc1);
 126:Core/Src/stm32l4xx_hal_msp.c **** 
 127:Core/Src/stm32l4xx_hal_msp.c ****   /* USER CODE BEGIN ADC1_MspInit 1 */
 128:Core/Src/stm32l4xx_hal_msp.c **** 
 129:Core/Src/stm32l4xx_hal_msp.c ****   /* USER CODE END ADC1_MspInit 1 */
 130:Core/Src/stm32l4xx_hal_msp.c ****   }
 131:Core/Src/stm32l4xx_hal_msp.c **** 
 132:Core/Src/stm32l4xx_hal_msp.c **** }
 117              		.loc 1 132 1 view .LVU21
 118 0018 08B0     		add	sp, sp, #32
 119              		.cfi_remember_state
 120              		.cfi_def_cfa_offset 8
 121              		@ sp needed
 122 001a 10BD     		pop	{r4, pc}
 123              	.LVL2:
 124              	.L9:
 125              		.cfi_restore_state
 126              		.loc 1 132 1 view .LVU22
 127 001c 0446     		mov	r4, r0
  98:Core/Src/stm32l4xx_hal_msp.c **** 
 128              		.loc 1 98 5 is_stmt 1 view .LVU23
 129              	.LBB4:
  98:Core/Src/stm32l4xx_hal_msp.c **** 
 130              		.loc 1 98 5 view .LVU24
  98:Core/Src/stm32l4xx_hal_msp.c **** 
 131              		.loc 1 98 5 view .LVU25
 132 001e 03F17043 		add	r3, r3, #-268435456
 133 0022 A3F5F833 		sub	r3, r3, #126976
 134 0026 DA6C     		ldr	r2, [r3, #76]
 135 0028 42F40052 		orr	r2, r2, #8192
 136 002c DA64     		str	r2, [r3, #76]
  98:Core/Src/stm32l4xx_hal_msp.c **** 
 137              		.loc 1 98 5 view .LVU26
 138 002e DA6C     		ldr	r2, [r3, #76]
 139 0030 02F40052 		and	r2, r2, #8192
 140 0034 0192     		str	r2, [sp, #4]
  98:Core/Src/stm32l4xx_hal_msp.c **** 
 141              		.loc 1 98 5 view .LVU27
 142 0036 019A     		ldr	r2, [sp, #4]
 143              	.LBE4:
  98:Core/Src/stm32l4xx_hal_msp.c **** 
 144              		.loc 1 98 5 view .LVU28
 100:Core/Src/stm32l4xx_hal_msp.c ****     /**ADC1 GPIO Configuration
 145              		.loc 1 100 5 view .LVU29
 146              	.LBB5:
 100:Core/Src/stm32l4xx_hal_msp.c ****     /**ADC1 GPIO Configuration
 147              		.loc 1 100 5 view .LVU30
 100:Core/Src/stm32l4xx_hal_msp.c ****     /**ADC1 GPIO Configuration
ARM GAS  C:\Users\gamin\AppData\Local\Temp\ccy87B0g.s 			page 6


 148              		.loc 1 100 5 view .LVU31
 149 0038 DA6C     		ldr	r2, [r3, #76]
 150 003a 42F00102 		orr	r2, r2, #1
 151 003e DA64     		str	r2, [r3, #76]
 100:Core/Src/stm32l4xx_hal_msp.c ****     /**ADC1 GPIO Configuration
 152              		.loc 1 100 5 view .LVU32
 153 0040 DB6C     		ldr	r3, [r3, #76]
 154 0042 03F00103 		and	r3, r3, #1
 155 0046 0293     		str	r3, [sp, #8]
 100:Core/Src/stm32l4xx_hal_msp.c ****     /**ADC1 GPIO Configuration
 156              		.loc 1 100 5 view .LVU33
 157 0048 029B     		ldr	r3, [sp, #8]
 158              	.LBE5:
 100:Core/Src/stm32l4xx_hal_msp.c ****     /**ADC1 GPIO Configuration
 159              		.loc 1 100 5 view .LVU34
 104:Core/Src/stm32l4xx_hal_msp.c ****     GPIO_InitStruct.Mode = GPIO_MODE_ANALOG_ADC_CONTROL;
 160              		.loc 1 104 5 view .LVU35
 104:Core/Src/stm32l4xx_hal_msp.c ****     GPIO_InitStruct.Mode = GPIO_MODE_ANALOG_ADC_CONTROL;
 161              		.loc 1 104 25 is_stmt 0 view .LVU36
 162 004a 0123     		movs	r3, #1
 163 004c 0393     		str	r3, [sp, #12]
 105:Core/Src/stm32l4xx_hal_msp.c ****     GPIO_InitStruct.Pull = GPIO_NOPULL;
 164              		.loc 1 105 5 is_stmt 1 view .LVU37
 105:Core/Src/stm32l4xx_hal_msp.c ****     GPIO_InitStruct.Pull = GPIO_NOPULL;
 165              		.loc 1 105 26 is_stmt 0 view .LVU38
 166 004e 0B23     		movs	r3, #11
 167 0050 0493     		str	r3, [sp, #16]
 106:Core/Src/stm32l4xx_hal_msp.c ****     HAL_GPIO_Init(GPIOA, &GPIO_InitStruct);
 168              		.loc 1 106 5 is_stmt 1 view .LVU39
 107:Core/Src/stm32l4xx_hal_msp.c **** 
 169              		.loc 1 107 5 view .LVU40
 170 0052 03A9     		add	r1, sp, #12
 171 0054 4FF09040 		mov	r0, #1207959552
 172              	.LVL3:
 107:Core/Src/stm32l4xx_hal_msp.c **** 
 173              		.loc 1 107 5 is_stmt 0 view .LVU41
 174 0058 FFF7FEFF 		bl	HAL_GPIO_Init
 175              	.LVL4:
 111:Core/Src/stm32l4xx_hal_msp.c ****     hdma_adc1.Init.Request = DMA_REQUEST_0;
 176              		.loc 1 111 5 is_stmt 1 view .LVU42
 111:Core/Src/stm32l4xx_hal_msp.c ****     hdma_adc1.Init.Request = DMA_REQUEST_0;
 177              		.loc 1 111 24 is_stmt 0 view .LVU43
 178 005c 0E48     		ldr	r0, .L11+4
 179 005e 0F4B     		ldr	r3, .L11+8
 180 0060 0360     		str	r3, [r0]
 112:Core/Src/stm32l4xx_hal_msp.c ****     hdma_adc1.Init.Direction = DMA_PERIPH_TO_MEMORY;
 181              		.loc 1 112 5 is_stmt 1 view .LVU44
 112:Core/Src/stm32l4xx_hal_msp.c ****     hdma_adc1.Init.Direction = DMA_PERIPH_TO_MEMORY;
 182              		.loc 1 112 28 is_stmt 0 view .LVU45
 183 0062 0023     		movs	r3, #0
 184 0064 4360     		str	r3, [r0, #4]
 113:Core/Src/stm32l4xx_hal_msp.c ****     hdma_adc1.Init.PeriphInc = DMA_PINC_DISABLE;
 185              		.loc 1 113 5 is_stmt 1 view .LVU46
 113:Core/Src/stm32l4xx_hal_msp.c ****     hdma_adc1.Init.PeriphInc = DMA_PINC_DISABLE;
 186              		.loc 1 113 30 is_stmt 0 view .LVU47
 187 0066 8360     		str	r3, [r0, #8]
 114:Core/Src/stm32l4xx_hal_msp.c ****     hdma_adc1.Init.MemInc = DMA_MINC_ENABLE;
ARM GAS  C:\Users\gamin\AppData\Local\Temp\ccy87B0g.s 			page 7


 188              		.loc 1 114 5 is_stmt 1 view .LVU48
 114:Core/Src/stm32l4xx_hal_msp.c ****     hdma_adc1.Init.MemInc = DMA_MINC_ENABLE;
 189              		.loc 1 114 30 is_stmt 0 view .LVU49
 190 0068 C360     		str	r3, [r0, #12]
 115:Core/Src/stm32l4xx_hal_msp.c ****     hdma_adc1.Init.PeriphDataAlignment = DMA_PDATAALIGN_HALFWORD;
 191              		.loc 1 115 5 is_stmt 1 view .LVU50
 115:Core/Src/stm32l4xx_hal_msp.c ****     hdma_adc1.Init.PeriphDataAlignment = DMA_PDATAALIGN_HALFWORD;
 192              		.loc 1 115 27 is_stmt 0 view .LVU51
 193 006a 8022     		movs	r2, #128
 194 006c 0261     		str	r2, [r0, #16]
 116:Core/Src/stm32l4xx_hal_msp.c ****     hdma_adc1.Init.MemDataAlignment = DMA_MDATAALIGN_HALFWORD;
 195              		.loc 1 116 5 is_stmt 1 view .LVU52
 116:Core/Src/stm32l4xx_hal_msp.c ****     hdma_adc1.Init.MemDataAlignment = DMA_MDATAALIGN_HALFWORD;
 196              		.loc 1 116 40 is_stmt 0 view .LVU53
 197 006e 4FF48072 		mov	r2, #256
 198 0072 4261     		str	r2, [r0, #20]
 117:Core/Src/stm32l4xx_hal_msp.c ****     hdma_adc1.Init.Mode = DMA_CIRCULAR;
 199              		.loc 1 117 5 is_stmt 1 view .LVU54
 117:Core/Src/stm32l4xx_hal_msp.c ****     hdma_adc1.Init.Mode = DMA_CIRCULAR;
 200              		.loc 1 117 37 is_stmt 0 view .LVU55
 201 0074 4FF48062 		mov	r2, #1024
 202 0078 8261     		str	r2, [r0, #24]
 118:Core/Src/stm32l4xx_hal_msp.c ****     hdma_adc1.Init.Priority = DMA_PRIORITY_LOW;
 203              		.loc 1 118 5 is_stmt 1 view .LVU56
 118:Core/Src/stm32l4xx_hal_msp.c ****     hdma_adc1.Init.Priority = DMA_PRIORITY_LOW;
 204              		.loc 1 118 25 is_stmt 0 view .LVU57
 205 007a 2022     		movs	r2, #32
 206 007c C261     		str	r2, [r0, #28]
 119:Core/Src/stm32l4xx_hal_msp.c ****     if (HAL_DMA_Init(&hdma_adc1) != HAL_OK)
 207              		.loc 1 119 5 is_stmt 1 view .LVU58
 119:Core/Src/stm32l4xx_hal_msp.c ****     if (HAL_DMA_Init(&hdma_adc1) != HAL_OK)
 208              		.loc 1 119 29 is_stmt 0 view .LVU59
 209 007e 0362     		str	r3, [r0, #32]
 120:Core/Src/stm32l4xx_hal_msp.c ****     {
 210              		.loc 1 120 5 is_stmt 1 view .LVU60
 120:Core/Src/stm32l4xx_hal_msp.c ****     {
 211              		.loc 1 120 9 is_stmt 0 view .LVU61
 212 0080 FFF7FEFF 		bl	HAL_DMA_Init
 213              	.LVL5:
 120:Core/Src/stm32l4xx_hal_msp.c ****     {
 214              		.loc 1 120 8 discriminator 1 view .LVU62
 215 0084 18B9     		cbnz	r0, .L10
 216              	.L7:
 125:Core/Src/stm32l4xx_hal_msp.c **** 
 217              		.loc 1 125 5 is_stmt 1 view .LVU63
 125:Core/Src/stm32l4xx_hal_msp.c **** 
 218              		.loc 1 125 5 view .LVU64
 219 0086 044B     		ldr	r3, .L11+4
 220 0088 E364     		str	r3, [r4, #76]
 125:Core/Src/stm32l4xx_hal_msp.c **** 
 221              		.loc 1 125 5 view .LVU65
 222 008a 9C62     		str	r4, [r3, #40]
 125:Core/Src/stm32l4xx_hal_msp.c **** 
 223              		.loc 1 125 5 discriminator 1 view .LVU66
 224              		.loc 1 132 1 is_stmt 0 view .LVU67
 225 008c C4E7     		b	.L5
 226              	.L10:
ARM GAS  C:\Users\gamin\AppData\Local\Temp\ccy87B0g.s 			page 8


 122:Core/Src/stm32l4xx_hal_msp.c ****     }
 227              		.loc 1 122 7 is_stmt 1 view .LVU68
 228 008e FFF7FEFF 		bl	Error_Handler
 229              	.LVL6:
 230 0092 F8E7     		b	.L7
 231              	.L12:
 232              		.align	2
 233              	.L11:
 234 0094 00000450 		.word	1342439424
 235 0098 00000000 		.word	hdma_adc1
 236 009c 08000240 		.word	1073872904
 237              		.cfi_endproc
 238              	.LFE289:
 240              		.section	.text.HAL_ADC_MspDeInit,"ax",%progbits
 241              		.align	1
 242              		.global	HAL_ADC_MspDeInit
 243              		.syntax unified
 244              		.thumb
 245              		.thumb_func
 247              	HAL_ADC_MspDeInit:
 248              	.LVL7:
 249              	.LFB290:
 133:Core/Src/stm32l4xx_hal_msp.c **** 
 134:Core/Src/stm32l4xx_hal_msp.c **** /**
 135:Core/Src/stm32l4xx_hal_msp.c **** * @brief ADC MSP De-Initialization
 136:Core/Src/stm32l4xx_hal_msp.c **** * This function freeze the hardware resources used in this example
 137:Core/Src/stm32l4xx_hal_msp.c **** * @param hadc: ADC handle pointer
 138:Core/Src/stm32l4xx_hal_msp.c **** * @retval None
 139:Core/Src/stm32l4xx_hal_msp.c **** */
 140:Core/Src/stm32l4xx_hal_msp.c **** void HAL_ADC_MspDeInit(ADC_HandleTypeDef* hadc)
 141:Core/Src/stm32l4xx_hal_msp.c **** {
 250              		.loc 1 141 1 view -0
 251              		.cfi_startproc
 252              		@ args = 0, pretend = 0, frame = 0
 253              		@ frame_needed = 0, uses_anonymous_args = 0
 142:Core/Src/stm32l4xx_hal_msp.c ****   if(hadc->Instance==ADC1)
 254              		.loc 1 142 3 view .LVU70
 255              		.loc 1 142 10 is_stmt 0 view .LVU71
 256 0000 0268     		ldr	r2, [r0]
 257              		.loc 1 142 5 view .LVU72
 258 0002 0A4B     		ldr	r3, .L20
 259 0004 9A42     		cmp	r2, r3
 260 0006 00D0     		beq	.L19
 261 0008 7047     		bx	lr
 262              	.L19:
 141:Core/Src/stm32l4xx_hal_msp.c ****   if(hadc->Instance==ADC1)
 263              		.loc 1 141 1 view .LVU73
 264 000a 10B5     		push	{r4, lr}
 265              		.cfi_def_cfa_offset 8
 266              		.cfi_offset 4, -8
 267              		.cfi_offset 14, -4
 268 000c 0446     		mov	r4, r0
 143:Core/Src/stm32l4xx_hal_msp.c ****   {
 144:Core/Src/stm32l4xx_hal_msp.c ****   /* USER CODE BEGIN ADC1_MspDeInit 0 */
 145:Core/Src/stm32l4xx_hal_msp.c **** 
 146:Core/Src/stm32l4xx_hal_msp.c ****   /* USER CODE END ADC1_MspDeInit 0 */
 147:Core/Src/stm32l4xx_hal_msp.c ****     /* Peripheral clock disable */
ARM GAS  C:\Users\gamin\AppData\Local\Temp\ccy87B0g.s 			page 9


 148:Core/Src/stm32l4xx_hal_msp.c ****     __HAL_RCC_ADC_CLK_DISABLE();
 269              		.loc 1 148 5 is_stmt 1 view .LVU74
 270 000e 084A     		ldr	r2, .L20+4
 271 0010 D36C     		ldr	r3, [r2, #76]
 272 0012 23F40053 		bic	r3, r3, #8192
 273 0016 D364     		str	r3, [r2, #76]
 149:Core/Src/stm32l4xx_hal_msp.c **** 
 150:Core/Src/stm32l4xx_hal_msp.c ****     /**ADC1 GPIO Configuration
 151:Core/Src/stm32l4xx_hal_msp.c ****     PA0     ------> ADC1_IN5
 152:Core/Src/stm32l4xx_hal_msp.c ****     */
 153:Core/Src/stm32l4xx_hal_msp.c ****     HAL_GPIO_DeInit(GPIOA, GPIO_PIN_0);
 274              		.loc 1 153 5 view .LVU75
 275 0018 0121     		movs	r1, #1
 276 001a 4FF09040 		mov	r0, #1207959552
 277              	.LVL8:
 278              		.loc 1 153 5 is_stmt 0 view .LVU76
 279 001e FFF7FEFF 		bl	HAL_GPIO_DeInit
 280              	.LVL9:
 154:Core/Src/stm32l4xx_hal_msp.c **** 
 155:Core/Src/stm32l4xx_hal_msp.c ****     /* ADC1 DMA DeInit */
 156:Core/Src/stm32l4xx_hal_msp.c ****     HAL_DMA_DeInit(hadc->DMA_Handle);
 281              		.loc 1 156 5 is_stmt 1 view .LVU77
 282 0022 E06C     		ldr	r0, [r4, #76]
 283 0024 FFF7FEFF 		bl	HAL_DMA_DeInit
 284              	.LVL10:
 157:Core/Src/stm32l4xx_hal_msp.c ****   /* USER CODE BEGIN ADC1_MspDeInit 1 */
 158:Core/Src/stm32l4xx_hal_msp.c **** 
 159:Core/Src/stm32l4xx_hal_msp.c ****   /* USER CODE END ADC1_MspDeInit 1 */
 160:Core/Src/stm32l4xx_hal_msp.c ****   }
 161:Core/Src/stm32l4xx_hal_msp.c **** 
 162:Core/Src/stm32l4xx_hal_msp.c **** }
 285              		.loc 1 162 1 is_stmt 0 view .LVU78
 286 0028 10BD     		pop	{r4, pc}
 287              	.LVL11:
 288              	.L21:
 289              		.loc 1 162 1 view .LVU79
 290 002a 00BF     		.align	2
 291              	.L20:
 292 002c 00000450 		.word	1342439424
 293 0030 00100240 		.word	1073876992
 294              		.cfi_endproc
 295              	.LFE290:
 297              		.section	.text.HAL_TIM_Base_MspInit,"ax",%progbits
 298              		.align	1
 299              		.global	HAL_TIM_Base_MspInit
 300              		.syntax unified
 301              		.thumb
 302              		.thumb_func
 304              	HAL_TIM_Base_MspInit:
 305              	.LVL12:
 306              	.LFB291:
 163:Core/Src/stm32l4xx_hal_msp.c **** 
 164:Core/Src/stm32l4xx_hal_msp.c **** /**
 165:Core/Src/stm32l4xx_hal_msp.c **** * @brief TIM_Base MSP Initialization
 166:Core/Src/stm32l4xx_hal_msp.c **** * This function configures the hardware resources used in this example
 167:Core/Src/stm32l4xx_hal_msp.c **** * @param htim_base: TIM_Base handle pointer
 168:Core/Src/stm32l4xx_hal_msp.c **** * @retval None
ARM GAS  C:\Users\gamin\AppData\Local\Temp\ccy87B0g.s 			page 10


 169:Core/Src/stm32l4xx_hal_msp.c **** */
 170:Core/Src/stm32l4xx_hal_msp.c **** void HAL_TIM_Base_MspInit(TIM_HandleTypeDef* htim_base)
 171:Core/Src/stm32l4xx_hal_msp.c **** {
 307              		.loc 1 171 1 is_stmt 1 view -0
 308              		.cfi_startproc
 309              		@ args = 0, pretend = 0, frame = 8
 310              		@ frame_needed = 0, uses_anonymous_args = 0
 311              		@ link register save eliminated.
 172:Core/Src/stm32l4xx_hal_msp.c ****   if(htim_base->Instance==TIM2)
 312              		.loc 1 172 3 view .LVU81
 313              		.loc 1 172 15 is_stmt 0 view .LVU82
 314 0000 0368     		ldr	r3, [r0]
 315              		.loc 1 172 5 view .LVU83
 316 0002 B3F1804F 		cmp	r3, #1073741824
 317 0006 00D0     		beq	.L28
 318 0008 7047     		bx	lr
 319              	.L28:
 171:Core/Src/stm32l4xx_hal_msp.c ****   if(htim_base->Instance==TIM2)
 320              		.loc 1 171 1 view .LVU84
 321 000a 82B0     		sub	sp, sp, #8
 322              		.cfi_def_cfa_offset 8
 173:Core/Src/stm32l4xx_hal_msp.c ****   {
 174:Core/Src/stm32l4xx_hal_msp.c ****   /* USER CODE BEGIN TIM2_MspInit 0 */
 175:Core/Src/stm32l4xx_hal_msp.c **** 
 176:Core/Src/stm32l4xx_hal_msp.c ****   /* USER CODE END TIM2_MspInit 0 */
 177:Core/Src/stm32l4xx_hal_msp.c ****     /* Peripheral clock enable */
 178:Core/Src/stm32l4xx_hal_msp.c ****     __HAL_RCC_TIM2_CLK_ENABLE();
 323              		.loc 1 178 5 is_stmt 1 view .LVU85
 324              	.LBB6:
 325              		.loc 1 178 5 view .LVU86
 326              		.loc 1 178 5 view .LVU87
 327 000c 03F50433 		add	r3, r3, #135168
 328 0010 9A6D     		ldr	r2, [r3, #88]
 329 0012 42F00102 		orr	r2, r2, #1
 330 0016 9A65     		str	r2, [r3, #88]
 331              		.loc 1 178 5 view .LVU88
 332 0018 9B6D     		ldr	r3, [r3, #88]
 333 001a 03F00103 		and	r3, r3, #1
 334 001e 0193     		str	r3, [sp, #4]
 335              		.loc 1 178 5 view .LVU89
 336 0020 019B     		ldr	r3, [sp, #4]
 337              	.LBE6:
 338              		.loc 1 178 5 discriminator 1 view .LVU90
 179:Core/Src/stm32l4xx_hal_msp.c ****   /* USER CODE BEGIN TIM2_MspInit 1 */
 180:Core/Src/stm32l4xx_hal_msp.c **** 
 181:Core/Src/stm32l4xx_hal_msp.c ****   /* USER CODE END TIM2_MspInit 1 */
 182:Core/Src/stm32l4xx_hal_msp.c ****   }
 183:Core/Src/stm32l4xx_hal_msp.c **** 
 184:Core/Src/stm32l4xx_hal_msp.c **** }
 339              		.loc 1 184 1 is_stmt 0 view .LVU91
 340 0022 02B0     		add	sp, sp, #8
 341              		.cfi_def_cfa_offset 0
 342              		@ sp needed
 343 0024 7047     		bx	lr
 344              		.cfi_endproc
 345              	.LFE291:
 347              		.section	.text.HAL_TIM_MspPostInit,"ax",%progbits
ARM GAS  C:\Users\gamin\AppData\Local\Temp\ccy87B0g.s 			page 11


 348              		.align	1
 349              		.global	HAL_TIM_MspPostInit
 350              		.syntax unified
 351              		.thumb
 352              		.thumb_func
 354              	HAL_TIM_MspPostInit:
 355              	.LVL13:
 356              	.LFB292:
 185:Core/Src/stm32l4xx_hal_msp.c **** 
 186:Core/Src/stm32l4xx_hal_msp.c **** void HAL_TIM_MspPostInit(TIM_HandleTypeDef* htim)
 187:Core/Src/stm32l4xx_hal_msp.c **** {
 357              		.loc 1 187 1 is_stmt 1 view -0
 358              		.cfi_startproc
 359              		@ args = 0, pretend = 0, frame = 24
 360              		@ frame_needed = 0, uses_anonymous_args = 0
 361              		.loc 1 187 1 is_stmt 0 view .LVU93
 362 0000 00B5     		push	{lr}
 363              		.cfi_def_cfa_offset 4
 364              		.cfi_offset 14, -4
 365 0002 87B0     		sub	sp, sp, #28
 366              		.cfi_def_cfa_offset 32
 188:Core/Src/stm32l4xx_hal_msp.c ****   GPIO_InitTypeDef GPIO_InitStruct = {0};
 367              		.loc 1 188 3 is_stmt 1 view .LVU94
 368              		.loc 1 188 20 is_stmt 0 view .LVU95
 369 0004 0023     		movs	r3, #0
 370 0006 0193     		str	r3, [sp, #4]
 371 0008 0293     		str	r3, [sp, #8]
 372 000a 0393     		str	r3, [sp, #12]
 373 000c 0493     		str	r3, [sp, #16]
 374 000e 0593     		str	r3, [sp, #20]
 189:Core/Src/stm32l4xx_hal_msp.c ****   if(htim->Instance==TIM2)
 375              		.loc 1 189 3 is_stmt 1 view .LVU96
 376              		.loc 1 189 10 is_stmt 0 view .LVU97
 377 0010 0368     		ldr	r3, [r0]
 378              		.loc 1 189 5 view .LVU98
 379 0012 B3F1804F 		cmp	r3, #1073741824
 380 0016 02D0     		beq	.L32
 381              	.LVL14:
 382              	.L29:
 190:Core/Src/stm32l4xx_hal_msp.c ****   {
 191:Core/Src/stm32l4xx_hal_msp.c ****   /* USER CODE BEGIN TIM2_MspPostInit 0 */
 192:Core/Src/stm32l4xx_hal_msp.c **** 
 193:Core/Src/stm32l4xx_hal_msp.c ****   /* USER CODE END TIM2_MspPostInit 0 */
 194:Core/Src/stm32l4xx_hal_msp.c **** 
 195:Core/Src/stm32l4xx_hal_msp.c ****     __HAL_RCC_GPIOA_CLK_ENABLE();
 196:Core/Src/stm32l4xx_hal_msp.c ****     /**TIM2 GPIO Configuration
 197:Core/Src/stm32l4xx_hal_msp.c ****     PA5     ------> TIM2_CH1
 198:Core/Src/stm32l4xx_hal_msp.c ****     */
 199:Core/Src/stm32l4xx_hal_msp.c ****     GPIO_InitStruct.Pin = GPIO_PIN_5;
 200:Core/Src/stm32l4xx_hal_msp.c ****     GPIO_InitStruct.Mode = GPIO_MODE_AF_PP;
 201:Core/Src/stm32l4xx_hal_msp.c ****     GPIO_InitStruct.Pull = GPIO_NOPULL;
 202:Core/Src/stm32l4xx_hal_msp.c ****     GPIO_InitStruct.Speed = GPIO_SPEED_FREQ_LOW;
 203:Core/Src/stm32l4xx_hal_msp.c ****     GPIO_InitStruct.Alternate = GPIO_AF1_TIM2;
 204:Core/Src/stm32l4xx_hal_msp.c ****     HAL_GPIO_Init(GPIOA, &GPIO_InitStruct);
 205:Core/Src/stm32l4xx_hal_msp.c **** 
 206:Core/Src/stm32l4xx_hal_msp.c ****   /* USER CODE BEGIN TIM2_MspPostInit 1 */
 207:Core/Src/stm32l4xx_hal_msp.c **** 
ARM GAS  C:\Users\gamin\AppData\Local\Temp\ccy87B0g.s 			page 12


 208:Core/Src/stm32l4xx_hal_msp.c ****   /* USER CODE END TIM2_MspPostInit 1 */
 209:Core/Src/stm32l4xx_hal_msp.c ****   }
 210:Core/Src/stm32l4xx_hal_msp.c **** 
 211:Core/Src/stm32l4xx_hal_msp.c **** }
 383              		.loc 1 211 1 view .LVU99
 384 0018 07B0     		add	sp, sp, #28
 385              		.cfi_remember_state
 386              		.cfi_def_cfa_offset 4
 387              		@ sp needed
 388 001a 5DF804FB 		ldr	pc, [sp], #4
 389              	.LVL15:
 390              	.L32:
 391              		.cfi_restore_state
 195:Core/Src/stm32l4xx_hal_msp.c ****     /**TIM2 GPIO Configuration
 392              		.loc 1 195 5 is_stmt 1 view .LVU100
 393              	.LBB7:
 195:Core/Src/stm32l4xx_hal_msp.c ****     /**TIM2 GPIO Configuration
 394              		.loc 1 195 5 view .LVU101
 195:Core/Src/stm32l4xx_hal_msp.c ****     /**TIM2 GPIO Configuration
 395              		.loc 1 195 5 view .LVU102
 396 001e 03F50433 		add	r3, r3, #135168
 397 0022 DA6C     		ldr	r2, [r3, #76]
 398 0024 42F00102 		orr	r2, r2, #1
 399 0028 DA64     		str	r2, [r3, #76]
 195:Core/Src/stm32l4xx_hal_msp.c ****     /**TIM2 GPIO Configuration
 400              		.loc 1 195 5 view .LVU103
 401 002a DB6C     		ldr	r3, [r3, #76]
 402 002c 03F00103 		and	r3, r3, #1
 403 0030 0093     		str	r3, [sp]
 195:Core/Src/stm32l4xx_hal_msp.c ****     /**TIM2 GPIO Configuration
 404              		.loc 1 195 5 view .LVU104
 405 0032 009B     		ldr	r3, [sp]
 406              	.LBE7:
 195:Core/Src/stm32l4xx_hal_msp.c ****     /**TIM2 GPIO Configuration
 407              		.loc 1 195 5 view .LVU105
 199:Core/Src/stm32l4xx_hal_msp.c ****     GPIO_InitStruct.Mode = GPIO_MODE_AF_PP;
 408              		.loc 1 199 5 view .LVU106
 199:Core/Src/stm32l4xx_hal_msp.c ****     GPIO_InitStruct.Mode = GPIO_MODE_AF_PP;
 409              		.loc 1 199 25 is_stmt 0 view .LVU107
 410 0034 2023     		movs	r3, #32
 411 0036 0193     		str	r3, [sp, #4]
 200:Core/Src/stm32l4xx_hal_msp.c ****     GPIO_InitStruct.Pull = GPIO_NOPULL;
 412              		.loc 1 200 5 is_stmt 1 view .LVU108
 200:Core/Src/stm32l4xx_hal_msp.c ****     GPIO_InitStruct.Pull = GPIO_NOPULL;
 413              		.loc 1 200 26 is_stmt 0 view .LVU109
 414 0038 0223     		movs	r3, #2
 415 003a 0293     		str	r3, [sp, #8]
 201:Core/Src/stm32l4xx_hal_msp.c ****     GPIO_InitStruct.Speed = GPIO_SPEED_FREQ_LOW;
 416              		.loc 1 201 5 is_stmt 1 view .LVU110
 202:Core/Src/stm32l4xx_hal_msp.c ****     GPIO_InitStruct.Alternate = GPIO_AF1_TIM2;
 417              		.loc 1 202 5 view .LVU111
 203:Core/Src/stm32l4xx_hal_msp.c ****     HAL_GPIO_Init(GPIOA, &GPIO_InitStruct);
 418              		.loc 1 203 5 view .LVU112
 203:Core/Src/stm32l4xx_hal_msp.c ****     HAL_GPIO_Init(GPIOA, &GPIO_InitStruct);
 419              		.loc 1 203 31 is_stmt 0 view .LVU113
 420 003c 0123     		movs	r3, #1
 421 003e 0593     		str	r3, [sp, #20]
ARM GAS  C:\Users\gamin\AppData\Local\Temp\ccy87B0g.s 			page 13


 204:Core/Src/stm32l4xx_hal_msp.c **** 
 422              		.loc 1 204 5 is_stmt 1 view .LVU114
 423 0040 01A9     		add	r1, sp, #4
 424 0042 4FF09040 		mov	r0, #1207959552
 425              	.LVL16:
 204:Core/Src/stm32l4xx_hal_msp.c **** 
 426              		.loc 1 204 5 is_stmt 0 view .LVU115
 427 0046 FFF7FEFF 		bl	HAL_GPIO_Init
 428              	.LVL17:
 429              		.loc 1 211 1 view .LVU116
 430 004a E5E7     		b	.L29
 431              		.cfi_endproc
 432              	.LFE292:
 434              		.section	.text.HAL_TIM_Base_MspDeInit,"ax",%progbits
 435              		.align	1
 436              		.global	HAL_TIM_Base_MspDeInit
 437              		.syntax unified
 438              		.thumb
 439              		.thumb_func
 441              	HAL_TIM_Base_MspDeInit:
 442              	.LVL18:
 443              	.LFB293:
 212:Core/Src/stm32l4xx_hal_msp.c **** /**
 213:Core/Src/stm32l4xx_hal_msp.c **** * @brief TIM_Base MSP De-Initialization
 214:Core/Src/stm32l4xx_hal_msp.c **** * This function freeze the hardware resources used in this example
 215:Core/Src/stm32l4xx_hal_msp.c **** * @param htim_base: TIM_Base handle pointer
 216:Core/Src/stm32l4xx_hal_msp.c **** * @retval None
 217:Core/Src/stm32l4xx_hal_msp.c **** */
 218:Core/Src/stm32l4xx_hal_msp.c **** void HAL_TIM_Base_MspDeInit(TIM_HandleTypeDef* htim_base)
 219:Core/Src/stm32l4xx_hal_msp.c **** {
 444              		.loc 1 219 1 is_stmt 1 view -0
 445              		.cfi_startproc
 446              		@ args = 0, pretend = 0, frame = 0
 447              		@ frame_needed = 0, uses_anonymous_args = 0
 448              		@ link register save eliminated.
 220:Core/Src/stm32l4xx_hal_msp.c ****   if(htim_base->Instance==TIM2)
 449              		.loc 1 220 3 view .LVU118
 450              		.loc 1 220 15 is_stmt 0 view .LVU119
 451 0000 0368     		ldr	r3, [r0]
 452              		.loc 1 220 5 view .LVU120
 453 0002 B3F1804F 		cmp	r3, #1073741824
 454 0006 00D0     		beq	.L35
 455              	.L33:
 221:Core/Src/stm32l4xx_hal_msp.c ****   {
 222:Core/Src/stm32l4xx_hal_msp.c ****   /* USER CODE BEGIN TIM2_MspDeInit 0 */
 223:Core/Src/stm32l4xx_hal_msp.c **** 
 224:Core/Src/stm32l4xx_hal_msp.c ****   /* USER CODE END TIM2_MspDeInit 0 */
 225:Core/Src/stm32l4xx_hal_msp.c ****     /* Peripheral clock disable */
 226:Core/Src/stm32l4xx_hal_msp.c ****     __HAL_RCC_TIM2_CLK_DISABLE();
 227:Core/Src/stm32l4xx_hal_msp.c ****   /* USER CODE BEGIN TIM2_MspDeInit 1 */
 228:Core/Src/stm32l4xx_hal_msp.c **** 
 229:Core/Src/stm32l4xx_hal_msp.c ****   /* USER CODE END TIM2_MspDeInit 1 */
 230:Core/Src/stm32l4xx_hal_msp.c ****   }
 231:Core/Src/stm32l4xx_hal_msp.c **** 
 232:Core/Src/stm32l4xx_hal_msp.c **** }
 456              		.loc 1 232 1 view .LVU121
 457 0008 7047     		bx	lr
ARM GAS  C:\Users\gamin\AppData\Local\Temp\ccy87B0g.s 			page 14


 458              	.L35:
 226:Core/Src/stm32l4xx_hal_msp.c ****   /* USER CODE BEGIN TIM2_MspDeInit 1 */
 459              		.loc 1 226 5 is_stmt 1 view .LVU122
 460 000a 034A     		ldr	r2, .L36
 461 000c 936D     		ldr	r3, [r2, #88]
 462 000e 23F00103 		bic	r3, r3, #1
 463 0012 9365     		str	r3, [r2, #88]
 464              		.loc 1 232 1 is_stmt 0 view .LVU123
 465 0014 F8E7     		b	.L33
 466              	.L37:
 467 0016 00BF     		.align	2
 468              	.L36:
 469 0018 00100240 		.word	1073876992
 470              		.cfi_endproc
 471              	.LFE293:
 473              		.text
 474              	.Letext0:
 475              		.file 2 "C:/Users/gamin/AppData/Roaming/Code/User/globalStorage/bmd.stm32-for-vscode/@xpack-dev-to
 476              		.file 3 "C:/Users/gamin/AppData/Roaming/Code/User/globalStorage/bmd.stm32-for-vscode/@xpack-dev-to
 477              		.file 4 "Drivers/CMSIS/Device/ST/STM32L4xx/Include/stm32l432xx.h"
 478              		.file 5 "Drivers/CMSIS/Device/ST/STM32L4xx/Include/stm32l4xx.h"
 479              		.file 6 "Drivers/STM32L4xx_HAL_Driver/Inc/stm32l4xx_hal_def.h"
 480              		.file 7 "Drivers/STM32L4xx_HAL_Driver/Inc/stm32l4xx_hal_gpio.h"
 481              		.file 8 "Drivers/STM32L4xx_HAL_Driver/Inc/stm32l4xx_hal_dma.h"
 482              		.file 9 "Drivers/STM32L4xx_HAL_Driver/Inc/stm32l4xx_hal_adc.h"
 483              		.file 10 "Drivers/STM32L4xx_HAL_Driver/Inc/stm32l4xx_hal_tim.h"
 484              		.file 11 "Core/Inc/main.h"
ARM GAS  C:\Users\gamin\AppData\Local\Temp\ccy87B0g.s 			page 15


DEFINED SYMBOLS
                            *ABS*:00000000 stm32l4xx_hal_msp.c
C:\Users\gamin\AppData\Local\Temp\ccy87B0g.s:21     .text.HAL_MspInit:00000000 $t
C:\Users\gamin\AppData\Local\Temp\ccy87B0g.s:27     .text.HAL_MspInit:00000000 HAL_MspInit
C:\Users\gamin\AppData\Local\Temp\ccy87B0g.s:75     .text.HAL_MspInit:0000002c $d
C:\Users\gamin\AppData\Local\Temp\ccy87B0g.s:80     .text.HAL_ADC_MspInit:00000000 $t
C:\Users\gamin\AppData\Local\Temp\ccy87B0g.s:86     .text.HAL_ADC_MspInit:00000000 HAL_ADC_MspInit
C:\Users\gamin\AppData\Local\Temp\ccy87B0g.s:234    .text.HAL_ADC_MspInit:00000094 $d
C:\Users\gamin\AppData\Local\Temp\ccy87B0g.s:241    .text.HAL_ADC_MspDeInit:00000000 $t
C:\Users\gamin\AppData\Local\Temp\ccy87B0g.s:247    .text.HAL_ADC_MspDeInit:00000000 HAL_ADC_MspDeInit
C:\Users\gamin\AppData\Local\Temp\ccy87B0g.s:292    .text.HAL_ADC_MspDeInit:0000002c $d
C:\Users\gamin\AppData\Local\Temp\ccy87B0g.s:298    .text.HAL_TIM_Base_MspInit:00000000 $t
C:\Users\gamin\AppData\Local\Temp\ccy87B0g.s:304    .text.HAL_TIM_Base_MspInit:00000000 HAL_TIM_Base_MspInit
C:\Users\gamin\AppData\Local\Temp\ccy87B0g.s:348    .text.HAL_TIM_MspPostInit:00000000 $t
C:\Users\gamin\AppData\Local\Temp\ccy87B0g.s:354    .text.HAL_TIM_MspPostInit:00000000 HAL_TIM_MspPostInit
C:\Users\gamin\AppData\Local\Temp\ccy87B0g.s:435    .text.HAL_TIM_Base_MspDeInit:00000000 $t
C:\Users\gamin\AppData\Local\Temp\ccy87B0g.s:441    .text.HAL_TIM_Base_MspDeInit:00000000 HAL_TIM_Base_MspDeInit
C:\Users\gamin\AppData\Local\Temp\ccy87B0g.s:469    .text.HAL_TIM_Base_MspDeInit:00000018 $d

UNDEFINED SYMBOLS
HAL_GPIO_Init
HAL_DMA_Init
Error_Handler
hdma_adc1
HAL_GPIO_DeInit
HAL_DMA_DeInit
