2023-09-13 10:50:51,589 [INFO] Activator:176 - 


2023-09-13 10:50:51,598 [INFO] Activator:177 - !SESSION log4j initialized
2023-09-13 10:50:57,672 [ERROR] LogOutputStream:75 - [STDERR_REDIRECT] 
2023-09-13 10:50:58,516 [INFO] LogOutputStream:77 - [STDOUT_REDIRECT] 
2023-09-13 10:51:01,408 [INFO] LogOutputStream:77 - [STDOUT_REDIRECT] 
2023-09-13 10:51:03,456 [INFO] ApplicationProperties:184 - Using Application install path: /Applications/STM32CubeIDE.app/Contents/Eclipse/plugins/com.st.stm32cube.common.mx_6.9.1.202307191849
2023-09-13 10:51:03,479 [INFO] DbMcusXml:78 - Set database path to: /Applications/STM32CubeIDE.app/Contents/Eclipse/plugins/com.st.stm32cube.common.mx_6.9.1.202307191849//db//mcu/
2023-09-13 10:51:03,479 [INFO] ApiDb:274 - Set plugin database path to: /Applications/STM32CubeIDE.app/Contents/Eclipse/plugins/com.st.stm32cube.common.mx_6.9.1.202307191849//db//plugins/boardmanager/
2023-09-13 10:51:03,480 [WARN] ApiDb:259 - Overriding images path with different value:  => /Applications/STM32CubeIDE.app/Contents/Eclipse/plugins/com.st.stm32cube.common.mx_6.9.1.202307191849//db//plugins/mcufinder/images/
2023-09-13 10:51:03,493 [INFO] ApiDb:250 - Set database path to: /Users/mishaynaidoo/.stmcufinder/plugins/mcufinder//mcu/
2023-09-13 10:51:03,496 [INFO] DbMcusAds:125 - Set database path to: /Users/mishaynaidoo/.stmcufinder/plugins/mcufinder//mcu/
2023-09-13 10:51:03,500 [INFO] CrossReferenceDbSqlite:203 - Set database path to: /Users/mishaynaidoo/.stmcufinder/plugins/mcufinder//mcu/cs/
2023-09-13 10:51:03,682 [INFO] RulesReader:64 - Compatibility file has been processed (293 Rules)
2023-09-13 10:51:03,793 [INFO] DbMcusXml:78 - Set database path to: /Applications/STM32CubeIDE.app/Contents/Eclipse/plugins/com.st.stm32cube.common.mx_6.9.1.202307191849//db//mcu/
2023-09-13 10:51:03,793 [INFO] ApiDb:274 - Set plugin database path to: /Applications/STM32CubeIDE.app/Contents/Eclipse/plugins/com.st.stm32cube.common.mx_6.9.1.202307191849//db//plugins/boardmanager/
2023-09-13 10:51:03,794 [INFO] ApiDb:261 - Set plugin images path to: /Applications/STM32CubeIDE.app/Contents/Eclipse/plugins/com.st.stm32cube.common.mx_6.9.1.202307191849//db//plugins/mcufinder/images/
2023-09-13 10:51:03,794 [WARN] DbFile:41 - Overriding database path with different value: /Users/mishaynaidoo/.stmcufinder/plugins/mcufinder/ => /Users/mishaynaidoo/.stmcufinder/plugins/mcufinder
2023-09-13 10:51:03,794 [INFO] ApiDb:250 - Set database path to: /Users/mishaynaidoo/.stmcufinder/plugins/mcufinder//mcu/
2023-09-13 10:51:03,794 [WARN] DbFile:41 - Overriding database path with different value: /Users/mishaynaidoo/.stmcufinder/plugins/mcufinder/ => /Users/mishaynaidoo/.stmcufinder/plugins/mcufinder
2023-09-13 10:51:03,794 [INFO] DbMcusAds:125 - Set database path to: /Users/mishaynaidoo/.stmcufinder/plugins/mcufinder//mcu/
2023-09-13 10:51:03,794 [WARN] DbFile:41 - Overriding database path with different value: /Users/mishaynaidoo/.stmcufinder/plugins/mcufinder/ => /Users/mishaynaidoo/.stmcufinder/plugins/mcufinder
2023-09-13 10:51:03,795 [WARN] DbFile:41 - Overriding database path with different value: /Users/mishaynaidoo/.stmcufinder/plugins/mcufinder/ => /Users/mishaynaidoo/.stmcufinder/plugins/mcufinder
2023-09-13 10:51:03,795 [INFO] CrossReferenceDbSqlite:203 - Set database path to: /Users/mishaynaidoo/.stmcufinder/plugins/mcufinder//mcu/cs/
2023-09-13 10:51:03,939 [INFO] MainPanel:262 - HeapMemory: 268435456
2023-09-13 10:51:04,175 [INFO] DbMcusXml:78 - Set database path to: /Applications/STM32CubeIDE.app/Contents/Eclipse/plugins/com.st.stm32cube.common.mx_6.9.1.202307191849//db//mcu/
2023-09-13 10:51:04,175 [INFO] ApiDb:274 - Set plugin database path to: /Applications/STM32CubeIDE.app/Contents/Eclipse/plugins/com.st.stm32cube.common.mx_6.9.1.202307191849//db//plugins/boardmanager/
2023-09-13 10:51:04,175 [INFO] ApiDb:261 - Set plugin images path to: /Applications/STM32CubeIDE.app/Contents/Eclipse/plugins/com.st.stm32cube.common.mx_6.9.1.202307191849//db//plugins/mcufinder/images/
2023-09-13 10:51:04,176 [WARN] DbFile:41 - Overriding database path with different value: /Users/mishaynaidoo/.stmcufinder/plugins/mcufinder/ => /Users/mishaynaidoo/.stmcufinder/plugins/mcufinder
2023-09-13 10:51:04,176 [INFO] ApiDb:250 - Set database path to: /Users/mishaynaidoo/.stmcufinder/plugins/mcufinder//mcu/
2023-09-13 10:51:04,176 [WARN] DbFile:41 - Overriding database path with different value: /Users/mishaynaidoo/.stmcufinder/plugins/mcufinder/ => /Users/mishaynaidoo/.stmcufinder/plugins/mcufinder
2023-09-13 10:51:04,176 [INFO] DbMcusAds:125 - Set database path to: /Users/mishaynaidoo/.stmcufinder/plugins/mcufinder//mcu/
2023-09-13 10:51:04,176 [WARN] DbFile:41 - Overriding database path with different value: /Users/mishaynaidoo/.stmcufinder/plugins/mcufinder/ => /Users/mishaynaidoo/.stmcufinder/plugins/mcufinder
2023-09-13 10:51:04,176 [WARN] DbFile:41 - Overriding database path with different value: /Users/mishaynaidoo/.stmcufinder/plugins/mcufinder/ => /Users/mishaynaidoo/.stmcufinder/plugins/mcufinder
2023-09-13 10:51:04,177 [INFO] CrossReferenceDbSqlite:203 - Set database path to: /Users/mishaynaidoo/.stmcufinder/plugins/mcufinder//mcu/cs/
2023-09-13 10:51:04,199 [INFO] ApplicationProperties:184 - Using Application install path: /Applications/STM32CubeIDE.app/Contents/Eclipse/plugins/com.st.stm32cube.common.mx_6.9.1.202307191849
2023-09-13 10:51:04,201 [INFO] PluginManage:196 - Search for loadable plugins [exclusion list=, ]
2023-09-13 10:51:04,203 [INFO] PluginManage:310 - Check plugin analytics
2023-09-13 10:51:04,463 [INFO] AnalyticsPlugin:253 - Accepted Software Licenses: 
2023-09-13 10:51:04,463 [INFO] AnalyticsPlugin:255 - Accepted CMSIS Pack Licenses: 
2023-09-13 10:51:04,463 [INFO] AnalyticsPlugin:257 - Accepted Firmware Licenses: 
2023-09-13 10:51:04,468 [INFO] PluginManage:359 - Loaded plugin analytics (category:tool,tabindex:-1)
2023-09-13 10:51:04,469 [INFO] PluginManage:310 - Check plugin cadmodel
2023-09-13 10:51:05,418 [INFO] CADModel:105 - Init CAD model plugin
2023-09-13 10:51:05,419 [INFO] PluginManage:359 - Loaded plugin cadmodel (category:power,tabindex:5)
2023-09-13 10:51:05,419 [INFO] PluginManage:310 - Check plugin clock
2023-09-13 10:51:05,434 [INFO] PluginManage:359 - Loaded plugin clock (category:base,tabindex:2)
2023-09-13 10:51:05,435 [INFO] PluginManage:310 - Check plugin ddr
2023-09-13 10:51:05,438 [INFO] PluginManage:359 - Loaded plugin ddr (category:tool,tabindex:6)
2023-09-13 10:51:05,439 [INFO] PluginManage:310 - Check plugin filemanager
2023-09-13 10:51:05,690 [INFO] PluginManage:359 - Loaded plugin filemanager (category:base,tabindex:10)
2023-09-13 10:51:05,690 [INFO] PluginManage:310 - Check plugin ipmanager
2023-09-13 10:51:05,698 [INFO] PluginManage:359 - Loaded plugin ipmanager (category:base,tabindex:5)
2023-09-13 10:51:05,699 [INFO] PluginManage:310 - Check plugin lpbam
2023-09-13 10:51:05,721 [INFO] PluginManage:359 - Loaded plugin lpbam (category:base,tabindex:0)
2023-09-13 10:51:05,722 [INFO] PluginManage:310 - Check plugin memorymap
2023-09-13 10:51:05,747 [INFO] PluginManage:359 - Loaded plugin memorymap (category:base,tabindex:4)
2023-09-13 10:51:05,748 [INFO] PluginManage:310 - Check plugin pinoutandconfiguration
2023-09-13 10:51:05,759 [INFO] PluginManage:359 - Loaded plugin pinoutandconfiguration (category:base,tabindex:1)
2023-09-13 10:51:05,759 [INFO] PluginManage:310 - Check plugin pinoutconfig
2023-09-13 10:51:05,922 [WARN] SupportedApi:132 - Cannot load RTOS API schema: s4s-elt-must-match.1: The content of 'definitions' must match (annotation?, (simpleType | complexType)?, (unique | key | keyref)*)). A problem was found starting at: attribute.
2023-09-13 10:51:06,131 [INFO] PluginManage:359 - Loaded plugin pinoutconfig (category:base,tabindex:0)
2023-09-13 10:51:06,131 [INFO] PluginManage:310 - Check plugin power
2023-09-13 10:51:06,152 [INFO] PluginManage:359 - Loaded plugin power (category:power,tabindex:4)
2023-09-13 10:51:06,152 [INFO] PluginManage:310 - Check plugin projectmanager
2023-09-13 10:51:06,171 [INFO] PluginManage:359 - Loaded plugin projectmanager (category:projectmanager,tabindex:3)
2023-09-13 10:51:06,171 [INFO] PluginManage:310 - Check plugin thirdparty
2023-09-13 10:51:06,359 [INFO] PluginManage:359 - Loaded plugin thirdparty (category:base,tabindex:-1)
2023-09-13 10:51:06,359 [WARN] IntegrityCheckThread:84 - waiting for thirdparty lock release [integrity check]
2023-09-13 10:51:06,359 [INFO] PluginManage:310 - Check plugin tools
2023-09-13 10:51:06,359 [INFO] IntegrityCheckThread:86 - entering critical section [integrity check]
2023-09-13 10:51:06,360 [INFO] ThirdPartyUpdaterWithRetryManager:70 - Updater plugin not ready yet. [1/15]
2023-09-13 10:51:06,362 [INFO] PluginManage:359 - Loaded plugin tools (category:base,tabindex:7)
2023-09-13 10:51:06,362 [INFO] PluginManage:310 - Check plugin tutovideos
2023-09-13 10:51:06,647 [INFO] PluginManage:359 - Loaded plugin tutovideos (category:base,tabindex:-1)
2023-09-13 10:51:06,647 [INFO] PluginManage:310 - Check plugin updater
2023-09-13 10:51:06,661 [INFO] PluginManage:359 - Loaded plugin updater (category:base,tabindex:12)
2023-09-13 10:51:06,662 [INFO] PluginManage:310 - Check plugin userauth
2023-09-13 10:51:06,669 [INFO] UserAuth:113 - Init User Auth plugin
2023-09-13 10:51:06,669 [INFO] PluginManage:359 - Loaded plugin userauth (category:base,tabindex:14)
2023-09-13 10:51:06,670 [INFO] PluginManage:283 - PluginManage : Loaded plugins [17]
2023-09-13 10:51:07,013 [INFO] PinOutPanel:1499 - setPackage(No Configuration,No Configuration)
2023-09-13 10:51:07,171 [INFO] CADModel:165 - CPN selected for project level
2023-09-13 10:51:07,171 [INFO] CADModel:114 - Register for checkConnection events
2023-09-13 10:51:07,191 [INFO] IPUIPlugin:80 - create IPUIPlugin
2023-09-13 10:51:07,192 [INFO] PluginManager:220 - loadIPPluginJar : add mdma
2023-09-13 10:51:07,204 [INFO] IPUIPlugin:80 - create IPUIPlugin
2023-09-13 10:51:07,205 [INFO] PluginManager:220 - loadIPPluginJar : add freertos
2023-09-13 10:51:07,215 [INFO] IPUIPlugin:80 - create IPUIPlugin
2023-09-13 10:51:07,215 [INFO] PluginManager:220 - loadIPPluginJar : add gic
2023-09-13 10:51:07,229 [INFO] IPUIPlugin:80 - create IPUIPlugin
2023-09-13 10:51:07,229 [INFO] PluginManager:220 - loadIPPluginJar : add adc
2023-09-13 10:51:07,233 [INFO] IPUIPlugin:80 - create IPUIPlugin
2023-09-13 10:51:07,234 [INFO] PluginManager:220 - loadIPPluginJar : add gtzc
2023-09-13 10:51:07,236 [INFO] IPUIPlugin:80 - create IPUIPlugin
2023-09-13 10:51:07,236 [INFO] PluginManager:220 - loadIPPluginJar : add quadspi
2023-09-13 10:51:07,240 [INFO] IPUIPlugin:80 - create IPUIPlugin
2023-09-13 10:51:07,240 [INFO] PluginManager:220 - loadIPPluginJar : add aes
2023-09-13 10:51:07,245 [INFO] IPUIPlugin:80 - create IPUIPlugin
2023-09-13 10:51:07,245 [INFO] PluginManager:220 - loadIPPluginJar : add pdm2pcm
2023-09-13 10:51:07,248 [INFO] IPUIPlugin:80 - create IPUIPlugin
2023-09-13 10:51:07,248 [INFO] PluginManager:220 - loadIPPluginJar : add hash
2023-09-13 10:51:07,250 [INFO] IPUIPlugin:80 - create IPUIPlugin
2023-09-13 10:51:07,250 [INFO] PluginManager:220 - loadIPPluginJar : add tim
2023-09-13 10:51:07,252 [INFO] IPUIPlugin:80 - create IPUIPlugin
2023-09-13 10:51:07,253 [INFO] PluginManager:220 - loadIPPluginJar : add tsc
2023-09-13 10:51:07,255 [INFO] IPUIPlugin:80 - create IPUIPlugin
2023-09-13 10:51:07,255 [INFO] PluginManager:220 - loadIPPluginJar : add ts
2023-09-13 10:51:07,258 [INFO] IPUIPlugin:80 - create IPUIPlugin
2023-09-13 10:51:07,258 [INFO] PluginManager:220 - loadIPPluginJar : add can
2023-09-13 10:51:07,262 [INFO] IPUIPlugin:80 - create IPUIPlugin
2023-09-13 10:51:07,262 [INFO] PluginManager:220 - loadIPPluginJar : add dma3
2023-09-13 10:51:07,265 [INFO] IPUIPlugin:80 - create IPUIPlugin
2023-09-13 10:51:07,265 [INFO] PluginManager:220 - loadIPPluginJar : add dfsdm
2023-09-13 10:51:07,268 [INFO] IPUIPlugin:80 - create IPUIPlugin
2023-09-13 10:51:07,268 [INFO] PluginManager:220 - loadIPPluginJar : add spi
2023-09-13 10:51:07,272 [INFO] IPUIPlugin:80 - create IPUIPlugin
2023-09-13 10:51:07,272 [INFO] PluginManager:220 - loadIPPluginJar : add gfxmmu
2023-09-13 10:51:07,274 [INFO] IPUIPlugin:80 - create IPUIPlugin
2023-09-13 10:51:07,274 [INFO] PluginManager:220 - loadIPPluginJar : add genericplugin
2023-09-13 10:51:07,278 [INFO] IPUIPlugin:80 - create IPUIPlugin
2023-09-13 10:51:07,278 [INFO] PluginManager:220 - loadIPPluginJar : add cryp
2023-09-13 10:51:07,286 [INFO] IPUIPlugin:80 - create IPUIPlugin
2023-09-13 10:51:07,286 [INFO] PluginManager:220 - loadIPPluginJar : add gpio
2023-09-13 10:51:07,289 [INFO] IPUIPlugin:80 - create IPUIPlugin
2023-09-13 10:51:07,289 [INFO] PluginManager:220 - loadIPPluginJar : add comp
2023-09-13 10:51:07,292 [INFO] IPUIPlugin:80 - create IPUIPlugin
2023-09-13 10:51:07,292 [INFO] PluginManager:220 - loadIPPluginJar : add tracer_emb
2023-09-13 10:51:07,297 [INFO] IPUIPlugin:80 - create IPUIPlugin
2023-09-13 10:51:07,297 [INFO] PluginManager:220 - loadIPPluginJar : add openamp
2023-09-13 10:51:07,304 [INFO] IPUIPlugin:80 - create IPUIPlugin
2023-09-13 10:51:07,305 [INFO] PluginManager:220 - loadIPPluginJar : add stm32_wpan
2023-09-13 10:51:07,314 [INFO] IPUIPlugin:80 - create IPUIPlugin
2023-09-13 10:51:07,318 [INFO] PluginManager:220 - loadIPPluginJar : add plateformsettings
2023-09-13 10:51:07,323 [INFO] IPUIPlugin:80 - create IPUIPlugin
2023-09-13 10:51:07,323 [INFO] PluginManager:220 - loadIPPluginJar : add ipddr
2023-09-13 10:51:07,327 [INFO] IPUIPlugin:80 - create IPUIPlugin
2023-09-13 10:51:07,327 [INFO] PluginManager:220 - loadIPPluginJar : add usart
2023-09-13 10:51:07,330 [INFO] IPUIPlugin:80 - create IPUIPlugin
2023-09-13 10:51:07,330 [INFO] PluginManager:220 - loadIPPluginJar : add ltdc
2023-09-13 10:51:07,336 [INFO] IPUIPlugin:80 - create IPUIPlugin
2023-09-13 10:51:07,336 [INFO] PluginManager:220 - loadIPPluginJar : add nvic
2023-09-13 10:51:07,338 [INFO] IPUIPlugin:80 - create IPUIPlugin
2023-09-13 10:51:07,338 [INFO] PluginManager:220 - loadIPPluginJar : add fatfs
2023-09-13 10:51:07,351 [INFO] IPUIPlugin:80 - create IPUIPlugin
2023-09-13 10:51:07,351 [INFO] PluginManager:220 - loadIPPluginJar : add linkedlist
2023-09-13 10:51:07,360 [INFO] IPUIPlugin:80 - create IPUIPlugin
2023-09-13 10:51:07,360 [INFO] PluginManager:220 - loadIPPluginJar : add dma
2023-09-13 10:51:07,368 [INFO] IPUIPlugin:80 - create IPUIPlugin
2023-09-13 10:51:07,368 [INFO] PluginManager:220 - loadIPPluginJar : add fmc
2023-09-13 10:51:07,371 [INFO] IPUIPlugin:80 - create IPUIPlugin
2023-09-13 10:51:07,371 [INFO] PluginManager:220 - loadIPPluginJar : add i2s
2023-09-13 10:51:07,374 [INFO] IPUIPlugin:80 - create IPUIPlugin
2023-09-13 10:51:07,374 [INFO] PluginManager:220 - loadIPPluginJar : add ucpd
2023-09-13 10:51:07,377 [INFO] IPUIPlugin:80 - create IPUIPlugin
2023-09-13 10:51:07,377 [INFO] PluginManager:220 - loadIPPluginJar : add lorawan
2023-09-13 10:51:07,382 [INFO] IPUIPlugin:80 - create IPUIPlugin
2023-09-13 10:51:07,383 [INFO] PluginManager:220 - loadIPPluginJar : add opamp
2023-09-13 10:51:07,388 [INFO] IPUIPlugin:80 - create IPUIPlugin
2023-09-13 10:51:07,388 [INFO] PluginManager:220 - loadIPPluginJar : add i3c
2023-09-13 10:51:07,393 [INFO] IPUIPlugin:80 - create IPUIPlugin
2023-09-13 10:51:07,393 [INFO] PluginManager:220 - loadIPPluginJar : add touchsensing
2023-09-13 10:51:07,397 [INFO] IPUIPlugin:80 - create IPUIPlugin
2023-09-13 10:51:07,397 [INFO] PluginManager:220 - loadIPPluginJar : add i2c
2023-09-13 10:51:07,403 [INFO] IPUIPlugin:80 - create IPUIPlugin
2023-09-13 10:51:07,403 [INFO] PluginManager:220 - loadIPPluginJar : add resmgrutility
2023-09-13 10:51:07,407 [INFO] IPUIPlugin:80 - create IPUIPlugin
2023-09-13 10:51:07,407 [INFO] PluginManager:220 - loadIPPluginJar : add sai
2023-09-13 10:51:07,411 [INFO] IPUIPlugin:80 - create IPUIPlugin
2023-09-13 10:51:07,411 [INFO] PluginManager:220 - loadIPPluginJar : add usbx
2023-09-13 10:51:07,526 [INFO] CADModel:165 - CPN selected for project level
2023-09-13 10:51:07,526 [INFO] CADModel:114 - Register for checkConnection events
2023-09-13 10:51:07,527 [FATAL] Updater:308 - Updater called before beeing initialized
2023-09-13 10:51:07,527 [ERROR] CADModel:125 - Updater not yet initialized, retry later 
2023-09-13 10:51:07,797 [INFO] CADModel:165 - CPN selected for project level
2023-09-13 10:51:07,797 [INFO] CADModel:114 - Register for checkConnection events
2023-09-13 10:51:07,797 [FATAL] Updater:308 - Updater called before beeing initialized
2023-09-13 10:51:07,797 [ERROR] CADModel:125 - Updater not yet initialized, retry later 
2023-09-13 10:51:07,802 [FATAL] Updater:308 - Updater called before beeing initialized
2023-09-13 10:51:07,898 [FATAL] Updater:308 - Updater called before beeing initialized
2023-09-13 10:51:07,907 [INFO] DbMcusAds:53 - JSON generation date=Tue Mar 07 10:50:54 SAST 2023 (1678179054945)
2023-09-13 10:51:07,907 [FATAL] Updater:308 - Updater called before beeing initialized
2023-09-13 10:51:08,030 [WARN] DetailPanel:346 - Failed to get advertising image, set to default
2023-09-13 10:51:08,151 [FATAL] Updater:308 - Updater called before beeing initialized
2023-09-13 10:51:08,154 [FATAL] Updater:308 - Updater called before beeing initialized
2023-09-13 10:51:08,154 [FATAL] Updater:308 - Updater called before beeing initialized
2023-09-13 10:51:08,154 [WARN] DetailPanel:346 - Failed to get advertising image, set to default
2023-09-13 10:51:08,155 [FATAL] Updater:308 - Updater called before beeing initialized
2023-09-13 10:51:08,189 [ERROR] Updater:1120 - MainUpdater not yet initialized. External WinMGr cannot be set.
2023-09-13 10:51:08,218 [INFO] Updater:1056 - Updater Version found : 6.9.1
2023-09-13 10:51:08,249 [INFO] ApplicationProperties:184 - Using Application install path: /Applications/STM32CubeIDE.app/Contents/Eclipse/plugins/com.st.stm32cube.common.mx_6.9.1.202307191849
2023-09-13 10:51:08,438 [INFO] MainUpdater:2868 - connection check result : 10
2023-09-13 10:51:08,439 [INFO] MainUpdater:285 - Updater Check For Update Now.
2023-09-13 10:51:08,439 [INFO] MicroXplorer:498 - Change Database Version : DB.6.0.91
2023-09-13 10:51:08,447 [INFO] McuFinderGlobals:63 - Set McuFinder mode to 2 (CubeIDE integrated)
2023-09-13 10:51:08,448 [INFO] UserAuth:179 - activating auth plugin
2023-09-13 10:51:08,451 [INFO] UserAuth:393 - Internet connection configuration mode: 1
2023-09-13 10:51:08,471 [INFO] JxBrowserEngine:151 - Initiate JxBrowser Engine with user profile folder
2023-09-13 10:51:08,737 [INFO] CheckServerUpdateThread:120 - End of CheckServer Thread
2023-09-13 10:51:09,523 [WARN] PackLoader:240 - Cannot read IP mode file for STMicroelectronics.X-CUBE-SMBUS.2.1.0
2023-09-13 10:51:09,581 [WARN] PackLoader:240 - Cannot read IP mode file for STMicroelectronics.X-CUBE-AZRTOS-F7.1.1.0
2023-09-13 10:51:09,599 [WARN] PackLoader:240 - Cannot read IP mode file for STMicroelectronics.FP-SNS-MOTENV1.4.3.2
2023-09-13 10:51:09,612 [WARN] PackLoader:240 - Cannot read IP mode file for STMicroelectronics.FP-SNS-FLIGHT1.5.0.2
2023-09-13 10:51:09,645 [WARN] PackLoader:240 - Cannot read IP mode file for STMicroelectronics.X-CUBE-DISPLAY.3.0.0
2023-09-13 10:51:09,670 [WARN] PackLoader:240 - Cannot read IP mode file for STMicroelectronics.X-CUBE-BLE1.7.0.0
2023-09-13 10:51:09,679 [WARN] PackLoader:240 - Cannot read IP mode file for emotas.I-CUBE-CANOPEN.1.3.0
2023-09-13 10:51:09,691 [WARN] PackLoader:240 - Cannot read IP mode file for STMicroelectronics.X-CUBE-TOUCHGFX.4.22.0
2023-09-13 10:51:09,696 [WARN] PackLoader:240 - Cannot read IP mode file for STMicroelectronics.FP-SNS-SMARTAG2.1.2.0
2023-09-13 10:51:09,714 [INFO] LogOutputStream:77 - [STDOUT_REDIRECT] 1 : Invalid condition id : UX_CORESTACK_Condition cause : null
2023-09-13 10:51:09,714 [INFO] LogOutputStream:77 - [STDOUT_REDIRECT] 1 : Invalid condition id : UX_CORESTACK_Condition cause : null
2023-09-13 10:51:09,715 [INFO] LogOutputStream:77 - [STDOUT_REDIRECT] 1 : Invalid condition id : UX_CORESTACK_Condition cause : null
2023-09-13 10:51:09,715 [INFO] LogOutputStream:77 - [STDOUT_REDIRECT] 1 : Invalid condition id : UX_CORESTACK_Condition cause : null
2023-09-13 10:51:09,715 [INFO] LogOutputStream:77 - [STDOUT_REDIRECT] 1 : Invalid condition id : UX_CORESTACK_Condition cause : null
2023-09-13 10:51:09,722 [WARN] PackLoader:240 - Cannot read IP mode file for STMicroelectronics.X-CUBE-AZRTOS-WL.2.0.0
2023-09-13 10:51:09,732 [WARN] PackLoader:240 - Cannot read IP mode file for WES.I-CUBE-Cesium.1.3.0
2023-09-13 10:51:09,740 [WARN] PackLoader:240 - Cannot read IP mode file for STMicroelectronics.X-CUBE-BLE2.3.3.0
2023-09-13 10:51:09,756 [WARN] PackLoader:240 - Cannot read IP mode file for STMicroelectronics.X-CUBE-ALGOBUILD.1.3.0
2023-09-13 10:51:09,882 [WARN] PackLoader:240 - Cannot read IP mode file for STMicroelectronics.X-CUBE-AZRTOS-G0.1.1.0
2023-09-13 10:51:09,897 [WARN] PackLoader:240 - Cannot read IP mode file for STMicroelectronics.X-CUBE-NFC4.3.0.0
2023-09-13 10:51:09,904 [WARN] PackLoader:240 - Cannot read IP mode file for STMicroelectronics.FP-ATR-SIGFOX1.3.2.0
2023-09-13 10:51:09,971 [WARN] PackLoader:240 - Cannot read IP mode file for SEGGER.I-CUBE-embOS.1.3.1
2023-09-13 10:51:10,045 [WARN] PackLoader:240 - Cannot read IP mode file for STMicroelectronics.X-CUBE-GNSS1.6.0.0
2023-09-13 10:51:10,101 [WARN] PackLoader:240 - Cannot read IP mode file for STMicroelectronics.X-CUBE-AZRTOS-F4.1.1.0
2023-09-13 10:51:10,114 [WARN] PackLoader:240 - Cannot read IP mode file for wolfSSL.I-CUBE-wolfSSL.5.6.3
2023-09-13 10:51:10,153 [WARN] PackLoader:240 - Cannot read IP mode file for STMicroelectronics.X-CUBE-AZRTOS-L5.2.0.0
2023-09-13 10:51:10,246 [WARN] PackLoader:240 - Cannot read IP mode file for STMicroelectronics.X-CUBE-MEMS1.9.6.0
2023-09-13 10:51:10,625 [WARN] PackLoader:240 - Cannot read IP mode file for STMicroelectronics.X-CUBE-BLEMGR.2.0.0
2023-09-13 10:51:10,691 [WARN] ConditionMgr:438 - getConditionDescription Invalid condition id : UX DEVICE CLASS RTOS Condition cause : null
2023-09-13 10:51:10,692 [WARN] ConditionMgr:438 - getConditionDescription Invalid condition id : UX DEVICE CLASS RTOS Condition cause : null
2023-09-13 10:51:10,702 [WARN] PackLoader:240 - Cannot read IP mode file for STMicroelectronics.X-CUBE-AZRTOS-H7.3.1.0
2023-09-13 10:51:10,704 [WARN] ConditionMgr:1039 - genDependencies : Invalid condition id : UX DEVICE CLASS RTOS Condition cause : null
2023-09-13 10:51:10,704 [WARN] ConditionMgr:1039 - genDependencies : Invalid condition id : UX DEVICE CLASS RTOS Condition cause : null
2023-09-13 10:51:10,706 [WARN] ConditionMgr:1039 - genDependencies : Invalid condition id : UX DEVICE CLASS RTOS Condition cause : null
2023-09-13 10:51:10,706 [WARN] ConditionMgr:1039 - genDependencies : Invalid condition id : UX DEVICE CLASS RTOS Condition cause : null
2023-09-13 10:51:10,707 [WARN] ConditionMgr:1039 - genDependencies : Invalid condition id : UX DEVICE CLASS RTOS Condition cause : null
2023-09-13 10:51:10,716 [WARN] PackLoader:240 - Cannot read IP mode file for STMicroelectronics.X-CUBE-NFC7.1.0.1
2023-09-13 10:51:10,725 [WARN] PackLoader:240 - Cannot read IP mode file for STMicroelectronics.X-CUBE-NFC6.3.0.0
2023-09-13 10:51:10,736 [WARN] PackLoader:240 - Cannot read IP mode file for STMicroelectronics.X-CUBE-EEPRMA1.4.1.0
2023-09-13 10:51:10,791 [WARN] PackLoader:240 - Cannot read IP mode file for STMicroelectronics.X-CUBE-AI.8.1.0
2023-09-13 10:51:10,956 [WARN] ConditionMgr:438 - getConditionDescription Invalid condition id : LAN8742 Phy interface Condition cause : null
2023-09-13 10:51:10,957 [WARN] PackLoader:240 - Cannot read IP mode file for STMicroelectronics.X-CUBE-AZRTOS-L4.2.0.0
2023-09-13 10:51:10,960 [WARN] ConditionMgr:1039 - genDependencies : Invalid condition id : LAN8742 Phy interface Condition cause : null
2023-09-13 10:51:10,960 [WARN] ConditionMgr:1039 - genDependencies : Invalid condition id : LAN8742 Phy interface Condition cause : null
2023-09-13 10:51:10,961 [WARN] ConditionMgr:1039 - genDependencies : Invalid condition id : LAN8742 Phy interface Condition cause : null
2023-09-13 10:51:10,980 [WARN] PackLoader:240 - Cannot read IP mode file for STMicroelectronics.X-CUBE-SFXS2LP1.4.0.0
2023-09-13 10:51:10,989 [WARN] PackLoader:240 - Cannot read IP mode file for STMicroelectronics.X-CUBE-ISPU.1.1.0
2023-09-13 10:51:11,080 [WARN] ConditionMgr:438 - getConditionDescription Invalid condition id : UX DEVICE CLASS RTOS Condition cause : null
2023-09-13 10:51:11,081 [WARN] ConditionMgr:438 - getConditionDescription Invalid condition id : UX DEVICE CLASS RTOS Condition cause : null
2023-09-13 10:51:11,084 [WARN] PackLoader:240 - Cannot read IP mode file for STMicroelectronics.X-CUBE-AZRTOS-WB.2.0.0
2023-09-13 10:51:11,085 [WARN] ConditionMgr:1039 - genDependencies : Invalid condition id : UX DEVICE CLASS RTOS Condition cause : null
2023-09-13 10:51:11,086 [WARN] ConditionMgr:1039 - genDependencies : Invalid condition id : UX DEVICE CLASS RTOS Condition cause : null
2023-09-13 10:51:11,087 [WARN] ConditionMgr:1039 - genDependencies : Invalid condition id : UX DEVICE CLASS RTOS Condition cause : null
2023-09-13 10:51:11,087 [WARN] ConditionMgr:1039 - genDependencies : Invalid condition id : UX DEVICE CLASS RTOS Condition cause : null
2023-09-13 10:51:11,087 [WARN] ConditionMgr:1039 - genDependencies : Invalid condition id : UX DEVICE CLASS RTOS Condition cause : null
2023-09-13 10:51:11,120 [WARN] PackLoader:240 - Cannot read IP mode file for STMicroelectronics.X-CUBE-SUBG2.5.0.0
2023-09-13 10:51:11,153 [WARN] PackLoader:240 - Cannot read IP mode file for STMicroelectronics.X-CUBE-TOF1.3.3.1
2023-09-13 10:51:11,190 [WARN] PackLoader:240 - Cannot read IP mode file for STMicroelectronics.X-CUBE-AZRTOS-G4.2.0.0
2023-09-13 10:51:11,202 [WARN] PackLoader:240 - Cannot read IP mode file for STMicroelectronics.X-CUBE-FREERTOS.1.1.0
2023-09-13 10:51:11,208 [WARN] PackLoader:240 - Cannot read IP mode file for portGmbH.I-Cube-SoM-uGOAL.1.1.0
2023-09-13 10:51:11,212 [WARN] PackLoader:240 - Cannot read IP mode file for STMicroelectronics.X-CUBE-ALS.1.0.1
2023-09-13 10:51:11,216 [WARN] PackLoader:240 - Cannot read IP mode file for STMicroelectronics.FP-ATR-ASTRA1.2.0.0
2023-09-13 10:51:11,217 [INFO] ThirdParty:978 - Integrity check success = true
2023-09-13 10:51:11,217 [INFO] IntegrityCheckThread:100 - exiting critical section [integrity check]
2023-09-13 10:51:11,217 [INFO] IntegrityCheckThread:103 - End integrity checks thread
2023-09-13 10:51:12,287 [INFO] WebApp:157 - Instantiating new browser for Auth
2023-09-13 10:51:14,041 [INFO] WebApp:753 - Register for checkConnection events
2023-09-13 10:51:14,041 [INFO] WebApp:390 - Apply proxy settings
2023-09-13 10:51:14,045 [INFO] WebApp:455 - Chromium authenticates against System proxy
2023-09-13 10:51:14,406 [INFO] WebApp:188 - Starting web application
2023-09-13 10:51:14,407 [INFO] WebApp:520 - Web application path used /Applications/STM32CubeIDE.app/Contents/Eclipse/plugins/com.st.stm32cube.common.mx_6.9.1.202307191849/db/plugins/mcufinder/reactClient1/index.html
2023-09-13 10:51:35,962 [ERROR] LogOutputStream:75 - [STDERR_REDIRECT] SLF4J: Failed to load class "org.slf4j.impl.StaticLoggerBinder".
2023-09-13 10:51:35,962 [ERROR] LogOutputStream:75 - [STDERR_REDIRECT] SLF4J: Defaulting to no-operation (NOP) logger implementation
2023-09-13 10:51:35,963 [ERROR] LogOutputStream:75 - [STDERR_REDIRECT] SLF4J: See http://www.slf4j.org/codes.html#StaticLoggerBinder for further details.
2023-09-13 10:54:21,551 [INFO] McuFinderGlobals:63 - Set McuFinder mode to 2 (CubeIDE integrated)
2023-09-13 10:54:21,558 [INFO] MainUpdater:2868 - connection check result : 10
2023-09-13 10:54:21,559 [INFO] MainUpdater:2868 - connection check result : 10
2023-09-13 10:54:22,824 [INFO] MicroXplorer:468 - Change Database Path : 
2023-09-13 10:54:22,825 [INFO] MicroXplorer:498 - Change Database Version : DB.6.0.91
2023-09-13 10:54:22,832 [WARN] ThirdParty:871 - waiting for thirdparty lock release [close project]
2023-09-13 10:54:22,832 [INFO] ThirdParty:873 - entering critical section [close project]
2023-09-13 10:54:22,833 [INFO] ThirdParty:883 - exiting critical section [close project]
2023-09-13 10:54:22,837 [INFO] PinOutPanel:1499 - setPackage(No Configuration,No Configuration)
2023-09-13 10:54:22,846 [INFO] UtilMem:75 - Begin LoadConfig() Used Memory: 577798528 Bytes (907018240)
2023-09-13 10:54:22,849 [INFO] MicroXplorer:468 - Change Database Path : 
2023-09-13 10:54:22,849 [INFO] MicroXplorer:498 - Change Database Version : DB.6.0.91
2023-09-13 10:54:22,850 [INFO] OpenFileManager:308 - Change cursor
2023-09-13 10:54:22,895 [INFO] Mcu:1946 - Initializing MCU STM32F051R8Tx STM32F051R8Tx STM32F051R8T6
2023-09-13 10:54:24,703 [INFO] Context:659 - Trying to add GPIOservice into a context  which must be forbidden
2023-09-13 10:54:26,212 [INFO] RtosManager:555 - Registered RTOS mode: class=CMSIS, group=RTOS, mode=CMSIS_V1, owner=FREERTOS
2023-09-13 10:54:26,212 [INFO] RtosManager:555 - Registered RTOS mode: class=CMSIS, group=RTOS2, mode=CMSIS_V2, owner=FREERTOS
2023-09-13 10:54:26,212 [INFO] RtosManager:555 - Registered RTOS mode: class=RTOS, group=Core, mode=CMSIS_V1, owner=FREERTOS
2023-09-13 10:54:26,212 [INFO] RtosManager:555 - Registered RTOS mode: class=RTOS, group=Core, mode=CMSIS_V2, owner=FREERTOS
2023-09-13 10:54:26,213 [WARN] ModelIntegratedComponent:184 - Missing modes for component STMicroelectronics:FreeRTOS:0.0.1:STMicroelectronics:RTOS:FreeRTOS:Core:::10.2.0:
2023-09-13 10:54:26,252 [WARN] ModelIntegratedComponent:63 - No mode defined for component null
2023-09-13 10:54:26,252 [WARN] ModelIntegratedComponent:63 - No mode defined for component null
2023-09-13 10:54:26,252 [WARN] ModelIntegratedComponent:63 - No mode defined for component null
2023-09-13 10:54:26,253 [WARN] ModelIntegratedComponent:63 - No mode defined for component null
2023-09-13 10:54:26,253 [WARN] ModelIntegratedComponent:63 - No mode defined for component null
2023-09-13 10:54:26,253 [WARN] ModelIntegratedComponent:63 - No mode defined for component null
2023-09-13 10:54:26,253 [WARN] ModelIntegratedComponent:63 - No mode defined for component null
2023-09-13 10:54:26,253 [WARN] ModelIntegratedComponent:63 - No mode defined for component null
2023-09-13 10:54:26,253 [WARN] ModelIntegratedComponent:63 - No mode defined for component null
2023-09-13 10:54:26,253 [WARN] ModelIntegratedComponent:63 - No mode defined for component null
2023-09-13 10:54:26,253 [WARN] ModelIntegratedComponent:63 - No mode defined for component null
2023-09-13 10:54:26,253 [WARN] ModelIntegratedComponent:63 - No mode defined for component null
2023-09-13 10:54:26,253 [WARN] ModelIntegratedComponent:63 - No mode defined for component null
2023-09-13 10:54:26,254 [WARN] ModelIntegratedComponent:63 - No mode defined for component null
2023-09-13 10:54:26,254 [WARN] ModelIntegratedComponent:63 - No mode defined for component null
2023-09-13 10:54:26,255 [WARN] ModelIntegratedComponent:63 - No mode defined for component null
2023-09-13 10:54:26,255 [WARN] ModelIntegratedComponent:63 - No mode defined for component null
2023-09-13 10:54:26,255 [WARN] ModelIntegratedComponent:63 - No mode defined for component null
2023-09-13 10:54:26,255 [WARN] ModelIntegratedComponent:63 - No mode defined for component null
2023-09-13 10:54:26,255 [WARN] ModelIntegratedComponent:63 - No mode defined for component null
2023-09-13 10:54:26,255 [WARN] ModelIntegratedComponent:63 - No mode defined for component null
2023-09-13 10:54:26,256 [WARN] ModelIntegratedComponent:63 - No mode defined for component null
2023-09-13 10:54:26,256 [WARN] ModelIntegratedComponent:63 - No mode defined for component null
2023-09-13 10:54:26,256 [WARN] ModelIntegratedComponent:63 - No mode defined for component null
2023-09-13 10:54:26,256 [WARN] ModelIntegratedComponent:63 - No mode defined for component null
2023-09-13 10:54:26,256 [WARN] ModelIntegratedComponent:63 - No mode defined for component null
2023-09-13 10:54:26,256 [WARN] ModelIntegratedComponent:63 - No mode defined for component null
2023-09-13 10:54:26,256 [WARN] ModelIntegratedComponent:63 - No mode defined for component null
2023-09-13 10:54:26,256 [WARN] ModelIntegratedComponent:63 - No mode defined for component null
2023-09-13 10:54:26,256 [WARN] ModelIntegratedComponent:63 - No mode defined for component null
2023-09-13 10:54:26,257 [WARN] ModelIntegratedComponent:63 - No mode defined for component null
2023-09-13 10:54:26,257 [WARN] ModelIntegratedComponent:63 - No mode defined for component null
2023-09-13 10:54:26,257 [WARN] ModelIntegratedComponent:63 - No mode defined for component null
2023-09-13 10:54:26,292 [INFO] ThirdPartyModel:298 - Start build external matchings
2023-09-13 10:54:27,250 [INFO] ThirdPartyModel:316 - End build external matchings
2023-09-13 10:54:27,270 [INFO] ImportTextPane:194 - (OptionalMessage_ERROR) IP (RCC) : Invalid parameter (FamilyName)
2023-09-13 10:54:27,270 [INFO] ImportTextPane:194 - (OptionalMessage_ERROR) IP (RCC) : Invalid parameter (HSICECFreq_Value)
2023-09-13 10:54:27,544 [INFO] UtilMem:75 - End LoadConfig() Used Memory: 692338240 Bytes (907018240)
2023-09-13 10:54:28,323 [INFO] ApiDb:581 - Connected to CubeFinder SQLite database (/Users/mishaynaidoo/.stmcufinder/plugins/mcufinder/mcu/cube-finder-db.db)
2023-09-13 10:54:29,163 [INFO] ApiDb:668 - CubeFinder database Data Model version=2.1
2023-09-13 10:54:29,163 [INFO] ApiDb:669 - CubeFinder database Configuration version=3.0.37
2023-09-13 10:54:29,164 [INFO] ApiDb:670 - CubeFinder database generation date=2023-08-31 (1693470701)
2023-09-13 10:54:29,164 [INFO] ApiDb:671 - CubeFinder database FW Pack versions=[FP-ATR-ASTRA1_V2.0.0, FP-SNS-FLIGHT1_V5.0.1, FP-SNS-FLIGHT1_V5.0.2, FP-SNS-MOTENV1_V4.3.1, FP-SNS-MOTENV1_V4.3.2, STM32Cube_FW_C0_V1.1.0, STM32Cube_FW_F4_V1.27.1, STM32Cube_FW_F7_V1.17.0, STM32Cube_FW_G0_V1.6.1, STM32Cube_FW_G4_V1.5.1, STM32Cube_FW_H5_V0.5.1, STM32Cube_FW_H5_V1.1.1, STM32Cube_FW_H7_V1.11.0, STM32Cube_FW_L0_V1.12.2, STM32Cube_FW_L5_V1.5.0, STM32Cube_FW_U5_V1.3.0, STM32Cube_FW_U5_V1.3.0RC4, STM32Cube_FW_WBA_V1.0.0RC1, STM32Cube_FW_WBA_V1.1.0, STM32Cube_FW_WBA_V1.1.0RC1, STM32Cube_FW_WB_V1.15.0RC1, STM32Cube_FW_WB_V1.16.0, STM32Cube_FW_WB_V1.16.0RC2, STM32Cube_FW_WB_V1.17.0, STM32Cube_FW_WB_V1.17.2, STM32Cube_FW_WL_V1.3.0, X-CUBE-ALGOBUILD_V1.3.0, X-CUBE-ALS_V1.0.1, X-CUBE-AZRTOS-F4_V1.1.0, X-CUBE-AZRTOS-F7_V1.1.0, X-CUBE-AZRTOS-G0_V1.1.0, X-CUBE-AZRTOS-G4_V2.0.0, X-CUBE-AZRTOS-H7_V3.1.0, X-CUBE-AZRTOS-L4_V1.0.0, X-CUBE-AZRTOS-L4_V2.0.0, X-CUBE-AZRTOS-L5_V1.1.0, X-CUBE-AZRTOS-WB_V2.0.0, X-CUBE-AZRTOS-WL_V2.0.0, X-CUBE-BLE1_V7.0.0, X-CUBE-BLE2_V3.3.0, X-CUBE-BLEMGR_V2.0.0, X-CUBE-EEPRMA1_V4.1.0, X-CUBE-FREERTOS_V1.1.0, X-CUBE-GNSS1_V6.0.0, X-CUBE-MEMS1_V9.1.0, X-CUBE-MEMS1_V9.4.0, X-CUBE-MEMS1_V9.6.0, X-CUBE-NFC4_V3.0.0, X-CUBE-NFC7_V1.0.0, X-CUBE-SFXS2LP1_V4.0.0, X-CUBE-SUBG2_V5.0.0, X-CUBE-TOF1_V3.3.1]
2023-09-13 10:54:32,639 [INFO] ApiDb:240 - Found 323 in-development CPN: [B-G473E-ZEST1S, B-WB1M-WPAN1, B-WL5M-SUBG1, NUCLEO-C031C6, NUCLEO-H503RB, NUCLEO-H563ZI, NUCLEO-U545RE-Q, NUCLEO-U5A5ZJ-Q, NUCLEO-WBA52CG, STEVAL-PROTEUS1, STEVAL-SMARTAG2, STEVAL-STWINBX1, STM320518-EVAL, STM32C0116-DK, STM32C011D6Y3TR, STM32C011D6Y6TR, STM32C011F4P3, STM32C011F4P6, STM32C011F4U3, STM32C011F4U6TR, STM32C011F6P3, STM32C011F6P6, STM32C011F6U3, STM32C011F6U6TR, STM32C011J4M3, STM32C011J4M6, STM32C011J6M3, STM32C011J6M6, STM32C0316-DK, STM32C031C4T3, STM32C031C4T6, STM32C031C4U3, STM32C031C4U6, STM32C031C6T3, STM32C031C6T6, STM32C031C6U3, STM32C031C6U6, STM32C031F4P3, STM32C031F4P6, STM32C031F6P3, STM32C031F6P6, STM32C031G4U3, STM32C031G4U6, STM32C031G6U3, STM32C031G6U6, STM32C031K4T3, STM32C031K4T6, STM32C031K4U3, STM32C031K4U6, STM32C031K6T3, STM32C031K6T6, STM32C031K6U3, STM32C031K6U6, STM32G071K8TXN, STM32G071K8UXN, STM32G081GBU6N, STM32G081KBT6N, STM32G081KBUXN, STM32G0B1CCT6N, STM32G0B1KCT6, STM32G0B1NEY6TR, STM32G0B1RCT6N, STM32G0C1CCT6, STM32G0C1CCT6N, STM32G0C1CCU6N, STM32G0C1CET6N, STM32G0C1CEU6N, STM32G0C1KCT6, STM32G0C1NEY6TR, STM32G0C1RCI6N, STM32G0C1RCT6N, STM32G0C1REI6N, STM32G0C1RET6N, STM32G0C1VCI6, STM32G0C1VEI6, STM32G471CCT6, STM32G471CCU6, STM32G471CET3, STM32G471CET6, STM32G471CEU3, STM32G471CEU6, STM32G471MCT6, STM32G471MET3, STM32G471MET6, STM32G471MEY6TR, STM32G471QCT6, STM32G471QET3, STM32G471RCT6, STM32G471RET3, STM32G471RET6, STM32G471VCH6, STM32G471VCI6, STM32G471VCT6, STM32G471VEH3, STM32G471VEH6, STM32G471VEI3, STM32G471VEI6, STM32G471VET3, STM32G471VET6, STM32G474CCT6, STM32H503CBT6, STM32H503CBU6, STM32H503EBY6TR, STM32H503KBU6, STM32H503RBT6, STM32H562AGI6, STM32H562AII6, STM32H562IGK6, STM32H562IGT6, STM32H562IIK6, STM32H562IIT6, STM32H562RGT6, STM32H562RGV6, STM32H562RIT6, STM32H562RIV6, STM32H562VGT6, STM32H562VIT6, STM32H562ZGT6, STM32H562ZIT6, STM32H563AGI6, STM32H563AII3Q, STM32H563AII6, STM32H563IGK6, STM32H563IGT6, STM32H563IIK3Q, STM32H563IIK6, STM32H563IIT3Q, STM32H563IIT6, STM32H563MIY3QTR, STM32H563RGT6, STM32H563RGV6, STM32H563RIT6, STM32H563RIV6, STM32H563VGT6, STM32H563VIT3Q, STM32H563VIT6, STM32H563ZGT6, STM32H563ZIT3Q, STM32H563ZIT6, STM32H573AII3Q, STM32H573AII6, STM32H573I-DK, STM32H573IIK3Q, STM32H573IIK6, STM32H573IIT3Q, STM32H573IIT6, STM32H573MIY3QTR, STM32H573RIT6, STM32H573RIV6, STM32H573VIT3Q, STM32H573VIT6, STM32H573ZIT3Q, STM32H573ZIT6, STM32L4R5QGI6STR, STM32MP131AAE3, STM32MP131AAF3, STM32MP131AAG3, STM32MP131CAE3, STM32MP131CAF3, STM32MP131CAG3, STM32MP131DAE7, STM32MP131DAF7, STM32MP131DAG7, STM32MP131FAE7, STM32MP131FAF7, STM32MP131FAG7, STM32MP133AAE3, STM32MP133AAF3, STM32MP133AAG3, STM32MP133CAE3, STM32MP133CAF3, STM32MP133CAG3, STM32MP133DAE7, STM32MP133DAF7, STM32MP133DAG7, STM32MP133FAE7, STM32MP133FAF7, STM32MP133FAG7, STM32MP135AAE3, STM32MP135AAF3, STM32MP135AAG3, STM32MP135CAE3, STM32MP135CAF3, STM32MP135CAG3, STM32MP135DAE7, STM32MP135DAF7, STM32MP135DAG7, STM32MP135F-DK, STM32MP135FAE7, STM32MP135FAF7, STM32MP135FAF7T, STM32MP135FAF7U, STM32MP135FAG7, STM32U535CBT6, STM32U535CBT6Q, STM32U535CBU6, STM32U535CBU6Q, STM32U535CCT6, STM32U535CCT6Q, STM32U535CCU6, STM32U535CCU6Q, STM32U535CET6, STM32U535CET6Q, STM32U535CEU6, STM32U535CEU6Q, STM32U535JEY6QTR, STM32U535NCY6QTR, STM32U535NEY6QTR, STM32U535RBI6, STM32U535RBI6Q, STM32U535RBT6, STM32U535RBT6Q, STM32U535RCI6, STM32U535RCI6Q, STM32U535RCT6, STM32U535RCT6Q, STM32U535REI6, STM32U535REI6Q, STM32U535RET6, STM32U535RET6Q, STM32U535VCI6, STM32U535VCI6Q, STM32U535VCT6, STM32U535VCT6Q, STM32U535VEI6, STM32U535VEI6Q, STM32U535VET6, STM32U535VET6Q, STM32U545CET6, STM32U545CET6Q, STM32U545CEU6, STM32U545CEU6Q, STM32U545JEY6QTR, STM32U545NEY6QTR, STM32U545REI6, STM32U545REI6Q, STM32U545RET6, STM32U545RET6Q, STM32U545VEI6, STM32U545VEI6Q, STM32U545VET6, STM32U545VET6Q, STM32U595AIH6, STM32U595AIH6Q, STM32U595AJH6, STM32U595AJH6Q, STM32U595QII6, STM32U595QII6Q, STM32U595QJI6, STM32U595QJI6Q, STM32U595RIT6, STM32U595RIT6Q, STM32U595RJT6, STM32U595RJT6Q, STM32U595VIT6, STM32U595VIT6Q, STM32U595VJT6, STM32U595VJT6Q, STM32U595ZIT6, STM32U595ZIT6Q, STM32U595ZIY6QTR, STM32U595ZJT6, STM32U595ZJT6Q, STM32U595ZJY6QTR, STM32U599BJY6QTR, STM32U599NIH6Q, STM32U599NJH6Q, STM32U599VIT6Q, STM32U599VJT6, STM32U599VJT6Q, STM32U599ZIT6Q, STM32U599ZIY6QTR, STM32U599ZJT6Q, STM32U599ZJY6QTR, STM32U5A5AJH6, STM32U5A5AJH6Q, STM32U5A5QJI6, STM32U5A5QJI6Q, STM32U5A5RJT6, STM32U5A5RJT6Q, STM32U5A5VJT6, STM32U5A5VJT6Q, STM32U5A5ZJT6, STM32U5A5ZJT6Q, STM32U5A5ZJY6QTR, STM32U5A9BJY6QTR, STM32U5A9J-DK, STM32U5A9NJH6Q, STM32U5A9VJT6Q, STM32U5A9ZJT6Q, STM32U5A9ZJY6QTR, STM32U5F7VIT6, STM32U5F7VIT6Q, STM32U5F7VJT6, STM32U5F7VJT6Q, STM32U5F9BJY6QTR, STM32U5F9NJH6Q, STM32U5F9VIT6Q, STM32U5F9VJT6Q, STM32U5F9ZIJ6QTR, STM32U5F9ZIT6Q, STM32U5F9ZJJ6QTR, STM32U5F9ZJT6Q, STM32U5G7VJT6, STM32U5G7VJT6Q, STM32U5G9BJY6QTR, STM32U5G9J-DK1, STM32U5G9J-DK2, STM32U5G9NJH6Q, STM32U5G9VJT6Q, STM32U5G9ZJJ6QTR, STM32U5G9ZJT6Q, STM32WB1MMCH6, STM32WBA52CEU6, STM32WBA52CEU6T, STM32WBA52CGU6, STM32WBA52CGU6T, STM32WBA52KEU6, STM32WBA52KEU6T, STM32WBA52KGU6, STM32WBA52KGU6T, STM32WL5MOCH6, STM32WL5MOCH6TR]
2023-09-13 10:54:32,646 [INFO] DbMcus:217 - Found 3848 MCUs, 3848 are supported
2023-09-13 10:54:32,646 [INFO] ApiDb:423 - Load user favorites file /Users/mishaynaidoo/.stm32cubeide/favorites.mcus.txt: 0 item(s)
2023-09-13 10:54:32,647 [INFO] ApiDb:427 - User favorites MCUs=[]
2023-09-13 10:54:32,647 [INFO] DbMcus:223 - Set 0 / 0 favorites MCUs
2023-09-13 10:54:33,400 [WARN] ThirdParty:833 - waiting for thirdparty lock release [change project]
2023-09-13 10:54:33,400 [INFO] ThirdParty:835 - entering critical section [change project]
2023-09-13 10:54:33,400 [INFO] ThirdParty:1030 - CMSIS Pack Vendor :STMicroelectronics X-CUBE-ISPU 1.1.0
2023-09-13 10:54:33,401 [INFO] ThirdParty:1030 - CMSIS Pack Vendor :STMicroelectronics USBPD 4.1
2023-09-13 10:54:33,401 [INFO] ThirdParty:1030 - CMSIS Pack Vendor :STMicroelectronics X-CUBE-GNSS1 6.0.0
2023-09-13 10:54:33,401 [INFO] ThirdParty:1030 - CMSIS Pack Vendor :STMicroelectronics USB_HOST 2.0.0
2023-09-13 10:54:33,401 [INFO] ThirdParty:1030 - CMSIS Pack Vendor :STMicroelectronics X-CUBE-AZRTOS-F4 1.1.0
2023-09-13 10:54:33,401 [INFO] ThirdParty:1030 - CMSIS Pack Vendor :STMicroelectronics LIBJPEG 8.0.0
2023-09-13 10:54:33,401 [INFO] ThirdParty:1030 - CMSIS Pack Vendor :wolfSSL I-CUBE-wolfSSL 5.6.3
2023-09-13 10:54:33,401 [INFO] ThirdParty:1030 - CMSIS Pack Vendor :STMicroelectronics X-CUBE-SMBUS 2.1.0
2023-09-13 10:54:33,401 [INFO] ThirdParty:1030 - CMSIS Pack Vendor :STMicroelectronics USB_DEVICE 3.0.0
2023-09-13 10:54:33,401 [INFO] ThirdParty:1030 - CMSIS Pack Vendor :STMicroelectronics X-CUBE-AZRTOS-WB 2.0.0
2023-09-13 10:54:33,402 [INFO] ThirdParty:1030 - CMSIS Pack Vendor :STMicroelectronics X-CUBE-AZRTOS-F7 1.1.0
2023-09-13 10:54:33,402 [INFO] ThirdParty:1030 - CMSIS Pack Vendor :STMicroelectronics X-CUBE-AZRTOS-L5 2.0.0
2023-09-13 10:54:33,402 [INFO] ThirdParty:1030 - CMSIS Pack Vendor :STMicroelectronics USB_DEVICE 2.0.0
2023-09-13 10:54:33,402 [INFO] ThirdParty:1030 - CMSIS Pack Vendor :STMicroelectronics X-CUBE-MEMS1 9.6.0
2023-09-13 10:54:33,402 [INFO] ThirdParty:1030 - CMSIS Pack Vendor :STMicroelectronics FP-SNS-MOTENV1 4.3.2
2023-09-13 10:54:33,402 [INFO] ThirdParty:1030 - CMSIS Pack Vendor :STMicroelectronics X-CUBE-ALGOBUILD 1.3.0
2023-09-13 10:54:33,402 [INFO] ThirdParty:1030 - CMSIS Pack Vendor :STMicroelectronics FreeRTOS 0.0.1
2023-09-13 10:54:33,402 [INFO] ThirdParty:1030 - CMSIS Pack Vendor :STMicroelectronics X-CUBE-AZRTOS-G0 1.1.0
2023-09-13 10:54:33,402 [INFO] ThirdParty:1030 - CMSIS Pack Vendor :STMicroelectronics X-CUBE-BLEMGR 2.0.0
2023-09-13 10:54:33,402 [INFO] ThirdParty:1030 - CMSIS Pack Vendor :STMicroelectronics X-CUBE-NFC4 3.0.0
2023-09-13 10:54:33,402 [INFO] ThirdParty:1030 - CMSIS Pack Vendor :STMicroelectronics X-CUBE-SUBG2 5.0.0
2023-09-13 10:54:33,403 [INFO] ThirdParty:1030 - CMSIS Pack Vendor :STMicroelectronics STM32_WPAN 1.0.0
2023-09-13 10:54:33,403 [INFO] ThirdParty:1030 - CMSIS Pack Vendor :STMicroelectronics lwIP 2.0.3
2023-09-13 10:54:33,403 [INFO] ThirdParty:1030 - CMSIS Pack Vendor :STMicroelectronics FP-SNS-FLIGHT1 5.0.2
2023-09-13 10:54:33,403 [INFO] ThirdParty:1030 - CMSIS Pack Vendor :STMicroelectronics USB_HOST 1.0.0
2023-09-13 10:54:33,403 [INFO] ThirdParty:1030 - CMSIS Pack Vendor :STMicroelectronics X-CUBE-TOF1 3.3.1
2023-09-13 10:54:33,403 [INFO] ThirdParty:1030 - CMSIS Pack Vendor :STMicroelectronics X-CUBE-AZRTOS-G4 2.0.0
2023-09-13 10:54:33,403 [INFO] ThirdParty:1030 - CMSIS Pack Vendor :STMicroelectronics PDM2PCM 3.1.0
2023-09-13 10:54:33,403 [INFO] ThirdParty:1030 - CMSIS Pack Vendor :STMicroelectronics X-CUBE-AZRTOS-H7 3.1.0
2023-09-13 10:54:33,403 [INFO] ThirdParty:1030 - CMSIS Pack Vendor :STMicroelectronics PDM2PCM 3.3.0
2023-09-13 10:54:33,403 [INFO] ThirdParty:1030 - CMSIS Pack Vendor :STMicroelectronics X-CUBE-DISPLAY 3.0.0
2023-09-13 10:54:33,404 [INFO] ThirdParty:1030 - CMSIS Pack Vendor :STMicroelectronics X-CUBE-BLE1 7.0.0
2023-09-13 10:54:33,404 [INFO] ThirdParty:1030 - CMSIS Pack Vendor :STMicroelectronics FP-ATR-SIGFOX1 3.2.0
2023-09-13 10:54:33,404 [INFO] ThirdParty:1030 - CMSIS Pack Vendor :STMicroelectronics HAL Drivers 0.0.0
2023-09-13 10:54:33,404 [INFO] ThirdParty:1030 - CMSIS Pack Vendor :STMicroelectronics MBEDTLS 2.16.2
2023-09-13 10:54:33,404 [INFO] ThirdParty:1030 - CMSIS Pack Vendor :emotas I-CUBE-CANOPEN 1.3.0
2023-09-13 10:54:33,404 [INFO] ThirdParty:1030 - CMSIS Pack Vendor :STMicroelectronics X-CUBE-FREERTOS 1.1.0
2023-09-13 10:54:33,404 [INFO] ThirdParty:1030 - CMSIS Pack Vendor :STMicroelectronics X-CUBE-TOUCHGFX 4.22.0
2023-09-13 10:54:33,404 [INFO] ThirdParty:1030 - CMSIS Pack Vendor :STMicroelectronics X-CUBE-NFC7 1.0.1
2023-09-13 10:54:33,404 [INFO] ThirdParty:1030 - CMSIS Pack Vendor :STMicroelectronics MBEDTLS 2.14.1
2023-09-13 10:54:33,404 [INFO] ThirdParty:1030 - CMSIS Pack Vendor :STMicroelectronics X-CUBE-NFC6 3.0.0
2023-09-13 10:54:33,405 [INFO] ThirdParty:1030 - CMSIS Pack Vendor :STMicroelectronics X-CUBE-EEPRMA1 4.1.0
2023-09-13 10:54:33,405 [INFO] ThirdParty:1030 - CMSIS Pack Vendor :portGmbH I-Cube-SoM-uGOAL 1.1.0
2023-09-13 10:54:33,405 [INFO] ThirdParty:1030 - CMSIS Pack Vendor :STMicroelectronics X-CUBE-ALS 1.0.1
2023-09-13 10:54:33,405 [INFO] ThirdParty:1030 - CMSIS Pack Vendor :STMicroelectronics ThreadX 1.0.0
2023-09-13 10:54:33,405 [INFO] ThirdParty:1030 - CMSIS Pack Vendor :STMicroelectronics FP-SNS-SMARTAG2 1.2.0
2023-09-13 10:54:33,405 [INFO] ThirdParty:1030 - CMSIS Pack Vendor :STMicroelectronics X-CUBE-AZRTOS-WL 2.0.0
2023-09-13 10:54:33,405 [INFO] ThirdParty:1030 - CMSIS Pack Vendor :SEGGER I-CUBE-embOS 1.3.1
2023-09-13 10:54:33,405 [INFO] ThirdParty:1030 - CMSIS Pack Vendor :STMicroelectronics USB_DEVICE 1.0.0
2023-09-13 10:54:33,405 [INFO] ThirdParty:1030 - CMSIS Pack Vendor :STMicroelectronics X-CUBE-AI 8.1.0
2023-09-13 10:54:33,406 [INFO] ThirdParty:1030 - CMSIS Pack Vendor :STMicroelectronics X-CUBE-AZRTOS-L4 2.0.0
2023-09-13 10:54:33,406 [INFO] ThirdParty:1030 - CMSIS Pack Vendor :STMicroelectronics ThreadX 0.0.2
2023-09-13 10:54:33,406 [INFO] ThirdParty:1030 - CMSIS Pack Vendor :WES I-CUBE-Cesium 1.3.0
2023-09-13 10:54:33,406 [INFO] ThirdParty:1030 - CMSIS Pack Vendor :STMicroelectronics FP-ATR-ASTRA1 2.0.0
2023-09-13 10:54:33,406 [INFO] ThirdParty:1030 - CMSIS Pack Vendor :STMicroelectronics lwIP 2.1.2
2023-09-13 10:54:33,406 [INFO] ThirdParty:1030 - CMSIS Pack Vendor :STMicroelectronics X-CUBE-SFXS2LP1 4.0.0
2023-09-13 10:54:33,406 [INFO] ThirdParty:1030 - CMSIS Pack Vendor :STMicroelectronics X-CUBE-BLE2 3.3.0
2023-09-13 10:54:33,406 [INFO] ThirdParty:1030 - CMSIS Pack Vendor :STMicroelectronics PDM2PCM 3.2.0
2023-09-13 10:54:33,407 [INFO] ThirdParty:841 - exiting critical section [change project]
2023-09-13 10:54:34,076 [INFO] PinOutPanel:1499 - setPackage(No Configuration,No Configuration)
2023-09-13 10:54:34,078 [INFO] PinOutPanel:1499 - setPackage(STM32F051R8Tx,LQFP64)
2023-09-13 10:54:36,101 [INFO] UtilMem:75 - Before build in PCC Used Memory: 739348544 Bytes (996147200)
2023-09-13 10:54:37,304 [INFO] UtilMem:75 - After build in PCC Used Memory: 572170752 Bytes (996147200)
2023-09-13 10:54:37,366 [INFO] IPUIPlugin:80 - create IPUIPlugin
2023-09-13 10:54:37,367 [INFO] IPUIPlugin:80 - create IPUIPlugin
2023-09-13 10:54:37,368 [INFO] IPUIPlugin:80 - create IPUIPlugin
2023-09-13 10:54:37,368 [INFO] IPUIPlugin:80 - create IPUIPlugin
2023-09-13 10:54:37,369 [INFO] IPUIPlugin:80 - create IPUIPlugin
2023-09-13 10:54:37,369 [INFO] IPUIPlugin:80 - create IPUIPlugin
2023-09-13 10:54:37,370 [INFO] IPUIPlugin:80 - create IPUIPlugin
2023-09-13 10:54:37,371 [INFO] IPUIPlugin:80 - create IPUIPlugin
2023-09-13 10:54:37,371 [INFO] IPUIPlugin:80 - create IPUIPlugin
2023-09-13 10:54:37,371 [INFO] IPUIPlugin:80 - create IPUIPlugin
2023-09-13 10:54:37,371 [INFO] IPUIPlugin:80 - create IPUIPlugin
2023-09-13 10:54:37,371 [INFO] IPUIPlugin:80 - create IPUIPlugin
2023-09-13 10:54:37,372 [INFO] IPUIPlugin:80 - create IPUIPlugin
2023-09-13 10:54:37,372 [INFO] IPUIPlugin:80 - create IPUIPlugin
2023-09-13 10:54:37,372 [INFO] IPUIPlugin:80 - create IPUIPlugin
2023-09-13 10:54:37,372 [INFO] IPUIPlugin:80 - create IPUIPlugin
2023-09-13 10:54:37,373 [INFO] IPUIPlugin:80 - create IPUIPlugin
2023-09-13 10:54:37,373 [INFO] IPUIPlugin:80 - create IPUIPlugin
2023-09-13 10:54:37,373 [INFO] IPUIPlugin:80 - create IPUIPlugin
2023-09-13 10:54:37,373 [INFO] IPUIPlugin:80 - create IPUIPlugin
2023-09-13 10:54:37,373 [INFO] IPUIPlugin:80 - create IPUIPlugin
2023-09-13 10:54:37,375 [INFO] IPUIPlugin:80 - create IPUIPlugin
2023-09-13 10:54:37,375 [INFO] IPUIPlugin:80 - create IPUIPlugin
2023-09-13 10:54:37,375 [INFO] IPUIPlugin:80 - create IPUIPlugin
2023-09-13 10:54:37,377 [INFO] IPUIPlugin:80 - create IPUIPlugin
2023-09-13 10:54:37,378 [INFO] IPUIPlugin:80 - create IPUIPlugin
2023-09-13 10:54:37,379 [INFO] IPUIPlugin:80 - create IPUIPlugin
2023-09-13 10:54:37,379 [INFO] IPUIPlugin:80 - create IPUIPlugin
2023-09-13 10:54:37,380 [INFO] IPUIPlugin:80 - create IPUIPlugin
2023-09-13 10:54:37,380 [INFO] IPUIPlugin:80 - create IPUIPlugin
2023-09-13 10:54:37,380 [INFO] IPUIPlugin:80 - create IPUIPlugin
2023-09-13 10:54:37,381 [INFO] IPUIPlugin:80 - create IPUIPlugin
2023-09-13 10:54:37,381 [INFO] IPUIPlugin:80 - create IPUIPlugin
2023-09-13 10:54:37,382 [INFO] IPUIPlugin:80 - create IPUIPlugin
2023-09-13 10:54:37,697 [INFO] CADModel:165 - CPN selected for project levelSTM32F051R8T6
2023-09-13 10:54:37,698 [INFO] CADModel:114 - Register for checkConnection events
2023-09-13 10:54:37,739 [INFO] OpenFileManager:328 - Restore cursor
2023-09-13 11:08:22,074 [INFO] Activator:176 - 


2023-09-13 11:08:22,076 [INFO] Activator:177 - !SESSION log4j initialized
2023-09-13 11:08:27,358 [ERROR] LogOutputStream:75 - [STDERR_REDIRECT] 
2023-09-13 11:08:28,246 [INFO] LogOutputStream:77 - [STDOUT_REDIRECT] 
2023-09-13 11:08:30,296 [INFO] LogOutputStream:77 - [STDOUT_REDIRECT] 
2023-09-13 11:08:31,203 [INFO] ApplicationProperties:184 - Using Application install path: /Applications/STM32CubeIDE.app/Contents/Eclipse/plugins/com.st.stm32cube.common.mx_6.9.1.202307191849
2023-09-13 11:08:31,232 [INFO] DbMcusXml:78 - Set database path to: /Applications/STM32CubeIDE.app/Contents/Eclipse/plugins/com.st.stm32cube.common.mx_6.9.1.202307191849//db//mcu/
2023-09-13 11:08:31,232 [INFO] ApiDb:274 - Set plugin database path to: /Applications/STM32CubeIDE.app/Contents/Eclipse/plugins/com.st.stm32cube.common.mx_6.9.1.202307191849//db//plugins/boardmanager/
2023-09-13 11:08:31,233 [WARN] ApiDb:259 - Overriding images path with different value:  => /Applications/STM32CubeIDE.app/Contents/Eclipse/plugins/com.st.stm32cube.common.mx_6.9.1.202307191849//db//plugins/mcufinder/images/
2023-09-13 11:08:31,268 [INFO] ApiDb:250 - Set database path to: /Users/mishaynaidoo/.stmcufinder/plugins/mcufinder//mcu/
2023-09-13 11:08:31,271 [INFO] DbMcusAds:125 - Set database path to: /Users/mishaynaidoo/.stmcufinder/plugins/mcufinder//mcu/
2023-09-13 11:08:31,276 [INFO] CrossReferenceDbSqlite:203 - Set database path to: /Users/mishaynaidoo/.stmcufinder/plugins/mcufinder//mcu/cs/
2023-09-13 11:08:31,516 [INFO] RulesReader:64 - Compatibility file has been processed (293 Rules)
2023-09-13 11:08:31,642 [INFO] DbMcusXml:78 - Set database path to: /Applications/STM32CubeIDE.app/Contents/Eclipse/plugins/com.st.stm32cube.common.mx_6.9.1.202307191849//db//mcu/
2023-09-13 11:08:31,642 [INFO] ApiDb:274 - Set plugin database path to: /Applications/STM32CubeIDE.app/Contents/Eclipse/plugins/com.st.stm32cube.common.mx_6.9.1.202307191849//db//plugins/boardmanager/
2023-09-13 11:08:31,642 [INFO] ApiDb:261 - Set plugin images path to: /Applications/STM32CubeIDE.app/Contents/Eclipse/plugins/com.st.stm32cube.common.mx_6.9.1.202307191849//db//plugins/mcufinder/images/
2023-09-13 11:08:31,642 [WARN] DbFile:41 - Overriding database path with different value: /Users/mishaynaidoo/.stmcufinder/plugins/mcufinder/ => /Users/mishaynaidoo/.stmcufinder/plugins/mcufinder
2023-09-13 11:08:31,642 [INFO] ApiDb:250 - Set database path to: /Users/mishaynaidoo/.stmcufinder/plugins/mcufinder//mcu/
2023-09-13 11:08:31,643 [WARN] DbFile:41 - Overriding database path with different value: /Users/mishaynaidoo/.stmcufinder/plugins/mcufinder/ => /Users/mishaynaidoo/.stmcufinder/plugins/mcufinder
2023-09-13 11:08:31,643 [INFO] DbMcusAds:125 - Set database path to: /Users/mishaynaidoo/.stmcufinder/plugins/mcufinder//mcu/
2023-09-13 11:08:31,643 [WARN] DbFile:41 - Overriding database path with different value: /Users/mishaynaidoo/.stmcufinder/plugins/mcufinder/ => /Users/mishaynaidoo/.stmcufinder/plugins/mcufinder
2023-09-13 11:08:31,643 [WARN] DbFile:41 - Overriding database path with different value: /Users/mishaynaidoo/.stmcufinder/plugins/mcufinder/ => /Users/mishaynaidoo/.stmcufinder/plugins/mcufinder
2023-09-13 11:08:31,643 [INFO] CrossReferenceDbSqlite:203 - Set database path to: /Users/mishaynaidoo/.stmcufinder/plugins/mcufinder//mcu/cs/
2023-09-13 11:08:31,739 [INFO] MainPanel:262 - HeapMemory: 268435456
2023-09-13 11:08:31,824 [INFO] DbMcusXml:78 - Set database path to: /Applications/STM32CubeIDE.app/Contents/Eclipse/plugins/com.st.stm32cube.common.mx_6.9.1.202307191849//db//mcu/
2023-09-13 11:08:31,825 [INFO] ApiDb:274 - Set plugin database path to: /Applications/STM32CubeIDE.app/Contents/Eclipse/plugins/com.st.stm32cube.common.mx_6.9.1.202307191849//db//plugins/boardmanager/
2023-09-13 11:08:31,825 [INFO] ApiDb:261 - Set plugin images path to: /Applications/STM32CubeIDE.app/Contents/Eclipse/plugins/com.st.stm32cube.common.mx_6.9.1.202307191849//db//plugins/mcufinder/images/
2023-09-13 11:08:31,825 [WARN] DbFile:41 - Overriding database path with different value: /Users/mishaynaidoo/.stmcufinder/plugins/mcufinder/ => /Users/mishaynaidoo/.stmcufinder/plugins/mcufinder
2023-09-13 11:08:31,826 [INFO] ApiDb:250 - Set database path to: /Users/mishaynaidoo/.stmcufinder/plugins/mcufinder//mcu/
2023-09-13 11:08:31,826 [WARN] DbFile:41 - Overriding database path with different value: /Users/mishaynaidoo/.stmcufinder/plugins/mcufinder/ => /Users/mishaynaidoo/.stmcufinder/plugins/mcufinder
2023-09-13 11:08:31,826 [INFO] DbMcusAds:125 - Set database path to: /Users/mishaynaidoo/.stmcufinder/plugins/mcufinder//mcu/
2023-09-13 11:08:31,826 [WARN] DbFile:41 - Overriding database path with different value: /Users/mishaynaidoo/.stmcufinder/plugins/mcufinder/ => /Users/mishaynaidoo/.stmcufinder/plugins/mcufinder
2023-09-13 11:08:31,826 [WARN] DbFile:41 - Overriding database path with different value: /Users/mishaynaidoo/.stmcufinder/plugins/mcufinder/ => /Users/mishaynaidoo/.stmcufinder/plugins/mcufinder
2023-09-13 11:08:31,826 [INFO] CrossReferenceDbSqlite:203 - Set database path to: /Users/mishaynaidoo/.stmcufinder/plugins/mcufinder//mcu/cs/
2023-09-13 11:08:31,849 [INFO] ApplicationProperties:184 - Using Application install path: /Applications/STM32CubeIDE.app/Contents/Eclipse/plugins/com.st.stm32cube.common.mx_6.9.1.202307191849
2023-09-13 11:08:31,851 [INFO] PluginManage:196 - Search for loadable plugins [exclusion list=, ]
2023-09-13 11:08:31,853 [INFO] PluginManage:310 - Check plugin analytics
2023-09-13 11:08:32,106 [INFO] AnalyticsPlugin:253 - Accepted Software Licenses: 
2023-09-13 11:08:32,106 [INFO] AnalyticsPlugin:255 - Accepted CMSIS Pack Licenses: 
2023-09-13 11:08:32,107 [INFO] AnalyticsPlugin:257 - Accepted Firmware Licenses: 
2023-09-13 11:08:32,113 [INFO] PluginManage:359 - Loaded plugin analytics (category:tool,tabindex:-1)
2023-09-13 11:08:32,113 [INFO] PluginManage:310 - Check plugin cadmodel
2023-09-13 11:08:32,514 [INFO] CADModel:105 - Init CAD model plugin
2023-09-13 11:08:32,515 [INFO] PluginManage:359 - Loaded plugin cadmodel (category:power,tabindex:5)
2023-09-13 11:08:32,515 [INFO] PluginManage:310 - Check plugin clock
2023-09-13 11:08:32,533 [INFO] PluginManage:359 - Loaded plugin clock (category:base,tabindex:2)
2023-09-13 11:08:32,533 [INFO] PluginManage:310 - Check plugin ddr
2023-09-13 11:08:32,540 [INFO] PluginManage:359 - Loaded plugin ddr (category:tool,tabindex:6)
2023-09-13 11:08:32,540 [INFO] PluginManage:310 - Check plugin filemanager
2023-09-13 11:08:32,746 [INFO] PluginManage:359 - Loaded plugin filemanager (category:base,tabindex:10)
2023-09-13 11:08:32,746 [INFO] PluginManage:310 - Check plugin ipmanager
2023-09-13 11:08:32,757 [INFO] PluginManage:359 - Loaded plugin ipmanager (category:base,tabindex:5)
2023-09-13 11:08:32,757 [INFO] PluginManage:310 - Check plugin lpbam
2023-09-13 11:08:32,773 [INFO] PluginManage:359 - Loaded plugin lpbam (category:base,tabindex:0)
2023-09-13 11:08:32,773 [INFO] PluginManage:310 - Check plugin memorymap
2023-09-13 11:08:32,796 [INFO] PluginManage:359 - Loaded plugin memorymap (category:base,tabindex:4)
2023-09-13 11:08:32,796 [INFO] PluginManage:310 - Check plugin pinoutandconfiguration
2023-09-13 11:08:32,809 [INFO] PluginManage:359 - Loaded plugin pinoutandconfiguration (category:base,tabindex:1)
2023-09-13 11:08:32,809 [INFO] PluginManage:310 - Check plugin pinoutconfig
2023-09-13 11:08:32,946 [WARN] SupportedApi:132 - Cannot load RTOS API schema: s4s-elt-must-match.1: The content of 'definitions' must match (annotation?, (simpleType | complexType)?, (unique | key | keyref)*)). A problem was found starting at: attribute.
2023-09-13 11:08:33,144 [INFO] PluginManage:359 - Loaded plugin pinoutconfig (category:base,tabindex:0)
2023-09-13 11:08:33,145 [INFO] PluginManage:310 - Check plugin power
2023-09-13 11:08:33,163 [INFO] PluginManage:359 - Loaded plugin power (category:power,tabindex:4)
2023-09-13 11:08:33,164 [INFO] PluginManage:310 - Check plugin projectmanager
2023-09-13 11:08:33,187 [INFO] PluginManage:359 - Loaded plugin projectmanager (category:projectmanager,tabindex:3)
2023-09-13 11:08:33,187 [INFO] PluginManage:310 - Check plugin thirdparty
2023-09-13 11:08:33,393 [WARN] IntegrityCheckThread:84 - waiting for thirdparty lock release [integrity check]
2023-09-13 11:08:33,393 [INFO] IntegrityCheckThread:86 - entering critical section [integrity check]
2023-09-13 11:08:33,394 [INFO] ThirdPartyUpdaterWithRetryManager:70 - Updater plugin not ready yet. [1/15]
2023-09-13 11:08:33,395 [INFO] PluginManage:359 - Loaded plugin thirdparty (category:base,tabindex:-1)
2023-09-13 11:08:33,395 [INFO] PluginManage:310 - Check plugin tools
2023-09-13 11:08:33,398 [INFO] PluginManage:359 - Loaded plugin tools (category:base,tabindex:7)
2023-09-13 11:08:33,399 [INFO] PluginManage:310 - Check plugin tutovideos
2023-09-13 11:08:33,695 [INFO] PluginManage:359 - Loaded plugin tutovideos (category:base,tabindex:-1)
2023-09-13 11:08:33,695 [INFO] PluginManage:310 - Check plugin updater
2023-09-13 11:08:33,715 [INFO] PluginManage:359 - Loaded plugin updater (category:base,tabindex:12)
2023-09-13 11:08:33,716 [INFO] PluginManage:310 - Check plugin userauth
2023-09-13 11:08:33,725 [INFO] UserAuth:113 - Init User Auth plugin
2023-09-13 11:08:33,725 [INFO] PluginManage:359 - Loaded plugin userauth (category:base,tabindex:14)
2023-09-13 11:08:33,727 [INFO] PluginManage:283 - PluginManage : Loaded plugins [17]
2023-09-13 11:08:34,033 [INFO] PinOutPanel:1499 - setPackage(No Configuration,No Configuration)
2023-09-13 11:08:34,202 [INFO] CADModel:165 - CPN selected for project level
2023-09-13 11:08:34,203 [INFO] CADModel:114 - Register for checkConnection events
2023-09-13 11:08:34,223 [INFO] IPUIPlugin:80 - create IPUIPlugin
2023-09-13 11:08:34,224 [INFO] PluginManager:220 - loadIPPluginJar : add mdma
2023-09-13 11:08:34,236 [INFO] IPUIPlugin:80 - create IPUIPlugin
2023-09-13 11:08:34,236 [INFO] PluginManager:220 - loadIPPluginJar : add freertos
2023-09-13 11:08:34,246 [INFO] IPUIPlugin:80 - create IPUIPlugin
2023-09-13 11:08:34,246 [INFO] PluginManager:220 - loadIPPluginJar : add gic
2023-09-13 11:08:34,260 [INFO] IPUIPlugin:80 - create IPUIPlugin
2023-09-13 11:08:34,260 [INFO] PluginManager:220 - loadIPPluginJar : add adc
2023-09-13 11:08:34,263 [INFO] IPUIPlugin:80 - create IPUIPlugin
2023-09-13 11:08:34,263 [INFO] PluginManager:220 - loadIPPluginJar : add gtzc
2023-09-13 11:08:34,264 [INFO] IPUIPlugin:80 - create IPUIPlugin
2023-09-13 11:08:34,264 [INFO] PluginManager:220 - loadIPPluginJar : add quadspi
2023-09-13 11:08:34,267 [INFO] IPUIPlugin:80 - create IPUIPlugin
2023-09-13 11:08:34,268 [INFO] PluginManager:220 - loadIPPluginJar : add aes
2023-09-13 11:08:34,273 [INFO] IPUIPlugin:80 - create IPUIPlugin
2023-09-13 11:08:34,273 [INFO] PluginManager:220 - loadIPPluginJar : add pdm2pcm
2023-09-13 11:08:34,276 [INFO] IPUIPlugin:80 - create IPUIPlugin
2023-09-13 11:08:34,276 [INFO] PluginManager:220 - loadIPPluginJar : add hash
2023-09-13 11:08:34,277 [INFO] IPUIPlugin:80 - create IPUIPlugin
2023-09-13 11:08:34,278 [INFO] PluginManager:220 - loadIPPluginJar : add tim
2023-09-13 11:08:34,279 [INFO] IPUIPlugin:80 - create IPUIPlugin
2023-09-13 11:08:34,279 [INFO] PluginManager:220 - loadIPPluginJar : add tsc
2023-09-13 11:08:34,281 [INFO] IPUIPlugin:80 - create IPUIPlugin
2023-09-13 11:08:34,282 [INFO] PluginManager:220 - loadIPPluginJar : add ts
2023-09-13 11:08:34,284 [INFO] IPUIPlugin:80 - create IPUIPlugin
2023-09-13 11:08:34,285 [INFO] PluginManager:220 - loadIPPluginJar : add can
2023-09-13 11:08:34,287 [INFO] IPUIPlugin:80 - create IPUIPlugin
2023-09-13 11:08:34,288 [INFO] PluginManager:220 - loadIPPluginJar : add dma3
2023-09-13 11:08:34,290 [INFO] IPUIPlugin:80 - create IPUIPlugin
2023-09-13 11:08:34,290 [INFO] PluginManager:220 - loadIPPluginJar : add dfsdm
2023-09-13 11:08:34,293 [INFO] IPUIPlugin:80 - create IPUIPlugin
2023-09-13 11:08:34,294 [INFO] PluginManager:220 - loadIPPluginJar : add spi
2023-09-13 11:08:34,297 [INFO] IPUIPlugin:80 - create IPUIPlugin
2023-09-13 11:08:34,297 [INFO] PluginManager:220 - loadIPPluginJar : add gfxmmu
2023-09-13 11:08:34,298 [INFO] IPUIPlugin:80 - create IPUIPlugin
2023-09-13 11:08:34,299 [INFO] PluginManager:220 - loadIPPluginJar : add genericplugin
2023-09-13 11:08:34,302 [INFO] IPUIPlugin:80 - create IPUIPlugin
2023-09-13 11:08:34,302 [INFO] PluginManager:220 - loadIPPluginJar : add cryp
2023-09-13 11:08:34,309 [INFO] IPUIPlugin:80 - create IPUIPlugin
2023-09-13 11:08:34,309 [INFO] PluginManager:220 - loadIPPluginJar : add gpio
2023-09-13 11:08:34,310 [INFO] IPUIPlugin:80 - create IPUIPlugin
2023-09-13 11:08:34,311 [INFO] PluginManager:220 - loadIPPluginJar : add comp
2023-09-13 11:08:34,312 [INFO] IPUIPlugin:80 - create IPUIPlugin
2023-09-13 11:08:34,313 [INFO] PluginManager:220 - loadIPPluginJar : add tracer_emb
2023-09-13 11:08:34,317 [INFO] IPUIPlugin:80 - create IPUIPlugin
2023-09-13 11:08:34,317 [INFO] PluginManager:220 - loadIPPluginJar : add openamp
2023-09-13 11:08:34,323 [INFO] IPUIPlugin:80 - create IPUIPlugin
2023-09-13 11:08:34,323 [INFO] PluginManager:220 - loadIPPluginJar : add stm32_wpan
2023-09-13 11:08:34,332 [INFO] IPUIPlugin:80 - create IPUIPlugin
2023-09-13 11:08:34,335 [INFO] PluginManager:220 - loadIPPluginJar : add plateformsettings
2023-09-13 11:08:34,340 [INFO] IPUIPlugin:80 - create IPUIPlugin
2023-09-13 11:08:34,341 [INFO] PluginManager:220 - loadIPPluginJar : add ipddr
2023-09-13 11:08:34,344 [INFO] IPUIPlugin:80 - create IPUIPlugin
2023-09-13 11:08:34,345 [INFO] PluginManager:220 - loadIPPluginJar : add usart
2023-09-13 11:08:34,347 [INFO] IPUIPlugin:80 - create IPUIPlugin
2023-09-13 11:08:34,347 [INFO] PluginManager:220 - loadIPPluginJar : add ltdc
2023-09-13 11:08:34,355 [INFO] IPUIPlugin:80 - create IPUIPlugin
2023-09-13 11:08:34,355 [INFO] PluginManager:220 - loadIPPluginJar : add nvic
2023-09-13 11:08:34,357 [INFO] IPUIPlugin:80 - create IPUIPlugin
2023-09-13 11:08:34,357 [INFO] PluginManager:220 - loadIPPluginJar : add fatfs
2023-09-13 11:08:34,370 [INFO] IPUIPlugin:80 - create IPUIPlugin
2023-09-13 11:08:34,370 [INFO] PluginManager:220 - loadIPPluginJar : add linkedlist
2023-09-13 11:08:34,379 [INFO] IPUIPlugin:80 - create IPUIPlugin
2023-09-13 11:08:34,379 [INFO] PluginManager:220 - loadIPPluginJar : add dma
2023-09-13 11:08:34,384 [INFO] IPUIPlugin:80 - create IPUIPlugin
2023-09-13 11:08:34,384 [INFO] PluginManager:220 - loadIPPluginJar : add fmc
2023-09-13 11:08:34,387 [INFO] IPUIPlugin:80 - create IPUIPlugin
2023-09-13 11:08:34,387 [INFO] PluginManager:220 - loadIPPluginJar : add i2s
2023-09-13 11:08:34,390 [INFO] IPUIPlugin:80 - create IPUIPlugin
2023-09-13 11:08:34,390 [INFO] PluginManager:220 - loadIPPluginJar : add ucpd
2023-09-13 11:08:34,393 [INFO] IPUIPlugin:80 - create IPUIPlugin
2023-09-13 11:08:34,393 [INFO] PluginManager:220 - loadIPPluginJar : add lorawan
2023-09-13 11:08:34,397 [INFO] IPUIPlugin:80 - create IPUIPlugin
2023-09-13 11:08:34,397 [INFO] PluginManager:220 - loadIPPluginJar : add opamp
2023-09-13 11:08:34,401 [INFO] IPUIPlugin:80 - create IPUIPlugin
2023-09-13 11:08:34,401 [INFO] PluginManager:220 - loadIPPluginJar : add i3c
2023-09-13 11:08:34,405 [INFO] IPUIPlugin:80 - create IPUIPlugin
2023-09-13 11:08:34,405 [INFO] PluginManager:220 - loadIPPluginJar : add touchsensing
2023-09-13 11:08:34,409 [INFO] IPUIPlugin:80 - create IPUIPlugin
2023-09-13 11:08:34,409 [INFO] PluginManager:220 - loadIPPluginJar : add i2c
2023-09-13 11:08:34,415 [INFO] IPUIPlugin:80 - create IPUIPlugin
2023-09-13 11:08:34,415 [INFO] PluginManager:220 - loadIPPluginJar : add resmgrutility
2023-09-13 11:08:34,419 [INFO] IPUIPlugin:80 - create IPUIPlugin
2023-09-13 11:08:34,419 [INFO] PluginManager:220 - loadIPPluginJar : add sai
2023-09-13 11:08:34,423 [INFO] IPUIPlugin:80 - create IPUIPlugin
2023-09-13 11:08:34,423 [INFO] PluginManager:220 - loadIPPluginJar : add usbx
2023-09-13 11:08:34,547 [INFO] CADModel:165 - CPN selected for project level
2023-09-13 11:08:34,548 [INFO] CADModel:114 - Register for checkConnection events
2023-09-13 11:08:34,549 [FATAL] Updater:308 - Updater called before beeing initialized
2023-09-13 11:08:34,549 [ERROR] CADModel:125 - Updater not yet initialized, retry later 
2023-09-13 11:08:35,630 [INFO] CADModel:165 - CPN selected for project level
2023-09-13 11:08:35,630 [INFO] CADModel:114 - Register for checkConnection events
2023-09-13 11:08:35,631 [FATAL] Updater:308 - Updater called before beeing initialized
2023-09-13 11:08:35,631 [ERROR] CADModel:125 - Updater not yet initialized, retry later 
2023-09-13 11:08:35,644 [FATAL] Updater:308 - Updater called before beeing initialized
2023-09-13 11:08:35,785 [FATAL] Updater:308 - Updater called before beeing initialized
2023-09-13 11:08:35,793 [INFO] DbMcusAds:53 - JSON generation date=Tue Mar 07 10:50:54 SAST 2023 (1678179054945)
2023-09-13 11:08:35,793 [FATAL] Updater:308 - Updater called before beeing initialized
2023-09-13 11:08:35,882 [WARN] DetailPanel:346 - Failed to get advertising image, set to default
2023-09-13 11:08:36,023 [FATAL] Updater:308 - Updater called before beeing initialized
2023-09-13 11:08:36,026 [FATAL] Updater:308 - Updater called before beeing initialized
2023-09-13 11:08:36,026 [FATAL] Updater:308 - Updater called before beeing initialized
2023-09-13 11:08:36,026 [WARN] DetailPanel:346 - Failed to get advertising image, set to default
2023-09-13 11:08:36,027 [FATAL] Updater:308 - Updater called before beeing initialized
2023-09-13 11:08:36,075 [ERROR] Updater:1120 - MainUpdater not yet initialized. External WinMGr cannot be set.
2023-09-13 11:08:36,110 [INFO] Updater:1056 - Updater Version found : 6.9.1
2023-09-13 11:08:36,142 [INFO] ApplicationProperties:184 - Using Application install path: /Applications/STM32CubeIDE.app/Contents/Eclipse/plugins/com.st.stm32cube.common.mx_6.9.1.202307191849
2023-09-13 11:08:36,388 [INFO] MainUpdater:2868 - connection check result : 10
2023-09-13 11:08:36,393 [INFO] MainUpdater:285 - Updater Check For Update Now.
2023-09-13 11:08:36,393 [INFO] MicroXplorer:498 - Change Database Version : DB.6.0.91
2023-09-13 11:08:36,399 [WARN] MainUpdater:1189 - Updater busy. Cannot search thirdparties
2023-09-13 11:08:36,399 [INFO] ThirdPartyUpdaterWithRetryManager:96 - Updater plugin is busy. [1/15]
2023-09-13 11:08:36,402 [INFO] McuFinderGlobals:63 - Set McuFinder mode to 2 (CubeIDE integrated)
2023-09-13 11:08:36,403 [INFO] UserAuth:179 - activating auth plugin
2023-09-13 11:08:36,408 [INFO] UserAuth:393 - Internet connection configuration mode: 1
2023-09-13 11:08:36,435 [INFO] JxBrowserEngine:151 - Initiate JxBrowser Engine with user profile folder
2023-09-13 11:08:36,629 [INFO] CheckServerUpdateThread:120 - End of CheckServer Thread
2023-09-13 11:08:37,902 [INFO] WebApp:157 - Instantiating new browser for Auth
2023-09-13 11:08:38,797 [INFO] WebApp:753 - Register for checkConnection events
2023-09-13 11:08:38,797 [INFO] WebApp:390 - Apply proxy settings
2023-09-13 11:08:38,800 [INFO] WebApp:455 - Chromium authenticates against System proxy
2023-09-13 11:08:39,125 [INFO] WebApp:188 - Starting web application
2023-09-13 11:08:39,125 [INFO] WebApp:520 - Web application path used /Applications/STM32CubeIDE.app/Contents/Eclipse/plugins/com.st.stm32cube.common.mx_6.9.1.202307191849/db/plugins/mcufinder/reactClient1/index.html
2023-09-13 11:08:39,629 [WARN] PackLoader:240 - Cannot read IP mode file for STMicroelectronics.X-CUBE-SMBUS.2.1.0
2023-09-13 11:08:39,714 [WARN] PackLoader:240 - Cannot read IP mode file for STMicroelectronics.X-CUBE-AZRTOS-F7.1.1.0
2023-09-13 11:08:39,736 [WARN] PackLoader:240 - Cannot read IP mode file for STMicroelectronics.FP-SNS-MOTENV1.4.3.2
2023-09-13 11:08:39,752 [WARN] PackLoader:240 - Cannot read IP mode file for STMicroelectronics.FP-SNS-FLIGHT1.5.0.2
2023-09-13 11:08:39,767 [WARN] PackLoader:240 - Cannot read IP mode file for STMicroelectronics.X-CUBE-DISPLAY.3.0.0
2023-09-13 11:08:39,792 [WARN] PackLoader:240 - Cannot read IP mode file for STMicroelectronics.X-CUBE-BLE1.7.0.0
2023-09-13 11:08:39,801 [WARN] PackLoader:240 - Cannot read IP mode file for emotas.I-CUBE-CANOPEN.1.3.0
2023-09-13 11:08:39,808 [WARN] PackLoader:240 - Cannot read IP mode file for STMicroelectronics.X-CUBE-TOUCHGFX.4.22.0
2023-09-13 11:08:39,815 [WARN] PackLoader:240 - Cannot read IP mode file for STMicroelectronics.FP-SNS-SMARTAG2.1.2.0
2023-09-13 11:08:39,840 [INFO] LogOutputStream:77 - [STDOUT_REDIRECT] 1 : Invalid condition id : UX_CORESTACK_Condition cause : null
2023-09-13 11:08:39,841 [INFO] LogOutputStream:77 - [STDOUT_REDIRECT] 1 : Invalid condition id : UX_CORESTACK_Condition cause : null
2023-09-13 11:08:39,841 [INFO] LogOutputStream:77 - [STDOUT_REDIRECT] 1 : Invalid condition id : UX_CORESTACK_Condition cause : null
2023-09-13 11:08:39,842 [INFO] LogOutputStream:77 - [STDOUT_REDIRECT] 1 : Invalid condition id : UX_CORESTACK_Condition cause : null
2023-09-13 11:08:39,842 [INFO] LogOutputStream:77 - [STDOUT_REDIRECT] 1 : Invalid condition id : UX_CORESTACK_Condition cause : null
2023-09-13 11:08:39,851 [WARN] PackLoader:240 - Cannot read IP mode file for STMicroelectronics.X-CUBE-AZRTOS-WL.2.0.0
2023-09-13 11:08:39,869 [WARN] PackLoader:240 - Cannot read IP mode file for WES.I-CUBE-Cesium.1.3.0
2023-09-13 11:08:39,878 [WARN] PackLoader:240 - Cannot read IP mode file for STMicroelectronics.X-CUBE-BLE2.3.3.0
2023-09-13 11:08:39,895 [WARN] PackLoader:240 - Cannot read IP mode file for STMicroelectronics.X-CUBE-ALGOBUILD.1.3.0
2023-09-13 11:08:39,954 [WARN] PackLoader:240 - Cannot read IP mode file for STMicroelectronics.X-CUBE-AZRTOS-G0.1.1.0
2023-09-13 11:08:39,970 [WARN] PackLoader:240 - Cannot read IP mode file for STMicroelectronics.X-CUBE-NFC4.3.0.0
2023-09-13 11:08:39,981 [WARN] PackLoader:240 - Cannot read IP mode file for STMicroelectronics.FP-ATR-SIGFOX1.3.2.0
2023-09-13 11:08:40,081 [WARN] PackLoader:240 - Cannot read IP mode file for SEGGER.I-CUBE-embOS.1.3.1
2023-09-13 11:08:40,225 [WARN] PackLoader:240 - Cannot read IP mode file for STMicroelectronics.X-CUBE-GNSS1.6.0.0
2023-09-13 11:08:40,294 [WARN] PackLoader:240 - Cannot read IP mode file for STMicroelectronics.X-CUBE-AZRTOS-F4.1.1.0
2023-09-13 11:08:40,306 [WARN] PackLoader:240 - Cannot read IP mode file for wolfSSL.I-CUBE-wolfSSL.5.6.3
2023-09-13 11:08:40,339 [WARN] PackLoader:240 - Cannot read IP mode file for STMicroelectronics.X-CUBE-AZRTOS-L5.2.0.0
2023-09-13 11:08:40,423 [WARN] PackLoader:240 - Cannot read IP mode file for STMicroelectronics.X-CUBE-MEMS1.9.6.0
2023-09-13 11:08:40,754 [WARN] PackLoader:240 - Cannot read IP mode file for STMicroelectronics.X-CUBE-BLEMGR.2.0.0
2023-09-13 11:08:40,812 [WARN] ConditionMgr:438 - getConditionDescription Invalid condition id : UX DEVICE CLASS RTOS Condition cause : null
2023-09-13 11:08:40,813 [WARN] ConditionMgr:438 - getConditionDescription Invalid condition id : UX DEVICE CLASS RTOS Condition cause : null
2023-09-13 11:08:40,822 [WARN] PackLoader:240 - Cannot read IP mode file for STMicroelectronics.X-CUBE-AZRTOS-H7.3.1.0
2023-09-13 11:08:40,825 [WARN] ConditionMgr:1039 - genDependencies : Invalid condition id : UX DEVICE CLASS RTOS Condition cause : null
2023-09-13 11:08:40,825 [WARN] ConditionMgr:1039 - genDependencies : Invalid condition id : UX DEVICE CLASS RTOS Condition cause : null
2023-09-13 11:08:40,827 [WARN] ConditionMgr:1039 - genDependencies : Invalid condition id : UX DEVICE CLASS RTOS Condition cause : null
2023-09-13 11:08:40,828 [WARN] ConditionMgr:1039 - genDependencies : Invalid condition id : UX DEVICE CLASS RTOS Condition cause : null
2023-09-13 11:08:40,828 [WARN] ConditionMgr:1039 - genDependencies : Invalid condition id : UX DEVICE CLASS RTOS Condition cause : null
2023-09-13 11:08:40,844 [WARN] PackLoader:240 - Cannot read IP mode file for STMicroelectronics.X-CUBE-NFC7.1.0.1
2023-09-13 11:08:40,859 [WARN] PackLoader:240 - Cannot read IP mode file for STMicroelectronics.X-CUBE-NFC6.3.0.0
2023-09-13 11:08:40,872 [WARN] PackLoader:240 - Cannot read IP mode file for STMicroelectronics.X-CUBE-EEPRMA1.4.1.0
2023-09-13 11:08:40,879 [WARN] PackLoader:240 - Cannot read IP mode file for STMicroelectronics.X-CUBE-AI.8.1.0
2023-09-13 11:08:40,922 [WARN] ConditionMgr:438 - getConditionDescription Invalid condition id : LAN8742 Phy interface Condition cause : null
2023-09-13 11:08:40,924 [WARN] PackLoader:240 - Cannot read IP mode file for STMicroelectronics.X-CUBE-AZRTOS-L4.2.0.0
2023-09-13 11:08:40,927 [WARN] ConditionMgr:1039 - genDependencies : Invalid condition id : LAN8742 Phy interface Condition cause : null
2023-09-13 11:08:40,927 [WARN] ConditionMgr:1039 - genDependencies : Invalid condition id : LAN8742 Phy interface Condition cause : null
2023-09-13 11:08:40,929 [WARN] ConditionMgr:1039 - genDependencies : Invalid condition id : LAN8742 Phy interface Condition cause : null
2023-09-13 11:08:40,946 [WARN] PackLoader:240 - Cannot read IP mode file for STMicroelectronics.X-CUBE-SFXS2LP1.4.0.0
2023-09-13 11:08:40,955 [WARN] PackLoader:240 - Cannot read IP mode file for STMicroelectronics.X-CUBE-ISPU.1.1.0
2023-09-13 11:08:41,081 [WARN] ConditionMgr:438 - getConditionDescription Invalid condition id : UX DEVICE CLASS RTOS Condition cause : null
2023-09-13 11:08:41,082 [WARN] ConditionMgr:438 - getConditionDescription Invalid condition id : UX DEVICE CLASS RTOS Condition cause : null
2023-09-13 11:08:41,103 [WARN] PackLoader:240 - Cannot read IP mode file for STMicroelectronics.X-CUBE-AZRTOS-WB.2.0.0
2023-09-13 11:08:41,105 [WARN] ConditionMgr:1039 - genDependencies : Invalid condition id : UX DEVICE CLASS RTOS Condition cause : null
2023-09-13 11:08:41,105 [WARN] ConditionMgr:1039 - genDependencies : Invalid condition id : UX DEVICE CLASS RTOS Condition cause : null
2023-09-13 11:08:41,107 [WARN] ConditionMgr:1039 - genDependencies : Invalid condition id : UX DEVICE CLASS RTOS Condition cause : null
2023-09-13 11:08:41,108 [WARN] ConditionMgr:1039 - genDependencies : Invalid condition id : UX DEVICE CLASS RTOS Condition cause : null
2023-09-13 11:08:41,108 [WARN] ConditionMgr:1039 - genDependencies : Invalid condition id : UX DEVICE CLASS RTOS Condition cause : null
2023-09-13 11:08:41,176 [WARN] PackLoader:240 - Cannot read IP mode file for STMicroelectronics.X-CUBE-SUBG2.5.0.0
2023-09-13 11:08:41,267 [WARN] PackLoader:240 - Cannot read IP mode file for STMicroelectronics.X-CUBE-TOF1.3.3.1
2023-09-13 11:08:41,341 [WARN] PackLoader:240 - Cannot read IP mode file for STMicroelectronics.X-CUBE-AZRTOS-G4.2.0.0
2023-09-13 11:08:41,357 [WARN] PackLoader:240 - Cannot read IP mode file for STMicroelectronics.X-CUBE-FREERTOS.1.1.0
2023-09-13 11:08:41,367 [WARN] PackLoader:240 - Cannot read IP mode file for portGmbH.I-Cube-SoM-uGOAL.1.1.0
2023-09-13 11:08:41,375 [WARN] PackLoader:240 - Cannot read IP mode file for STMicroelectronics.X-CUBE-ALS.1.0.1
2023-09-13 11:08:41,379 [WARN] PackLoader:240 - Cannot read IP mode file for STMicroelectronics.FP-ATR-ASTRA1.2.0.0
2023-09-13 11:08:41,380 [INFO] ThirdParty:978 - Integrity check success = true
2023-09-13 11:08:41,380 [INFO] IntegrityCheckThread:100 - exiting critical section [integrity check]
2023-09-13 11:08:41,380 [INFO] IntegrityCheckThread:103 - End integrity checks thread
2023-09-13 11:09:00,487 [ERROR] LogOutputStream:75 - [STDERR_REDIRECT] SLF4J: Failed to load class "org.slf4j.impl.StaticLoggerBinder".
2023-09-13 11:09:00,488 [ERROR] LogOutputStream:75 - [STDERR_REDIRECT] SLF4J: Defaulting to no-operation (NOP) logger implementation
2023-09-13 11:09:00,489 [ERROR] LogOutputStream:75 - [STDERR_REDIRECT] SLF4J: See http://www.slf4j.org/codes.html#StaticLoggerBinder for further details.
2023-09-13 11:15:56,578 [INFO] McuFinderGlobals:63 - Set McuFinder mode to 2 (CubeIDE integrated)
2023-09-13 11:15:56,588 [INFO] MainUpdater:2868 - connection check result : 10
2023-09-13 11:15:56,589 [INFO] MainUpdater:2868 - connection check result : 10
2023-09-13 11:15:58,098 [INFO] MicroXplorer:468 - Change Database Path : 
2023-09-13 11:15:58,099 [INFO] MicroXplorer:498 - Change Database Version : DB.6.0.91
2023-09-13 11:15:58,109 [WARN] ThirdParty:871 - waiting for thirdparty lock release [close project]
2023-09-13 11:15:58,110 [INFO] ThirdParty:873 - entering critical section [close project]
2023-09-13 11:15:58,112 [INFO] ThirdParty:883 - exiting critical section [close project]
2023-09-13 11:15:58,115 [INFO] PinOutPanel:1499 - setPackage(No Configuration,No Configuration)
2023-09-13 11:15:58,126 [INFO] UtilMem:75 - Begin LoadConfig() Used Memory: 562332128 Bytes (1052770304)
2023-09-13 11:15:58,129 [INFO] MicroXplorer:468 - Change Database Path : 
2023-09-13 11:15:58,129 [INFO] MicroXplorer:498 - Change Database Version : DB.6.0.91
2023-09-13 11:15:58,129 [INFO] OpenFileManager:308 - Change cursor
2023-09-13 11:15:58,173 [INFO] Mcu:1946 - Initializing MCU STM32F051R8Tx STM32F051R8Tx STM32F051R8T6
2023-09-13 11:16:00,997 [INFO] Context:659 - Trying to add GPIOservice into a context  which must be forbidden
2023-09-13 11:16:02,214 [INFO] RtosManager:555 - Registered RTOS mode: class=CMSIS, group=RTOS, mode=CMSIS_V1, owner=FREERTOS
2023-09-13 11:16:02,215 [INFO] RtosManager:555 - Registered RTOS mode: class=CMSIS, group=RTOS2, mode=CMSIS_V2, owner=FREERTOS
2023-09-13 11:16:02,216 [INFO] RtosManager:555 - Registered RTOS mode: class=RTOS, group=Core, mode=CMSIS_V1, owner=FREERTOS
2023-09-13 11:16:02,216 [INFO] RtosManager:555 - Registered RTOS mode: class=RTOS, group=Core, mode=CMSIS_V2, owner=FREERTOS
2023-09-13 11:16:02,217 [WARN] ModelIntegratedComponent:184 - Missing modes for component STMicroelectronics:FreeRTOS:0.0.1:STMicroelectronics:RTOS:FreeRTOS:Core:::10.2.0:
2023-09-13 11:16:02,243 [WARN] ModelIntegratedComponent:63 - No mode defined for component null
2023-09-13 11:16:02,244 [WARN] ModelIntegratedComponent:63 - No mode defined for component null
2023-09-13 11:16:02,244 [WARN] ModelIntegratedComponent:63 - No mode defined for component null
2023-09-13 11:16:02,244 [WARN] ModelIntegratedComponent:63 - No mode defined for component null
2023-09-13 11:16:02,244 [WARN] ModelIntegratedComponent:63 - No mode defined for component null
2023-09-13 11:16:02,244 [WARN] ModelIntegratedComponent:63 - No mode defined for component null
2023-09-13 11:16:02,245 [WARN] ModelIntegratedComponent:63 - No mode defined for component null
2023-09-13 11:16:02,245 [WARN] ModelIntegratedComponent:63 - No mode defined for component null
2023-09-13 11:16:02,245 [WARN] ModelIntegratedComponent:63 - No mode defined for component null
2023-09-13 11:16:02,245 [WARN] ModelIntegratedComponent:63 - No mode defined for component null
2023-09-13 11:16:02,245 [WARN] ModelIntegratedComponent:63 - No mode defined for component null
2023-09-13 11:16:02,245 [WARN] ModelIntegratedComponent:63 - No mode defined for component null
2023-09-13 11:16:02,245 [WARN] ModelIntegratedComponent:63 - No mode defined for component null
2023-09-13 11:16:02,246 [WARN] ModelIntegratedComponent:63 - No mode defined for component null
2023-09-13 11:16:02,246 [WARN] ModelIntegratedComponent:63 - No mode defined for component null
2023-09-13 11:16:02,246 [WARN] ModelIntegratedComponent:63 - No mode defined for component null
2023-09-13 11:16:02,246 [WARN] ModelIntegratedComponent:63 - No mode defined for component null
2023-09-13 11:16:02,246 [WARN] ModelIntegratedComponent:63 - No mode defined for component null
2023-09-13 11:16:02,246 [WARN] ModelIntegratedComponent:63 - No mode defined for component null
2023-09-13 11:16:02,246 [WARN] ModelIntegratedComponent:63 - No mode defined for component null
2023-09-13 11:16:02,246 [WARN] ModelIntegratedComponent:63 - No mode defined for component null
2023-09-13 11:16:02,247 [WARN] ModelIntegratedComponent:63 - No mode defined for component null
2023-09-13 11:16:02,247 [WARN] ModelIntegratedComponent:63 - No mode defined for component null
2023-09-13 11:16:02,247 [WARN] ModelIntegratedComponent:63 - No mode defined for component null
2023-09-13 11:16:02,247 [WARN] ModelIntegratedComponent:63 - No mode defined for component null
2023-09-13 11:16:02,247 [WARN] ModelIntegratedComponent:63 - No mode defined for component null
2023-09-13 11:16:02,247 [WARN] ModelIntegratedComponent:63 - No mode defined for component null
2023-09-13 11:16:02,247 [WARN] ModelIntegratedComponent:63 - No mode defined for component null
2023-09-13 11:16:02,247 [WARN] ModelIntegratedComponent:63 - No mode defined for component null
2023-09-13 11:16:02,247 [WARN] ModelIntegratedComponent:63 - No mode defined for component null
2023-09-13 11:16:02,248 [WARN] ModelIntegratedComponent:63 - No mode defined for component null
2023-09-13 11:16:02,248 [WARN] ModelIntegratedComponent:63 - No mode defined for component null
2023-09-13 11:16:02,248 [WARN] ModelIntegratedComponent:63 - No mode defined for component null
2023-09-13 11:16:02,289 [INFO] ThirdPartyModel:298 - Start build external matchings
2023-09-13 11:16:03,463 [INFO] ThirdPartyModel:316 - End build external matchings
2023-09-13 11:16:03,486 [INFO] ImportTextPane:194 - (OptionalMessage_ERROR) IP (RCC) : Invalid parameter (FamilyName)
2023-09-13 11:16:03,487 [INFO] ImportTextPane:194 - (OptionalMessage_ERROR) IP (RCC) : Invalid parameter (HSICECFreq_Value)
2023-09-13 11:16:03,802 [INFO] UtilMem:75 - End LoadConfig() Used Memory: 766388728 Bytes (1052770304)
2023-09-13 11:16:04,172 [INFO] ApiDb:581 - Connected to CubeFinder SQLite database (/Users/mishaynaidoo/.stmcufinder/plugins/mcufinder/mcu/cube-finder-db.db)
2023-09-13 11:16:05,115 [INFO] ApiDb:668 - CubeFinder database Data Model version=2.1
2023-09-13 11:16:05,115 [INFO] ApiDb:669 - CubeFinder database Configuration version=3.0.37
2023-09-13 11:16:05,116 [INFO] ApiDb:670 - CubeFinder database generation date=2023-08-31 (1693470701)
2023-09-13 11:16:05,116 [INFO] ApiDb:671 - CubeFinder database FW Pack versions=[FP-ATR-ASTRA1_V2.0.0, FP-SNS-FLIGHT1_V5.0.1, FP-SNS-FLIGHT1_V5.0.2, FP-SNS-MOTENV1_V4.3.1, FP-SNS-MOTENV1_V4.3.2, STM32Cube_FW_C0_V1.1.0, STM32Cube_FW_F4_V1.27.1, STM32Cube_FW_F7_V1.17.0, STM32Cube_FW_G0_V1.6.1, STM32Cube_FW_G4_V1.5.1, STM32Cube_FW_H5_V0.5.1, STM32Cube_FW_H5_V1.1.1, STM32Cube_FW_H7_V1.11.0, STM32Cube_FW_L0_V1.12.2, STM32Cube_FW_L5_V1.5.0, STM32Cube_FW_U5_V1.3.0, STM32Cube_FW_U5_V1.3.0RC4, STM32Cube_FW_WBA_V1.0.0RC1, STM32Cube_FW_WBA_V1.1.0, STM32Cube_FW_WBA_V1.1.0RC1, STM32Cube_FW_WB_V1.15.0RC1, STM32Cube_FW_WB_V1.16.0, STM32Cube_FW_WB_V1.16.0RC2, STM32Cube_FW_WB_V1.17.0, STM32Cube_FW_WB_V1.17.2, STM32Cube_FW_WL_V1.3.0, X-CUBE-ALGOBUILD_V1.3.0, X-CUBE-ALS_V1.0.1, X-CUBE-AZRTOS-F4_V1.1.0, X-CUBE-AZRTOS-F7_V1.1.0, X-CUBE-AZRTOS-G0_V1.1.0, X-CUBE-AZRTOS-G4_V2.0.0, X-CUBE-AZRTOS-H7_V3.1.0, X-CUBE-AZRTOS-L4_V1.0.0, X-CUBE-AZRTOS-L4_V2.0.0, X-CUBE-AZRTOS-L5_V1.1.0, X-CUBE-AZRTOS-WB_V2.0.0, X-CUBE-AZRTOS-WL_V2.0.0, X-CUBE-BLE1_V7.0.0, X-CUBE-BLE2_V3.3.0, X-CUBE-BLEMGR_V2.0.0, X-CUBE-EEPRMA1_V4.1.0, X-CUBE-FREERTOS_V1.1.0, X-CUBE-GNSS1_V6.0.0, X-CUBE-MEMS1_V9.1.0, X-CUBE-MEMS1_V9.4.0, X-CUBE-MEMS1_V9.6.0, X-CUBE-NFC4_V3.0.0, X-CUBE-NFC7_V1.0.0, X-CUBE-SFXS2LP1_V4.0.0, X-CUBE-SUBG2_V5.0.0, X-CUBE-TOF1_V3.3.1]
2023-09-13 11:16:09,110 [INFO] ApiDb:240 - Found 323 in-development CPN: [B-G473E-ZEST1S, B-WB1M-WPAN1, B-WL5M-SUBG1, NUCLEO-C031C6, NUCLEO-H503RB, NUCLEO-H563ZI, NUCLEO-U545RE-Q, NUCLEO-U5A5ZJ-Q, NUCLEO-WBA52CG, STEVAL-PROTEUS1, STEVAL-SMARTAG2, STEVAL-STWINBX1, STM320518-EVAL, STM32C0116-DK, STM32C011D6Y3TR, STM32C011D6Y6TR, STM32C011F4P3, STM32C011F4P6, STM32C011F4U3, STM32C011F4U6TR, STM32C011F6P3, STM32C011F6P6, STM32C011F6U3, STM32C011F6U6TR, STM32C011J4M3, STM32C011J4M6, STM32C011J6M3, STM32C011J6M6, STM32C0316-DK, STM32C031C4T3, STM32C031C4T6, STM32C031C4U3, STM32C031C4U6, STM32C031C6T3, STM32C031C6T6, STM32C031C6U3, STM32C031C6U6, STM32C031F4P3, STM32C031F4P6, STM32C031F6P3, STM32C031F6P6, STM32C031G4U3, STM32C031G4U6, STM32C031G6U3, STM32C031G6U6, STM32C031K4T3, STM32C031K4T6, STM32C031K4U3, STM32C031K4U6, STM32C031K6T3, STM32C031K6T6, STM32C031K6U3, STM32C031K6U6, STM32G071K8TXN, STM32G071K8UXN, STM32G081GBU6N, STM32G081KBT6N, STM32G081KBUXN, STM32G0B1CCT6N, STM32G0B1KCT6, STM32G0B1NEY6TR, STM32G0B1RCT6N, STM32G0C1CCT6, STM32G0C1CCT6N, STM32G0C1CCU6N, STM32G0C1CET6N, STM32G0C1CEU6N, STM32G0C1KCT6, STM32G0C1NEY6TR, STM32G0C1RCI6N, STM32G0C1RCT6N, STM32G0C1REI6N, STM32G0C1RET6N, STM32G0C1VCI6, STM32G0C1VEI6, STM32G471CCT6, STM32G471CCU6, STM32G471CET3, STM32G471CET6, STM32G471CEU3, STM32G471CEU6, STM32G471MCT6, STM32G471MET3, STM32G471MET6, STM32G471MEY6TR, STM32G471QCT6, STM32G471QET3, STM32G471RCT6, STM32G471RET3, STM32G471RET6, STM32G471VCH6, STM32G471VCI6, STM32G471VCT6, STM32G471VEH3, STM32G471VEH6, STM32G471VEI3, STM32G471VEI6, STM32G471VET3, STM32G471VET6, STM32G474CCT6, STM32H503CBT6, STM32H503CBU6, STM32H503EBY6TR, STM32H503KBU6, STM32H503RBT6, STM32H562AGI6, STM32H562AII6, STM32H562IGK6, STM32H562IGT6, STM32H562IIK6, STM32H562IIT6, STM32H562RGT6, STM32H562RGV6, STM32H562RIT6, STM32H562RIV6, STM32H562VGT6, STM32H562VIT6, STM32H562ZGT6, STM32H562ZIT6, STM32H563AGI6, STM32H563AII3Q, STM32H563AII6, STM32H563IGK6, STM32H563IGT6, STM32H563IIK3Q, STM32H563IIK6, STM32H563IIT3Q, STM32H563IIT6, STM32H563MIY3QTR, STM32H563RGT6, STM32H563RGV6, STM32H563RIT6, STM32H563RIV6, STM32H563VGT6, STM32H563VIT3Q, STM32H563VIT6, STM32H563ZGT6, STM32H563ZIT3Q, STM32H563ZIT6, STM32H573AII3Q, STM32H573AII6, STM32H573I-DK, STM32H573IIK3Q, STM32H573IIK6, STM32H573IIT3Q, STM32H573IIT6, STM32H573MIY3QTR, STM32H573RIT6, STM32H573RIV6, STM32H573VIT3Q, STM32H573VIT6, STM32H573ZIT3Q, STM32H573ZIT6, STM32L4R5QGI6STR, STM32MP131AAE3, STM32MP131AAF3, STM32MP131AAG3, STM32MP131CAE3, STM32MP131CAF3, STM32MP131CAG3, STM32MP131DAE7, STM32MP131DAF7, STM32MP131DAG7, STM32MP131FAE7, STM32MP131FAF7, STM32MP131FAG7, STM32MP133AAE3, STM32MP133AAF3, STM32MP133AAG3, STM32MP133CAE3, STM32MP133CAF3, STM32MP133CAG3, STM32MP133DAE7, STM32MP133DAF7, STM32MP133DAG7, STM32MP133FAE7, STM32MP133FAF7, STM32MP133FAG7, STM32MP135AAE3, STM32MP135AAF3, STM32MP135AAG3, STM32MP135CAE3, STM32MP135CAF3, STM32MP135CAG3, STM32MP135DAE7, STM32MP135DAF7, STM32MP135DAG7, STM32MP135F-DK, STM32MP135FAE7, STM32MP135FAF7, STM32MP135FAF7T, STM32MP135FAF7U, STM32MP135FAG7, STM32U535CBT6, STM32U535CBT6Q, STM32U535CBU6, STM32U535CBU6Q, STM32U535CCT6, STM32U535CCT6Q, STM32U535CCU6, STM32U535CCU6Q, STM32U535CET6, STM32U535CET6Q, STM32U535CEU6, STM32U535CEU6Q, STM32U535JEY6QTR, STM32U535NCY6QTR, STM32U535NEY6QTR, STM32U535RBI6, STM32U535RBI6Q, STM32U535RBT6, STM32U535RBT6Q, STM32U535RCI6, STM32U535RCI6Q, STM32U535RCT6, STM32U535RCT6Q, STM32U535REI6, STM32U535REI6Q, STM32U535RET6, STM32U535RET6Q, STM32U535VCI6, STM32U535VCI6Q, STM32U535VCT6, STM32U535VCT6Q, STM32U535VEI6, STM32U535VEI6Q, STM32U535VET6, STM32U535VET6Q, STM32U545CET6, STM32U545CET6Q, STM32U545CEU6, STM32U545CEU6Q, STM32U545JEY6QTR, STM32U545NEY6QTR, STM32U545REI6, STM32U545REI6Q, STM32U545RET6, STM32U545RET6Q, STM32U545VEI6, STM32U545VEI6Q, STM32U545VET6, STM32U545VET6Q, STM32U595AIH6, STM32U595AIH6Q, STM32U595AJH6, STM32U595AJH6Q, STM32U595QII6, STM32U595QII6Q, STM32U595QJI6, STM32U595QJI6Q, STM32U595RIT6, STM32U595RIT6Q, STM32U595RJT6, STM32U595RJT6Q, STM32U595VIT6, STM32U595VIT6Q, STM32U595VJT6, STM32U595VJT6Q, STM32U595ZIT6, STM32U595ZIT6Q, STM32U595ZIY6QTR, STM32U595ZJT6, STM32U595ZJT6Q, STM32U595ZJY6QTR, STM32U599BJY6QTR, STM32U599NIH6Q, STM32U599NJH6Q, STM32U599VIT6Q, STM32U599VJT6, STM32U599VJT6Q, STM32U599ZIT6Q, STM32U599ZIY6QTR, STM32U599ZJT6Q, STM32U599ZJY6QTR, STM32U5A5AJH6, STM32U5A5AJH6Q, STM32U5A5QJI6, STM32U5A5QJI6Q, STM32U5A5RJT6, STM32U5A5RJT6Q, STM32U5A5VJT6, STM32U5A5VJT6Q, STM32U5A5ZJT6, STM32U5A5ZJT6Q, STM32U5A5ZJY6QTR, STM32U5A9BJY6QTR, STM32U5A9J-DK, STM32U5A9NJH6Q, STM32U5A9VJT6Q, STM32U5A9ZJT6Q, STM32U5A9ZJY6QTR, STM32U5F7VIT6, STM32U5F7VIT6Q, STM32U5F7VJT6, STM32U5F7VJT6Q, STM32U5F9BJY6QTR, STM32U5F9NJH6Q, STM32U5F9VIT6Q, STM32U5F9VJT6Q, STM32U5F9ZIJ6QTR, STM32U5F9ZIT6Q, STM32U5F9ZJJ6QTR, STM32U5F9ZJT6Q, STM32U5G7VJT6, STM32U5G7VJT6Q, STM32U5G9BJY6QTR, STM32U5G9J-DK1, STM32U5G9J-DK2, STM32U5G9NJH6Q, STM32U5G9VJT6Q, STM32U5G9ZJJ6QTR, STM32U5G9ZJT6Q, STM32WB1MMCH6, STM32WBA52CEU6, STM32WBA52CEU6T, STM32WBA52CGU6, STM32WBA52CGU6T, STM32WBA52KEU6, STM32WBA52KEU6T, STM32WBA52KGU6, STM32WBA52KGU6T, STM32WL5MOCH6, STM32WL5MOCH6TR]
2023-09-13 11:16:09,118 [INFO] DbMcus:217 - Found 3848 MCUs, 3848 are supported
2023-09-13 11:16:09,119 [INFO] ApiDb:423 - Load user favorites file /Users/mishaynaidoo/.stm32cubeide/favorites.mcus.txt: 0 item(s)
2023-09-13 11:16:09,119 [INFO] ApiDb:427 - User favorites MCUs=[]
2023-09-13 11:16:09,119 [INFO] DbMcus:223 - Set 0 / 0 favorites MCUs
2023-09-13 11:16:09,887 [WARN] ThirdParty:833 - waiting for thirdparty lock release [change project]
2023-09-13 11:16:09,887 [INFO] ThirdParty:835 - entering critical section [change project]
2023-09-13 11:16:09,888 [INFO] ThirdParty:1030 - CMSIS Pack Vendor :STMicroelectronics X-CUBE-ISPU 1.1.0
2023-09-13 11:16:09,888 [INFO] ThirdParty:1030 - CMSIS Pack Vendor :STMicroelectronics USBPD 4.1
2023-09-13 11:16:09,888 [INFO] ThirdParty:1030 - CMSIS Pack Vendor :STMicroelectronics X-CUBE-GNSS1 6.0.0
2023-09-13 11:16:09,888 [INFO] ThirdParty:1030 - CMSIS Pack Vendor :STMicroelectronics USB_HOST 2.0.0
2023-09-13 11:16:09,888 [INFO] ThirdParty:1030 - CMSIS Pack Vendor :STMicroelectronics X-CUBE-AZRTOS-F4 1.1.0
2023-09-13 11:16:09,888 [INFO] ThirdParty:1030 - CMSIS Pack Vendor :STMicroelectronics LIBJPEG 8.0.0
2023-09-13 11:16:09,888 [INFO] ThirdParty:1030 - CMSIS Pack Vendor :wolfSSL I-CUBE-wolfSSL 5.6.3
2023-09-13 11:16:09,888 [INFO] ThirdParty:1030 - CMSIS Pack Vendor :STMicroelectronics X-CUBE-SMBUS 2.1.0
2023-09-13 11:16:09,888 [INFO] ThirdParty:1030 - CMSIS Pack Vendor :STMicroelectronics USB_DEVICE 3.0.0
2023-09-13 11:16:09,889 [INFO] ThirdParty:1030 - CMSIS Pack Vendor :STMicroelectronics X-CUBE-AZRTOS-WB 2.0.0
2023-09-13 11:16:09,889 [INFO] ThirdParty:1030 - CMSIS Pack Vendor :STMicroelectronics X-CUBE-AZRTOS-F7 1.1.0
2023-09-13 11:16:09,889 [INFO] ThirdParty:1030 - CMSIS Pack Vendor :STMicroelectronics X-CUBE-AZRTOS-L5 2.0.0
2023-09-13 11:16:09,889 [INFO] ThirdParty:1030 - CMSIS Pack Vendor :STMicroelectronics USB_DEVICE 2.0.0
2023-09-13 11:16:09,889 [INFO] ThirdParty:1030 - CMSIS Pack Vendor :STMicroelectronics X-CUBE-MEMS1 9.6.0
2023-09-13 11:16:09,889 [INFO] ThirdParty:1030 - CMSIS Pack Vendor :STMicroelectronics FP-SNS-MOTENV1 4.3.2
2023-09-13 11:16:09,889 [INFO] ThirdParty:1030 - CMSIS Pack Vendor :STMicroelectronics X-CUBE-ALGOBUILD 1.3.0
2023-09-13 11:16:09,889 [INFO] ThirdParty:1030 - CMSIS Pack Vendor :STMicroelectronics FreeRTOS 0.0.1
2023-09-13 11:16:09,889 [INFO] ThirdParty:1030 - CMSIS Pack Vendor :STMicroelectronics X-CUBE-AZRTOS-G0 1.1.0
2023-09-13 11:16:09,889 [INFO] ThirdParty:1030 - CMSIS Pack Vendor :STMicroelectronics X-CUBE-BLEMGR 2.0.0
2023-09-13 11:16:09,889 [INFO] ThirdParty:1030 - CMSIS Pack Vendor :STMicroelectronics X-CUBE-NFC4 3.0.0
2023-09-13 11:16:09,889 [INFO] ThirdParty:1030 - CMSIS Pack Vendor :STMicroelectronics X-CUBE-SUBG2 5.0.0
2023-09-13 11:16:09,889 [INFO] ThirdParty:1030 - CMSIS Pack Vendor :STMicroelectronics STM32_WPAN 1.0.0
2023-09-13 11:16:09,889 [INFO] ThirdParty:1030 - CMSIS Pack Vendor :STMicroelectronics lwIP 2.0.3
2023-09-13 11:16:09,890 [INFO] ThirdParty:1030 - CMSIS Pack Vendor :STMicroelectronics FP-SNS-FLIGHT1 5.0.2
2023-09-13 11:16:09,890 [INFO] ThirdParty:1030 - CMSIS Pack Vendor :STMicroelectronics USB_HOST 1.0.0
2023-09-13 11:16:09,890 [INFO] ThirdParty:1030 - CMSIS Pack Vendor :STMicroelectronics X-CUBE-TOF1 3.3.1
2023-09-13 11:16:09,890 [INFO] ThirdParty:1030 - CMSIS Pack Vendor :STMicroelectronics X-CUBE-AZRTOS-G4 2.0.0
2023-09-13 11:16:09,890 [INFO] ThirdParty:1030 - CMSIS Pack Vendor :STMicroelectronics PDM2PCM 3.1.0
2023-09-13 11:16:09,890 [INFO] ThirdParty:1030 - CMSIS Pack Vendor :STMicroelectronics X-CUBE-AZRTOS-H7 3.1.0
2023-09-13 11:16:09,890 [INFO] ThirdParty:1030 - CMSIS Pack Vendor :STMicroelectronics PDM2PCM 3.3.0
2023-09-13 11:16:09,890 [INFO] ThirdParty:1030 - CMSIS Pack Vendor :STMicroelectronics X-CUBE-DISPLAY 3.0.0
2023-09-13 11:16:09,890 [INFO] ThirdParty:1030 - CMSIS Pack Vendor :STMicroelectronics X-CUBE-BLE1 7.0.0
2023-09-13 11:16:09,890 [INFO] ThirdParty:1030 - CMSIS Pack Vendor :STMicroelectronics FP-ATR-SIGFOX1 3.2.0
2023-09-13 11:16:09,890 [INFO] ThirdParty:1030 - CMSIS Pack Vendor :STMicroelectronics HAL Drivers 0.0.0
2023-09-13 11:16:09,890 [INFO] ThirdParty:1030 - CMSIS Pack Vendor :STMicroelectronics MBEDTLS 2.16.2
2023-09-13 11:16:09,890 [INFO] ThirdParty:1030 - CMSIS Pack Vendor :emotas I-CUBE-CANOPEN 1.3.0
2023-09-13 11:16:09,891 [INFO] ThirdParty:1030 - CMSIS Pack Vendor :STMicroelectronics X-CUBE-FREERTOS 1.1.0
2023-09-13 11:16:09,891 [INFO] ThirdParty:1030 - CMSIS Pack Vendor :STMicroelectronics X-CUBE-TOUCHGFX 4.22.0
2023-09-13 11:16:09,891 [INFO] ThirdParty:1030 - CMSIS Pack Vendor :STMicroelectronics X-CUBE-NFC7 1.0.1
2023-09-13 11:16:09,891 [INFO] ThirdParty:1030 - CMSIS Pack Vendor :STMicroelectronics MBEDTLS 2.14.1
2023-09-13 11:16:09,891 [INFO] ThirdParty:1030 - CMSIS Pack Vendor :STMicroelectronics X-CUBE-NFC6 3.0.0
2023-09-13 11:16:09,891 [INFO] ThirdParty:1030 - CMSIS Pack Vendor :STMicroelectronics X-CUBE-EEPRMA1 4.1.0
2023-09-13 11:16:09,891 [INFO] ThirdParty:1030 - CMSIS Pack Vendor :portGmbH I-Cube-SoM-uGOAL 1.1.0
2023-09-13 11:16:09,891 [INFO] ThirdParty:1030 - CMSIS Pack Vendor :STMicroelectronics X-CUBE-ALS 1.0.1
2023-09-13 11:16:09,891 [INFO] ThirdParty:1030 - CMSIS Pack Vendor :STMicroelectronics ThreadX 1.0.0
2023-09-13 11:16:09,891 [INFO] ThirdParty:1030 - CMSIS Pack Vendor :STMicroelectronics FP-SNS-SMARTAG2 1.2.0
2023-09-13 11:16:09,891 [INFO] ThirdParty:1030 - CMSIS Pack Vendor :STMicroelectronics X-CUBE-AZRTOS-WL 2.0.0
2023-09-13 11:16:09,891 [INFO] ThirdParty:1030 - CMSIS Pack Vendor :SEGGER I-CUBE-embOS 1.3.1
2023-09-13 11:16:09,891 [INFO] ThirdParty:1030 - CMSIS Pack Vendor :STMicroelectronics USB_DEVICE 1.0.0
2023-09-13 11:16:09,892 [INFO] ThirdParty:1030 - CMSIS Pack Vendor :STMicroelectronics X-CUBE-AI 8.1.0
2023-09-13 11:16:09,892 [INFO] ThirdParty:1030 - CMSIS Pack Vendor :STMicroelectronics X-CUBE-AZRTOS-L4 2.0.0
2023-09-13 11:16:09,892 [INFO] ThirdParty:1030 - CMSIS Pack Vendor :STMicroelectronics ThreadX 0.0.2
2023-09-13 11:16:09,892 [INFO] ThirdParty:1030 - CMSIS Pack Vendor :WES I-CUBE-Cesium 1.3.0
2023-09-13 11:16:09,892 [INFO] ThirdParty:1030 - CMSIS Pack Vendor :STMicroelectronics FP-ATR-ASTRA1 2.0.0
2023-09-13 11:16:09,893 [INFO] ThirdParty:1030 - CMSIS Pack Vendor :STMicroelectronics lwIP 2.1.2
2023-09-13 11:16:09,893 [INFO] ThirdParty:1030 - CMSIS Pack Vendor :STMicroelectronics X-CUBE-SFXS2LP1 4.0.0
2023-09-13 11:16:09,893 [INFO] ThirdParty:1030 - CMSIS Pack Vendor :STMicroelectronics X-CUBE-BLE2 3.3.0
2023-09-13 11:16:09,893 [INFO] ThirdParty:1030 - CMSIS Pack Vendor :STMicroelectronics PDM2PCM 3.2.0
2023-09-13 11:16:09,893 [INFO] ThirdParty:841 - exiting critical section [change project]
2023-09-13 11:16:10,663 [INFO] PinOutPanel:1499 - setPackage(No Configuration,No Configuration)
2023-09-13 11:16:10,665 [INFO] PinOutPanel:1499 - setPackage(STM32F051R8Tx,LQFP64)
2023-09-13 11:16:12,445 [INFO] UtilMem:75 - Before build in PCC Used Memory: 683759160 Bytes (1052770304)
2023-09-13 11:16:13,927 [INFO] UtilMem:75 - After build in PCC Used Memory: 797383552 Bytes (1073741824)
2023-09-13 11:16:13,996 [INFO] IPUIPlugin:80 - create IPUIPlugin
2023-09-13 11:16:13,997 [INFO] IPUIPlugin:80 - create IPUIPlugin
2023-09-13 11:16:13,997 [INFO] IPUIPlugin:80 - create IPUIPlugin
2023-09-13 11:16:13,998 [INFO] IPUIPlugin:80 - create IPUIPlugin
2023-09-13 11:16:13,998 [INFO] IPUIPlugin:80 - create IPUIPlugin
2023-09-13 11:16:13,999 [INFO] IPUIPlugin:80 - create IPUIPlugin
2023-09-13 11:16:13,999 [INFO] IPUIPlugin:80 - create IPUIPlugin
2023-09-13 11:16:13,999 [INFO] IPUIPlugin:80 - create IPUIPlugin
2023-09-13 11:16:13,999 [INFO] IPUIPlugin:80 - create IPUIPlugin
2023-09-13 11:16:14,000 [INFO] IPUIPlugin:80 - create IPUIPlugin
2023-09-13 11:16:14,000 [INFO] IPUIPlugin:80 - create IPUIPlugin
2023-09-13 11:16:14,001 [INFO] IPUIPlugin:80 - create IPUIPlugin
2023-09-13 11:16:14,001 [INFO] IPUIPlugin:80 - create IPUIPlugin
2023-09-13 11:16:14,001 [INFO] IPUIPlugin:80 - create IPUIPlugin
2023-09-13 11:16:14,002 [INFO] IPUIPlugin:80 - create IPUIPlugin
2023-09-13 11:16:14,002 [INFO] IPUIPlugin:80 - create IPUIPlugin
2023-09-13 11:16:14,002 [INFO] IPUIPlugin:80 - create IPUIPlugin
2023-09-13 11:16:14,003 [INFO] IPUIPlugin:80 - create IPUIPlugin
2023-09-13 11:16:14,003 [INFO] IPUIPlugin:80 - create IPUIPlugin
2023-09-13 11:16:14,003 [INFO] IPUIPlugin:80 - create IPUIPlugin
2023-09-13 11:16:14,004 [INFO] IPUIPlugin:80 - create IPUIPlugin
2023-09-13 11:16:14,004 [INFO] IPUIPlugin:80 - create IPUIPlugin
2023-09-13 11:16:14,004 [INFO] IPUIPlugin:80 - create IPUIPlugin
2023-09-13 11:16:14,004 [INFO] IPUIPlugin:80 - create IPUIPlugin
2023-09-13 11:16:14,004 [INFO] IPUIPlugin:80 - create IPUIPlugin
2023-09-13 11:16:14,005 [INFO] IPUIPlugin:80 - create IPUIPlugin
2023-09-13 11:16:14,005 [INFO] IPUIPlugin:80 - create IPUIPlugin
2023-09-13 11:16:14,005 [INFO] IPUIPlugin:80 - create IPUIPlugin
2023-09-13 11:16:14,005 [INFO] IPUIPlugin:80 - create IPUIPlugin
2023-09-13 11:16:14,006 [INFO] IPUIPlugin:80 - create IPUIPlugin
2023-09-13 11:16:14,006 [INFO] IPUIPlugin:80 - create IPUIPlugin
2023-09-13 11:16:14,009 [INFO] IPUIPlugin:80 - create IPUIPlugin
2023-09-13 11:16:14,010 [INFO] IPUIPlugin:80 - create IPUIPlugin
2023-09-13 11:16:14,011 [INFO] IPUIPlugin:80 - create IPUIPlugin
2023-09-13 11:16:14,401 [INFO] CADModel:165 - CPN selected for project levelSTM32F051R8T6
2023-09-13 11:16:14,402 [INFO] CADModel:114 - Register for checkConnection events
2023-09-13 11:16:14,453 [INFO] OpenFileManager:328 - Restore cursor
2023-09-13 11:51:52,953 [ERROR] LogOutputStream:75 - [STDERR_REDIRECT] 
