2023-09-18 13:54:13,148 [INFO] Activator:176 - 


2023-09-18 13:54:13,155 [INFO] Activator:177 - !SESSION log4j initialized
2023-09-18 13:54:18,057 [ERROR] LogOutputStream:75 - [STDERR_REDIRECT] 
2023-09-18 13:54:19,059 [INFO] LogOutputStream:77 - [STDOUT_REDIRECT] 
2023-09-18 13:54:21,424 [INFO] LogOutputStream:77 - [STDOUT_REDIRECT] 
2023-09-18 13:54:23,146 [INFO] ApplicationProperties:184 - Using Application install path: /Applications/STM32CubeIDE.app/Contents/Eclipse/plugins/com.st.stm32cube.common.mx_6.9.1.202307191849
2023-09-18 13:54:23,171 [INFO] DbMcusXml:78 - Set database path to: /Applications/STM32CubeIDE.app/Contents/Eclipse/plugins/com.st.stm32cube.common.mx_6.9.1.202307191849//db//mcu/
2023-09-18 13:54:23,172 [INFO] ApiDb:274 - Set plugin database path to: /Applications/STM32CubeIDE.app/Contents/Eclipse/plugins/com.st.stm32cube.common.mx_6.9.1.202307191849//db//plugins/boardmanager/
2023-09-18 13:54:23,172 [WARN] ApiDb:259 - Overriding images path with different value:  => /Applications/STM32CubeIDE.app/Contents/Eclipse/plugins/com.st.stm32cube.common.mx_6.9.1.202307191849//db//plugins/mcufinder/images/
2023-09-18 13:54:23,184 [INFO] ApiDb:250 - Set database path to: /Users/mishaynaidoo/.stmcufinder/plugins/mcufinder//mcu/
2023-09-18 13:54:23,186 [INFO] DbMcusAds:125 - Set database path to: /Users/mishaynaidoo/.stmcufinder/plugins/mcufinder//mcu/
2023-09-18 13:54:23,189 [INFO] CrossReferenceDbSqlite:203 - Set database path to: /Users/mishaynaidoo/.stmcufinder/plugins/mcufinder//mcu/cs/
2023-09-18 13:54:23,379 [INFO] RulesReader:64 - Compatibility file has been processed (293 Rules)
2023-09-18 13:54:23,459 [INFO] DbMcusXml:78 - Set database path to: /Applications/STM32CubeIDE.app/Contents/Eclipse/plugins/com.st.stm32cube.common.mx_6.9.1.202307191849//db//mcu/
2023-09-18 13:54:23,459 [INFO] ApiDb:274 - Set plugin database path to: /Applications/STM32CubeIDE.app/Contents/Eclipse/plugins/com.st.stm32cube.common.mx_6.9.1.202307191849//db//plugins/boardmanager/
2023-09-18 13:54:23,459 [INFO] ApiDb:261 - Set plugin images path to: /Applications/STM32CubeIDE.app/Contents/Eclipse/plugins/com.st.stm32cube.common.mx_6.9.1.202307191849//db//plugins/mcufinder/images/
2023-09-18 13:54:23,460 [WARN] DbFile:41 - Overriding database path with different value: /Users/mishaynaidoo/.stmcufinder/plugins/mcufinder/ => /Users/mishaynaidoo/.stmcufinder/plugins/mcufinder
2023-09-18 13:54:23,460 [INFO] ApiDb:250 - Set database path to: /Users/mishaynaidoo/.stmcufinder/plugins/mcufinder//mcu/
2023-09-18 13:54:23,460 [WARN] DbFile:41 - Overriding database path with different value: /Users/mishaynaidoo/.stmcufinder/plugins/mcufinder/ => /Users/mishaynaidoo/.stmcufinder/plugins/mcufinder
2023-09-18 13:54:23,460 [INFO] DbMcusAds:125 - Set database path to: /Users/mishaynaidoo/.stmcufinder/plugins/mcufinder//mcu/
2023-09-18 13:54:23,460 [WARN] DbFile:41 - Overriding database path with different value: /Users/mishaynaidoo/.stmcufinder/plugins/mcufinder/ => /Users/mishaynaidoo/.stmcufinder/plugins/mcufinder
2023-09-18 13:54:23,460 [WARN] DbFile:41 - Overriding database path with different value: /Users/mishaynaidoo/.stmcufinder/plugins/mcufinder/ => /Users/mishaynaidoo/.stmcufinder/plugins/mcufinder
2023-09-18 13:54:23,460 [INFO] CrossReferenceDbSqlite:203 - Set database path to: /Users/mishaynaidoo/.stmcufinder/plugins/mcufinder//mcu/cs/
2023-09-18 13:54:23,568 [INFO] MainPanel:262 - HeapMemory: 268435456
2023-09-18 13:54:23,734 [INFO] DbMcusXml:78 - Set database path to: /Applications/STM32CubeIDE.app/Contents/Eclipse/plugins/com.st.stm32cube.common.mx_6.9.1.202307191849//db//mcu/
2023-09-18 13:54:23,734 [INFO] ApiDb:274 - Set plugin database path to: /Applications/STM32CubeIDE.app/Contents/Eclipse/plugins/com.st.stm32cube.common.mx_6.9.1.202307191849//db//plugins/boardmanager/
2023-09-18 13:54:23,734 [INFO] ApiDb:261 - Set plugin images path to: /Applications/STM32CubeIDE.app/Contents/Eclipse/plugins/com.st.stm32cube.common.mx_6.9.1.202307191849//db//plugins/mcufinder/images/
2023-09-18 13:54:23,735 [WARN] DbFile:41 - Overriding database path with different value: /Users/mishaynaidoo/.stmcufinder/plugins/mcufinder/ => /Users/mishaynaidoo/.stmcufinder/plugins/mcufinder
2023-09-18 13:54:23,735 [INFO] ApiDb:250 - Set database path to: /Users/mishaynaidoo/.stmcufinder/plugins/mcufinder//mcu/
2023-09-18 13:54:23,735 [WARN] DbFile:41 - Overriding database path with different value: /Users/mishaynaidoo/.stmcufinder/plugins/mcufinder/ => /Users/mishaynaidoo/.stmcufinder/plugins/mcufinder
2023-09-18 13:54:23,735 [INFO] DbMcusAds:125 - Set database path to: /Users/mishaynaidoo/.stmcufinder/plugins/mcufinder//mcu/
2023-09-18 13:54:23,735 [WARN] DbFile:41 - Overriding database path with different value: /Users/mishaynaidoo/.stmcufinder/plugins/mcufinder/ => /Users/mishaynaidoo/.stmcufinder/plugins/mcufinder
2023-09-18 13:54:23,735 [WARN] DbFile:41 - Overriding database path with different value: /Users/mishaynaidoo/.stmcufinder/plugins/mcufinder/ => /Users/mishaynaidoo/.stmcufinder/plugins/mcufinder
2023-09-18 13:54:23,735 [INFO] CrossReferenceDbSqlite:203 - Set database path to: /Users/mishaynaidoo/.stmcufinder/plugins/mcufinder//mcu/cs/
2023-09-18 13:54:23,754 [INFO] ApplicationProperties:184 - Using Application install path: /Applications/STM32CubeIDE.app/Contents/Eclipse/plugins/com.st.stm32cube.common.mx_6.9.1.202307191849
2023-09-18 13:54:23,755 [INFO] PluginManage:196 - Search for loadable plugins [exclusion list=, ]
2023-09-18 13:54:23,756 [INFO] PluginManage:310 - Check plugin analytics
2023-09-18 13:54:23,940 [INFO] AnalyticsPlugin:253 - Accepted Software Licenses: 
2023-09-18 13:54:23,940 [INFO] AnalyticsPlugin:255 - Accepted CMSIS Pack Licenses: 
2023-09-18 13:54:23,940 [INFO] AnalyticsPlugin:257 - Accepted Firmware Licenses: 
2023-09-18 13:54:23,943 [INFO] PluginManage:359 - Loaded plugin analytics (category:tool,tabindex:-1)
2023-09-18 13:54:23,944 [INFO] PluginManage:310 - Check plugin cadmodel
2023-09-18 13:54:24,865 [INFO] CADModel:105 - Init CAD model plugin
2023-09-18 13:54:24,865 [INFO] PluginManage:359 - Loaded plugin cadmodel (category:power,tabindex:5)
2023-09-18 13:54:24,865 [INFO] PluginManage:310 - Check plugin clock
2023-09-18 13:54:24,882 [INFO] PluginManage:359 - Loaded plugin clock (category:base,tabindex:2)
2023-09-18 13:54:24,883 [INFO] PluginManage:310 - Check plugin ddr
2023-09-18 13:54:24,886 [INFO] PluginManage:359 - Loaded plugin ddr (category:tool,tabindex:6)
2023-09-18 13:54:24,886 [INFO] PluginManage:310 - Check plugin filemanager
2023-09-18 13:54:25,124 [INFO] PluginManage:359 - Loaded plugin filemanager (category:base,tabindex:10)
2023-09-18 13:54:25,124 [INFO] PluginManage:310 - Check plugin ipmanager
2023-09-18 13:54:25,132 [INFO] PluginManage:359 - Loaded plugin ipmanager (category:base,tabindex:5)
2023-09-18 13:54:25,132 [INFO] PluginManage:310 - Check plugin lpbam
2023-09-18 13:54:25,145 [INFO] PluginManage:359 - Loaded plugin lpbam (category:base,tabindex:0)
2023-09-18 13:54:25,146 [INFO] PluginManage:310 - Check plugin memorymap
2023-09-18 13:54:25,162 [INFO] PluginManage:359 - Loaded plugin memorymap (category:base,tabindex:4)
2023-09-18 13:54:25,163 [INFO] PluginManage:310 - Check plugin pinoutandconfiguration
2023-09-18 13:54:25,171 [INFO] PluginManage:359 - Loaded plugin pinoutandconfiguration (category:base,tabindex:1)
2023-09-18 13:54:25,171 [INFO] PluginManage:310 - Check plugin pinoutconfig
2023-09-18 13:54:25,291 [WARN] SupportedApi:132 - Cannot load RTOS API schema: s4s-elt-must-match.1: The content of 'definitions' must match (annotation?, (simpleType | complexType)?, (unique | key | keyref)*)). A problem was found starting at: attribute.
2023-09-18 13:54:25,458 [INFO] PluginManage:359 - Loaded plugin pinoutconfig (category:base,tabindex:0)
2023-09-18 13:54:25,458 [INFO] PluginManage:310 - Check plugin power
2023-09-18 13:54:25,475 [INFO] PluginManage:359 - Loaded plugin power (category:power,tabindex:4)
2023-09-18 13:54:25,475 [INFO] PluginManage:310 - Check plugin projectmanager
2023-09-18 13:54:25,491 [INFO] PluginManage:359 - Loaded plugin projectmanager (category:projectmanager,tabindex:3)
2023-09-18 13:54:25,491 [INFO] PluginManage:310 - Check plugin thirdparty
2023-09-18 13:54:25,652 [INFO] PluginManage:359 - Loaded plugin thirdparty (category:base,tabindex:-1)
2023-09-18 13:54:25,651 [WARN] IntegrityCheckThread:84 - waiting for thirdparty lock release [integrity check]
2023-09-18 13:54:25,652 [INFO] PluginManage:310 - Check plugin tools
2023-09-18 13:54:25,652 [INFO] IntegrityCheckThread:86 - entering critical section [integrity check]
2023-09-18 13:54:25,652 [INFO] ThirdPartyUpdaterWithRetryManager:70 - Updater plugin not ready yet. [1/15]
2023-09-18 13:54:25,654 [INFO] PluginManage:359 - Loaded plugin tools (category:base,tabindex:7)
2023-09-18 13:54:25,654 [INFO] PluginManage:310 - Check plugin tutovideos
2023-09-18 13:54:25,936 [INFO] PluginManage:359 - Loaded plugin tutovideos (category:base,tabindex:-1)
2023-09-18 13:54:25,936 [INFO] PluginManage:310 - Check plugin updater
2023-09-18 13:54:25,949 [INFO] PluginManage:359 - Loaded plugin updater (category:base,tabindex:12)
2023-09-18 13:54:25,949 [INFO] PluginManage:310 - Check plugin userauth
2023-09-18 13:54:25,956 [INFO] UserAuth:113 - Init User Auth plugin
2023-09-18 13:54:25,956 [INFO] PluginManage:359 - Loaded plugin userauth (category:base,tabindex:14)
2023-09-18 13:54:25,957 [INFO] PluginManage:283 - PluginManage : Loaded plugins [17]
2023-09-18 13:54:26,242 [INFO] PinOutPanel:1499 - setPackage(No Configuration,No Configuration)
2023-09-18 13:54:26,345 [INFO] CADModel:165 - CPN selected for project level
2023-09-18 13:54:26,345 [INFO] CADModel:114 - Register for checkConnection events
2023-09-18 13:54:26,358 [INFO] IPUIPlugin:80 - create IPUIPlugin
2023-09-18 13:54:26,359 [INFO] PluginManager:220 - loadIPPluginJar : add mdma
2023-09-18 13:54:26,370 [INFO] IPUIPlugin:80 - create IPUIPlugin
2023-09-18 13:54:26,370 [INFO] PluginManager:220 - loadIPPluginJar : add freertos
2023-09-18 13:54:26,375 [INFO] IPUIPlugin:80 - create IPUIPlugin
2023-09-18 13:54:26,376 [INFO] PluginManager:220 - loadIPPluginJar : add gic
2023-09-18 13:54:26,385 [INFO] IPUIPlugin:80 - create IPUIPlugin
2023-09-18 13:54:26,386 [INFO] PluginManager:220 - loadIPPluginJar : add adc
2023-09-18 13:54:26,389 [INFO] IPUIPlugin:80 - create IPUIPlugin
2023-09-18 13:54:26,389 [INFO] PluginManager:220 - loadIPPluginJar : add gtzc
2023-09-18 13:54:26,390 [INFO] IPUIPlugin:80 - create IPUIPlugin
2023-09-18 13:54:26,390 [INFO] PluginManager:220 - loadIPPluginJar : add quadspi
2023-09-18 13:54:26,393 [INFO] IPUIPlugin:80 - create IPUIPlugin
2023-09-18 13:54:26,393 [INFO] PluginManager:220 - loadIPPluginJar : add aes
2023-09-18 13:54:26,398 [INFO] IPUIPlugin:80 - create IPUIPlugin
2023-09-18 13:54:26,398 [INFO] PluginManager:220 - loadIPPluginJar : add pdm2pcm
2023-09-18 13:54:26,400 [INFO] IPUIPlugin:80 - create IPUIPlugin
2023-09-18 13:54:26,400 [INFO] PluginManager:220 - loadIPPluginJar : add hash
2023-09-18 13:54:26,402 [INFO] IPUIPlugin:80 - create IPUIPlugin
2023-09-18 13:54:26,402 [INFO] PluginManager:220 - loadIPPluginJar : add tim
2023-09-18 13:54:26,403 [INFO] IPUIPlugin:80 - create IPUIPlugin
2023-09-18 13:54:26,404 [INFO] PluginManager:220 - loadIPPluginJar : add tsc
2023-09-18 13:54:26,405 [INFO] IPUIPlugin:80 - create IPUIPlugin
2023-09-18 13:54:26,405 [INFO] PluginManager:220 - loadIPPluginJar : add ts
2023-09-18 13:54:26,408 [INFO] IPUIPlugin:80 - create IPUIPlugin
2023-09-18 13:54:26,408 [INFO] PluginManager:220 - loadIPPluginJar : add can
2023-09-18 13:54:26,410 [INFO] IPUIPlugin:80 - create IPUIPlugin
2023-09-18 13:54:26,410 [INFO] PluginManager:220 - loadIPPluginJar : add dma3
2023-09-18 13:54:26,412 [INFO] IPUIPlugin:80 - create IPUIPlugin
2023-09-18 13:54:26,412 [INFO] PluginManager:220 - loadIPPluginJar : add dfsdm
2023-09-18 13:54:26,415 [INFO] IPUIPlugin:80 - create IPUIPlugin
2023-09-18 13:54:26,415 [INFO] PluginManager:220 - loadIPPluginJar : add spi
2023-09-18 13:54:26,417 [INFO] IPUIPlugin:80 - create IPUIPlugin
2023-09-18 13:54:26,417 [INFO] PluginManager:220 - loadIPPluginJar : add gfxmmu
2023-09-18 13:54:26,419 [INFO] IPUIPlugin:80 - create IPUIPlugin
2023-09-18 13:54:26,419 [INFO] PluginManager:220 - loadIPPluginJar : add genericplugin
2023-09-18 13:54:26,421 [INFO] IPUIPlugin:80 - create IPUIPlugin
2023-09-18 13:54:26,421 [INFO] PluginManager:220 - loadIPPluginJar : add cryp
2023-09-18 13:54:26,425 [INFO] IPUIPlugin:80 - create IPUIPlugin
2023-09-18 13:54:26,425 [INFO] PluginManager:220 - loadIPPluginJar : add gpio
2023-09-18 13:54:26,427 [INFO] IPUIPlugin:80 - create IPUIPlugin
2023-09-18 13:54:26,427 [INFO] PluginManager:220 - loadIPPluginJar : add comp
2023-09-18 13:54:26,429 [INFO] IPUIPlugin:80 - create IPUIPlugin
2023-09-18 13:54:26,429 [INFO] PluginManager:220 - loadIPPluginJar : add tracer_emb
2023-09-18 13:54:26,432 [INFO] IPUIPlugin:80 - create IPUIPlugin
2023-09-18 13:54:26,433 [INFO] PluginManager:220 - loadIPPluginJar : add openamp
2023-09-18 13:54:26,437 [INFO] IPUIPlugin:80 - create IPUIPlugin
2023-09-18 13:54:26,437 [INFO] PluginManager:220 - loadIPPluginJar : add stm32_wpan
2023-09-18 13:54:26,444 [INFO] IPUIPlugin:80 - create IPUIPlugin
2023-09-18 13:54:26,447 [INFO] PluginManager:220 - loadIPPluginJar : add plateformsettings
2023-09-18 13:54:26,450 [INFO] IPUIPlugin:80 - create IPUIPlugin
2023-09-18 13:54:26,450 [INFO] PluginManager:220 - loadIPPluginJar : add ipddr
2023-09-18 13:54:26,452 [INFO] IPUIPlugin:80 - create IPUIPlugin
2023-09-18 13:54:26,453 [INFO] PluginManager:220 - loadIPPluginJar : add usart
2023-09-18 13:54:26,454 [INFO] IPUIPlugin:80 - create IPUIPlugin
2023-09-18 13:54:26,454 [INFO] PluginManager:220 - loadIPPluginJar : add ltdc
2023-09-18 13:54:26,458 [INFO] IPUIPlugin:80 - create IPUIPlugin
2023-09-18 13:54:26,459 [INFO] PluginManager:220 - loadIPPluginJar : add nvic
2023-09-18 13:54:26,460 [INFO] IPUIPlugin:80 - create IPUIPlugin
2023-09-18 13:54:26,460 [INFO] PluginManager:220 - loadIPPluginJar : add fatfs
2023-09-18 13:54:26,468 [INFO] IPUIPlugin:80 - create IPUIPlugin
2023-09-18 13:54:26,468 [INFO] PluginManager:220 - loadIPPluginJar : add linkedlist
2023-09-18 13:54:26,474 [INFO] IPUIPlugin:80 - create IPUIPlugin
2023-09-18 13:54:26,474 [INFO] PluginManager:220 - loadIPPluginJar : add dma
2023-09-18 13:54:26,478 [INFO] IPUIPlugin:80 - create IPUIPlugin
2023-09-18 13:54:26,478 [INFO] PluginManager:220 - loadIPPluginJar : add fmc
2023-09-18 13:54:26,480 [INFO] IPUIPlugin:80 - create IPUIPlugin
2023-09-18 13:54:26,480 [INFO] PluginManager:220 - loadIPPluginJar : add i2s
2023-09-18 13:54:26,482 [INFO] IPUIPlugin:80 - create IPUIPlugin
2023-09-18 13:54:26,482 [INFO] PluginManager:220 - loadIPPluginJar : add ucpd
2023-09-18 13:54:26,484 [INFO] IPUIPlugin:80 - create IPUIPlugin
2023-09-18 13:54:26,484 [INFO] PluginManager:220 - loadIPPluginJar : add lorawan
2023-09-18 13:54:26,487 [INFO] IPUIPlugin:80 - create IPUIPlugin
2023-09-18 13:54:26,487 [INFO] PluginManager:220 - loadIPPluginJar : add opamp
2023-09-18 13:54:26,490 [INFO] IPUIPlugin:80 - create IPUIPlugin
2023-09-18 13:54:26,490 [INFO] PluginManager:220 - loadIPPluginJar : add i3c
2023-09-18 13:54:26,493 [INFO] IPUIPlugin:80 - create IPUIPlugin
2023-09-18 13:54:26,494 [INFO] PluginManager:220 - loadIPPluginJar : add touchsensing
2023-09-18 13:54:26,496 [INFO] IPUIPlugin:80 - create IPUIPlugin
2023-09-18 13:54:26,496 [INFO] PluginManager:220 - loadIPPluginJar : add i2c
2023-09-18 13:54:26,500 [INFO] IPUIPlugin:80 - create IPUIPlugin
2023-09-18 13:54:26,500 [INFO] PluginManager:220 - loadIPPluginJar : add resmgrutility
2023-09-18 13:54:26,503 [INFO] IPUIPlugin:80 - create IPUIPlugin
2023-09-18 13:54:26,503 [INFO] PluginManager:220 - loadIPPluginJar : add sai
2023-09-18 13:54:26,506 [INFO] IPUIPlugin:80 - create IPUIPlugin
2023-09-18 13:54:26,506 [INFO] PluginManager:220 - loadIPPluginJar : add usbx
2023-09-18 13:54:26,607 [INFO] CADModel:165 - CPN selected for project level
2023-09-18 13:54:26,607 [INFO] CADModel:114 - Register for checkConnection events
2023-09-18 13:54:26,607 [FATAL] Updater:308 - Updater called before beeing initialized
2023-09-18 13:54:26,607 [ERROR] CADModel:125 - Updater not yet initialized, retry later 
2023-09-18 13:54:26,818 [INFO] CADModel:165 - CPN selected for project level
2023-09-18 13:54:26,819 [INFO] CADModel:114 - Register for checkConnection events
2023-09-18 13:54:26,819 [FATAL] Updater:308 - Updater called before beeing initialized
2023-09-18 13:54:26,819 [ERROR] CADModel:125 - Updater not yet initialized, retry later 
2023-09-18 13:54:26,822 [FATAL] Updater:308 - Updater called before beeing initialized
2023-09-18 13:54:26,903 [FATAL] Updater:308 - Updater called before beeing initialized
2023-09-18 13:54:26,908 [INFO] DbMcusAds:53 - JSON generation date=Tue Mar 07 10:50:54 SAST 2023 (1678179054945)
2023-09-18 13:54:26,908 [FATAL] Updater:308 - Updater called before beeing initialized
2023-09-18 13:54:27,071 [WARN] DetailPanel:346 - Failed to get advertising image, set to default
2023-09-18 13:54:27,176 [FATAL] Updater:308 - Updater called before beeing initialized
2023-09-18 13:54:27,178 [FATAL] Updater:308 - Updater called before beeing initialized
2023-09-18 13:54:27,178 [FATAL] Updater:308 - Updater called before beeing initialized
2023-09-18 13:54:27,179 [WARN] DetailPanel:346 - Failed to get advertising image, set to default
2023-09-18 13:54:27,180 [FATAL] Updater:308 - Updater called before beeing initialized
2023-09-18 13:54:27,211 [ERROR] Updater:1120 - MainUpdater not yet initialized. External WinMGr cannot be set.
2023-09-18 13:54:27,240 [INFO] Updater:1056 - Updater Version found : 6.9.1
2023-09-18 13:54:27,267 [INFO] ApplicationProperties:184 - Using Application install path: /Applications/STM32CubeIDE.app/Contents/Eclipse/plugins/com.st.stm32cube.common.mx_6.9.1.202307191849
2023-09-18 13:54:27,394 [INFO] MainUpdater:2868 - connection check result : 10
2023-09-18 13:54:27,394 [INFO] MainUpdater:3562 - Updater definition file requires update
2023-09-18 13:54:27,395 [INFO] MainUpdater:285 - Updater Check For Update Now.
2023-09-18 13:54:27,395 [INFO] MicroXplorer:498 - Change Database Version : DB.6.0.91
2023-09-18 13:54:27,400 [INFO] McuFinderGlobals:63 - Set McuFinder mode to 2 (CubeIDE integrated)
2023-09-18 13:54:27,401 [INFO] UserAuth:179 - activating auth plugin
2023-09-18 13:54:27,403 [INFO] UserAuth:393 - Internet connection configuration mode: 1
2023-09-18 13:54:27,418 [INFO] ServerAccessManage:473 - Download File updaters.zip
2023-09-18 13:54:27,420 [INFO] JxBrowserEngine:151 - Initiate JxBrowser Engine with user profile folder
2023-09-18 13:54:27,475 [INFO] FileExtend:240 - Unzip File : updaters.zip
2023-09-18 13:54:27,475 [INFO] FileExtend:255 - Standard Zip Deflate
2023-09-18 13:54:27,729 [INFO] ServerAccessManage:473 - Download File PacksControlFlags.xml
2023-09-18 13:54:27,796 [INFO] ServerAccessManage:473 - Download File cubemx.pidx
2023-09-18 13:54:27,900 [INFO] LoadServerUpdatesThread:373 - End of LoadServerUpdate Thread
2023-09-18 13:54:28,086 [INFO] CheckServerUpdateThread:120 - End of CheckServer Thread
2023-09-18 13:54:28,818 [WARN] PackLoader:240 - Cannot read IP mode file for STMicroelectronics.X-CUBE-SMBUS.2.1.0
2023-09-18 13:54:28,893 [WARN] PackLoader:240 - Cannot read IP mode file for STMicroelectronics.X-CUBE-AZRTOS-F7.1.1.0
2023-09-18 13:54:28,908 [WARN] PackLoader:240 - Cannot read IP mode file for STMicroelectronics.FP-SNS-MOTENV1.4.3.2
2023-09-18 13:54:28,913 [WARN] PackLoader:240 - Cannot read IP mode file for STMicroelectronics.FP-SNS-FLIGHT1.5.0.2
2023-09-18 13:54:28,925 [WARN] PackLoader:240 - Cannot read IP mode file for STMicroelectronics.X-CUBE-DISPLAY.3.0.0
2023-09-18 13:54:28,937 [WARN] PackLoader:240 - Cannot read IP mode file for STMicroelectronics.X-CUBE-BLE1.7.0.0
2023-09-18 13:54:28,942 [WARN] PackLoader:240 - Cannot read IP mode file for emotas.I-CUBE-CANOPEN.1.3.0
2023-09-18 13:54:28,946 [WARN] PackLoader:240 - Cannot read IP mode file for STMicroelectronics.X-CUBE-TOUCHGFX.4.22.0
2023-09-18 13:54:28,950 [WARN] PackLoader:240 - Cannot read IP mode file for STMicroelectronics.FP-SNS-SMARTAG2.1.2.0
2023-09-18 13:54:28,980 [INFO] LogOutputStream:77 - [STDOUT_REDIRECT] 1 : Invalid condition id : UX_CORESTACK_Condition cause : null
2023-09-18 13:54:28,980 [INFO] LogOutputStream:77 - [STDOUT_REDIRECT] 1 : Invalid condition id : UX_CORESTACK_Condition cause : null
2023-09-18 13:54:28,981 [INFO] LogOutputStream:77 - [STDOUT_REDIRECT] 1 : Invalid condition id : UX_CORESTACK_Condition cause : null
2023-09-18 13:54:28,981 [INFO] LogOutputStream:77 - [STDOUT_REDIRECT] 1 : Invalid condition id : UX_CORESTACK_Condition cause : null
2023-09-18 13:54:28,981 [INFO] LogOutputStream:77 - [STDOUT_REDIRECT] 1 : Invalid condition id : UX_CORESTACK_Condition cause : null
2023-09-18 13:54:28,988 [WARN] PackLoader:240 - Cannot read IP mode file for STMicroelectronics.X-CUBE-AZRTOS-WL.2.0.0
2023-09-18 13:54:28,998 [WARN] PackLoader:240 - Cannot read IP mode file for WES.I-CUBE-Cesium.1.3.0
2023-09-18 13:54:29,003 [WARN] PackLoader:240 - Cannot read IP mode file for STMicroelectronics.X-CUBE-BLE2.3.3.0
2023-09-18 13:54:29,010 [WARN] PackLoader:240 - Cannot read IP mode file for STMicroelectronics.X-CUBE-ALGOBUILD.1.3.0
2023-09-18 13:54:29,073 [WARN] PackLoader:240 - Cannot read IP mode file for STMicroelectronics.X-CUBE-AZRTOS-G0.1.1.0
2023-09-18 13:54:29,085 [WARN] PackLoader:240 - Cannot read IP mode file for STMicroelectronics.X-CUBE-NFC4.3.0.0
2023-09-18 13:54:29,090 [WARN] PackLoader:240 - Cannot read IP mode file for STMicroelectronics.FP-ATR-SIGFOX1.3.2.0
2023-09-18 13:54:29,158 [WARN] PackLoader:240 - Cannot read IP mode file for SEGGER.I-CUBE-embOS.1.3.1
2023-09-18 13:54:29,238 [WARN] PackLoader:240 - Cannot read IP mode file for STMicroelectronics.X-CUBE-GNSS1.6.0.0
2023-09-18 13:54:29,278 [WARN] PackLoader:240 - Cannot read IP mode file for STMicroelectronics.X-CUBE-AZRTOS-F4.1.1.0
2023-09-18 13:54:29,284 [WARN] PackLoader:240 - Cannot read IP mode file for wolfSSL.I-CUBE-wolfSSL.5.6.3
2023-09-18 13:54:29,320 [WARN] PackLoader:240 - Cannot read IP mode file for STMicroelectronics.X-CUBE-AZRTOS-L5.2.0.0
2023-09-18 13:54:29,394 [WARN] PackLoader:240 - Cannot read IP mode file for STMicroelectronics.X-CUBE-MEMS1.9.6.0
2023-09-18 13:54:29,813 [WARN] PackLoader:240 - Cannot read IP mode file for STMicroelectronics.X-CUBE-BLEMGR.2.0.0
2023-09-18 13:54:29,866 [WARN] ConditionMgr:438 - getConditionDescription Invalid condition id : UX DEVICE CLASS RTOS Condition cause : null
2023-09-18 13:54:29,866 [WARN] ConditionMgr:438 - getConditionDescription Invalid condition id : UX DEVICE CLASS RTOS Condition cause : null
2023-09-18 13:54:29,881 [WARN] PackLoader:240 - Cannot read IP mode file for STMicroelectronics.X-CUBE-AZRTOS-H7.3.1.0
2023-09-18 13:54:29,883 [WARN] ConditionMgr:1039 - genDependencies : Invalid condition id : UX DEVICE CLASS RTOS Condition cause : null
2023-09-18 13:54:29,883 [WARN] ConditionMgr:1039 - genDependencies : Invalid condition id : UX DEVICE CLASS RTOS Condition cause : null
2023-09-18 13:54:29,884 [WARN] ConditionMgr:1039 - genDependencies : Invalid condition id : UX DEVICE CLASS RTOS Condition cause : null
2023-09-18 13:54:29,885 [WARN] ConditionMgr:1039 - genDependencies : Invalid condition id : UX DEVICE CLASS RTOS Condition cause : null
2023-09-18 13:54:29,885 [WARN] ConditionMgr:1039 - genDependencies : Invalid condition id : UX DEVICE CLASS RTOS Condition cause : null
2023-09-18 13:54:29,898 [WARN] PackLoader:240 - Cannot read IP mode file for STMicroelectronics.X-CUBE-NFC7.1.0.1
2023-09-18 13:54:29,931 [WARN] PackLoader:240 - Cannot read IP mode file for STMicroelectronics.X-CUBE-NFC6.3.0.0
2023-09-18 13:54:29,961 [WARN] PackLoader:240 - Cannot read IP mode file for STMicroelectronics.X-CUBE-EEPRMA1.4.1.0
2023-09-18 13:54:29,967 [WARN] PackLoader:240 - Cannot read IP mode file for STMicroelectronics.X-CUBE-AI.8.1.0
2023-09-18 13:54:30,006 [WARN] ConditionMgr:438 - getConditionDescription Invalid condition id : LAN8742 Phy interface Condition cause : null
2023-09-18 13:54:30,007 [WARN] PackLoader:240 - Cannot read IP mode file for STMicroelectronics.X-CUBE-AZRTOS-L4.2.0.0
2023-09-18 13:54:30,011 [WARN] ConditionMgr:1039 - genDependencies : Invalid condition id : LAN8742 Phy interface Condition cause : null
2023-09-18 13:54:30,011 [WARN] ConditionMgr:1039 - genDependencies : Invalid condition id : LAN8742 Phy interface Condition cause : null
2023-09-18 13:54:30,012 [WARN] ConditionMgr:1039 - genDependencies : Invalid condition id : LAN8742 Phy interface Condition cause : null
2023-09-18 13:54:30,034 [WARN] PackLoader:240 - Cannot read IP mode file for STMicroelectronics.X-CUBE-SFXS2LP1.4.0.0
2023-09-18 13:54:30,044 [WARN] PackLoader:240 - Cannot read IP mode file for STMicroelectronics.X-CUBE-ISPU.1.1.0
2023-09-18 13:54:30,077 [WARN] ConditionMgr:438 - getConditionDescription Invalid condition id : UX DEVICE CLASS RTOS Condition cause : null
2023-09-18 13:54:30,078 [WARN] ConditionMgr:438 - getConditionDescription Invalid condition id : UX DEVICE CLASS RTOS Condition cause : null
2023-09-18 13:54:30,090 [WARN] PackLoader:240 - Cannot read IP mode file for STMicroelectronics.X-CUBE-AZRTOS-WB.2.0.0
2023-09-18 13:54:30,091 [WARN] ConditionMgr:1039 - genDependencies : Invalid condition id : UX DEVICE CLASS RTOS Condition cause : null
2023-09-18 13:54:30,091 [WARN] ConditionMgr:1039 - genDependencies : Invalid condition id : UX DEVICE CLASS RTOS Condition cause : null
2023-09-18 13:54:30,104 [WARN] ConditionMgr:1039 - genDependencies : Invalid condition id : UX DEVICE CLASS RTOS Condition cause : null
2023-09-18 13:54:30,105 [WARN] ConditionMgr:1039 - genDependencies : Invalid condition id : UX DEVICE CLASS RTOS Condition cause : null
2023-09-18 13:54:30,113 [WARN] ConditionMgr:1039 - genDependencies : Invalid condition id : UX DEVICE CLASS RTOS Condition cause : null
2023-09-18 13:54:30,144 [WARN] PackLoader:240 - Cannot read IP mode file for STMicroelectronics.X-CUBE-SUBG2.5.0.0
2023-09-18 13:54:30,178 [WARN] PackLoader:240 - Cannot read IP mode file for STMicroelectronics.X-CUBE-TOF1.3.3.1
2023-09-18 13:54:30,255 [WARN] PackLoader:240 - Cannot read IP mode file for STMicroelectronics.X-CUBE-AZRTOS-G4.2.0.0
2023-09-18 13:54:30,263 [WARN] PackLoader:240 - Cannot read IP mode file for STMicroelectronics.X-CUBE-FREERTOS.1.1.0
2023-09-18 13:54:30,308 [WARN] PackLoader:240 - Cannot read IP mode file for portGmbH.I-Cube-SoM-uGOAL.1.1.0
2023-09-18 13:54:30,312 [WARN] PackLoader:240 - Cannot read IP mode file for STMicroelectronics.X-CUBE-ALS.1.0.1
2023-09-18 13:54:30,316 [WARN] PackLoader:240 - Cannot read IP mode file for STMicroelectronics.FP-ATR-ASTRA1.2.0.0
2023-09-18 13:54:30,317 [INFO] ThirdParty:978 - Integrity check success = true
2023-09-18 13:54:30,317 [INFO] IntegrityCheckThread:100 - exiting critical section [integrity check]
2023-09-18 13:54:30,317 [INFO] IntegrityCheckThread:103 - End integrity checks thread
2023-09-18 13:54:30,369 [INFO] WebApp:157 - Instantiating new browser for Auth
2023-09-18 13:54:31,408 [INFO] WebApp:753 - Register for checkConnection events
2023-09-18 13:54:31,408 [INFO] WebApp:390 - Apply proxy settings
2023-09-18 13:54:31,411 [INFO] WebApp:455 - Chromium authenticates against System proxy
2023-09-18 13:54:31,639 [INFO] WebApp:188 - Starting web application
2023-09-18 13:54:31,639 [INFO] WebApp:520 - Web application path used /Applications/STM32CubeIDE.app/Contents/Eclipse/plugins/com.st.stm32cube.common.mx_6.9.1.202307191849/db/plugins/mcufinder/reactClient1/index.html
2023-09-18 13:54:52,907 [ERROR] LogOutputStream:75 - [STDERR_REDIRECT] SLF4J: Failed to load class "org.slf4j.impl.StaticLoggerBinder".
2023-09-18 13:54:52,907 [ERROR] LogOutputStream:75 - [STDERR_REDIRECT] SLF4J: Defaulting to no-operation (NOP) logger implementation
2023-09-18 13:54:52,908 [ERROR] LogOutputStream:75 - [STDERR_REDIRECT] SLF4J: See http://www.slf4j.org/codes.html#StaticLoggerBinder for further details.
2023-09-18 14:11:50,896 [ERROR] LogOutputStream:75 - [STDERR_REDIRECT] 
2023-09-18 14:12:33,015 [INFO] Activator:176 - 


2023-09-18 14:12:33,018 [INFO] Activator:177 - !SESSION log4j initialized
2023-09-18 14:12:41,588 [ERROR] LogOutputStream:75 - [STDERR_REDIRECT] 
2023-09-18 14:12:45,322 [INFO] LogOutputStream:77 - [STDOUT_REDIRECT] 
2023-09-18 14:12:51,265 [INFO] LogOutputStream:77 - [STDOUT_REDIRECT] 
2023-09-18 14:12:55,541 [INFO] ApplicationProperties:184 - Using Application install path: /Applications/STM32CubeIDE.app/Contents/Eclipse/plugins/com.st.stm32cube.common.mx_6.9.1.202307191849
2023-09-18 14:12:55,577 [INFO] DbMcusXml:78 - Set database path to: /Applications/STM32CubeIDE.app/Contents/Eclipse/plugins/com.st.stm32cube.common.mx_6.9.1.202307191849//db//mcu/
2023-09-18 14:12:55,578 [INFO] ApiDb:274 - Set plugin database path to: /Applications/STM32CubeIDE.app/Contents/Eclipse/plugins/com.st.stm32cube.common.mx_6.9.1.202307191849//db//plugins/boardmanager/
2023-09-18 14:12:55,579 [WARN] ApiDb:259 - Overriding images path with different value:  => /Applications/STM32CubeIDE.app/Contents/Eclipse/plugins/com.st.stm32cube.common.mx_6.9.1.202307191849//db//plugins/mcufinder/images/
2023-09-18 14:12:55,663 [INFO] ApiDb:250 - Set database path to: /Users/mishaynaidoo/.stmcufinder/plugins/mcufinder//mcu/
2023-09-18 14:12:55,665 [INFO] DbMcusAds:125 - Set database path to: /Users/mishaynaidoo/.stmcufinder/plugins/mcufinder//mcu/
2023-09-18 14:12:55,670 [INFO] CrossReferenceDbSqlite:203 - Set database path to: /Users/mishaynaidoo/.stmcufinder/plugins/mcufinder//mcu/cs/
2023-09-18 14:12:55,966 [INFO] RulesReader:64 - Compatibility file has been processed (293 Rules)
2023-09-18 14:12:56,156 [INFO] DbMcusXml:78 - Set database path to: /Applications/STM32CubeIDE.app/Contents/Eclipse/plugins/com.st.stm32cube.common.mx_6.9.1.202307191849//db//mcu/
2023-09-18 14:12:56,157 [INFO] ApiDb:274 - Set plugin database path to: /Applications/STM32CubeIDE.app/Contents/Eclipse/plugins/com.st.stm32cube.common.mx_6.9.1.202307191849//db//plugins/boardmanager/
2023-09-18 14:12:56,157 [INFO] ApiDb:261 - Set plugin images path to: /Applications/STM32CubeIDE.app/Contents/Eclipse/plugins/com.st.stm32cube.common.mx_6.9.1.202307191849//db//plugins/mcufinder/images/
2023-09-18 14:12:56,157 [WARN] DbFile:41 - Overriding database path with different value: /Users/mishaynaidoo/.stmcufinder/plugins/mcufinder/ => /Users/mishaynaidoo/.stmcufinder/plugins/mcufinder
2023-09-18 14:12:56,157 [INFO] ApiDb:250 - Set database path to: /Users/mishaynaidoo/.stmcufinder/plugins/mcufinder//mcu/
2023-09-18 14:12:56,158 [WARN] DbFile:41 - Overriding database path with different value: /Users/mishaynaidoo/.stmcufinder/plugins/mcufinder/ => /Users/mishaynaidoo/.stmcufinder/plugins/mcufinder
2023-09-18 14:12:56,158 [INFO] DbMcusAds:125 - Set database path to: /Users/mishaynaidoo/.stmcufinder/plugins/mcufinder//mcu/
2023-09-18 14:12:56,158 [WARN] DbFile:41 - Overriding database path with different value: /Users/mishaynaidoo/.stmcufinder/plugins/mcufinder/ => /Users/mishaynaidoo/.stmcufinder/plugins/mcufinder
2023-09-18 14:12:56,158 [WARN] DbFile:41 - Overriding database path with different value: /Users/mishaynaidoo/.stmcufinder/plugins/mcufinder/ => /Users/mishaynaidoo/.stmcufinder/plugins/mcufinder
2023-09-18 14:12:56,158 [INFO] CrossReferenceDbSqlite:203 - Set database path to: /Users/mishaynaidoo/.stmcufinder/plugins/mcufinder//mcu/cs/
2023-09-18 14:12:56,608 [INFO] MainPanel:262 - HeapMemory: 268435456
2023-09-18 14:12:56,980 [INFO] DbMcusXml:78 - Set database path to: /Applications/STM32CubeIDE.app/Contents/Eclipse/plugins/com.st.stm32cube.common.mx_6.9.1.202307191849//db//mcu/
2023-09-18 14:12:56,980 [INFO] ApiDb:274 - Set plugin database path to: /Applications/STM32CubeIDE.app/Contents/Eclipse/plugins/com.st.stm32cube.common.mx_6.9.1.202307191849//db//plugins/boardmanager/
2023-09-18 14:12:56,981 [INFO] ApiDb:261 - Set plugin images path to: /Applications/STM32CubeIDE.app/Contents/Eclipse/plugins/com.st.stm32cube.common.mx_6.9.1.202307191849//db//plugins/mcufinder/images/
2023-09-18 14:12:56,981 [WARN] DbFile:41 - Overriding database path with different value: /Users/mishaynaidoo/.stmcufinder/plugins/mcufinder/ => /Users/mishaynaidoo/.stmcufinder/plugins/mcufinder
2023-09-18 14:12:56,981 [INFO] ApiDb:250 - Set database path to: /Users/mishaynaidoo/.stmcufinder/plugins/mcufinder//mcu/
2023-09-18 14:12:56,981 [WARN] DbFile:41 - Overriding database path with different value: /Users/mishaynaidoo/.stmcufinder/plugins/mcufinder/ => /Users/mishaynaidoo/.stmcufinder/plugins/mcufinder
2023-09-18 14:12:56,981 [INFO] DbMcusAds:125 - Set database path to: /Users/mishaynaidoo/.stmcufinder/plugins/mcufinder//mcu/
2023-09-18 14:12:56,982 [WARN] DbFile:41 - Overriding database path with different value: /Users/mishaynaidoo/.stmcufinder/plugins/mcufinder/ => /Users/mishaynaidoo/.stmcufinder/plugins/mcufinder
2023-09-18 14:12:56,982 [WARN] DbFile:41 - Overriding database path with different value: /Users/mishaynaidoo/.stmcufinder/plugins/mcufinder/ => /Users/mishaynaidoo/.stmcufinder/plugins/mcufinder
2023-09-18 14:12:56,982 [INFO] CrossReferenceDbSqlite:203 - Set database path to: /Users/mishaynaidoo/.stmcufinder/plugins/mcufinder//mcu/cs/
2023-09-18 14:12:57,049 [INFO] ApplicationProperties:184 - Using Application install path: /Applications/STM32CubeIDE.app/Contents/Eclipse/plugins/com.st.stm32cube.common.mx_6.9.1.202307191849
2023-09-18 14:12:57,054 [INFO] PluginManage:196 - Search for loadable plugins [exclusion list=, ]
2023-09-18 14:12:57,057 [INFO] PluginManage:310 - Check plugin analytics
2023-09-18 14:12:57,568 [INFO] AnalyticsPlugin:253 - Accepted Software Licenses: 
2023-09-18 14:12:57,568 [INFO] AnalyticsPlugin:255 - Accepted CMSIS Pack Licenses: 
2023-09-18 14:12:57,568 [INFO] AnalyticsPlugin:257 - Accepted Firmware Licenses: 
2023-09-18 14:12:57,570 [INFO] PluginManage:359 - Loaded plugin analytics (category:tool,tabindex:-1)
2023-09-18 14:12:57,570 [INFO] PluginManage:310 - Check plugin cadmodel
2023-09-18 14:12:59,527 [INFO] CADModel:105 - Init CAD model plugin
2023-09-18 14:12:59,527 [INFO] PluginManage:359 - Loaded plugin cadmodel (category:power,tabindex:5)
2023-09-18 14:12:59,528 [INFO] PluginManage:310 - Check plugin clock
2023-09-18 14:12:59,591 [INFO] PluginManage:359 - Loaded plugin clock (category:base,tabindex:2)
2023-09-18 14:12:59,591 [INFO] PluginManage:310 - Check plugin ddr
2023-09-18 14:12:59,603 [INFO] PluginManage:359 - Loaded plugin ddr (category:tool,tabindex:6)
2023-09-18 14:12:59,604 [INFO] PluginManage:310 - Check plugin filemanager
2023-09-18 14:13:00,051 [INFO] PluginManage:359 - Loaded plugin filemanager (category:base,tabindex:10)
2023-09-18 14:13:00,052 [INFO] PluginManage:310 - Check plugin ipmanager
2023-09-18 14:13:00,074 [INFO] PluginManage:359 - Loaded plugin ipmanager (category:base,tabindex:5)
2023-09-18 14:13:00,075 [INFO] PluginManage:310 - Check plugin lpbam
2023-09-18 14:13:00,091 [INFO] PluginManage:359 - Loaded plugin lpbam (category:base,tabindex:0)
2023-09-18 14:13:00,092 [INFO] PluginManage:310 - Check plugin memorymap
2023-09-18 14:13:00,123 [INFO] PluginManage:359 - Loaded plugin memorymap (category:base,tabindex:4)
2023-09-18 14:13:00,124 [INFO] PluginManage:310 - Check plugin pinoutandconfiguration
2023-09-18 14:13:00,161 [INFO] PluginManage:359 - Loaded plugin pinoutandconfiguration (category:base,tabindex:1)
2023-09-18 14:13:00,161 [INFO] PluginManage:310 - Check plugin pinoutconfig
2023-09-18 14:13:00,582 [WARN] SupportedApi:132 - Cannot load RTOS API schema: s4s-elt-must-match.1: The content of 'definitions' must match (annotation?, (simpleType | complexType)?, (unique | key | keyref)*)). A problem was found starting at: attribute.
2023-09-18 14:13:01,271 [INFO] PluginManage:359 - Loaded plugin pinoutconfig (category:base,tabindex:0)
2023-09-18 14:13:01,271 [INFO] PluginManage:310 - Check plugin power
2023-09-18 14:13:01,293 [INFO] PluginManage:359 - Loaded plugin power (category:power,tabindex:4)
2023-09-18 14:13:01,294 [INFO] PluginManage:310 - Check plugin projectmanager
2023-09-18 14:13:01,315 [INFO] PluginManage:359 - Loaded plugin projectmanager (category:projectmanager,tabindex:3)
2023-09-18 14:13:01,315 [INFO] PluginManage:310 - Check plugin thirdparty
2023-09-18 14:13:01,746 [INFO] PluginManage:359 - Loaded plugin thirdparty (category:base,tabindex:-1)
2023-09-18 14:13:01,746 [WARN] IntegrityCheckThread:84 - waiting for thirdparty lock release [integrity check]
2023-09-18 14:13:01,746 [INFO] IntegrityCheckThread:86 - entering critical section [integrity check]
2023-09-18 14:13:01,746 [INFO] PluginManage:310 - Check plugin tools
2023-09-18 14:13:01,747 [INFO] ThirdPartyUpdaterWithRetryManager:70 - Updater plugin not ready yet. [1/15]
2023-09-18 14:13:01,752 [INFO] PluginManage:359 - Loaded plugin tools (category:base,tabindex:7)
2023-09-18 14:13:01,753 [INFO] PluginManage:310 - Check plugin tutovideos
2023-09-18 14:13:02,067 [INFO] PluginManage:359 - Loaded plugin tutovideos (category:base,tabindex:-1)
2023-09-18 14:13:02,067 [INFO] PluginManage:310 - Check plugin updater
2023-09-18 14:13:02,084 [INFO] PluginManage:359 - Loaded plugin updater (category:base,tabindex:12)
2023-09-18 14:13:02,084 [INFO] PluginManage:310 - Check plugin userauth
2023-09-18 14:13:02,091 [INFO] UserAuth:113 - Init User Auth plugin
2023-09-18 14:13:02,092 [INFO] PluginManage:359 - Loaded plugin userauth (category:base,tabindex:14)
2023-09-18 14:13:02,093 [INFO] PluginManage:283 - PluginManage : Loaded plugins [17]
2023-09-18 14:13:02,475 [INFO] PinOutPanel:1499 - setPackage(No Configuration,No Configuration)
2023-09-18 14:13:02,670 [INFO] CADModel:165 - CPN selected for project level
2023-09-18 14:13:02,670 [INFO] CADModel:114 - Register for checkConnection events
2023-09-18 14:13:02,692 [INFO] IPUIPlugin:80 - create IPUIPlugin
2023-09-18 14:13:02,696 [INFO] PluginManager:220 - loadIPPluginJar : add mdma
2023-09-18 14:13:02,716 [INFO] IPUIPlugin:80 - create IPUIPlugin
2023-09-18 14:13:02,716 [INFO] PluginManager:220 - loadIPPluginJar : add freertos
2023-09-18 14:13:02,725 [INFO] IPUIPlugin:80 - create IPUIPlugin
2023-09-18 14:13:02,726 [INFO] PluginManager:220 - loadIPPluginJar : add gic
2023-09-18 14:13:02,741 [INFO] IPUIPlugin:80 - create IPUIPlugin
2023-09-18 14:13:02,742 [INFO] PluginManager:220 - loadIPPluginJar : add adc
2023-09-18 14:13:02,754 [INFO] IPUIPlugin:80 - create IPUIPlugin
2023-09-18 14:13:02,754 [INFO] PluginManager:220 - loadIPPluginJar : add gtzc
2023-09-18 14:13:02,756 [INFO] IPUIPlugin:80 - create IPUIPlugin
2023-09-18 14:13:02,757 [INFO] PluginManager:220 - loadIPPluginJar : add quadspi
2023-09-18 14:13:02,771 [INFO] IPUIPlugin:80 - create IPUIPlugin
2023-09-18 14:13:02,771 [INFO] PluginManager:220 - loadIPPluginJar : add aes
2023-09-18 14:13:02,783 [INFO] IPUIPlugin:80 - create IPUIPlugin
2023-09-18 14:13:02,783 [INFO] PluginManager:220 - loadIPPluginJar : add pdm2pcm
2023-09-18 14:13:02,785 [INFO] IPUIPlugin:80 - create IPUIPlugin
2023-09-18 14:13:02,786 [INFO] PluginManager:220 - loadIPPluginJar : add hash
2023-09-18 14:13:02,788 [INFO] IPUIPlugin:80 - create IPUIPlugin
2023-09-18 14:13:02,788 [INFO] PluginManager:220 - loadIPPluginJar : add tim
2023-09-18 14:13:02,790 [INFO] IPUIPlugin:80 - create IPUIPlugin
2023-09-18 14:13:02,790 [INFO] PluginManager:220 - loadIPPluginJar : add tsc
2023-09-18 14:13:02,793 [INFO] IPUIPlugin:80 - create IPUIPlugin
2023-09-18 14:13:02,793 [INFO] PluginManager:220 - loadIPPluginJar : add ts
2023-09-18 14:13:02,797 [INFO] IPUIPlugin:80 - create IPUIPlugin
2023-09-18 14:13:02,797 [INFO] PluginManager:220 - loadIPPluginJar : add can
2023-09-18 14:13:02,799 [INFO] IPUIPlugin:80 - create IPUIPlugin
2023-09-18 14:13:02,799 [INFO] PluginManager:220 - loadIPPluginJar : add dma3
2023-09-18 14:13:02,804 [INFO] IPUIPlugin:80 - create IPUIPlugin
2023-09-18 14:13:02,804 [INFO] PluginManager:220 - loadIPPluginJar : add dfsdm
2023-09-18 14:13:02,809 [INFO] IPUIPlugin:80 - create IPUIPlugin
2023-09-18 14:13:02,809 [INFO] PluginManager:220 - loadIPPluginJar : add spi
2023-09-18 14:13:02,813 [INFO] IPUIPlugin:80 - create IPUIPlugin
2023-09-18 14:13:02,813 [INFO] PluginManager:220 - loadIPPluginJar : add gfxmmu
2023-09-18 14:13:02,814 [INFO] IPUIPlugin:80 - create IPUIPlugin
2023-09-18 14:13:02,815 [INFO] PluginManager:220 - loadIPPluginJar : add genericplugin
2023-09-18 14:13:02,818 [INFO] IPUIPlugin:80 - create IPUIPlugin
2023-09-18 14:13:02,818 [INFO] PluginManager:220 - loadIPPluginJar : add cryp
2023-09-18 14:13:02,825 [INFO] IPUIPlugin:80 - create IPUIPlugin
2023-09-18 14:13:02,826 [INFO] PluginManager:220 - loadIPPluginJar : add gpio
2023-09-18 14:13:02,828 [INFO] IPUIPlugin:80 - create IPUIPlugin
2023-09-18 14:13:02,828 [INFO] PluginManager:220 - loadIPPluginJar : add comp
2023-09-18 14:13:02,831 [INFO] IPUIPlugin:80 - create IPUIPlugin
2023-09-18 14:13:02,832 [INFO] PluginManager:220 - loadIPPluginJar : add tracer_emb
2023-09-18 14:13:02,835 [INFO] IPUIPlugin:80 - create IPUIPlugin
2023-09-18 14:13:02,835 [INFO] PluginManager:220 - loadIPPluginJar : add openamp
2023-09-18 14:13:02,840 [INFO] IPUIPlugin:80 - create IPUIPlugin
2023-09-18 14:13:02,841 [INFO] PluginManager:220 - loadIPPluginJar : add stm32_wpan
2023-09-18 14:13:02,850 [INFO] IPUIPlugin:80 - create IPUIPlugin
2023-09-18 14:13:02,853 [INFO] PluginManager:220 - loadIPPluginJar : add plateformsettings
2023-09-18 14:13:02,860 [INFO] IPUIPlugin:80 - create IPUIPlugin
2023-09-18 14:13:02,860 [INFO] PluginManager:220 - loadIPPluginJar : add ipddr
2023-09-18 14:13:02,877 [INFO] IPUIPlugin:80 - create IPUIPlugin
2023-09-18 14:13:02,877 [INFO] PluginManager:220 - loadIPPluginJar : add usart
2023-09-18 14:13:02,879 [INFO] IPUIPlugin:80 - create IPUIPlugin
2023-09-18 14:13:02,879 [INFO] PluginManager:220 - loadIPPluginJar : add ltdc
2023-09-18 14:13:02,884 [INFO] IPUIPlugin:80 - create IPUIPlugin
2023-09-18 14:13:02,885 [INFO] PluginManager:220 - loadIPPluginJar : add nvic
2023-09-18 14:13:02,886 [INFO] IPUIPlugin:80 - create IPUIPlugin
2023-09-18 14:13:02,886 [INFO] PluginManager:220 - loadIPPluginJar : add fatfs
2023-09-18 14:13:02,896 [INFO] IPUIPlugin:80 - create IPUIPlugin
2023-09-18 14:13:02,896 [INFO] PluginManager:220 - loadIPPluginJar : add linkedlist
2023-09-18 14:13:02,903 [INFO] IPUIPlugin:80 - create IPUIPlugin
2023-09-18 14:13:02,904 [INFO] PluginManager:220 - loadIPPluginJar : add dma
2023-09-18 14:13:02,909 [INFO] IPUIPlugin:80 - create IPUIPlugin
2023-09-18 14:13:02,909 [INFO] PluginManager:220 - loadIPPluginJar : add fmc
2023-09-18 14:13:02,911 [INFO] IPUIPlugin:80 - create IPUIPlugin
2023-09-18 14:13:02,911 [INFO] PluginManager:220 - loadIPPluginJar : add i2s
2023-09-18 14:13:02,915 [INFO] IPUIPlugin:80 - create IPUIPlugin
2023-09-18 14:13:02,915 [INFO] PluginManager:220 - loadIPPluginJar : add ucpd
2023-09-18 14:13:02,920 [INFO] IPUIPlugin:80 - create IPUIPlugin
2023-09-18 14:13:02,920 [INFO] PluginManager:220 - loadIPPluginJar : add lorawan
2023-09-18 14:13:02,923 [INFO] IPUIPlugin:80 - create IPUIPlugin
2023-09-18 14:13:02,924 [INFO] PluginManager:220 - loadIPPluginJar : add opamp
2023-09-18 14:13:02,927 [INFO] IPUIPlugin:80 - create IPUIPlugin
2023-09-18 14:13:02,927 [INFO] PluginManager:220 - loadIPPluginJar : add i3c
2023-09-18 14:13:02,932 [INFO] IPUIPlugin:80 - create IPUIPlugin
2023-09-18 14:13:02,932 [INFO] PluginManager:220 - loadIPPluginJar : add touchsensing
2023-09-18 14:13:02,935 [INFO] IPUIPlugin:80 - create IPUIPlugin
2023-09-18 14:13:02,935 [INFO] PluginManager:220 - loadIPPluginJar : add i2c
2023-09-18 14:13:02,940 [INFO] IPUIPlugin:80 - create IPUIPlugin
2023-09-18 14:13:02,940 [INFO] PluginManager:220 - loadIPPluginJar : add resmgrutility
2023-09-18 14:13:02,944 [INFO] IPUIPlugin:80 - create IPUIPlugin
2023-09-18 14:13:02,944 [INFO] PluginManager:220 - loadIPPluginJar : add sai
2023-09-18 14:13:02,948 [INFO] IPUIPlugin:80 - create IPUIPlugin
2023-09-18 14:13:02,948 [INFO] PluginManager:220 - loadIPPluginJar : add usbx
2023-09-18 14:13:03,060 [INFO] CADModel:165 - CPN selected for project level
2023-09-18 14:13:03,060 [INFO] CADModel:114 - Register for checkConnection events
2023-09-18 14:13:03,061 [FATAL] Updater:308 - Updater called before beeing initialized
2023-09-18 14:13:03,061 [ERROR] CADModel:125 - Updater not yet initialized, retry later 
2023-09-18 14:13:03,368 [INFO] CADModel:165 - CPN selected for project level
2023-09-18 14:13:03,369 [INFO] CADModel:114 - Register for checkConnection events
2023-09-18 14:13:03,369 [FATAL] Updater:308 - Updater called before beeing initialized
2023-09-18 14:13:03,369 [ERROR] CADModel:125 - Updater not yet initialized, retry later 
2023-09-18 14:13:03,377 [FATAL] Updater:308 - Updater called before beeing initialized
2023-09-18 14:13:03,503 [FATAL] Updater:308 - Updater called before beeing initialized
2023-09-18 14:13:03,515 [INFO] DbMcusAds:53 - JSON generation date=Tue Mar 07 10:50:54 SAST 2023 (1678179054945)
2023-09-18 14:13:03,515 [FATAL] Updater:308 - Updater called before beeing initialized
2023-09-18 14:13:03,642 [WARN] DetailPanel:346 - Failed to get advertising image, set to default
2023-09-18 14:13:03,993 [FATAL] Updater:308 - Updater called before beeing initialized
2023-09-18 14:13:03,996 [FATAL] Updater:308 - Updater called before beeing initialized
2023-09-18 14:13:03,996 [FATAL] Updater:308 - Updater called before beeing initialized
2023-09-18 14:13:03,997 [WARN] DetailPanel:346 - Failed to get advertising image, set to default
2023-09-18 14:13:03,998 [FATAL] Updater:308 - Updater called before beeing initialized
2023-09-18 14:13:04,068 [ERROR] Updater:1120 - MainUpdater not yet initialized. External WinMGr cannot be set.
2023-09-18 14:13:04,106 [INFO] Updater:1056 - Updater Version found : 6.9.1
2023-09-18 14:13:04,162 [INFO] ApplicationProperties:184 - Using Application install path: /Applications/STM32CubeIDE.app/Contents/Eclipse/plugins/com.st.stm32cube.common.mx_6.9.1.202307191849
2023-09-18 14:13:04,674 [INFO] MainUpdater:2868 - connection check result : 10
2023-09-18 14:13:04,675 [INFO] MainUpdater:285 - Updater Check For Update Now.
2023-09-18 14:13:04,682 [INFO] MicroXplorer:498 - Change Database Version : DB.6.0.91
2023-09-18 14:13:04,688 [INFO] McuFinderGlobals:63 - Set McuFinder mode to 2 (CubeIDE integrated)
2023-09-18 14:13:04,688 [INFO] UserAuth:179 - activating auth plugin
2023-09-18 14:13:04,693 [INFO] UserAuth:393 - Internet connection configuration mode: 1
2023-09-18 14:13:04,719 [INFO] JxBrowserEngine:151 - Initiate JxBrowser Engine with user profile folder
2023-09-18 14:13:04,750 [WARN] MainUpdater:1189 - Updater busy. Cannot search thirdparties
2023-09-18 14:13:04,751 [INFO] ThirdPartyUpdaterWithRetryManager:96 - Updater plugin is busy. [1/15]
2023-09-18 14:13:04,873 [INFO] CheckServerUpdateThread:120 - End of CheckServer Thread
2023-09-18 14:13:07,403 [INFO] WebApp:157 - Instantiating new browser for Auth
2023-09-18 14:13:08,161 [WARN] PackLoader:240 - Cannot read IP mode file for STMicroelectronics.X-CUBE-SMBUS.2.1.0
2023-09-18 14:13:08,275 [WARN] PackLoader:240 - Cannot read IP mode file for STMicroelectronics.X-CUBE-AZRTOS-F7.1.1.0
2023-09-18 14:13:08,293 [WARN] PackLoader:240 - Cannot read IP mode file for STMicroelectronics.FP-SNS-MOTENV1.4.3.2
2023-09-18 14:13:08,328 [WARN] PackLoader:240 - Cannot read IP mode file for STMicroelectronics.FP-SNS-FLIGHT1.5.0.2
2023-09-18 14:13:08,355 [WARN] PackLoader:240 - Cannot read IP mode file for STMicroelectronics.X-CUBE-DISPLAY.3.0.0
2023-09-18 14:13:08,396 [WARN] PackLoader:240 - Cannot read IP mode file for STMicroelectronics.X-CUBE-BLE1.7.0.0
2023-09-18 14:13:08,553 [WARN] PackLoader:240 - Cannot read IP mode file for emotas.I-CUBE-CANOPEN.1.3.0
2023-09-18 14:13:08,576 [WARN] PackLoader:240 - Cannot read IP mode file for STMicroelectronics.X-CUBE-TOUCHGFX.4.22.0
2023-09-18 14:13:08,584 [WARN] PackLoader:240 - Cannot read IP mode file for STMicroelectronics.FP-SNS-SMARTAG2.1.2.0
2023-09-18 14:13:08,777 [INFO] LogOutputStream:77 - [STDOUT_REDIRECT] 1 : Invalid condition id : UX_CORESTACK_Condition cause : null
2023-09-18 14:13:08,778 [INFO] LogOutputStream:77 - [STDOUT_REDIRECT] 1 : Invalid condition id : UX_CORESTACK_Condition cause : null
2023-09-18 14:13:08,778 [INFO] LogOutputStream:77 - [STDOUT_REDIRECT] 1 : Invalid condition id : UX_CORESTACK_Condition cause : null
2023-09-18 14:13:08,779 [INFO] LogOutputStream:77 - [STDOUT_REDIRECT] 1 : Invalid condition id : UX_CORESTACK_Condition cause : null
2023-09-18 14:13:08,779 [INFO] LogOutputStream:77 - [STDOUT_REDIRECT] 1 : Invalid condition id : UX_CORESTACK_Condition cause : null
2023-09-18 14:13:08,785 [WARN] PackLoader:240 - Cannot read IP mode file for STMicroelectronics.X-CUBE-AZRTOS-WL.2.0.0
2023-09-18 14:13:08,798 [WARN] PackLoader:240 - Cannot read IP mode file for WES.I-CUBE-Cesium.1.3.0
2023-09-18 14:13:08,804 [WARN] PackLoader:240 - Cannot read IP mode file for STMicroelectronics.X-CUBE-BLE2.3.3.0
2023-09-18 14:13:08,823 [WARN] PackLoader:240 - Cannot read IP mode file for STMicroelectronics.X-CUBE-ALGOBUILD.1.3.0
2023-09-18 14:13:09,059 [WARN] PackLoader:240 - Cannot read IP mode file for STMicroelectronics.X-CUBE-AZRTOS-G0.1.1.0
2023-09-18 14:13:09,094 [WARN] PackLoader:240 - Cannot read IP mode file for STMicroelectronics.X-CUBE-NFC4.3.0.0
2023-09-18 14:13:09,103 [WARN] PackLoader:240 - Cannot read IP mode file for STMicroelectronics.FP-ATR-SIGFOX1.3.2.0
2023-09-18 14:13:09,305 [WARN] PackLoader:240 - Cannot read IP mode file for SEGGER.I-CUBE-embOS.1.3.1
2023-09-18 14:13:09,545 [WARN] PackLoader:240 - Cannot read IP mode file for STMicroelectronics.X-CUBE-GNSS1.6.0.0
2023-09-18 14:13:09,650 [INFO] WebApp:753 - Register for checkConnection events
2023-09-18 14:13:09,650 [INFO] WebApp:390 - Apply proxy settings
2023-09-18 14:13:09,653 [INFO] WebApp:455 - Chromium authenticates against System proxy
2023-09-18 14:13:09,669 [WARN] PackLoader:240 - Cannot read IP mode file for STMicroelectronics.X-CUBE-AZRTOS-F4.1.1.0
2023-09-18 14:13:09,683 [WARN] PackLoader:240 - Cannot read IP mode file for wolfSSL.I-CUBE-wolfSSL.5.6.3
2023-09-18 14:13:09,715 [WARN] PackLoader:240 - Cannot read IP mode file for STMicroelectronics.X-CUBE-AZRTOS-L5.2.0.0
2023-09-18 14:13:10,034 [WARN] PackLoader:240 - Cannot read IP mode file for STMicroelectronics.X-CUBE-MEMS1.9.6.0
2023-09-18 14:13:10,389 [INFO] WebApp:188 - Starting web application
2023-09-18 14:13:10,389 [INFO] WebApp:520 - Web application path used /Applications/STM32CubeIDE.app/Contents/Eclipse/plugins/com.st.stm32cube.common.mx_6.9.1.202307191849/db/plugins/mcufinder/reactClient1/index.html
2023-09-18 14:13:10,574 [WARN] PackLoader:240 - Cannot read IP mode file for STMicroelectronics.X-CUBE-BLEMGR.2.0.0
2023-09-18 14:13:10,628 [WARN] ConditionMgr:438 - getConditionDescription Invalid condition id : UX DEVICE CLASS RTOS Condition cause : null
2023-09-18 14:13:10,629 [WARN] ConditionMgr:438 - getConditionDescription Invalid condition id : UX DEVICE CLASS RTOS Condition cause : null
2023-09-18 14:13:10,634 [WARN] PackLoader:240 - Cannot read IP mode file for STMicroelectronics.X-CUBE-AZRTOS-H7.3.1.0
2023-09-18 14:13:10,636 [WARN] ConditionMgr:1039 - genDependencies : Invalid condition id : UX DEVICE CLASS RTOS Condition cause : null
2023-09-18 14:13:10,636 [WARN] ConditionMgr:1039 - genDependencies : Invalid condition id : UX DEVICE CLASS RTOS Condition cause : null
2023-09-18 14:13:10,637 [WARN] ConditionMgr:1039 - genDependencies : Invalid condition id : UX DEVICE CLASS RTOS Condition cause : null
2023-09-18 14:13:10,637 [WARN] ConditionMgr:1039 - genDependencies : Invalid condition id : UX DEVICE CLASS RTOS Condition cause : null
2023-09-18 14:13:10,637 [WARN] ConditionMgr:1039 - genDependencies : Invalid condition id : UX DEVICE CLASS RTOS Condition cause : null
2023-09-18 14:13:10,643 [WARN] PackLoader:240 - Cannot read IP mode file for STMicroelectronics.X-CUBE-NFC7.1.0.1
2023-09-18 14:13:10,650 [WARN] PackLoader:240 - Cannot read IP mode file for STMicroelectronics.X-CUBE-NFC6.3.0.0
2023-09-18 14:13:10,678 [WARN] PackLoader:240 - Cannot read IP mode file for STMicroelectronics.X-CUBE-EEPRMA1.4.1.0
2023-09-18 14:13:10,692 [WARN] PackLoader:240 - Cannot read IP mode file for STMicroelectronics.X-CUBE-AI.8.1.0
2023-09-18 14:13:10,736 [WARN] ConditionMgr:438 - getConditionDescription Invalid condition id : LAN8742 Phy interface Condition cause : null
2023-09-18 14:13:10,736 [WARN] PackLoader:240 - Cannot read IP mode file for STMicroelectronics.X-CUBE-AZRTOS-L4.2.0.0
2023-09-18 14:13:10,739 [WARN] ConditionMgr:1039 - genDependencies : Invalid condition id : LAN8742 Phy interface Condition cause : null
2023-09-18 14:13:10,740 [WARN] ConditionMgr:1039 - genDependencies : Invalid condition id : LAN8742 Phy interface Condition cause : null
2023-09-18 14:13:10,741 [WARN] ConditionMgr:1039 - genDependencies : Invalid condition id : LAN8742 Phy interface Condition cause : null
2023-09-18 14:13:10,750 [WARN] PackLoader:240 - Cannot read IP mode file for STMicroelectronics.X-CUBE-SFXS2LP1.4.0.0
2023-09-18 14:13:10,756 [WARN] PackLoader:240 - Cannot read IP mode file for STMicroelectronics.X-CUBE-ISPU.1.1.0
2023-09-18 14:13:11,130 [WARN] ConditionMgr:438 - getConditionDescription Invalid condition id : UX DEVICE CLASS RTOS Condition cause : null
2023-09-18 14:13:11,131 [WARN] ConditionMgr:438 - getConditionDescription Invalid condition id : UX DEVICE CLASS RTOS Condition cause : null
2023-09-18 14:13:11,158 [WARN] PackLoader:240 - Cannot read IP mode file for STMicroelectronics.X-CUBE-AZRTOS-WB.2.0.0
2023-09-18 14:13:11,160 [WARN] ConditionMgr:1039 - genDependencies : Invalid condition id : UX DEVICE CLASS RTOS Condition cause : null
2023-09-18 14:13:11,160 [WARN] ConditionMgr:1039 - genDependencies : Invalid condition id : UX DEVICE CLASS RTOS Condition cause : null
2023-09-18 14:13:11,162 [WARN] ConditionMgr:1039 - genDependencies : Invalid condition id : UX DEVICE CLASS RTOS Condition cause : null
2023-09-18 14:13:11,162 [WARN] ConditionMgr:1039 - genDependencies : Invalid condition id : UX DEVICE CLASS RTOS Condition cause : null
2023-09-18 14:13:11,162 [WARN] ConditionMgr:1039 - genDependencies : Invalid condition id : UX DEVICE CLASS RTOS Condition cause : null
2023-09-18 14:13:11,249 [WARN] PackLoader:240 - Cannot read IP mode file for STMicroelectronics.X-CUBE-SUBG2.5.0.0
2023-09-18 14:13:11,331 [WARN] PackLoader:240 - Cannot read IP mode file for STMicroelectronics.X-CUBE-TOF1.3.3.1
2023-09-18 14:13:11,536 [WARN] PackLoader:240 - Cannot read IP mode file for STMicroelectronics.X-CUBE-AZRTOS-G4.2.0.0
2023-09-18 14:13:11,547 [WARN] PackLoader:240 - Cannot read IP mode file for STMicroelectronics.X-CUBE-FREERTOS.1.1.0
2023-09-18 14:13:11,558 [WARN] PackLoader:240 - Cannot read IP mode file for portGmbH.I-Cube-SoM-uGOAL.1.1.0
2023-09-18 14:13:11,564 [WARN] PackLoader:240 - Cannot read IP mode file for STMicroelectronics.X-CUBE-ALS.1.0.1
2023-09-18 14:13:11,569 [WARN] PackLoader:240 - Cannot read IP mode file for STMicroelectronics.FP-ATR-ASTRA1.2.0.0
2023-09-18 14:13:11,570 [INFO] ThirdParty:978 - Integrity check success = true
2023-09-18 14:13:11,570 [INFO] IntegrityCheckThread:100 - exiting critical section [integrity check]
2023-09-18 14:13:11,571 [INFO] IntegrityCheckThread:103 - End integrity checks thread
2023-09-18 14:13:32,444 [ERROR] LogOutputStream:75 - [STDERR_REDIRECT] SLF4J: Failed to load class "org.slf4j.impl.StaticLoggerBinder".
2023-09-18 14:13:32,446 [ERROR] LogOutputStream:75 - [STDERR_REDIRECT] SLF4J: Defaulting to no-operation (NOP) logger implementation
2023-09-18 14:13:32,448 [ERROR] LogOutputStream:75 - [STDERR_REDIRECT] SLF4J: See http://www.slf4j.org/codes.html#StaticLoggerBinder for further details.
2023-09-18 15:16:37,309 [ERROR] LogOutputStream:75 - [STDERR_REDIRECT] 
