2024-09-16 19:22:18,229 [INFO] Activator:176 - 


2024-09-16 19:22:18,236 [INFO] Activator:177 - !SESSION log4j initialized
2024-09-16 19:22:22,872 [INFO] LogOutputStream:77 - [STDOUT_REDIRECT] 
2024-09-16 19:22:25,560 [INFO] ApplicationProperties:184 - Using Application install path: E:\ST\STM32CubeIDE_1.9.0\STM32CubeIDE\plugins\com.st.stm32cube.common.mx_6.12.0.202406281431
2024-09-16 19:22:25,581 [INFO] DbMcusXml:78 - Set database path to: E:\ST\STM32CubeIDE_1.9.0\STM32CubeIDE\plugins\com.st.stm32cube.common.mx_6.12.0.202406281431\\db\/mcu/
2024-09-16 19:22:25,582 [INFO] ApiDb:274 - Set plugin database path to: E:\ST\STM32CubeIDE_1.9.0\STM32CubeIDE\plugins\com.st.stm32cube.common.mx_6.12.0.202406281431\\db\/plugins/boardmanager/
2024-09-16 19:22:25,624 [WARN] ApiDb:259 - Overriding images path with different value:  => E:\ST\STM32CubeIDE_1.9.0\STM32CubeIDE\plugins\com.st.stm32cube.common.mx_6.12.0.202406281431\\db\/plugins/mcufinder/images/
2024-09-16 19:22:25,631 [INFO] ApiDb:250 - Set database path to: C:\Users\gamin\.stmcufinder\plugins\mcufinder//mcu/
2024-09-16 19:22:25,633 [INFO] DbMcusAds:125 - Set database path to: C:\Users\gamin\.stmcufinder\plugins\mcufinder//mcu/
2024-09-16 19:22:25,635 [INFO] CrossReferenceDbSqlite:203 - Set database path to: C:\Users\gamin\.stmcufinder\plugins\mcufinder//mcu/cs/
2024-09-16 19:22:25,764 [INFO] RulesReader:64 - Compatibility file has been processed (297 Rules)
2024-09-16 19:22:25,836 [INFO] DbMcusXml:78 - Set database path to: E:\ST\STM32CubeIDE_1.9.0\STM32CubeIDE\plugins\com.st.stm32cube.common.mx_6.12.0.202406281431\\db\/mcu/
2024-09-16 19:22:25,836 [INFO] ApiDb:274 - Set plugin database path to: E:\ST\STM32CubeIDE_1.9.0\STM32CubeIDE\plugins\com.st.stm32cube.common.mx_6.12.0.202406281431\\db\/plugins/boardmanager/
2024-09-16 19:22:25,837 [INFO] ApiDb:261 - Set plugin images path to: E:\ST\STM32CubeIDE_1.9.0\STM32CubeIDE\plugins\com.st.stm32cube.common.mx_6.12.0.202406281431\\db\/plugins/mcufinder/images/
2024-09-16 19:22:25,837 [WARN] DbFile:41 - Overriding database path with different value: C:\Users\gamin\.stmcufinder\plugins\mcufinder/ => C:\Users\gamin\.stmcufinder\plugins\mcufinder
2024-09-16 19:22:25,837 [INFO] ApiDb:250 - Set database path to: C:\Users\gamin\.stmcufinder\plugins\mcufinder//mcu/
2024-09-16 19:22:25,837 [WARN] DbFile:41 - Overriding database path with different value: C:\Users\gamin\.stmcufinder\plugins\mcufinder/ => C:\Users\gamin\.stmcufinder\plugins\mcufinder
2024-09-16 19:22:25,837 [INFO] DbMcusAds:125 - Set database path to: C:\Users\gamin\.stmcufinder\plugins\mcufinder//mcu/
2024-09-16 19:22:25,837 [WARN] DbFile:41 - Overriding database path with different value: C:\Users\gamin\.stmcufinder\plugins\mcufinder/ => C:\Users\gamin\.stmcufinder\plugins\mcufinder
2024-09-16 19:22:25,837 [WARN] DbFile:41 - Overriding database path with different value: C:\Users\gamin\.stmcufinder\plugins\mcufinder/ => C:\Users\gamin\.stmcufinder\plugins\mcufinder
2024-09-16 19:22:25,837 [INFO] CrossReferenceDbSqlite:203 - Set database path to: C:\Users\gamin\.stmcufinder\plugins\mcufinder//mcu/cs/
2024-09-16 19:22:25,919 [INFO] MainPanel:268 - HeapMemory: 268435456
2024-09-16 19:22:25,992 [INFO] DbMcusXml:78 - Set database path to: E:\ST\STM32CubeIDE_1.9.0\STM32CubeIDE\plugins\com.st.stm32cube.common.mx_6.12.0.202406281431\\db\/mcu/
2024-09-16 19:22:25,992 [INFO] ApiDb:274 - Set plugin database path to: E:\ST\STM32CubeIDE_1.9.0\STM32CubeIDE\plugins\com.st.stm32cube.common.mx_6.12.0.202406281431\\db\/plugins/boardmanager/
2024-09-16 19:22:25,992 [INFO] ApiDb:261 - Set plugin images path to: E:\ST\STM32CubeIDE_1.9.0\STM32CubeIDE\plugins\com.st.stm32cube.common.mx_6.12.0.202406281431\\db\/plugins/mcufinder/images/
2024-09-16 19:22:25,992 [WARN] DbFile:41 - Overriding database path with different value: C:\Users\gamin\.stmcufinder\plugins\mcufinder/ => C:\Users\gamin\.stmcufinder\plugins\mcufinder
2024-09-16 19:22:25,992 [INFO] ApiDb:250 - Set database path to: C:\Users\gamin\.stmcufinder\plugins\mcufinder//mcu/
2024-09-16 19:22:25,992 [WARN] DbFile:41 - Overriding database path with different value: C:\Users\gamin\.stmcufinder\plugins\mcufinder/ => C:\Users\gamin\.stmcufinder\plugins\mcufinder
2024-09-16 19:22:25,993 [INFO] DbMcusAds:125 - Set database path to: C:\Users\gamin\.stmcufinder\plugins\mcufinder//mcu/
2024-09-16 19:22:25,993 [WARN] DbFile:41 - Overriding database path with different value: C:\Users\gamin\.stmcufinder\plugins\mcufinder/ => C:\Users\gamin\.stmcufinder\plugins\mcufinder
2024-09-16 19:22:25,993 [WARN] DbFile:41 - Overriding database path with different value: C:\Users\gamin\.stmcufinder\plugins\mcufinder/ => C:\Users\gamin\.stmcufinder\plugins\mcufinder
2024-09-16 19:22:25,993 [INFO] CrossReferenceDbSqlite:203 - Set database path to: C:\Users\gamin\.stmcufinder\plugins\mcufinder//mcu/cs/
2024-09-16 19:22:26,015 [INFO] ApplicationProperties:184 - Using Application install path: E:\ST\STM32CubeIDE_1.9.0\STM32CubeIDE\plugins\com.st.stm32cube.common.mx_6.12.0.202406281431
2024-09-16 19:22:26,017 [INFO] PluginManage:196 - Search for loadable plugins [exclusion list=, ]
2024-09-16 19:22:26,018 [INFO] PluginManage:310 - Check plugin analytics
2024-09-16 19:22:26,265 [INFO] AnalyticsPlugin:253 - Accepted Software Licenses: STM32CubeMX.6.10.0,STM32CubeMX.6.12.0
2024-09-16 19:22:26,265 [INFO] AnalyticsPlugin:255 - Accepted CMSIS Pack Licenses: 
2024-09-16 19:22:26,265 [INFO] AnalyticsPlugin:257 - Accepted Firmware Licenses: FW.F4.1.28.0,FW.L4.1.18.0,FW.H7.1.11.0,FW.H7.1.10.0
2024-09-16 19:22:26,266 [INFO] PluginManage:359 - Loaded plugin analytics (category:tool,tabindex:-1)
2024-09-16 19:22:26,267 [INFO] PluginManage:310 - Check plugin cadmodel
2024-09-16 19:22:26,271 [INFO] CADModel:105 - Init CAD model plugin
2024-09-16 19:22:26,271 [INFO] PluginManage:359 - Loaded plugin cadmodel (category:power,tabindex:5)
2024-09-16 19:22:26,271 [INFO] PluginManage:310 - Check plugin clock
2024-09-16 19:22:26,302 [INFO] PluginManage:359 - Loaded plugin clock (category:base,tabindex:2)
2024-09-16 19:22:26,303 [INFO] PluginManage:310 - Check plugin ddr
2024-09-16 19:22:26,308 [INFO] PluginManage:359 - Loaded plugin ddr (category:tool,tabindex:6)
2024-09-16 19:22:26,308 [INFO] PluginManage:310 - Check plugin filemanager
2024-09-16 19:22:26,524 [INFO] PluginManage:359 - Loaded plugin filemanager (category:base,tabindex:10)
2024-09-16 19:22:26,524 [INFO] PluginManage:310 - Check plugin ipmanager
2024-09-16 19:22:26,534 [INFO] PluginManage:359 - Loaded plugin ipmanager (category:base,tabindex:5)
2024-09-16 19:22:26,534 [INFO] PluginManage:310 - Check plugin lpbam
2024-09-16 19:22:26,547 [INFO] PluginManage:359 - Loaded plugin lpbam (category:base,tabindex:0)
2024-09-16 19:22:26,547 [INFO] PluginManage:310 - Check plugin memorymap
2024-09-16 19:22:26,561 [INFO] PluginManage:359 - Loaded plugin memorymap (category:base,tabindex:4)
2024-09-16 19:22:26,561 [INFO] PluginManage:310 - Check plugin pinoutandconfiguration
2024-09-16 19:22:26,570 [INFO] PluginManage:359 - Loaded plugin pinoutandconfiguration (category:base,tabindex:1)
2024-09-16 19:22:26,571 [INFO] PluginManage:310 - Check plugin pinoutconfig
2024-09-16 19:22:26,693 [WARN] SupportedApi:132 - Cannot load RTOS API schema: s4s-elt-must-match.1: The content of 'definitions' must match (annotation?, (simpleType | complexType)?, (unique | key | keyref)*)). A problem was found starting at: attribute.
2024-09-16 19:22:26,818 [INFO] PluginManage:359 - Loaded plugin pinoutconfig (category:base,tabindex:0)
2024-09-16 19:22:26,818 [INFO] PluginManage:310 - Check plugin power
2024-09-16 19:22:26,828 [INFO] PluginManage:359 - Loaded plugin power (category:power,tabindex:4)
2024-09-16 19:22:26,828 [INFO] PluginManage:310 - Check plugin projectmanager
2024-09-16 19:22:26,848 [INFO] PluginManage:359 - Loaded plugin projectmanager (category:projectmanager,tabindex:4)
2024-09-16 19:22:26,848 [INFO] PluginManage:310 - Check plugin rif
2024-09-16 19:22:26,853 [INFO] PluginManage:359 - Loaded plugin rif (category:base,tabindex:3)
2024-09-16 19:22:26,853 [INFO] PluginManage:310 - Check plugin thirdparty
2024-09-16 19:22:26,988 [INFO] PluginManage:359 - Loaded plugin thirdparty (category:base,tabindex:-1)
2024-09-16 19:22:26,987 [WARN] IntegrityCheckThread:84 - waiting for thirdparty lock release [integrity check]
2024-09-16 19:22:26,988 [INFO] PluginManage:310 - Check plugin tools
2024-09-16 19:22:26,988 [INFO] IntegrityCheckThread:86 - entering critical section [integrity check]
2024-09-16 19:22:26,989 [INFO] ThirdPartyUpdaterWithRetryManager:70 - Updater plugin not ready yet. [1/15]
2024-09-16 19:22:26,991 [INFO] PluginManage:359 - Loaded plugin tools (category:base,tabindex:7)
2024-09-16 19:22:26,991 [INFO] PluginManage:310 - Check plugin tutovideos
2024-09-16 19:22:27,204 [INFO] PluginManage:359 - Loaded plugin tutovideos (category:base,tabindex:-1)
2024-09-16 19:22:27,204 [INFO] PluginManage:310 - Check plugin updater
2024-09-16 19:22:27,232 [INFO] PluginManage:359 - Loaded plugin updater (category:base,tabindex:12)
2024-09-16 19:22:27,232 [INFO] PluginManage:310 - Check plugin userauth
2024-09-16 19:22:27,239 [INFO] UserAuth:113 - Init User Auth plugin
2024-09-16 19:22:27,239 [INFO] PluginManage:359 - Loaded plugin userauth (category:base,tabindex:14)
2024-09-16 19:22:27,239 [INFO] PluginManage:283 - PluginManage : Loaded plugins [18]
2024-09-16 19:22:27,492 [INFO] PinOutPanel:1561 - setPackage(No Configuration,No Configuration)
2024-09-16 19:22:27,594 [INFO] CADModel:165 - CPN selected for project level
2024-09-16 19:22:27,594 [INFO] CADModel:114 - Register for checkConnection events
2024-09-16 19:22:27,608 [INFO] IPUIPlugin:80 - create IPUIPlugin
2024-09-16 19:22:27,608 [INFO] PluginManager:220 - loadIPPluginJar : add adc
2024-09-16 19:22:27,610 [INFO] IPUIPlugin:80 - create IPUIPlugin
2024-09-16 19:22:27,610 [INFO] PluginManager:220 - loadIPPluginJar : add aes
2024-09-16 19:22:27,613 [INFO] IPUIPlugin:80 - create IPUIPlugin
2024-09-16 19:22:27,614 [INFO] PluginManager:220 - loadIPPluginJar : add can
2024-09-16 19:22:27,615 [INFO] IPUIPlugin:80 - create IPUIPlugin
2024-09-16 19:22:27,615 [INFO] PluginManager:220 - loadIPPluginJar : add comp
2024-09-16 19:22:27,617 [INFO] IPUIPlugin:80 - create IPUIPlugin
2024-09-16 19:22:27,617 [INFO] PluginManager:220 - loadIPPluginJar : add cryp
2024-09-16 19:22:27,619 [INFO] IPUIPlugin:80 - create IPUIPlugin
2024-09-16 19:22:27,619 [INFO] PluginManager:220 - loadIPPluginJar : add ddr_ctrl_phy
2024-09-16 19:22:27,621 [INFO] IPUIPlugin:80 - create IPUIPlugin
2024-09-16 19:22:27,621 [INFO] PluginManager:220 - loadIPPluginJar : add dfsdm
2024-09-16 19:22:27,625 [INFO] IPUIPlugin:80 - create IPUIPlugin
2024-09-16 19:22:27,626 [INFO] PluginManager:220 - loadIPPluginJar : add dma
2024-09-16 19:22:27,629 [INFO] IPUIPlugin:80 - create IPUIPlugin
2024-09-16 19:22:27,629 [INFO] PluginManager:220 - loadIPPluginJar : add dma3
2024-09-16 19:22:27,632 [INFO] IPUIPlugin:80 - create IPUIPlugin
2024-09-16 19:22:27,632 [INFO] PluginManager:220 - loadIPPluginJar : add extmemmanager
2024-09-16 19:22:27,634 [INFO] IPUIPlugin:80 - create IPUIPlugin
2024-09-16 19:22:27,634 [INFO] PluginManager:220 - loadIPPluginJar : add fatfs
2024-09-16 19:22:27,639 [INFO] IPUIPlugin:80 - create IPUIPlugin
2024-09-16 19:22:27,639 [INFO] PluginManager:220 - loadIPPluginJar : add fmc
2024-09-16 19:22:27,645 [INFO] IPUIPlugin:80 - create IPUIPlugin
2024-09-16 19:22:27,645 [INFO] PluginManager:220 - loadIPPluginJar : add freertos
2024-09-16 19:22:27,647 [INFO] IPUIPlugin:80 - create IPUIPlugin
2024-09-16 19:22:27,648 [INFO] PluginManager:220 - loadIPPluginJar : add genericplugin
2024-09-16 19:22:27,650 [INFO] IPUIPlugin:80 - create IPUIPlugin
2024-09-16 19:22:27,650 [INFO] PluginManager:220 - loadIPPluginJar : add gfxmmu
2024-09-16 19:22:27,657 [INFO] IPUIPlugin:80 - create IPUIPlugin
2024-09-16 19:22:27,658 [INFO] PluginManager:220 - loadIPPluginJar : add gic
2024-09-16 19:22:27,663 [INFO] IPUIPlugin:80 - create IPUIPlugin
2024-09-16 19:22:27,663 [INFO] PluginManager:220 - loadIPPluginJar : add gpio
2024-09-16 19:22:27,666 [INFO] IPUIPlugin:80 - create IPUIPlugin
2024-09-16 19:22:27,666 [INFO] PluginManager:220 - loadIPPluginJar : add gtzc
2024-09-16 19:22:27,669 [INFO] IPUIPlugin:80 - create IPUIPlugin
2024-09-16 19:22:27,669 [INFO] PluginManager:220 - loadIPPluginJar : add hash
2024-09-16 19:22:27,671 [INFO] IPUIPlugin:80 - create IPUIPlugin
2024-09-16 19:22:27,672 [INFO] PluginManager:220 - loadIPPluginJar : add i2c
2024-09-16 19:22:27,674 [INFO] IPUIPlugin:80 - create IPUIPlugin
2024-09-16 19:22:27,674 [INFO] PluginManager:220 - loadIPPluginJar : add i2s
2024-09-16 19:22:27,676 [INFO] IPUIPlugin:80 - create IPUIPlugin
2024-09-16 19:22:27,676 [INFO] PluginManager:220 - loadIPPluginJar : add i3c
2024-09-16 19:22:27,678 [INFO] IPUIPlugin:80 - create IPUIPlugin
2024-09-16 19:22:27,679 [INFO] PluginManager:220 - loadIPPluginJar : add ipddr
2024-09-16 19:22:27,685 [INFO] IPUIPlugin:80 - create IPUIPlugin
2024-09-16 19:22:27,685 [INFO] PluginManager:220 - loadIPPluginJar : add linkedlist
2024-09-16 19:22:27,687 [INFO] IPUIPlugin:80 - create IPUIPlugin
2024-09-16 19:22:27,688 [INFO] PluginManager:220 - loadIPPluginJar : add lorawan
2024-09-16 19:22:27,689 [INFO] IPUIPlugin:80 - create IPUIPlugin
2024-09-16 19:22:27,689 [INFO] PluginManager:220 - loadIPPluginJar : add ltdc
2024-09-16 19:22:27,694 [INFO] IPUIPlugin:80 - create IPUIPlugin
2024-09-16 19:22:27,694 [INFO] PluginManager:220 - loadIPPluginJar : add mdma
2024-09-16 19:22:27,697 [INFO] IPUIPlugin:80 - create IPUIPlugin
2024-09-16 19:22:27,697 [INFO] PluginManager:220 - loadIPPluginJar : add nvic
2024-09-16 19:22:27,699 [INFO] IPUIPlugin:80 - create IPUIPlugin
2024-09-16 19:22:27,699 [INFO] PluginManager:220 - loadIPPluginJar : add opamp
2024-09-16 19:22:27,701 [INFO] IPUIPlugin:80 - create IPUIPlugin
2024-09-16 19:22:27,701 [INFO] PluginManager:220 - loadIPPluginJar : add openamp
2024-09-16 19:22:27,704 [INFO] IPUIPlugin:80 - create IPUIPlugin
2024-09-16 19:22:27,704 [INFO] PluginManager:220 - loadIPPluginJar : add pdm2pcm
2024-09-16 19:22:27,710 [INFO] IPUIPlugin:80 - create IPUIPlugin
2024-09-16 19:22:27,714 [INFO] PluginManager:220 - loadIPPluginJar : add plateformsettings
2024-09-16 19:22:27,715 [INFO] IPUIPlugin:80 - create IPUIPlugin
2024-09-16 19:22:27,715 [INFO] PluginManager:220 - loadIPPluginJar : add quadspi
2024-09-16 19:22:27,717 [INFO] IPUIPlugin:80 - create IPUIPlugin
2024-09-16 19:22:27,718 [INFO] PluginManager:220 - loadIPPluginJar : add radio
2024-09-16 19:22:27,720 [INFO] IPUIPlugin:80 - create IPUIPlugin
2024-09-16 19:22:27,720 [INFO] PluginManager:220 - loadIPPluginJar : add resmgrutility
2024-09-16 19:22:27,723 [INFO] IPUIPlugin:80 - create IPUIPlugin
2024-09-16 19:22:27,723 [INFO] PluginManager:220 - loadIPPluginJar : add sai
2024-09-16 19:22:27,725 [INFO] IPUIPlugin:80 - create IPUIPlugin
2024-09-16 19:22:27,726 [INFO] PluginManager:220 - loadIPPluginJar : add spi
2024-09-16 19:22:27,732 [INFO] IPUIPlugin:80 - create IPUIPlugin
2024-09-16 19:22:27,732 [INFO] PluginManager:220 - loadIPPluginJar : add stm32_wpan
2024-09-16 19:22:27,733 [INFO] IPUIPlugin:80 - create IPUIPlugin
2024-09-16 19:22:27,733 [INFO] PluginManager:220 - loadIPPluginJar : add tim
2024-09-16 19:22:27,736 [INFO] IPUIPlugin:80 - create IPUIPlugin
2024-09-16 19:22:27,736 [INFO] PluginManager:220 - loadIPPluginJar : add touchsensing
2024-09-16 19:22:27,738 [INFO] IPUIPlugin:80 - create IPUIPlugin
2024-09-16 19:22:27,738 [INFO] PluginManager:220 - loadIPPluginJar : add tracer_emb
2024-09-16 19:22:27,739 [INFO] IPUIPlugin:80 - create IPUIPlugin
2024-09-16 19:22:27,740 [INFO] PluginManager:220 - loadIPPluginJar : add ts
2024-09-16 19:22:27,741 [INFO] IPUIPlugin:80 - create IPUIPlugin
2024-09-16 19:22:27,741 [INFO] PluginManager:220 - loadIPPluginJar : add tsc
2024-09-16 19:22:27,742 [INFO] IPUIPlugin:80 - create IPUIPlugin
2024-09-16 19:22:27,742 [INFO] PluginManager:220 - loadIPPluginJar : add ucpd
2024-09-16 19:22:27,744 [INFO] IPUIPlugin:80 - create IPUIPlugin
2024-09-16 19:22:27,744 [INFO] PluginManager:220 - loadIPPluginJar : add usart
2024-09-16 19:22:27,747 [INFO] IPUIPlugin:80 - create IPUIPlugin
2024-09-16 19:22:27,747 [INFO] PluginManager:220 - loadIPPluginJar : add usbx
2024-09-16 19:22:27,882 [INFO] CADModel:165 - CPN selected for project level
2024-09-16 19:22:27,882 [INFO] CADModel:114 - Register for checkConnection events
2024-09-16 19:22:27,882 [FATAL] Updater:334 - Updater called before beeing initialized
2024-09-16 19:22:27,882 [ERROR] CADModel:125 - Updater not yet initialized, retry later 
2024-09-16 19:22:28,007 [INFO] CADModel:165 - CPN selected for project level
2024-09-16 19:22:28,008 [INFO] CADModel:114 - Register for checkConnection events
2024-09-16 19:22:28,008 [FATAL] Updater:334 - Updater called before beeing initialized
2024-09-16 19:22:28,008 [ERROR] CADModel:125 - Updater not yet initialized, retry later 
2024-09-16 19:22:28,011 [FATAL] Updater:334 - Updater called before beeing initialized
2024-09-16 19:22:28,127 [FATAL] Updater:334 - Updater called before beeing initialized
2024-09-16 19:22:28,134 [INFO] DbMcusAds:53 - JSON generation date=Thu May 16 12:22:00 EEST 2024 (1715851320667)
2024-09-16 19:22:28,134 [FATAL] Updater:334 - Updater called before beeing initialized
2024-09-16 19:22:28,174 [WARN] DetailPanel:346 - Failed to get advertising image, set to default
2024-09-16 19:22:28,304 [FATAL] Updater:334 - Updater called before beeing initialized
2024-09-16 19:22:28,305 [FATAL] Updater:334 - Updater called before beeing initialized
2024-09-16 19:22:28,305 [FATAL] Updater:334 - Updater called before beeing initialized
2024-09-16 19:22:28,306 [WARN] DetailPanel:346 - Failed to get advertising image, set to default
2024-09-16 19:22:28,306 [FATAL] Updater:334 - Updater called before beeing initialized
2024-09-16 19:22:28,360 [ERROR] Updater:1164 - MainUpdater not yet initialized. External WinMGr cannot be set.
2024-09-16 19:22:28,363 [INFO] Updater:1100 - Updater Version found : 6.12.0
2024-09-16 19:22:28,387 [INFO] ApplicationProperties:184 - Using Application install path: E:\ST\STM32CubeIDE_1.9.0\STM32CubeIDE\plugins\com.st.stm32cube.common.mx_6.12.0.202406281431
2024-09-16 19:22:28,805 [INFO] MainUpdater:2873 - connection check result : 10
2024-09-16 19:22:28,806 [INFO] MainUpdater:290 - Updater Check For Update Now.
2024-09-16 19:22:28,807 [INFO] MicroXplorer:498 - Change Database Version : DB.6.0.120
2024-09-16 19:22:28,814 [INFO] McuFinderGlobals:63 - Set McuFinder mode to 2 (CubeIDE integrated)
2024-09-16 19:22:28,815 [INFO] UserAuth:417 - Internet connection configuration mode: 1
2024-09-16 19:22:28,833 [INFO] JxBrowserEngine:152 - Initiate JxBrowser Engine with user profile folder
2024-09-16 19:22:29,037 [INFO] CheckServerUpdateThread:120 - End of CheckServer Thread
2024-09-16 19:22:29,766 [INFO] WebApp:167 - Instantiating new browser for Auth
2024-09-16 19:22:30,297 [WARN] PackLoader:240 - Cannot read IP mode file for STMicroelectronics.FP-SNS-MOTENVWB1.1.4.0
2024-09-16 19:22:30,316 [WARN] PackLoader:240 - Cannot read IP mode file for STMicroelectronics.X-CUBE-SMBUS.2.1.0
2024-09-16 19:22:30,322 [WARN] PackLoader:240 - Cannot read IP mode file for STMicroelectronics.X-CUBE-TOUCHGFX.4.23.1
2024-09-16 19:22:30,325 [WARN] PackLoader:240 - Cannot read IP mode file for STMicroelectronics.X-CUBE-TOUCHGFX.4.23.0
2024-09-16 19:22:30,445 [WARN] PackLoader:240 - Cannot read IP mode file for STMicroelectronics.X-CUBE-MEMS1.9.2.0
2024-09-16 19:22:30,715 [WARN] PackLoader:240 - Cannot read IP mode file for STMicroelectronics.X-CUBE-TOUCHGFX.4.23.2
2024-09-16 19:22:30,756 [WARN] PackLoader:240 - Cannot read IP mode file for STMicroelectronics.X-CUBE-AZRTOS-F7.1.1.0
2024-09-16 19:22:30,770 [WARN] PackLoader:240 - Cannot read IP mode file for STMicroelectronics.X-CUBE-AI.7.1.0
2024-09-16 19:22:30,774 [WARN] PackLoader:240 - Cannot read IP mode file for STMicroelectronics.X-CUBE-TOUCHGFX.4.19.1
2024-09-16 19:22:30,782 [WARN] PackLoader:240 - Cannot read IP mode file for STMicroelectronics.FP-SNS-MOTENV1.4.3.2
2024-09-16 19:22:30,792 [WARN] PackLoader:240 - Cannot read IP mode file for STMicroelectronics.X-CUBE-BLE1.6.2.3
2024-09-16 19:22:30,873 [WARN] PackLoader:240 - Cannot read IP mode file for STMicroelectronics.X-CUBE-MEMS1.11.0.0
2024-09-16 19:22:30,991 [INFO] WebApp:448 - Apply proxy settings
2024-09-16 19:22:30,991 [INFO] WebApp:533 - Chromium requires no authentication
2024-09-16 19:22:31,006 [INFO] WebApp:476 - Direct internet connection detected
2024-09-16 19:22:31,056 [INFO] WebApp:869 - Register for checkConnection events
2024-09-16 19:22:31,056 [INFO] WebApp:448 - Apply proxy settings
2024-09-16 19:22:31,056 [INFO] WebApp:533 - Chromium requires no authentication
2024-09-16 19:22:31,057 [INFO] WebApp:476 - Direct internet connection detected
2024-09-16 19:22:31,081 [WARN] PackLoader:240 - Cannot read IP mode file for STMicroelectronics.FP-SNS-FLIGHT1.5.0.2
2024-09-16 19:22:31,087 [WARN] PackLoader:240 - Cannot read IP mode file for STMicroelectronics.X-CUBE-BLE2.3.2.2
2024-09-16 19:22:31,100 [WARN] PackLoader:240 - Cannot read IP mode file for STMicroelectronics.X-CUBE-TOF1.3.1.0
2024-09-16 19:22:31,115 [WARN] PackLoader:240 - Cannot read IP mode file for STMicroelectronics.X-CUBE-DISPLAY.3.0.0
2024-09-16 19:22:31,125 [WARN] PackLoader:240 - Cannot read IP mode file for STMicroelectronics.X-CUBE-BLE1.7.0.0
2024-09-16 19:22:31,185 [WARN] PackLoader:240 - Cannot read IP mode file for STMicroelectronics.X-CUBE-MEMS1.9.3.0
2024-09-16 19:22:31,342 [WARN] PackLoader:240 - Cannot read IP mode file for STMicroelectronics.X-CUBE-AI.7.2.0
2024-09-16 19:22:31,354 [WARN] PackLoader:240 - Cannot read IP mode file for STMicroelectronics.X-CUBE-BLEMGR.3.1.0
2024-09-16 19:22:31,362 [WARN] PackLoader:240 - Cannot read IP mode file for STMicroelectronics.FP-SNS-SMARTAG2.1.2.0
2024-09-16 19:22:31,374 [INFO] LogOutputStream:77 - [STDOUT_REDIRECT] 1 : Invalid condition id : UX_CORESTACK_Condition cause : null
2024-09-16 19:22:31,375 [INFO] LogOutputStream:77 - [STDOUT_REDIRECT] 1 : Invalid condition id : UX_CORESTACK_Condition cause : null
2024-09-16 19:22:31,378 [INFO] LogOutputStream:77 - [STDOUT_REDIRECT] 1 : Invalid condition id : UX_CORESTACK_Condition cause : null
2024-09-16 19:22:31,381 [INFO] LogOutputStream:77 - [STDOUT_REDIRECT] 1 : Invalid condition id : UX_CORESTACK_Condition cause : null
2024-09-16 19:22:31,383 [INFO] LogOutputStream:77 - [STDOUT_REDIRECT] 1 : Invalid condition id : UX_CORESTACK_Condition cause : null
2024-09-16 19:22:31,387 [WARN] PackLoader:240 - Cannot read IP mode file for STMicroelectronics.X-CUBE-AZRTOS-WL.2.0.0
2024-09-16 19:22:31,393 [WARN] PackLoader:240 - Cannot read IP mode file for STMicroelectronics.FP-SNS-MOTENV1.5.0.0
2024-09-16 19:22:31,395 [INFO] WebApp:186 - Connection restablished
2024-09-16 19:22:31,401 [WARN] PackLoader:240 - Cannot read IP mode file for wolfSSL.I-CUBE-wolfMQTT.1.19.0
2024-09-16 19:22:31,411 [WARN] PackLoader:240 - Cannot read IP mode file for WES.I-CUBE-Cesium.1.3.0
2024-09-16 19:22:31,417 [WARN] PackLoader:240 - Cannot read IP mode file for STMicroelectronics.X-CUBE-BLE2.3.3.0
2024-09-16 19:22:31,422 [INFO] WebApp:220 - Starting web application
2024-09-16 19:22:31,422 [INFO] WebApp:578 - Web application path used E:\ST\STM32CubeIDE_1.9.0\STM32CubeIDE\plugins\com.st.stm32cube.common.mx_6.12.0.202406281431\db\plugins\mcufinder\reactClient1\index.html
2024-09-16 19:22:31,423 [WARN] PackLoader:240 - Cannot read IP mode file for STMicroelectronics.X-CUBE-DISPLAY.2.2.0
2024-09-16 19:22:31,432 [WARN] PackLoader:240 - Cannot read IP mode file for STMicroelectronics.X-CUBE-ISPU.1.0.0
2024-09-16 19:22:31,457 [WARN] PackLoader:240 - Cannot read IP mode file for STMicroelectronics.X-CUBE-AZRTOS-H7.2.1.0
2024-09-16 19:22:31,467 [WARN] PackLoader:240 - Cannot read IP mode file for STMicroelectronics.X-CUBE-TCPP.4.1.0
2024-09-16 19:22:31,477 [WARN] PackLoader:240 - Cannot read IP mode file for STMicroelectronics.X-CUBE-ALGOBUILD.1.3.0
2024-09-16 19:22:31,506 [WARN] PackLoader:240 - Cannot read IP mode file for STMicroelectronics.X-CUBE-AZRTOS-G0.1.1.0
2024-09-16 19:22:31,517 [WARN] PackLoader:240 - Cannot read IP mode file for STMicroelectronics.X-CUBE-SAFEA1.1.2.2
2024-09-16 19:22:31,524 [WARN] PackLoader:240 - Cannot read IP mode file for STMicroelectronics.X-CUBE-NFC4.3.0.0
2024-09-16 19:22:31,577 [WARN] PackLoader:240 - Cannot read IP mode file for SEGGER.I-CUBE-embOS.1.2.0
2024-09-16 19:22:31,632 [WARN] PackLoader:240 - Cannot read IP mode file for wolfSSL.I-CUBE-wolfMQTT.1.18.0
2024-09-16 19:22:31,645 [WARN] PackLoader:240 - Cannot read IP mode file for EmbeddedOffice.I-CUBE-FS-RTOS.1.0.1
2024-09-16 19:22:31,646 [ERROR] ConditionMgr:805 - Attr not supported : Dmpu
2024-09-16 19:22:31,646 [ERROR] ConditionMgr:805 - Attr not supported : Dmpu
2024-09-16 19:22:31,646 [ERROR] ConditionMgr:805 - Attr not supported : Dmpu
2024-09-16 19:22:31,646 [ERROR] ConditionMgr:805 - Attr not supported : Dmpu
2024-09-16 19:22:31,646 [ERROR] ConditionMgr:805 - Attr not supported : Dmpu
2024-09-16 19:22:31,646 [ERROR] ConditionMgr:805 - Attr not supported : Dmpu
2024-09-16 19:22:31,647 [ERROR] ConditionMgr:805 - Attr not supported : Dmpu
2024-09-16 19:22:31,647 [ERROR] ConditionMgr:805 - Attr not supported : Dmpu
2024-09-16 19:22:31,647 [ERROR] ConditionMgr:805 - Attr not supported : Dmpu
2024-09-16 19:22:31,647 [ERROR] ConditionMgr:805 - Attr not supported : Dmpu
2024-09-16 19:22:31,647 [ERROR] ConditionMgr:805 - Attr not supported : Dmpu
2024-09-16 19:22:31,647 [ERROR] ConditionMgr:805 - Attr not supported : Dmpu
2024-09-16 19:22:31,647 [ERROR] ConditionMgr:805 - Attr not supported : Dmpu
2024-09-16 19:22:31,648 [ERROR] ConditionMgr:805 - Attr not supported : Dmpu
2024-09-16 19:22:31,648 [ERROR] ConditionMgr:805 - Attr not supported : Dmpu
2024-09-16 19:22:31,648 [ERROR] ConditionMgr:805 - Attr not supported : Dmpu
2024-09-16 19:22:31,648 [ERROR] ConditionMgr:805 - Attr not supported : Dmpu
2024-09-16 19:22:31,648 [ERROR] ConditionMgr:805 - Attr not supported : Dmpu
2024-09-16 19:22:31,648 [ERROR] ConditionMgr:805 - Attr not supported : Dmpu
2024-09-16 19:22:31,648 [ERROR] ConditionMgr:805 - Attr not supported : Dmpu
2024-09-16 19:22:31,648 [ERROR] ConditionMgr:805 - Attr not supported : Dmpu
2024-09-16 19:22:31,648 [ERROR] ConditionMgr:805 - Attr not supported : Dmpu
2024-09-16 19:22:31,648 [ERROR] ConditionMgr:805 - Attr not supported : Dmpu
2024-09-16 19:22:31,649 [ERROR] ConditionMgr:805 - Attr not supported : Dmpu
2024-09-16 19:22:31,649 [ERROR] ConditionMgr:805 - Attr not supported : Dmpu
2024-09-16 19:22:31,649 [ERROR] ConditionMgr:805 - Attr not supported : Dmpu
2024-09-16 19:22:31,649 [ERROR] ConditionMgr:805 - Attr not supported : Dmpu
2024-09-16 19:22:31,649 [ERROR] ConditionMgr:805 - Attr not supported : Dmpu
2024-09-16 19:22:31,649 [ERROR] ConditionMgr:805 - Attr not supported : Dmpu
2024-09-16 19:22:31,649 [ERROR] ConditionMgr:805 - Attr not supported : Dmpu
2024-09-16 19:22:31,649 [ERROR] ConditionMgr:805 - Attr not supported : Dmpu
2024-09-16 19:22:31,649 [ERROR] ConditionMgr:805 - Attr not supported : Dmpu
2024-09-16 19:22:31,650 [ERROR] ConditionMgr:805 - Attr not supported : Dmpu
2024-09-16 19:22:31,650 [ERROR] ConditionMgr:805 - Attr not supported : Dmpu
2024-09-16 19:22:31,650 [ERROR] ConditionMgr:805 - Attr not supported : Dmpu
2024-09-16 19:22:31,650 [ERROR] ConditionMgr:805 - Attr not supported : Dmpu
2024-09-16 19:22:31,650 [ERROR] ConditionMgr:805 - Attr not supported : Dmpu
2024-09-16 19:22:31,650 [ERROR] ConditionMgr:805 - Attr not supported : Dmpu
2024-09-16 19:22:31,650 [ERROR] ConditionMgr:805 - Attr not supported : Dmpu
2024-09-16 19:22:31,650 [ERROR] ConditionMgr:805 - Attr not supported : Dmpu
2024-09-16 19:22:31,650 [ERROR] ConditionMgr:805 - Attr not supported : Dmpu
2024-09-16 19:22:31,651 [ERROR] ConditionMgr:805 - Attr not supported : Dmpu
2024-09-16 19:22:31,651 [ERROR] ConditionMgr:805 - Attr not supported : Dmpu
2024-09-16 19:22:31,651 [ERROR] ConditionMgr:805 - Attr not supported : Dmpu
2024-09-16 19:22:31,651 [ERROR] ConditionMgr:805 - Attr not supported : Dmpu
2024-09-16 19:22:31,651 [ERROR] ConditionMgr:805 - Attr not supported : Dmpu
2024-09-16 19:22:31,651 [ERROR] ConditionMgr:805 - Attr not supported : Dmpu
2024-09-16 19:22:31,651 [ERROR] ConditionMgr:805 - Attr not supported : Dmpu
2024-09-16 19:22:31,651 [ERROR] ConditionMgr:805 - Attr not supported : Dmpu
2024-09-16 19:22:31,652 [ERROR] ConditionMgr:805 - Attr not supported : Dmpu
2024-09-16 19:22:31,652 [ERROR] ConditionMgr:805 - Attr not supported : Dmpu
2024-09-16 19:22:31,652 [ERROR] ConditionMgr:805 - Attr not supported : Dmpu
2024-09-16 19:22:31,652 [ERROR] ConditionMgr:805 - Attr not supported : Dmpu
2024-09-16 19:22:31,652 [ERROR] ConditionMgr:805 - Attr not supported : Dmpu
2024-09-16 19:22:31,652 [ERROR] ConditionMgr:805 - Attr not supported : Dmpu
2024-09-16 19:22:31,652 [ERROR] ConditionMgr:805 - Attr not supported : Dmpu
2024-09-16 19:22:31,652 [ERROR] ConditionMgr:805 - Attr not supported : Dmpu
2024-09-16 19:22:31,653 [ERROR] ConditionMgr:805 - Attr not supported : Dmpu
2024-09-16 19:22:31,653 [ERROR] ConditionMgr:805 - Attr not supported : Dmpu
2024-09-16 19:22:31,653 [ERROR] ConditionMgr:805 - Attr not supported : Dmpu
2024-09-16 19:22:31,653 [ERROR] ConditionMgr:805 - Attr not supported : Dmpu
2024-09-16 19:22:31,653 [ERROR] ConditionMgr:805 - Attr not supported : Dmpu
2024-09-16 19:22:31,653 [ERROR] ConditionMgr:805 - Attr not supported : Dmpu
2024-09-16 19:22:31,653 [ERROR] ConditionMgr:805 - Attr not supported : Dmpu
2024-09-16 19:22:31,664 [WARN] PackLoader:240 - Cannot read IP mode file for STMicroelectronics.X-CUBE-BLEMGR.3.0.0
2024-09-16 19:22:31,674 [WARN] PackLoader:240 - Cannot read IP mode file for RealThread.X-CUBE-RT-Thread_Nano.4.1.1
2024-09-16 19:22:31,679 [WARN] PackLoader:240 - Cannot read IP mode file for STMicroelectronics.FP-ATR-SIGFOX1.3.2.0
2024-09-16 19:22:31,688 [INFO] UserAuth:417 - Internet connection configuration mode: 1
2024-09-16 19:22:31,688 [WARN] PackLoader:240 - Cannot read IP mode file for STMicroelectronics.X-CUBE-EEPRMA1.5.1.0
2024-09-16 19:22:31,698 [WARN] PackLoader:240 - Cannot read IP mode file for emotas.I-CUBE-CANOPEN.1.1.2
2024-09-16 19:22:31,701 [WARN] PackLoader:240 - Cannot read IP mode file for STMicroelectronics.X-CUBE-TOUCHGFX.4.20.0
2024-09-16 19:22:31,742 [WARN] PackLoader:240 - Cannot read IP mode file for SEGGER.I-CUBE-embOS.1.3.1
2024-09-16 19:22:31,807 [WARN] PackLoader:240 - Cannot read IP mode file for STMicroelectronics.X-CUBE-ALGOBUILD.1.4.0
2024-09-16 19:22:31,816 [WARN] PackLoader:240 - Cannot read IP mode file for STMicroelectronics.X-CUBE-TOF1.3.0.0
2024-09-16 19:22:31,826 [WARN] PackLoader:240 - Cannot read IP mode file for STMicroelectronics.X-CUBE-GNSS1.6.0.0
2024-09-16 19:22:31,859 [WARN] PackLoader:240 - Cannot read IP mode file for STMicroelectronics.X-CUBE-AZRTOS-F4.1.1.0
2024-09-16 19:22:31,871 [WARN] PackLoader:240 - Cannot read IP mode file for STMicroelectronics.X-CUBE-FREERTOS.1.2.0
2024-09-16 19:22:31,880 [WARN] PackLoader:240 - Cannot read IP mode file for STMicroelectronics.X-CUBE-BLEMGR.1.2.0
2024-09-16 19:22:31,906 [WARN] PackLoader:240 - Cannot read IP mode file for STMicroelectronics.X-CUBE-AZRTOS-L5.2.0.0
2024-09-16 19:22:31,919 [WARN] PackLoader:240 - Cannot read IP mode file for STMicroelectronics.X-CUBE-NFC6.3.1.0
2024-09-16 19:22:31,931 [WARN] PackLoader:240 - Cannot read IP mode file for ITTIA_DB.I-CUBE-ITTIADB.8.8.0
2024-09-16 19:22:31,938 [WARN] PackLoader:240 - Cannot read IP mode file for STMicroelectronics.X-CUBE-DPower.1.2.0
2024-09-16 19:22:31,944 [WARN] PackLoader:240 - Cannot read IP mode file for STMicroelectronics.X-CUBE-NFC4.2.0.4
2024-09-16 19:22:31,949 [WARN] PackLoader:240 - Cannot read IP mode file for STMicroelectronics.X-CUBE-AI.9.0.0
2024-09-16 19:22:31,958 [WARN] PackLoader:240 - Cannot read IP mode file for STMicroelectronics.X-CUBE-SFXS2LP1.3.1.0
2024-09-16 19:22:31,981 [WARN] PackLoader:240 - Cannot read IP mode file for STMicroelectronics.X-CUBE-AZRTOS-F4.1.0.0
2024-09-16 19:22:31,991 [WARN] PackLoader:240 - Cannot read IP mode file for STMicroelectronics.X-CUBE-NFC7.1.0.1
2024-09-16 19:22:31,998 [WARN] PackLoader:240 - Cannot read IP mode file for STMicroelectronics.X-CUBE-NFC7.1.0.0
2024-09-16 19:22:32,004 [WARN] PackLoader:240 - Cannot read IP mode file for wolfSSL.I-CUBE-wolfTPM.3.2.0
2024-09-16 19:22:32,012 [WARN] PackLoader:240 - Cannot read IP mode file for STMicroelectronics.X-CUBE-NFC6.3.0.0
2024-09-16 19:22:32,018 [WARN] PackLoader:240 - Cannot read IP mode file for STMicroelectronics.X-CUBE-AI.8.1.0
2024-09-16 19:22:32,039 [WARN] PackLoader:240 - Cannot read IP mode file for STMicroelectronics.X-CUBE-AZRTOS-G0.1.0.0
2024-09-16 19:22:32,069 [WARN] ConditionMgr:438 - getConditionDescription Invalid condition id : LAN8742 Phy interface Condition cause : null
2024-09-16 19:22:32,070 [WARN] PackLoader:240 - Cannot read IP mode file for STMicroelectronics.X-CUBE-AZRTOS-L4.2.0.0
2024-09-16 19:22:32,072 [WARN] ConditionMgr:1039 - genDependencies : Invalid condition id : LAN8742 Phy interface Condition cause : null
2024-09-16 19:22:32,072 [WARN] ConditionMgr:1039 - genDependencies : Invalid condition id : LAN8742 Phy interface Condition cause : null
2024-09-16 19:22:32,073 [WARN] ConditionMgr:1039 - genDependencies : Invalid condition id : LAN8742 Phy interface Condition cause : null
2024-09-16 19:22:32,082 [WARN] PackLoader:240 - Cannot read IP mode file for STMicroelectronics.X-CUBE-SFXS2LP1.4.0.0
2024-09-16 19:22:32,111 [WARN] PackLoader:240 - Cannot read IP mode file for STMicroelectronics.X-CUBE-AZRTOS-H7.3.3.0
2024-09-16 19:22:32,125 [WARN] PackLoader:240 - Cannot read IP mode file for RoweBots.I-CUBE-UNISONRTOS.5.5.0-4
2024-09-16 19:22:32,146 [WARN] ConditionMgr:438 - getConditionDescription Invalid condition id : UX DEVICE CLASS RTOS Condition cause : null
2024-09-16 19:22:32,147 [WARN] ConditionMgr:438 - getConditionDescription Invalid condition id : UX DEVICE CLASS RTOS Condition cause : null
2024-09-16 19:22:32,150 [WARN] PackLoader:240 - Cannot read IP mode file for STMicroelectronics.X-CUBE-AZRTOS-WB.2.0.0
2024-09-16 19:22:32,151 [WARN] ConditionMgr:1039 - genDependencies : Invalid condition id : UX DEVICE CLASS RTOS Condition cause : null
2024-09-16 19:22:32,151 [WARN] ConditionMgr:1039 - genDependencies : Invalid condition id : UX DEVICE CLASS RTOS Condition cause : null
2024-09-16 19:22:32,152 [WARN] ConditionMgr:1039 - genDependencies : Invalid condition id : UX DEVICE CLASS RTOS Condition cause : null
2024-09-16 19:22:32,152 [WARN] ConditionMgr:1039 - genDependencies : Invalid condition id : UX DEVICE CLASS RTOS Condition cause : null
2024-09-16 19:22:32,153 [WARN] ConditionMgr:1039 - genDependencies : Invalid condition id : UX DEVICE CLASS RTOS Condition cause : null
2024-09-16 19:22:32,159 [WARN] PackLoader:240 - Cannot read IP mode file for STMicroelectronics.X-CUBE-GNSS1.7.0.0
2024-09-16 19:22:32,168 [WARN] PackLoader:240 - Cannot read IP mode file for STMicroelectronics.X-CUBE-BLEMGR.1.0.0
2024-09-16 19:22:32,178 [WARN] PackLoader:240 - Cannot read IP mode file for STMicroelectronics.FP-SNS-STBOX1.2.0.0
2024-09-16 19:22:32,195 [WARN] PackLoader:240 - Cannot read IP mode file for STMicroelectronics.X-CUBE-SUBG2.5.0.0
2024-09-16 19:22:32,231 [WARN] PackLoader:240 - Cannot read IP mode file for STMicroelectronics.X-CUBE-AZRTOS-G4.2.0.0
2024-09-16 19:22:32,240 [WARN] PackLoader:240 - Cannot read IP mode file for STMicroelectronics.FP-ATR-ASTRA1.1.1.1
2024-09-16 19:22:32,257 [WARN] PackLoader:240 - Cannot read IP mode file for Infineon.AIROC-Wi-Fi-Bluetooth-STM32.1.5.1
2024-09-16 19:22:32,268 [WARN] PackLoader:240 - Cannot read IP mode file for STMicroelectronics.FP-SNS-MOTENVWB1.1.3.1
2024-09-16 19:22:32,285 [WARN] PackLoader:240 - Cannot read IP mode file for STMicroelectronics.X-CUBE-AZRTOS-G4.1.0.0
2024-09-16 19:22:32,292 [WARN] PackLoader:240 - Cannot read IP mode file for wolfSSL.I-CUBE-wolfSSL.5.3.0
2024-09-16 19:22:32,315 [WARN] PackLoader:240 - Cannot read IP mode file for STMicroelectronics.X-CUBE-AZRTOS-L4.1.0.0
2024-09-16 19:22:32,322 [WARN] PackLoader:240 - Cannot read IP mode file for STMicroelectronics.X-CUBE-ISPU.2.0.0
2024-09-16 19:22:32,327 [WARN] PackLoader:240 - Cannot read IP mode file for STMicroelectronics.X-CUBE-ALS.1.0.2
2024-09-16 19:22:32,383 [WARN] PackLoader:240 - Cannot read IP mode file for STMicroelectronics.X-CUBE-MEMS1.10.0.0
2024-09-16 19:22:32,551 [WARN] PackLoader:240 - Cannot read IP mode file for STMicroelectronics.X-CUBE-FREERTOS.1.1.0
2024-09-16 19:22:32,554 [WARN] PackLoader:240 - Cannot read IP mode file for STMicroelectronics.X-CUBE-TOUCHGFX.4.24.0
2024-09-16 19:22:32,573 [WARN] PackLoader:240 - Cannot read IP mode file for STMicroelectronics.X-CUBE-AZRTOS-F7.1.0.0
2024-09-16 19:22:32,597 [WARN] PackLoader:240 - Cannot read IP mode file for STMicroelectronics.X-CUBE-AZRTOS-WL.1.0.0
2024-09-16 19:22:32,605 [WARN] PackLoader:240 - Cannot read IP mode file for portGmbH.I-Cube-SoM-uGOAL.1.1.0
2024-09-16 19:22:32,610 [WARN] PackLoader:240 - Cannot read IP mode file for STMicroelectronics.X-CUBE-ALS.1.0.1
2024-09-16 19:22:32,632 [WARN] PackLoader:240 - Cannot read IP mode file for STMicroelectronics.X-CUBE-AZRTOS-L5.1.0.0
2024-09-16 19:22:32,639 [WARN] PackLoader:240 - Cannot read IP mode file for STMicroelectronics.X-CUBE-EEPRMA1.3.1.1
2024-09-16 19:22:32,665 [WARN] PackLoader:240 - Cannot read IP mode file for STMicroelectronics.X-CUBE-AZRTOS-H7RS.1.0.0
2024-09-16 19:22:32,679 [WARN] PackLoader:240 - Cannot read IP mode file for STMicroelectronics.X-CUBE-GNSS1.5.2.0
2024-09-16 19:22:32,685 [WARN] PackLoader:240 - Cannot read IP mode file for STMicroelectronics.FP-ATR-ASTRA1.2.0.0
2024-09-16 19:22:32,697 [WARN] PackLoader:240 - Cannot read IP mode file for STMicroelectronics.X-CUBE-TOF1.3.4.2
2024-09-16 19:22:32,725 [WARN] PackLoader:240 - Cannot read IP mode file for STMicroelectronics.X-CUBE-TOF1.3.4.0
2024-09-16 19:22:32,753 [WARN] PackLoader:240 - Cannot read IP mode file for STMicroelectronics.X-CUBE-TOF1.3.4.1
2024-09-16 19:22:32,792 [WARN] PackLoader:240 - Cannot read IP mode file for STMicroelectronics.X-CUBE-AZRTOS-H7.3.2.0
2024-09-16 19:22:32,802 [WARN] PackLoader:240 - Cannot read IP mode file for wolfSSL.I-CUBE-wolfSSH.1.4.17
2024-09-16 19:22:32,803 [INFO] ThirdParty:978 - Integrity check success = true
2024-09-16 19:22:32,803 [INFO] IntegrityCheckThread:100 - exiting critical section [integrity check]
2024-09-16 19:22:32,803 [INFO] IntegrityCheckThread:103 - End integrity checks thread
2024-09-16 19:22:55,924 [ERROR] LogOutputStream:75 - [STDERR_REDIRECT] 
