ARM GAS  C:\Users\gamin\AppData\Local\Temp\ccs06oSe.s 			page 1


   1              		.cpu cortex-m4
   2              		.arch armv7e-m
   3              		.fpu fpv4-sp-d16
   4              		.eabi_attribute 27, 1
   5              		.eabi_attribute 28, 1
   6              		.eabi_attribute 20, 1
   7              		.eabi_attribute 21, 1
   8              		.eabi_attribute 23, 3
   9              		.eabi_attribute 24, 1
  10              		.eabi_attribute 25, 1
  11              		.eabi_attribute 26, 1
  12              		.eabi_attribute 30, 1
  13              		.eabi_attribute 34, 1
  14              		.eabi_attribute 18, 4
  15              		.file	"stm32f4xx_hal_msp.c"
  16              		.text
  17              	.Ltext0:
  18              		.cfi_sections	.debug_frame
  19              		.file 1 "Core/Src/stm32f4xx_hal_msp.c"
  20              		.section	.text.HAL_MspInit,"ax",%progbits
  21              		.align	1
  22              		.global	HAL_MspInit
  23              		.syntax unified
  24              		.thumb
  25              		.thumb_func
  27              	HAL_MspInit:
  28              	.LFB239:
   1:Core/Src/stm32f4xx_hal_msp.c **** /* USER CODE BEGIN Header */
   2:Core/Src/stm32f4xx_hal_msp.c **** /**
   3:Core/Src/stm32f4xx_hal_msp.c ****   ******************************************************************************
   4:Core/Src/stm32f4xx_hal_msp.c ****   * @file         stm32f4xx_hal_msp.c
   5:Core/Src/stm32f4xx_hal_msp.c ****   * @brief        This file provides code for the MSP Initialization
   6:Core/Src/stm32f4xx_hal_msp.c ****   *               and de-Initialization codes.
   7:Core/Src/stm32f4xx_hal_msp.c ****   ******************************************************************************
   8:Core/Src/stm32f4xx_hal_msp.c ****   * @attention
   9:Core/Src/stm32f4xx_hal_msp.c ****   *
  10:Core/Src/stm32f4xx_hal_msp.c ****   * Copyright (c) 2024 STMicroelectronics.
  11:Core/Src/stm32f4xx_hal_msp.c ****   * All rights reserved.
  12:Core/Src/stm32f4xx_hal_msp.c ****   *
  13:Core/Src/stm32f4xx_hal_msp.c ****   * This software is licensed under terms that can be found in the LICENSE file
  14:Core/Src/stm32f4xx_hal_msp.c ****   * in the root directory of this software component.
  15:Core/Src/stm32f4xx_hal_msp.c ****   * If no LICENSE file comes with this software, it is provided AS-IS.
  16:Core/Src/stm32f4xx_hal_msp.c ****   *
  17:Core/Src/stm32f4xx_hal_msp.c ****   ******************************************************************************
  18:Core/Src/stm32f4xx_hal_msp.c ****   */
  19:Core/Src/stm32f4xx_hal_msp.c **** /* USER CODE END Header */
  20:Core/Src/stm32f4xx_hal_msp.c **** 
  21:Core/Src/stm32f4xx_hal_msp.c **** /* Includes ------------------------------------------------------------------*/
  22:Core/Src/stm32f4xx_hal_msp.c **** #include "main.h"
  23:Core/Src/stm32f4xx_hal_msp.c **** 
  24:Core/Src/stm32f4xx_hal_msp.c **** /* USER CODE BEGIN Includes */
  25:Core/Src/stm32f4xx_hal_msp.c **** 
  26:Core/Src/stm32f4xx_hal_msp.c **** /* USER CODE END Includes */
  27:Core/Src/stm32f4xx_hal_msp.c **** extern DMA_HandleTypeDef hdma_adc1;
  28:Core/Src/stm32f4xx_hal_msp.c **** 
  29:Core/Src/stm32f4xx_hal_msp.c **** /* Private typedef -----------------------------------------------------------*/
  30:Core/Src/stm32f4xx_hal_msp.c **** /* USER CODE BEGIN TD */
ARM GAS  C:\Users\gamin\AppData\Local\Temp\ccs06oSe.s 			page 2


  31:Core/Src/stm32f4xx_hal_msp.c **** 
  32:Core/Src/stm32f4xx_hal_msp.c **** /* USER CODE END TD */
  33:Core/Src/stm32f4xx_hal_msp.c **** 
  34:Core/Src/stm32f4xx_hal_msp.c **** /* Private define ------------------------------------------------------------*/
  35:Core/Src/stm32f4xx_hal_msp.c **** /* USER CODE BEGIN Define */
  36:Core/Src/stm32f4xx_hal_msp.c **** 
  37:Core/Src/stm32f4xx_hal_msp.c **** /* USER CODE END Define */
  38:Core/Src/stm32f4xx_hal_msp.c **** 
  39:Core/Src/stm32f4xx_hal_msp.c **** /* Private macro -------------------------------------------------------------*/
  40:Core/Src/stm32f4xx_hal_msp.c **** /* USER CODE BEGIN Macro */
  41:Core/Src/stm32f4xx_hal_msp.c **** 
  42:Core/Src/stm32f4xx_hal_msp.c **** /* USER CODE END Macro */
  43:Core/Src/stm32f4xx_hal_msp.c **** 
  44:Core/Src/stm32f4xx_hal_msp.c **** /* Private variables ---------------------------------------------------------*/
  45:Core/Src/stm32f4xx_hal_msp.c **** /* USER CODE BEGIN PV */
  46:Core/Src/stm32f4xx_hal_msp.c **** 
  47:Core/Src/stm32f4xx_hal_msp.c **** /* USER CODE END PV */
  48:Core/Src/stm32f4xx_hal_msp.c **** 
  49:Core/Src/stm32f4xx_hal_msp.c **** /* Private function prototypes -----------------------------------------------*/
  50:Core/Src/stm32f4xx_hal_msp.c **** /* USER CODE BEGIN PFP */
  51:Core/Src/stm32f4xx_hal_msp.c **** 
  52:Core/Src/stm32f4xx_hal_msp.c **** /* USER CODE END PFP */
  53:Core/Src/stm32f4xx_hal_msp.c **** 
  54:Core/Src/stm32f4xx_hal_msp.c **** /* External functions --------------------------------------------------------*/
  55:Core/Src/stm32f4xx_hal_msp.c **** /* USER CODE BEGIN ExternalFunctions */
  56:Core/Src/stm32f4xx_hal_msp.c **** 
  57:Core/Src/stm32f4xx_hal_msp.c **** /* USER CODE END ExternalFunctions */
  58:Core/Src/stm32f4xx_hal_msp.c **** 
  59:Core/Src/stm32f4xx_hal_msp.c **** /* USER CODE BEGIN 0 */
  60:Core/Src/stm32f4xx_hal_msp.c **** 
  61:Core/Src/stm32f4xx_hal_msp.c **** /* USER CODE END 0 */
  62:Core/Src/stm32f4xx_hal_msp.c **** 
  63:Core/Src/stm32f4xx_hal_msp.c **** void HAL_TIM_MspPostInit(TIM_HandleTypeDef *htim);
  64:Core/Src/stm32f4xx_hal_msp.c ****                     /**
  65:Core/Src/stm32f4xx_hal_msp.c ****   * Initializes the Global MSP.
  66:Core/Src/stm32f4xx_hal_msp.c ****   */
  67:Core/Src/stm32f4xx_hal_msp.c **** void HAL_MspInit(void)
  68:Core/Src/stm32f4xx_hal_msp.c **** {
  29              		.loc 1 68 1 view -0
  30              		.cfi_startproc
  31              		@ args = 0, pretend = 0, frame = 8
  32              		@ frame_needed = 0, uses_anonymous_args = 0
  33 0000 00B5     		push	{lr}
  34              		.cfi_def_cfa_offset 4
  35              		.cfi_offset 14, -4
  36 0002 83B0     		sub	sp, sp, #12
  37              		.cfi_def_cfa_offset 16
  69:Core/Src/stm32f4xx_hal_msp.c ****   /* USER CODE BEGIN MspInit 0 */
  70:Core/Src/stm32f4xx_hal_msp.c **** 
  71:Core/Src/stm32f4xx_hal_msp.c ****   /* USER CODE END MspInit 0 */
  72:Core/Src/stm32f4xx_hal_msp.c **** 
  73:Core/Src/stm32f4xx_hal_msp.c ****   __HAL_RCC_SYSCFG_CLK_ENABLE();
  38              		.loc 1 73 3 view .LVU1
  39              	.LBB2:
  40              		.loc 1 73 3 view .LVU2
  41 0004 0021     		movs	r1, #0
  42 0006 0091     		str	r1, [sp]
ARM GAS  C:\Users\gamin\AppData\Local\Temp\ccs06oSe.s 			page 3


  43              		.loc 1 73 3 view .LVU3
  44 0008 0C4B     		ldr	r3, .L3
  45 000a 5A6C     		ldr	r2, [r3, #68]
  46 000c 42F48042 		orr	r2, r2, #16384
  47 0010 5A64     		str	r2, [r3, #68]
  48              		.loc 1 73 3 view .LVU4
  49 0012 5A6C     		ldr	r2, [r3, #68]
  50 0014 02F48042 		and	r2, r2, #16384
  51 0018 0092     		str	r2, [sp]
  52              		.loc 1 73 3 view .LVU5
  53 001a 009A     		ldr	r2, [sp]
  54              	.LBE2:
  55              		.loc 1 73 3 view .LVU6
  74:Core/Src/stm32f4xx_hal_msp.c ****   __HAL_RCC_PWR_CLK_ENABLE();
  56              		.loc 1 74 3 view .LVU7
  57              	.LBB3:
  58              		.loc 1 74 3 view .LVU8
  59 001c 0191     		str	r1, [sp, #4]
  60              		.loc 1 74 3 view .LVU9
  61 001e 1A6C     		ldr	r2, [r3, #64]
  62 0020 42F08052 		orr	r2, r2, #268435456
  63 0024 1A64     		str	r2, [r3, #64]
  64              		.loc 1 74 3 view .LVU10
  65 0026 1B6C     		ldr	r3, [r3, #64]
  66 0028 03F08053 		and	r3, r3, #268435456
  67 002c 0193     		str	r3, [sp, #4]
  68              		.loc 1 74 3 view .LVU11
  69 002e 019B     		ldr	r3, [sp, #4]
  70              	.LBE3:
  71              		.loc 1 74 3 view .LVU12
  75:Core/Src/stm32f4xx_hal_msp.c **** 
  76:Core/Src/stm32f4xx_hal_msp.c ****   HAL_NVIC_SetPriorityGrouping(NVIC_PRIORITYGROUP_0);
  72              		.loc 1 76 3 view .LVU13
  73 0030 0720     		movs	r0, #7
  74 0032 FFF7FEFF 		bl	HAL_NVIC_SetPriorityGrouping
  75              	.LVL0:
  77:Core/Src/stm32f4xx_hal_msp.c **** 
  78:Core/Src/stm32f4xx_hal_msp.c ****   /* System interrupt init*/
  79:Core/Src/stm32f4xx_hal_msp.c **** 
  80:Core/Src/stm32f4xx_hal_msp.c ****   /* USER CODE BEGIN MspInit 1 */
  81:Core/Src/stm32f4xx_hal_msp.c **** 
  82:Core/Src/stm32f4xx_hal_msp.c ****   /* USER CODE END MspInit 1 */
  83:Core/Src/stm32f4xx_hal_msp.c **** }
  76              		.loc 1 83 1 is_stmt 0 view .LVU14
  77 0036 03B0     		add	sp, sp, #12
  78              		.cfi_def_cfa_offset 4
  79              		@ sp needed
  80 0038 5DF804FB 		ldr	pc, [sp], #4
  81              	.L4:
  82              		.align	2
  83              	.L3:
  84 003c 00380240 		.word	1073887232
  85              		.cfi_endproc
  86              	.LFE239:
  88              		.section	.text.HAL_ADC_MspInit,"ax",%progbits
  89              		.align	1
  90              		.global	HAL_ADC_MspInit
ARM GAS  C:\Users\gamin\AppData\Local\Temp\ccs06oSe.s 			page 4


  91              		.syntax unified
  92              		.thumb
  93              		.thumb_func
  95              	HAL_ADC_MspInit:
  96              	.LVL1:
  97              	.LFB240:
  84:Core/Src/stm32f4xx_hal_msp.c **** 
  85:Core/Src/stm32f4xx_hal_msp.c **** /**
  86:Core/Src/stm32f4xx_hal_msp.c **** * @brief ADC MSP Initialization
  87:Core/Src/stm32f4xx_hal_msp.c **** * This function configures the hardware resources used in this example
  88:Core/Src/stm32f4xx_hal_msp.c **** * @param hadc: ADC handle pointer
  89:Core/Src/stm32f4xx_hal_msp.c **** * @retval None
  90:Core/Src/stm32f4xx_hal_msp.c **** */
  91:Core/Src/stm32f4xx_hal_msp.c **** void HAL_ADC_MspInit(ADC_HandleTypeDef* hadc)
  92:Core/Src/stm32f4xx_hal_msp.c **** {
  98              		.loc 1 92 1 is_stmt 1 view -0
  99              		.cfi_startproc
 100              		@ args = 0, pretend = 0, frame = 32
 101              		@ frame_needed = 0, uses_anonymous_args = 0
 102              		.loc 1 92 1 is_stmt 0 view .LVU16
 103 0000 30B5     		push	{r4, r5, lr}
 104              		.cfi_def_cfa_offset 12
 105              		.cfi_offset 4, -12
 106              		.cfi_offset 5, -8
 107              		.cfi_offset 14, -4
 108 0002 89B0     		sub	sp, sp, #36
 109              		.cfi_def_cfa_offset 48
  93:Core/Src/stm32f4xx_hal_msp.c ****   GPIO_InitTypeDef GPIO_InitStruct = {0};
 110              		.loc 1 93 3 is_stmt 1 view .LVU17
 111              		.loc 1 93 20 is_stmt 0 view .LVU18
 112 0004 0023     		movs	r3, #0
 113 0006 0393     		str	r3, [sp, #12]
 114 0008 0493     		str	r3, [sp, #16]
 115 000a 0593     		str	r3, [sp, #20]
 116 000c 0693     		str	r3, [sp, #24]
 117 000e 0793     		str	r3, [sp, #28]
  94:Core/Src/stm32f4xx_hal_msp.c ****   if(hadc->Instance==ADC1)
 118              		.loc 1 94 3 is_stmt 1 view .LVU19
 119              		.loc 1 94 10 is_stmt 0 view .LVU20
 120 0010 0268     		ldr	r2, [r0]
 121              		.loc 1 94 5 view .LVU21
 122 0012 03F18043 		add	r3, r3, #1073741824
 123 0016 03F59033 		add	r3, r3, #73728
 124 001a 9A42     		cmp	r2, r3
 125 001c 01D0     		beq	.L9
 126              	.LVL2:
 127              	.L5:
  95:Core/Src/stm32f4xx_hal_msp.c ****   {
  96:Core/Src/stm32f4xx_hal_msp.c ****   /* USER CODE BEGIN ADC1_MspInit 0 */
  97:Core/Src/stm32f4xx_hal_msp.c **** 
  98:Core/Src/stm32f4xx_hal_msp.c ****   /* USER CODE END ADC1_MspInit 0 */
  99:Core/Src/stm32f4xx_hal_msp.c ****     /* Peripheral clock enable */
 100:Core/Src/stm32f4xx_hal_msp.c ****     __HAL_RCC_ADC1_CLK_ENABLE();
 101:Core/Src/stm32f4xx_hal_msp.c **** 
 102:Core/Src/stm32f4xx_hal_msp.c ****     __HAL_RCC_GPIOA_CLK_ENABLE();
 103:Core/Src/stm32f4xx_hal_msp.c ****     /**ADC1 GPIO Configuration
 104:Core/Src/stm32f4xx_hal_msp.c ****     PA1     ------> ADC1_IN1
ARM GAS  C:\Users\gamin\AppData\Local\Temp\ccs06oSe.s 			page 5


 105:Core/Src/stm32f4xx_hal_msp.c ****     */
 106:Core/Src/stm32f4xx_hal_msp.c ****     GPIO_InitStruct.Pin = GPIO_PIN_1;
 107:Core/Src/stm32f4xx_hal_msp.c ****     GPIO_InitStruct.Mode = GPIO_MODE_ANALOG;
 108:Core/Src/stm32f4xx_hal_msp.c ****     GPIO_InitStruct.Pull = GPIO_NOPULL;
 109:Core/Src/stm32f4xx_hal_msp.c ****     HAL_GPIO_Init(GPIOA, &GPIO_InitStruct);
 110:Core/Src/stm32f4xx_hal_msp.c **** 
 111:Core/Src/stm32f4xx_hal_msp.c ****     /* ADC1 DMA Init */
 112:Core/Src/stm32f4xx_hal_msp.c ****     /* ADC1 Init */
 113:Core/Src/stm32f4xx_hal_msp.c ****     hdma_adc1.Instance = DMA2_Stream0;
 114:Core/Src/stm32f4xx_hal_msp.c ****     hdma_adc1.Init.Channel = DMA_CHANNEL_0;
 115:Core/Src/stm32f4xx_hal_msp.c ****     hdma_adc1.Init.Direction = DMA_PERIPH_TO_MEMORY;
 116:Core/Src/stm32f4xx_hal_msp.c ****     hdma_adc1.Init.PeriphInc = DMA_PINC_DISABLE;
 117:Core/Src/stm32f4xx_hal_msp.c ****     hdma_adc1.Init.MemInc = DMA_MINC_ENABLE;
 118:Core/Src/stm32f4xx_hal_msp.c ****     hdma_adc1.Init.PeriphDataAlignment = DMA_PDATAALIGN_HALFWORD;
 119:Core/Src/stm32f4xx_hal_msp.c ****     hdma_adc1.Init.MemDataAlignment = DMA_MDATAALIGN_HALFWORD;
 120:Core/Src/stm32f4xx_hal_msp.c ****     hdma_adc1.Init.Mode = DMA_CIRCULAR;
 121:Core/Src/stm32f4xx_hal_msp.c ****     hdma_adc1.Init.Priority = DMA_PRIORITY_LOW;
 122:Core/Src/stm32f4xx_hal_msp.c ****     hdma_adc1.Init.FIFOMode = DMA_FIFOMODE_DISABLE;
 123:Core/Src/stm32f4xx_hal_msp.c ****     if (HAL_DMA_Init(&hdma_adc1) != HAL_OK)
 124:Core/Src/stm32f4xx_hal_msp.c ****     {
 125:Core/Src/stm32f4xx_hal_msp.c ****       Error_Handler();
 126:Core/Src/stm32f4xx_hal_msp.c ****     }
 127:Core/Src/stm32f4xx_hal_msp.c **** 
 128:Core/Src/stm32f4xx_hal_msp.c ****     __HAL_LINKDMA(hadc,DMA_Handle,hdma_adc1);
 129:Core/Src/stm32f4xx_hal_msp.c **** 
 130:Core/Src/stm32f4xx_hal_msp.c ****   /* USER CODE BEGIN ADC1_MspInit 1 */
 131:Core/Src/stm32f4xx_hal_msp.c **** 
 132:Core/Src/stm32f4xx_hal_msp.c ****   /* USER CODE END ADC1_MspInit 1 */
 133:Core/Src/stm32f4xx_hal_msp.c ****   }
 134:Core/Src/stm32f4xx_hal_msp.c **** 
 135:Core/Src/stm32f4xx_hal_msp.c **** }
 128              		.loc 1 135 1 view .LVU22
 129 001e 09B0     		add	sp, sp, #36
 130              		.cfi_remember_state
 131              		.cfi_def_cfa_offset 12
 132              		@ sp needed
 133 0020 30BD     		pop	{r4, r5, pc}
 134              	.LVL3:
 135              	.L9:
 136              		.cfi_restore_state
 137              		.loc 1 135 1 view .LVU23
 138 0022 0446     		mov	r4, r0
 100:Core/Src/stm32f4xx_hal_msp.c **** 
 139              		.loc 1 100 5 is_stmt 1 view .LVU24
 140              	.LBB4:
 100:Core/Src/stm32f4xx_hal_msp.c **** 
 141              		.loc 1 100 5 view .LVU25
 142 0024 0025     		movs	r5, #0
 143 0026 0195     		str	r5, [sp, #4]
 100:Core/Src/stm32f4xx_hal_msp.c **** 
 144              		.loc 1 100 5 view .LVU26
 145 0028 03F58C33 		add	r3, r3, #71680
 146 002c 5A6C     		ldr	r2, [r3, #68]
 147 002e 42F48072 		orr	r2, r2, #256
 148 0032 5A64     		str	r2, [r3, #68]
 100:Core/Src/stm32f4xx_hal_msp.c **** 
 149              		.loc 1 100 5 view .LVU27
ARM GAS  C:\Users\gamin\AppData\Local\Temp\ccs06oSe.s 			page 6


 150 0034 5A6C     		ldr	r2, [r3, #68]
 151 0036 02F48072 		and	r2, r2, #256
 152 003a 0192     		str	r2, [sp, #4]
 100:Core/Src/stm32f4xx_hal_msp.c **** 
 153              		.loc 1 100 5 view .LVU28
 154 003c 019A     		ldr	r2, [sp, #4]
 155              	.LBE4:
 100:Core/Src/stm32f4xx_hal_msp.c **** 
 156              		.loc 1 100 5 view .LVU29
 102:Core/Src/stm32f4xx_hal_msp.c ****     /**ADC1 GPIO Configuration
 157              		.loc 1 102 5 view .LVU30
 158              	.LBB5:
 102:Core/Src/stm32f4xx_hal_msp.c ****     /**ADC1 GPIO Configuration
 159              		.loc 1 102 5 view .LVU31
 160 003e 0295     		str	r5, [sp, #8]
 102:Core/Src/stm32f4xx_hal_msp.c ****     /**ADC1 GPIO Configuration
 161              		.loc 1 102 5 view .LVU32
 162 0040 1A6B     		ldr	r2, [r3, #48]
 163 0042 42F00102 		orr	r2, r2, #1
 164 0046 1A63     		str	r2, [r3, #48]
 102:Core/Src/stm32f4xx_hal_msp.c ****     /**ADC1 GPIO Configuration
 165              		.loc 1 102 5 view .LVU33
 166 0048 1B6B     		ldr	r3, [r3, #48]
 167 004a 03F00103 		and	r3, r3, #1
 168 004e 0293     		str	r3, [sp, #8]
 102:Core/Src/stm32f4xx_hal_msp.c ****     /**ADC1 GPIO Configuration
 169              		.loc 1 102 5 view .LVU34
 170 0050 029B     		ldr	r3, [sp, #8]
 171              	.LBE5:
 102:Core/Src/stm32f4xx_hal_msp.c ****     /**ADC1 GPIO Configuration
 172              		.loc 1 102 5 view .LVU35
 106:Core/Src/stm32f4xx_hal_msp.c ****     GPIO_InitStruct.Mode = GPIO_MODE_ANALOG;
 173              		.loc 1 106 5 view .LVU36
 106:Core/Src/stm32f4xx_hal_msp.c ****     GPIO_InitStruct.Mode = GPIO_MODE_ANALOG;
 174              		.loc 1 106 25 is_stmt 0 view .LVU37
 175 0052 0223     		movs	r3, #2
 176 0054 0393     		str	r3, [sp, #12]
 107:Core/Src/stm32f4xx_hal_msp.c ****     GPIO_InitStruct.Pull = GPIO_NOPULL;
 177              		.loc 1 107 5 is_stmt 1 view .LVU38
 107:Core/Src/stm32f4xx_hal_msp.c ****     GPIO_InitStruct.Pull = GPIO_NOPULL;
 178              		.loc 1 107 26 is_stmt 0 view .LVU39
 179 0056 0323     		movs	r3, #3
 180 0058 0493     		str	r3, [sp, #16]
 108:Core/Src/stm32f4xx_hal_msp.c ****     HAL_GPIO_Init(GPIOA, &GPIO_InitStruct);
 181              		.loc 1 108 5 is_stmt 1 view .LVU40
 109:Core/Src/stm32f4xx_hal_msp.c **** 
 182              		.loc 1 109 5 view .LVU41
 183 005a 03A9     		add	r1, sp, #12
 184 005c 1048     		ldr	r0, .L11
 185              	.LVL4:
 109:Core/Src/stm32f4xx_hal_msp.c **** 
 186              		.loc 1 109 5 is_stmt 0 view .LVU42
 187 005e FFF7FEFF 		bl	HAL_GPIO_Init
 188              	.LVL5:
 113:Core/Src/stm32f4xx_hal_msp.c ****     hdma_adc1.Init.Channel = DMA_CHANNEL_0;
 189              		.loc 1 113 5 is_stmt 1 view .LVU43
 113:Core/Src/stm32f4xx_hal_msp.c ****     hdma_adc1.Init.Channel = DMA_CHANNEL_0;
ARM GAS  C:\Users\gamin\AppData\Local\Temp\ccs06oSe.s 			page 7


 190              		.loc 1 113 24 is_stmt 0 view .LVU44
 191 0062 1048     		ldr	r0, .L11+4
 192 0064 104B     		ldr	r3, .L11+8
 193 0066 0360     		str	r3, [r0]
 114:Core/Src/stm32f4xx_hal_msp.c ****     hdma_adc1.Init.Direction = DMA_PERIPH_TO_MEMORY;
 194              		.loc 1 114 5 is_stmt 1 view .LVU45
 114:Core/Src/stm32f4xx_hal_msp.c ****     hdma_adc1.Init.Direction = DMA_PERIPH_TO_MEMORY;
 195              		.loc 1 114 28 is_stmt 0 view .LVU46
 196 0068 4560     		str	r5, [r0, #4]
 115:Core/Src/stm32f4xx_hal_msp.c ****     hdma_adc1.Init.PeriphInc = DMA_PINC_DISABLE;
 197              		.loc 1 115 5 is_stmt 1 view .LVU47
 115:Core/Src/stm32f4xx_hal_msp.c ****     hdma_adc1.Init.PeriphInc = DMA_PINC_DISABLE;
 198              		.loc 1 115 30 is_stmt 0 view .LVU48
 199 006a 8560     		str	r5, [r0, #8]
 116:Core/Src/stm32f4xx_hal_msp.c ****     hdma_adc1.Init.MemInc = DMA_MINC_ENABLE;
 200              		.loc 1 116 5 is_stmt 1 view .LVU49
 116:Core/Src/stm32f4xx_hal_msp.c ****     hdma_adc1.Init.MemInc = DMA_MINC_ENABLE;
 201              		.loc 1 116 30 is_stmt 0 view .LVU50
 202 006c C560     		str	r5, [r0, #12]
 117:Core/Src/stm32f4xx_hal_msp.c ****     hdma_adc1.Init.PeriphDataAlignment = DMA_PDATAALIGN_HALFWORD;
 203              		.loc 1 117 5 is_stmt 1 view .LVU51
 117:Core/Src/stm32f4xx_hal_msp.c ****     hdma_adc1.Init.PeriphDataAlignment = DMA_PDATAALIGN_HALFWORD;
 204              		.loc 1 117 27 is_stmt 0 view .LVU52
 205 006e 4FF48063 		mov	r3, #1024
 206 0072 0361     		str	r3, [r0, #16]
 118:Core/Src/stm32f4xx_hal_msp.c ****     hdma_adc1.Init.MemDataAlignment = DMA_MDATAALIGN_HALFWORD;
 207              		.loc 1 118 5 is_stmt 1 view .LVU53
 118:Core/Src/stm32f4xx_hal_msp.c ****     hdma_adc1.Init.MemDataAlignment = DMA_MDATAALIGN_HALFWORD;
 208              		.loc 1 118 40 is_stmt 0 view .LVU54
 209 0074 4FF40063 		mov	r3, #2048
 210 0078 4361     		str	r3, [r0, #20]
 119:Core/Src/stm32f4xx_hal_msp.c ****     hdma_adc1.Init.Mode = DMA_CIRCULAR;
 211              		.loc 1 119 5 is_stmt 1 view .LVU55
 119:Core/Src/stm32f4xx_hal_msp.c ****     hdma_adc1.Init.Mode = DMA_CIRCULAR;
 212              		.loc 1 119 37 is_stmt 0 view .LVU56
 213 007a 4FF40053 		mov	r3, #8192
 214 007e 8361     		str	r3, [r0, #24]
 120:Core/Src/stm32f4xx_hal_msp.c ****     hdma_adc1.Init.Priority = DMA_PRIORITY_LOW;
 215              		.loc 1 120 5 is_stmt 1 view .LVU57
 120:Core/Src/stm32f4xx_hal_msp.c ****     hdma_adc1.Init.Priority = DMA_PRIORITY_LOW;
 216              		.loc 1 120 25 is_stmt 0 view .LVU58
 217 0080 4FF48073 		mov	r3, #256
 218 0084 C361     		str	r3, [r0, #28]
 121:Core/Src/stm32f4xx_hal_msp.c ****     hdma_adc1.Init.FIFOMode = DMA_FIFOMODE_DISABLE;
 219              		.loc 1 121 5 is_stmt 1 view .LVU59
 121:Core/Src/stm32f4xx_hal_msp.c ****     hdma_adc1.Init.FIFOMode = DMA_FIFOMODE_DISABLE;
 220              		.loc 1 121 29 is_stmt 0 view .LVU60
 221 0086 0562     		str	r5, [r0, #32]
 122:Core/Src/stm32f4xx_hal_msp.c ****     if (HAL_DMA_Init(&hdma_adc1) != HAL_OK)
 222              		.loc 1 122 5 is_stmt 1 view .LVU61
 122:Core/Src/stm32f4xx_hal_msp.c ****     if (HAL_DMA_Init(&hdma_adc1) != HAL_OK)
 223              		.loc 1 122 29 is_stmt 0 view .LVU62
 224 0088 4562     		str	r5, [r0, #36]
 123:Core/Src/stm32f4xx_hal_msp.c ****     {
 225              		.loc 1 123 5 is_stmt 1 view .LVU63
 123:Core/Src/stm32f4xx_hal_msp.c ****     {
 226              		.loc 1 123 9 is_stmt 0 view .LVU64
ARM GAS  C:\Users\gamin\AppData\Local\Temp\ccs06oSe.s 			page 8


 227 008a FFF7FEFF 		bl	HAL_DMA_Init
 228              	.LVL6:
 123:Core/Src/stm32f4xx_hal_msp.c ****     {
 229              		.loc 1 123 8 discriminator 1 view .LVU65
 230 008e 18B9     		cbnz	r0, .L10
 231              	.L7:
 128:Core/Src/stm32f4xx_hal_msp.c **** 
 232              		.loc 1 128 5 is_stmt 1 view .LVU66
 128:Core/Src/stm32f4xx_hal_msp.c **** 
 233              		.loc 1 128 5 view .LVU67
 234 0090 044B     		ldr	r3, .L11+4
 235 0092 A363     		str	r3, [r4, #56]
 128:Core/Src/stm32f4xx_hal_msp.c **** 
 236              		.loc 1 128 5 view .LVU68
 237 0094 9C63     		str	r4, [r3, #56]
 128:Core/Src/stm32f4xx_hal_msp.c **** 
 238              		.loc 1 128 5 discriminator 1 view .LVU69
 239              		.loc 1 135 1 is_stmt 0 view .LVU70
 240 0096 C2E7     		b	.L5
 241              	.L10:
 125:Core/Src/stm32f4xx_hal_msp.c ****     }
 242              		.loc 1 125 7 is_stmt 1 view .LVU71
 243 0098 FFF7FEFF 		bl	Error_Handler
 244              	.LVL7:
 245 009c F8E7     		b	.L7
 246              	.L12:
 247 009e 00BF     		.align	2
 248              	.L11:
 249 00a0 00000240 		.word	1073872896
 250 00a4 00000000 		.word	hdma_adc1
 251 00a8 10640240 		.word	1073898512
 252              		.cfi_endproc
 253              	.LFE240:
 255              		.section	.text.HAL_ADC_MspDeInit,"ax",%progbits
 256              		.align	1
 257              		.global	HAL_ADC_MspDeInit
 258              		.syntax unified
 259              		.thumb
 260              		.thumb_func
 262              	HAL_ADC_MspDeInit:
 263              	.LVL8:
 264              	.LFB241:
 136:Core/Src/stm32f4xx_hal_msp.c **** 
 137:Core/Src/stm32f4xx_hal_msp.c **** /**
 138:Core/Src/stm32f4xx_hal_msp.c **** * @brief ADC MSP De-Initialization
 139:Core/Src/stm32f4xx_hal_msp.c **** * This function freeze the hardware resources used in this example
 140:Core/Src/stm32f4xx_hal_msp.c **** * @param hadc: ADC handle pointer
 141:Core/Src/stm32f4xx_hal_msp.c **** * @retval None
 142:Core/Src/stm32f4xx_hal_msp.c **** */
 143:Core/Src/stm32f4xx_hal_msp.c **** void HAL_ADC_MspDeInit(ADC_HandleTypeDef* hadc)
 144:Core/Src/stm32f4xx_hal_msp.c **** {
 265              		.loc 1 144 1 view -0
 266              		.cfi_startproc
 267              		@ args = 0, pretend = 0, frame = 0
 268              		@ frame_needed = 0, uses_anonymous_args = 0
 145:Core/Src/stm32f4xx_hal_msp.c ****   if(hadc->Instance==ADC1)
 269              		.loc 1 145 3 view .LVU73
ARM GAS  C:\Users\gamin\AppData\Local\Temp\ccs06oSe.s 			page 9


 270              		.loc 1 145 10 is_stmt 0 view .LVU74
 271 0000 0268     		ldr	r2, [r0]
 272              		.loc 1 145 5 view .LVU75
 273 0002 094B     		ldr	r3, .L20
 274 0004 9A42     		cmp	r2, r3
 275 0006 00D0     		beq	.L19
 276 0008 7047     		bx	lr
 277              	.L19:
 144:Core/Src/stm32f4xx_hal_msp.c ****   if(hadc->Instance==ADC1)
 278              		.loc 1 144 1 view .LVU76
 279 000a 10B5     		push	{r4, lr}
 280              		.cfi_def_cfa_offset 8
 281              		.cfi_offset 4, -8
 282              		.cfi_offset 14, -4
 283 000c 0446     		mov	r4, r0
 146:Core/Src/stm32f4xx_hal_msp.c ****   {
 147:Core/Src/stm32f4xx_hal_msp.c ****   /* USER CODE BEGIN ADC1_MspDeInit 0 */
 148:Core/Src/stm32f4xx_hal_msp.c **** 
 149:Core/Src/stm32f4xx_hal_msp.c ****   /* USER CODE END ADC1_MspDeInit 0 */
 150:Core/Src/stm32f4xx_hal_msp.c ****     /* Peripheral clock disable */
 151:Core/Src/stm32f4xx_hal_msp.c ****     __HAL_RCC_ADC1_CLK_DISABLE();
 284              		.loc 1 151 5 is_stmt 1 view .LVU77
 285 000e 074A     		ldr	r2, .L20+4
 286 0010 536C     		ldr	r3, [r2, #68]
 287 0012 23F48073 		bic	r3, r3, #256
 288 0016 5364     		str	r3, [r2, #68]
 152:Core/Src/stm32f4xx_hal_msp.c **** 
 153:Core/Src/stm32f4xx_hal_msp.c ****     /**ADC1 GPIO Configuration
 154:Core/Src/stm32f4xx_hal_msp.c ****     PA1     ------> ADC1_IN1
 155:Core/Src/stm32f4xx_hal_msp.c ****     */
 156:Core/Src/stm32f4xx_hal_msp.c ****     HAL_GPIO_DeInit(GPIOA, GPIO_PIN_1);
 289              		.loc 1 156 5 view .LVU78
 290 0018 0221     		movs	r1, #2
 291 001a 0548     		ldr	r0, .L20+8
 292              	.LVL9:
 293              		.loc 1 156 5 is_stmt 0 view .LVU79
 294 001c FFF7FEFF 		bl	HAL_GPIO_DeInit
 295              	.LVL10:
 157:Core/Src/stm32f4xx_hal_msp.c **** 
 158:Core/Src/stm32f4xx_hal_msp.c ****     /* ADC1 DMA DeInit */
 159:Core/Src/stm32f4xx_hal_msp.c ****     HAL_DMA_DeInit(hadc->DMA_Handle);
 296              		.loc 1 159 5 is_stmt 1 view .LVU80
 297 0020 A06B     		ldr	r0, [r4, #56]
 298 0022 FFF7FEFF 		bl	HAL_DMA_DeInit
 299              	.LVL11:
 160:Core/Src/stm32f4xx_hal_msp.c ****   /* USER CODE BEGIN ADC1_MspDeInit 1 */
 161:Core/Src/stm32f4xx_hal_msp.c **** 
 162:Core/Src/stm32f4xx_hal_msp.c ****   /* USER CODE END ADC1_MspDeInit 1 */
 163:Core/Src/stm32f4xx_hal_msp.c ****   }
 164:Core/Src/stm32f4xx_hal_msp.c **** 
 165:Core/Src/stm32f4xx_hal_msp.c **** }
 300              		.loc 1 165 1 is_stmt 0 view .LVU81
 301 0026 10BD     		pop	{r4, pc}
 302              	.LVL12:
 303              	.L21:
 304              		.loc 1 165 1 view .LVU82
 305              		.align	2
ARM GAS  C:\Users\gamin\AppData\Local\Temp\ccs06oSe.s 			page 10


 306              	.L20:
 307 0028 00200140 		.word	1073815552
 308 002c 00380240 		.word	1073887232
 309 0030 00000240 		.word	1073872896
 310              		.cfi_endproc
 311              	.LFE241:
 313              		.section	.text.HAL_I2C_MspInit,"ax",%progbits
 314              		.align	1
 315              		.global	HAL_I2C_MspInit
 316              		.syntax unified
 317              		.thumb
 318              		.thumb_func
 320              	HAL_I2C_MspInit:
 321              	.LVL13:
 322              	.LFB242:
 166:Core/Src/stm32f4xx_hal_msp.c **** 
 167:Core/Src/stm32f4xx_hal_msp.c **** /**
 168:Core/Src/stm32f4xx_hal_msp.c **** * @brief I2C MSP Initialization
 169:Core/Src/stm32f4xx_hal_msp.c **** * This function configures the hardware resources used in this example
 170:Core/Src/stm32f4xx_hal_msp.c **** * @param hi2c: I2C handle pointer
 171:Core/Src/stm32f4xx_hal_msp.c **** * @retval None
 172:Core/Src/stm32f4xx_hal_msp.c **** */
 173:Core/Src/stm32f4xx_hal_msp.c **** void HAL_I2C_MspInit(I2C_HandleTypeDef* hi2c)
 174:Core/Src/stm32f4xx_hal_msp.c **** {
 323              		.loc 1 174 1 is_stmt 1 view -0
 324              		.cfi_startproc
 325              		@ args = 0, pretend = 0, frame = 32
 326              		@ frame_needed = 0, uses_anonymous_args = 0
 327              		.loc 1 174 1 is_stmt 0 view .LVU84
 328 0000 30B5     		push	{r4, r5, lr}
 329              		.cfi_def_cfa_offset 12
 330              		.cfi_offset 4, -12
 331              		.cfi_offset 5, -8
 332              		.cfi_offset 14, -4
 333 0002 89B0     		sub	sp, sp, #36
 334              		.cfi_def_cfa_offset 48
 175:Core/Src/stm32f4xx_hal_msp.c ****   GPIO_InitTypeDef GPIO_InitStruct = {0};
 335              		.loc 1 175 3 is_stmt 1 view .LVU85
 336              		.loc 1 175 20 is_stmt 0 view .LVU86
 337 0004 0023     		movs	r3, #0
 338 0006 0393     		str	r3, [sp, #12]
 339 0008 0493     		str	r3, [sp, #16]
 340 000a 0593     		str	r3, [sp, #20]
 341 000c 0693     		str	r3, [sp, #24]
 342 000e 0793     		str	r3, [sp, #28]
 176:Core/Src/stm32f4xx_hal_msp.c ****   if(hi2c->Instance==I2C1)
 343              		.loc 1 176 3 is_stmt 1 view .LVU87
 344              		.loc 1 176 10 is_stmt 0 view .LVU88
 345 0010 0268     		ldr	r2, [r0]
 346              		.loc 1 176 5 view .LVU89
 347 0012 144B     		ldr	r3, .L26
 348 0014 9A42     		cmp	r2, r3
 349 0016 01D0     		beq	.L25
 350              	.LVL14:
 351              	.L22:
 177:Core/Src/stm32f4xx_hal_msp.c ****   {
 178:Core/Src/stm32f4xx_hal_msp.c ****   /* USER CODE BEGIN I2C1_MspInit 0 */
ARM GAS  C:\Users\gamin\AppData\Local\Temp\ccs06oSe.s 			page 11


 179:Core/Src/stm32f4xx_hal_msp.c **** 
 180:Core/Src/stm32f4xx_hal_msp.c ****   /* USER CODE END I2C1_MspInit 0 */
 181:Core/Src/stm32f4xx_hal_msp.c **** 
 182:Core/Src/stm32f4xx_hal_msp.c ****     __HAL_RCC_GPIOB_CLK_ENABLE();
 183:Core/Src/stm32f4xx_hal_msp.c ****     /**I2C1 GPIO Configuration
 184:Core/Src/stm32f4xx_hal_msp.c ****     PB6     ------> I2C1_SCL
 185:Core/Src/stm32f4xx_hal_msp.c ****     PB9     ------> I2C1_SDA
 186:Core/Src/stm32f4xx_hal_msp.c ****     */
 187:Core/Src/stm32f4xx_hal_msp.c ****     GPIO_InitStruct.Pin = Audio_SCL_Pin|Audio_SDA_Pin;
 188:Core/Src/stm32f4xx_hal_msp.c ****     GPIO_InitStruct.Mode = GPIO_MODE_AF_OD;
 189:Core/Src/stm32f4xx_hal_msp.c ****     GPIO_InitStruct.Pull = GPIO_PULLUP;
 190:Core/Src/stm32f4xx_hal_msp.c ****     GPIO_InitStruct.Speed = GPIO_SPEED_FREQ_LOW;
 191:Core/Src/stm32f4xx_hal_msp.c ****     GPIO_InitStruct.Alternate = GPIO_AF4_I2C1;
 192:Core/Src/stm32f4xx_hal_msp.c ****     HAL_GPIO_Init(GPIOB, &GPIO_InitStruct);
 193:Core/Src/stm32f4xx_hal_msp.c **** 
 194:Core/Src/stm32f4xx_hal_msp.c ****     /* Peripheral clock enable */
 195:Core/Src/stm32f4xx_hal_msp.c ****     __HAL_RCC_I2C1_CLK_ENABLE();
 196:Core/Src/stm32f4xx_hal_msp.c ****   /* USER CODE BEGIN I2C1_MspInit 1 */
 197:Core/Src/stm32f4xx_hal_msp.c **** 
 198:Core/Src/stm32f4xx_hal_msp.c ****   /* USER CODE END I2C1_MspInit 1 */
 199:Core/Src/stm32f4xx_hal_msp.c ****   }
 200:Core/Src/stm32f4xx_hal_msp.c **** 
 201:Core/Src/stm32f4xx_hal_msp.c **** }
 352              		.loc 1 201 1 view .LVU90
 353 0018 09B0     		add	sp, sp, #36
 354              		.cfi_remember_state
 355              		.cfi_def_cfa_offset 12
 356              		@ sp needed
 357 001a 30BD     		pop	{r4, r5, pc}
 358              	.LVL15:
 359              	.L25:
 360              		.cfi_restore_state
 182:Core/Src/stm32f4xx_hal_msp.c ****     /**I2C1 GPIO Configuration
 361              		.loc 1 182 5 is_stmt 1 view .LVU91
 362              	.LBB6:
 182:Core/Src/stm32f4xx_hal_msp.c ****     /**I2C1 GPIO Configuration
 363              		.loc 1 182 5 view .LVU92
 364 001c 0025     		movs	r5, #0
 365 001e 0195     		str	r5, [sp, #4]
 182:Core/Src/stm32f4xx_hal_msp.c ****     /**I2C1 GPIO Configuration
 366              		.loc 1 182 5 view .LVU93
 367 0020 114C     		ldr	r4, .L26+4
 368 0022 236B     		ldr	r3, [r4, #48]
 369 0024 43F00203 		orr	r3, r3, #2
 370 0028 2363     		str	r3, [r4, #48]
 182:Core/Src/stm32f4xx_hal_msp.c ****     /**I2C1 GPIO Configuration
 371              		.loc 1 182 5 view .LVU94
 372 002a 236B     		ldr	r3, [r4, #48]
 373 002c 03F00203 		and	r3, r3, #2
 374 0030 0193     		str	r3, [sp, #4]
 182:Core/Src/stm32f4xx_hal_msp.c ****     /**I2C1 GPIO Configuration
 375              		.loc 1 182 5 view .LVU95
 376 0032 019B     		ldr	r3, [sp, #4]
 377              	.LBE6:
 182:Core/Src/stm32f4xx_hal_msp.c ****     /**I2C1 GPIO Configuration
 378              		.loc 1 182 5 view .LVU96
 187:Core/Src/stm32f4xx_hal_msp.c ****     GPIO_InitStruct.Mode = GPIO_MODE_AF_OD;
ARM GAS  C:\Users\gamin\AppData\Local\Temp\ccs06oSe.s 			page 12


 379              		.loc 1 187 5 view .LVU97
 187:Core/Src/stm32f4xx_hal_msp.c ****     GPIO_InitStruct.Mode = GPIO_MODE_AF_OD;
 380              		.loc 1 187 25 is_stmt 0 view .LVU98
 381 0034 4FF41073 		mov	r3, #576
 382 0038 0393     		str	r3, [sp, #12]
 188:Core/Src/stm32f4xx_hal_msp.c ****     GPIO_InitStruct.Pull = GPIO_PULLUP;
 383              		.loc 1 188 5 is_stmt 1 view .LVU99
 188:Core/Src/stm32f4xx_hal_msp.c ****     GPIO_InitStruct.Pull = GPIO_PULLUP;
 384              		.loc 1 188 26 is_stmt 0 view .LVU100
 385 003a 1223     		movs	r3, #18
 386 003c 0493     		str	r3, [sp, #16]
 189:Core/Src/stm32f4xx_hal_msp.c ****     GPIO_InitStruct.Speed = GPIO_SPEED_FREQ_LOW;
 387              		.loc 1 189 5 is_stmt 1 view .LVU101
 189:Core/Src/stm32f4xx_hal_msp.c ****     GPIO_InitStruct.Speed = GPIO_SPEED_FREQ_LOW;
 388              		.loc 1 189 26 is_stmt 0 view .LVU102
 389 003e 0123     		movs	r3, #1
 390 0040 0593     		str	r3, [sp, #20]
 190:Core/Src/stm32f4xx_hal_msp.c ****     GPIO_InitStruct.Alternate = GPIO_AF4_I2C1;
 391              		.loc 1 190 5 is_stmt 1 view .LVU103
 191:Core/Src/stm32f4xx_hal_msp.c ****     HAL_GPIO_Init(GPIOB, &GPIO_InitStruct);
 392              		.loc 1 191 5 view .LVU104
 191:Core/Src/stm32f4xx_hal_msp.c ****     HAL_GPIO_Init(GPIOB, &GPIO_InitStruct);
 393              		.loc 1 191 31 is_stmt 0 view .LVU105
 394 0042 0423     		movs	r3, #4
 395 0044 0793     		str	r3, [sp, #28]
 192:Core/Src/stm32f4xx_hal_msp.c **** 
 396              		.loc 1 192 5 is_stmt 1 view .LVU106
 397 0046 03A9     		add	r1, sp, #12
 398 0048 0848     		ldr	r0, .L26+8
 399              	.LVL16:
 192:Core/Src/stm32f4xx_hal_msp.c **** 
 400              		.loc 1 192 5 is_stmt 0 view .LVU107
 401 004a FFF7FEFF 		bl	HAL_GPIO_Init
 402              	.LVL17:
 195:Core/Src/stm32f4xx_hal_msp.c ****   /* USER CODE BEGIN I2C1_MspInit 1 */
 403              		.loc 1 195 5 is_stmt 1 view .LVU108
 404              	.LBB7:
 195:Core/Src/stm32f4xx_hal_msp.c ****   /* USER CODE BEGIN I2C1_MspInit 1 */
 405              		.loc 1 195 5 view .LVU109
 406 004e 0295     		str	r5, [sp, #8]
 195:Core/Src/stm32f4xx_hal_msp.c ****   /* USER CODE BEGIN I2C1_MspInit 1 */
 407              		.loc 1 195 5 view .LVU110
 408 0050 236C     		ldr	r3, [r4, #64]
 409 0052 43F40013 		orr	r3, r3, #2097152
 410 0056 2364     		str	r3, [r4, #64]
 195:Core/Src/stm32f4xx_hal_msp.c ****   /* USER CODE BEGIN I2C1_MspInit 1 */
 411              		.loc 1 195 5 view .LVU111
 412 0058 236C     		ldr	r3, [r4, #64]
 413 005a 03F40013 		and	r3, r3, #2097152
 414 005e 0293     		str	r3, [sp, #8]
 195:Core/Src/stm32f4xx_hal_msp.c ****   /* USER CODE BEGIN I2C1_MspInit 1 */
 415              		.loc 1 195 5 view .LVU112
 416 0060 029B     		ldr	r3, [sp, #8]
 417              	.LBE7:
 195:Core/Src/stm32f4xx_hal_msp.c ****   /* USER CODE BEGIN I2C1_MspInit 1 */
 418              		.loc 1 195 5 discriminator 1 view .LVU113
 419              		.loc 1 201 1 is_stmt 0 view .LVU114
ARM GAS  C:\Users\gamin\AppData\Local\Temp\ccs06oSe.s 			page 13


 420 0062 D9E7     		b	.L22
 421              	.L27:
 422              		.align	2
 423              	.L26:
 424 0064 00540040 		.word	1073763328
 425 0068 00380240 		.word	1073887232
 426 006c 00040240 		.word	1073873920
 427              		.cfi_endproc
 428              	.LFE242:
 430              		.section	.text.HAL_I2C_MspDeInit,"ax",%progbits
 431              		.align	1
 432              		.global	HAL_I2C_MspDeInit
 433              		.syntax unified
 434              		.thumb
 435              		.thumb_func
 437              	HAL_I2C_MspDeInit:
 438              	.LVL18:
 439              	.LFB243:
 202:Core/Src/stm32f4xx_hal_msp.c **** 
 203:Core/Src/stm32f4xx_hal_msp.c **** /**
 204:Core/Src/stm32f4xx_hal_msp.c **** * @brief I2C MSP De-Initialization
 205:Core/Src/stm32f4xx_hal_msp.c **** * This function freeze the hardware resources used in this example
 206:Core/Src/stm32f4xx_hal_msp.c **** * @param hi2c: I2C handle pointer
 207:Core/Src/stm32f4xx_hal_msp.c **** * @retval None
 208:Core/Src/stm32f4xx_hal_msp.c **** */
 209:Core/Src/stm32f4xx_hal_msp.c **** void HAL_I2C_MspDeInit(I2C_HandleTypeDef* hi2c)
 210:Core/Src/stm32f4xx_hal_msp.c **** {
 440              		.loc 1 210 1 is_stmt 1 view -0
 441              		.cfi_startproc
 442              		@ args = 0, pretend = 0, frame = 0
 443              		@ frame_needed = 0, uses_anonymous_args = 0
 211:Core/Src/stm32f4xx_hal_msp.c ****   if(hi2c->Instance==I2C1)
 444              		.loc 1 211 3 view .LVU116
 445              		.loc 1 211 10 is_stmt 0 view .LVU117
 446 0000 0268     		ldr	r2, [r0]
 447              		.loc 1 211 5 view .LVU118
 448 0002 0A4B     		ldr	r3, .L35
 449 0004 9A42     		cmp	r2, r3
 450 0006 00D0     		beq	.L34
 451 0008 7047     		bx	lr
 452              	.L34:
 210:Core/Src/stm32f4xx_hal_msp.c ****   if(hi2c->Instance==I2C1)
 453              		.loc 1 210 1 view .LVU119
 454 000a 10B5     		push	{r4, lr}
 455              		.cfi_def_cfa_offset 8
 456              		.cfi_offset 4, -8
 457              		.cfi_offset 14, -4
 212:Core/Src/stm32f4xx_hal_msp.c ****   {
 213:Core/Src/stm32f4xx_hal_msp.c ****   /* USER CODE BEGIN I2C1_MspDeInit 0 */
 214:Core/Src/stm32f4xx_hal_msp.c **** 
 215:Core/Src/stm32f4xx_hal_msp.c ****   /* USER CODE END I2C1_MspDeInit 0 */
 216:Core/Src/stm32f4xx_hal_msp.c ****     /* Peripheral clock disable */
 217:Core/Src/stm32f4xx_hal_msp.c ****     __HAL_RCC_I2C1_CLK_DISABLE();
 458              		.loc 1 217 5 is_stmt 1 view .LVU120
 459 000c 084A     		ldr	r2, .L35+4
 460 000e 136C     		ldr	r3, [r2, #64]
 461 0010 23F40013 		bic	r3, r3, #2097152
ARM GAS  C:\Users\gamin\AppData\Local\Temp\ccs06oSe.s 			page 14


 462 0014 1364     		str	r3, [r2, #64]
 218:Core/Src/stm32f4xx_hal_msp.c **** 
 219:Core/Src/stm32f4xx_hal_msp.c ****     /**I2C1 GPIO Configuration
 220:Core/Src/stm32f4xx_hal_msp.c ****     PB6     ------> I2C1_SCL
 221:Core/Src/stm32f4xx_hal_msp.c ****     PB9     ------> I2C1_SDA
 222:Core/Src/stm32f4xx_hal_msp.c ****     */
 223:Core/Src/stm32f4xx_hal_msp.c ****     HAL_GPIO_DeInit(Audio_SCL_GPIO_Port, Audio_SCL_Pin);
 463              		.loc 1 223 5 view .LVU121
 464 0016 074C     		ldr	r4, .L35+8
 465 0018 4021     		movs	r1, #64
 466 001a 2046     		mov	r0, r4
 467              	.LVL19:
 468              		.loc 1 223 5 is_stmt 0 view .LVU122
 469 001c FFF7FEFF 		bl	HAL_GPIO_DeInit
 470              	.LVL20:
 224:Core/Src/stm32f4xx_hal_msp.c **** 
 225:Core/Src/stm32f4xx_hal_msp.c ****     HAL_GPIO_DeInit(Audio_SDA_GPIO_Port, Audio_SDA_Pin);
 471              		.loc 1 225 5 is_stmt 1 view .LVU123
 472 0020 4FF40071 		mov	r1, #512
 473 0024 2046     		mov	r0, r4
 474 0026 FFF7FEFF 		bl	HAL_GPIO_DeInit
 475              	.LVL21:
 226:Core/Src/stm32f4xx_hal_msp.c **** 
 227:Core/Src/stm32f4xx_hal_msp.c ****   /* USER CODE BEGIN I2C1_MspDeInit 1 */
 228:Core/Src/stm32f4xx_hal_msp.c **** 
 229:Core/Src/stm32f4xx_hal_msp.c ****   /* USER CODE END I2C1_MspDeInit 1 */
 230:Core/Src/stm32f4xx_hal_msp.c ****   }
 231:Core/Src/stm32f4xx_hal_msp.c **** 
 232:Core/Src/stm32f4xx_hal_msp.c **** }
 476              		.loc 1 232 1 is_stmt 0 view .LVU124
 477 002a 10BD     		pop	{r4, pc}
 478              	.L36:
 479              		.align	2
 480              	.L35:
 481 002c 00540040 		.word	1073763328
 482 0030 00380240 		.word	1073887232
 483 0034 00040240 		.word	1073873920
 484              		.cfi_endproc
 485              	.LFE243:
 487              		.section	.text.HAL_SPI_MspInit,"ax",%progbits
 488              		.align	1
 489              		.global	HAL_SPI_MspInit
 490              		.syntax unified
 491              		.thumb
 492              		.thumb_func
 494              	HAL_SPI_MspInit:
 495              	.LVL22:
 496              	.LFB244:
 233:Core/Src/stm32f4xx_hal_msp.c **** 
 234:Core/Src/stm32f4xx_hal_msp.c **** /**
 235:Core/Src/stm32f4xx_hal_msp.c **** * @brief SPI MSP Initialization
 236:Core/Src/stm32f4xx_hal_msp.c **** * This function configures the hardware resources used in this example
 237:Core/Src/stm32f4xx_hal_msp.c **** * @param hspi: SPI handle pointer
 238:Core/Src/stm32f4xx_hal_msp.c **** * @retval None
 239:Core/Src/stm32f4xx_hal_msp.c **** */
 240:Core/Src/stm32f4xx_hal_msp.c **** void HAL_SPI_MspInit(SPI_HandleTypeDef* hspi)
 241:Core/Src/stm32f4xx_hal_msp.c **** {
ARM GAS  C:\Users\gamin\AppData\Local\Temp\ccs06oSe.s 			page 15


 497              		.loc 1 241 1 is_stmt 1 view -0
 498              		.cfi_startproc
 499              		@ args = 0, pretend = 0, frame = 32
 500              		@ frame_needed = 0, uses_anonymous_args = 0
 501              		.loc 1 241 1 is_stmt 0 view .LVU126
 502 0000 00B5     		push	{lr}
 503              		.cfi_def_cfa_offset 4
 504              		.cfi_offset 14, -4
 505 0002 89B0     		sub	sp, sp, #36
 506              		.cfi_def_cfa_offset 40
 242:Core/Src/stm32f4xx_hal_msp.c ****   GPIO_InitTypeDef GPIO_InitStruct = {0};
 507              		.loc 1 242 3 is_stmt 1 view .LVU127
 508              		.loc 1 242 20 is_stmt 0 view .LVU128
 509 0004 0023     		movs	r3, #0
 510 0006 0393     		str	r3, [sp, #12]
 511 0008 0493     		str	r3, [sp, #16]
 512 000a 0593     		str	r3, [sp, #20]
 513 000c 0693     		str	r3, [sp, #24]
 514 000e 0793     		str	r3, [sp, #28]
 243:Core/Src/stm32f4xx_hal_msp.c ****   if(hspi->Instance==SPI1)
 515              		.loc 1 243 3 is_stmt 1 view .LVU129
 516              		.loc 1 243 10 is_stmt 0 view .LVU130
 517 0010 0268     		ldr	r2, [r0]
 518              		.loc 1 243 5 view .LVU131
 519 0012 144B     		ldr	r3, .L41
 520 0014 9A42     		cmp	r2, r3
 521 0016 02D0     		beq	.L40
 522              	.LVL23:
 523              	.L37:
 244:Core/Src/stm32f4xx_hal_msp.c ****   {
 245:Core/Src/stm32f4xx_hal_msp.c ****   /* USER CODE BEGIN SPI1_MspInit 0 */
 246:Core/Src/stm32f4xx_hal_msp.c **** 
 247:Core/Src/stm32f4xx_hal_msp.c ****   /* USER CODE END SPI1_MspInit 0 */
 248:Core/Src/stm32f4xx_hal_msp.c ****     /* Peripheral clock enable */
 249:Core/Src/stm32f4xx_hal_msp.c ****     __HAL_RCC_SPI1_CLK_ENABLE();
 250:Core/Src/stm32f4xx_hal_msp.c **** 
 251:Core/Src/stm32f4xx_hal_msp.c ****     __HAL_RCC_GPIOA_CLK_ENABLE();
 252:Core/Src/stm32f4xx_hal_msp.c ****     /**SPI1 GPIO Configuration
 253:Core/Src/stm32f4xx_hal_msp.c ****     PA5     ------> SPI1_SCK
 254:Core/Src/stm32f4xx_hal_msp.c ****     PA6     ------> SPI1_MISO
 255:Core/Src/stm32f4xx_hal_msp.c ****     PA7     ------> SPI1_MOSI
 256:Core/Src/stm32f4xx_hal_msp.c ****     */
 257:Core/Src/stm32f4xx_hal_msp.c ****     GPIO_InitStruct.Pin = SPI1_SCK_Pin|SPI1_MISO_Pin|SPI1_MOSI_Pin;
 258:Core/Src/stm32f4xx_hal_msp.c ****     GPIO_InitStruct.Mode = GPIO_MODE_AF_PP;
 259:Core/Src/stm32f4xx_hal_msp.c ****     GPIO_InitStruct.Pull = GPIO_NOPULL;
 260:Core/Src/stm32f4xx_hal_msp.c ****     GPIO_InitStruct.Speed = GPIO_SPEED_FREQ_LOW;
 261:Core/Src/stm32f4xx_hal_msp.c ****     GPIO_InitStruct.Alternate = GPIO_AF5_SPI1;
 262:Core/Src/stm32f4xx_hal_msp.c ****     HAL_GPIO_Init(GPIOA, &GPIO_InitStruct);
 263:Core/Src/stm32f4xx_hal_msp.c **** 
 264:Core/Src/stm32f4xx_hal_msp.c ****   /* USER CODE BEGIN SPI1_MspInit 1 */
 265:Core/Src/stm32f4xx_hal_msp.c **** 
 266:Core/Src/stm32f4xx_hal_msp.c ****   /* USER CODE END SPI1_MspInit 1 */
 267:Core/Src/stm32f4xx_hal_msp.c ****   }
 268:Core/Src/stm32f4xx_hal_msp.c **** 
 269:Core/Src/stm32f4xx_hal_msp.c **** }
 524              		.loc 1 269 1 view .LVU132
 525 0018 09B0     		add	sp, sp, #36
ARM GAS  C:\Users\gamin\AppData\Local\Temp\ccs06oSe.s 			page 16


 526              		.cfi_remember_state
 527              		.cfi_def_cfa_offset 4
 528              		@ sp needed
 529 001a 5DF804FB 		ldr	pc, [sp], #4
 530              	.LVL24:
 531              	.L40:
 532              		.cfi_restore_state
 249:Core/Src/stm32f4xx_hal_msp.c **** 
 533              		.loc 1 249 5 is_stmt 1 view .LVU133
 534              	.LBB8:
 249:Core/Src/stm32f4xx_hal_msp.c **** 
 535              		.loc 1 249 5 view .LVU134
 536 001e 0021     		movs	r1, #0
 537 0020 0191     		str	r1, [sp, #4]
 249:Core/Src/stm32f4xx_hal_msp.c **** 
 538              		.loc 1 249 5 view .LVU135
 539 0022 03F58433 		add	r3, r3, #67584
 540 0026 5A6C     		ldr	r2, [r3, #68]
 541 0028 42F48052 		orr	r2, r2, #4096
 542 002c 5A64     		str	r2, [r3, #68]
 249:Core/Src/stm32f4xx_hal_msp.c **** 
 543              		.loc 1 249 5 view .LVU136
 544 002e 5A6C     		ldr	r2, [r3, #68]
 545 0030 02F48052 		and	r2, r2, #4096
 546 0034 0192     		str	r2, [sp, #4]
 249:Core/Src/stm32f4xx_hal_msp.c **** 
 547              		.loc 1 249 5 view .LVU137
 548 0036 019A     		ldr	r2, [sp, #4]
 549              	.LBE8:
 249:Core/Src/stm32f4xx_hal_msp.c **** 
 550              		.loc 1 249 5 view .LVU138
 251:Core/Src/stm32f4xx_hal_msp.c ****     /**SPI1 GPIO Configuration
 551              		.loc 1 251 5 view .LVU139
 552              	.LBB9:
 251:Core/Src/stm32f4xx_hal_msp.c ****     /**SPI1 GPIO Configuration
 553              		.loc 1 251 5 view .LVU140
 554 0038 0291     		str	r1, [sp, #8]
 251:Core/Src/stm32f4xx_hal_msp.c ****     /**SPI1 GPIO Configuration
 555              		.loc 1 251 5 view .LVU141
 556 003a 1A6B     		ldr	r2, [r3, #48]
 557 003c 42F00102 		orr	r2, r2, #1
 558 0040 1A63     		str	r2, [r3, #48]
 251:Core/Src/stm32f4xx_hal_msp.c ****     /**SPI1 GPIO Configuration
 559              		.loc 1 251 5 view .LVU142
 560 0042 1B6B     		ldr	r3, [r3, #48]
 561 0044 03F00103 		and	r3, r3, #1
 562 0048 0293     		str	r3, [sp, #8]
 251:Core/Src/stm32f4xx_hal_msp.c ****     /**SPI1 GPIO Configuration
 563              		.loc 1 251 5 view .LVU143
 564 004a 029B     		ldr	r3, [sp, #8]
 565              	.LBE9:
 251:Core/Src/stm32f4xx_hal_msp.c ****     /**SPI1 GPIO Configuration
 566              		.loc 1 251 5 view .LVU144
 257:Core/Src/stm32f4xx_hal_msp.c ****     GPIO_InitStruct.Mode = GPIO_MODE_AF_PP;
 567              		.loc 1 257 5 view .LVU145
 257:Core/Src/stm32f4xx_hal_msp.c ****     GPIO_InitStruct.Mode = GPIO_MODE_AF_PP;
 568              		.loc 1 257 25 is_stmt 0 view .LVU146
ARM GAS  C:\Users\gamin\AppData\Local\Temp\ccs06oSe.s 			page 17


 569 004c E023     		movs	r3, #224
 570 004e 0393     		str	r3, [sp, #12]
 258:Core/Src/stm32f4xx_hal_msp.c ****     GPIO_InitStruct.Pull = GPIO_NOPULL;
 571              		.loc 1 258 5 is_stmt 1 view .LVU147
 258:Core/Src/stm32f4xx_hal_msp.c ****     GPIO_InitStruct.Pull = GPIO_NOPULL;
 572              		.loc 1 258 26 is_stmt 0 view .LVU148
 573 0050 0223     		movs	r3, #2
 574 0052 0493     		str	r3, [sp, #16]
 259:Core/Src/stm32f4xx_hal_msp.c ****     GPIO_InitStruct.Speed = GPIO_SPEED_FREQ_LOW;
 575              		.loc 1 259 5 is_stmt 1 view .LVU149
 260:Core/Src/stm32f4xx_hal_msp.c ****     GPIO_InitStruct.Alternate = GPIO_AF5_SPI1;
 576              		.loc 1 260 5 view .LVU150
 261:Core/Src/stm32f4xx_hal_msp.c ****     HAL_GPIO_Init(GPIOA, &GPIO_InitStruct);
 577              		.loc 1 261 5 view .LVU151
 261:Core/Src/stm32f4xx_hal_msp.c ****     HAL_GPIO_Init(GPIOA, &GPIO_InitStruct);
 578              		.loc 1 261 31 is_stmt 0 view .LVU152
 579 0054 0523     		movs	r3, #5
 580 0056 0793     		str	r3, [sp, #28]
 262:Core/Src/stm32f4xx_hal_msp.c **** 
 581              		.loc 1 262 5 is_stmt 1 view .LVU153
 582 0058 03A9     		add	r1, sp, #12
 583 005a 0348     		ldr	r0, .L41+4
 584              	.LVL25:
 262:Core/Src/stm32f4xx_hal_msp.c **** 
 585              		.loc 1 262 5 is_stmt 0 view .LVU154
 586 005c FFF7FEFF 		bl	HAL_GPIO_Init
 587              	.LVL26:
 588              		.loc 1 269 1 view .LVU155
 589 0060 DAE7     		b	.L37
 590              	.L42:
 591 0062 00BF     		.align	2
 592              	.L41:
 593 0064 00300140 		.word	1073819648
 594 0068 00000240 		.word	1073872896
 595              		.cfi_endproc
 596              	.LFE244:
 598              		.section	.text.HAL_SPI_MspDeInit,"ax",%progbits
 599              		.align	1
 600              		.global	HAL_SPI_MspDeInit
 601              		.syntax unified
 602              		.thumb
 603              		.thumb_func
 605              	HAL_SPI_MspDeInit:
 606              	.LVL27:
 607              	.LFB245:
 270:Core/Src/stm32f4xx_hal_msp.c **** 
 271:Core/Src/stm32f4xx_hal_msp.c **** /**
 272:Core/Src/stm32f4xx_hal_msp.c **** * @brief SPI MSP De-Initialization
 273:Core/Src/stm32f4xx_hal_msp.c **** * This function freeze the hardware resources used in this example
 274:Core/Src/stm32f4xx_hal_msp.c **** * @param hspi: SPI handle pointer
 275:Core/Src/stm32f4xx_hal_msp.c **** * @retval None
 276:Core/Src/stm32f4xx_hal_msp.c **** */
 277:Core/Src/stm32f4xx_hal_msp.c **** void HAL_SPI_MspDeInit(SPI_HandleTypeDef* hspi)
 278:Core/Src/stm32f4xx_hal_msp.c **** {
 608              		.loc 1 278 1 is_stmt 1 view -0
 609              		.cfi_startproc
 610              		@ args = 0, pretend = 0, frame = 0
ARM GAS  C:\Users\gamin\AppData\Local\Temp\ccs06oSe.s 			page 18


 611              		@ frame_needed = 0, uses_anonymous_args = 0
 612              		.loc 1 278 1 is_stmt 0 view .LVU157
 613 0000 08B5     		push	{r3, lr}
 614              		.cfi_def_cfa_offset 8
 615              		.cfi_offset 3, -8
 616              		.cfi_offset 14, -4
 279:Core/Src/stm32f4xx_hal_msp.c ****   if(hspi->Instance==SPI1)
 617              		.loc 1 279 3 is_stmt 1 view .LVU158
 618              		.loc 1 279 10 is_stmt 0 view .LVU159
 619 0002 0268     		ldr	r2, [r0]
 620              		.loc 1 279 5 view .LVU160
 621 0004 064B     		ldr	r3, .L47
 622 0006 9A42     		cmp	r2, r3
 623 0008 00D0     		beq	.L46
 624              	.LVL28:
 625              	.L43:
 280:Core/Src/stm32f4xx_hal_msp.c ****   {
 281:Core/Src/stm32f4xx_hal_msp.c ****   /* USER CODE BEGIN SPI1_MspDeInit 0 */
 282:Core/Src/stm32f4xx_hal_msp.c **** 
 283:Core/Src/stm32f4xx_hal_msp.c ****   /* USER CODE END SPI1_MspDeInit 0 */
 284:Core/Src/stm32f4xx_hal_msp.c ****     /* Peripheral clock disable */
 285:Core/Src/stm32f4xx_hal_msp.c ****     __HAL_RCC_SPI1_CLK_DISABLE();
 286:Core/Src/stm32f4xx_hal_msp.c **** 
 287:Core/Src/stm32f4xx_hal_msp.c ****     /**SPI1 GPIO Configuration
 288:Core/Src/stm32f4xx_hal_msp.c ****     PA5     ------> SPI1_SCK
 289:Core/Src/stm32f4xx_hal_msp.c ****     PA6     ------> SPI1_MISO
 290:Core/Src/stm32f4xx_hal_msp.c ****     PA7     ------> SPI1_MOSI
 291:Core/Src/stm32f4xx_hal_msp.c ****     */
 292:Core/Src/stm32f4xx_hal_msp.c ****     HAL_GPIO_DeInit(GPIOA, SPI1_SCK_Pin|SPI1_MISO_Pin|SPI1_MOSI_Pin);
 293:Core/Src/stm32f4xx_hal_msp.c **** 
 294:Core/Src/stm32f4xx_hal_msp.c ****   /* USER CODE BEGIN SPI1_MspDeInit 1 */
 295:Core/Src/stm32f4xx_hal_msp.c **** 
 296:Core/Src/stm32f4xx_hal_msp.c ****   /* USER CODE END SPI1_MspDeInit 1 */
 297:Core/Src/stm32f4xx_hal_msp.c ****   }
 298:Core/Src/stm32f4xx_hal_msp.c **** 
 299:Core/Src/stm32f4xx_hal_msp.c **** }
 626              		.loc 1 299 1 view .LVU161
 627 000a 08BD     		pop	{r3, pc}
 628              	.LVL29:
 629              	.L46:
 285:Core/Src/stm32f4xx_hal_msp.c **** 
 630              		.loc 1 285 5 is_stmt 1 view .LVU162
 631 000c 054A     		ldr	r2, .L47+4
 632 000e 536C     		ldr	r3, [r2, #68]
 633 0010 23F48053 		bic	r3, r3, #4096
 634 0014 5364     		str	r3, [r2, #68]
 292:Core/Src/stm32f4xx_hal_msp.c **** 
 635              		.loc 1 292 5 view .LVU163
 636 0016 E021     		movs	r1, #224
 637 0018 0348     		ldr	r0, .L47+8
 638              	.LVL30:
 292:Core/Src/stm32f4xx_hal_msp.c **** 
 639              		.loc 1 292 5 is_stmt 0 view .LVU164
 640 001a FFF7FEFF 		bl	HAL_GPIO_DeInit
 641              	.LVL31:
 642              		.loc 1 299 1 view .LVU165
 643 001e F4E7     		b	.L43
ARM GAS  C:\Users\gamin\AppData\Local\Temp\ccs06oSe.s 			page 19


 644              	.L48:
 645              		.align	2
 646              	.L47:
 647 0020 00300140 		.word	1073819648
 648 0024 00380240 		.word	1073887232
 649 0028 00000240 		.word	1073872896
 650              		.cfi_endproc
 651              	.LFE245:
 653              		.section	.text.HAL_TIM_Base_MspInit,"ax",%progbits
 654              		.align	1
 655              		.global	HAL_TIM_Base_MspInit
 656              		.syntax unified
 657              		.thumb
 658              		.thumb_func
 660              	HAL_TIM_Base_MspInit:
 661              	.LVL32:
 662              	.LFB246:
 300:Core/Src/stm32f4xx_hal_msp.c **** 
 301:Core/Src/stm32f4xx_hal_msp.c **** /**
 302:Core/Src/stm32f4xx_hal_msp.c **** * @brief TIM_Base MSP Initialization
 303:Core/Src/stm32f4xx_hal_msp.c **** * This function configures the hardware resources used in this example
 304:Core/Src/stm32f4xx_hal_msp.c **** * @param htim_base: TIM_Base handle pointer
 305:Core/Src/stm32f4xx_hal_msp.c **** * @retval None
 306:Core/Src/stm32f4xx_hal_msp.c **** */
 307:Core/Src/stm32f4xx_hal_msp.c **** void HAL_TIM_Base_MspInit(TIM_HandleTypeDef* htim_base)
 308:Core/Src/stm32f4xx_hal_msp.c **** {
 663              		.loc 1 308 1 is_stmt 1 view -0
 664              		.cfi_startproc
 665              		@ args = 0, pretend = 0, frame = 8
 666              		@ frame_needed = 0, uses_anonymous_args = 0
 667              		@ link register save eliminated.
 309:Core/Src/stm32f4xx_hal_msp.c ****   if(htim_base->Instance==TIM2)
 668              		.loc 1 309 3 view .LVU167
 669              		.loc 1 309 15 is_stmt 0 view .LVU168
 670 0000 0368     		ldr	r3, [r0]
 671              		.loc 1 309 5 view .LVU169
 672 0002 B3F1804F 		cmp	r3, #1073741824
 673 0006 00D0     		beq	.L55
 674 0008 7047     		bx	lr
 675              	.L55:
 308:Core/Src/stm32f4xx_hal_msp.c ****   if(htim_base->Instance==TIM2)
 676              		.loc 1 308 1 view .LVU170
 677 000a 82B0     		sub	sp, sp, #8
 678              		.cfi_def_cfa_offset 8
 310:Core/Src/stm32f4xx_hal_msp.c ****   {
 311:Core/Src/stm32f4xx_hal_msp.c ****   /* USER CODE BEGIN TIM2_MspInit 0 */
 312:Core/Src/stm32f4xx_hal_msp.c **** 
 313:Core/Src/stm32f4xx_hal_msp.c ****   /* USER CODE END TIM2_MspInit 0 */
 314:Core/Src/stm32f4xx_hal_msp.c ****     /* Peripheral clock enable */
 315:Core/Src/stm32f4xx_hal_msp.c ****     __HAL_RCC_TIM2_CLK_ENABLE();
 679              		.loc 1 315 5 is_stmt 1 view .LVU171
 680              	.LBB10:
 681              		.loc 1 315 5 view .LVU172
 682 000c 0023     		movs	r3, #0
 683 000e 0193     		str	r3, [sp, #4]
 684              		.loc 1 315 5 view .LVU173
 685 0010 054B     		ldr	r3, .L56
ARM GAS  C:\Users\gamin\AppData\Local\Temp\ccs06oSe.s 			page 20


 686 0012 1A6C     		ldr	r2, [r3, #64]
 687 0014 42F00102 		orr	r2, r2, #1
 688 0018 1A64     		str	r2, [r3, #64]
 689              		.loc 1 315 5 view .LVU174
 690 001a 1B6C     		ldr	r3, [r3, #64]
 691 001c 03F00103 		and	r3, r3, #1
 692 0020 0193     		str	r3, [sp, #4]
 693              		.loc 1 315 5 view .LVU175
 694 0022 019B     		ldr	r3, [sp, #4]
 695              	.LBE10:
 696              		.loc 1 315 5 discriminator 1 view .LVU176
 316:Core/Src/stm32f4xx_hal_msp.c ****   /* USER CODE BEGIN TIM2_MspInit 1 */
 317:Core/Src/stm32f4xx_hal_msp.c **** 
 318:Core/Src/stm32f4xx_hal_msp.c ****   /* USER CODE END TIM2_MspInit 1 */
 319:Core/Src/stm32f4xx_hal_msp.c ****   }
 320:Core/Src/stm32f4xx_hal_msp.c **** 
 321:Core/Src/stm32f4xx_hal_msp.c **** }
 697              		.loc 1 321 1 is_stmt 0 view .LVU177
 698 0024 02B0     		add	sp, sp, #8
 699              		.cfi_def_cfa_offset 0
 700              		@ sp needed
 701 0026 7047     		bx	lr
 702              	.L57:
 703              		.align	2
 704              	.L56:
 705 0028 00380240 		.word	1073887232
 706              		.cfi_endproc
 707              	.LFE246:
 709              		.section	.text.HAL_TIM_MspPostInit,"ax",%progbits
 710              		.align	1
 711              		.global	HAL_TIM_MspPostInit
 712              		.syntax unified
 713              		.thumb
 714              		.thumb_func
 716              	HAL_TIM_MspPostInit:
 717              	.LVL33:
 718              	.LFB247:
 322:Core/Src/stm32f4xx_hal_msp.c **** 
 323:Core/Src/stm32f4xx_hal_msp.c **** void HAL_TIM_MspPostInit(TIM_HandleTypeDef* htim)
 324:Core/Src/stm32f4xx_hal_msp.c **** {
 719              		.loc 1 324 1 is_stmt 1 view -0
 720              		.cfi_startproc
 721              		@ args = 0, pretend = 0, frame = 24
 722              		@ frame_needed = 0, uses_anonymous_args = 0
 723              		.loc 1 324 1 is_stmt 0 view .LVU179
 724 0000 00B5     		push	{lr}
 725              		.cfi_def_cfa_offset 4
 726              		.cfi_offset 14, -4
 727 0002 87B0     		sub	sp, sp, #28
 728              		.cfi_def_cfa_offset 32
 325:Core/Src/stm32f4xx_hal_msp.c ****   GPIO_InitTypeDef GPIO_InitStruct = {0};
 729              		.loc 1 325 3 is_stmt 1 view .LVU180
 730              		.loc 1 325 20 is_stmt 0 view .LVU181
 731 0004 0023     		movs	r3, #0
 732 0006 0193     		str	r3, [sp, #4]
 733 0008 0293     		str	r3, [sp, #8]
 734 000a 0393     		str	r3, [sp, #12]
ARM GAS  C:\Users\gamin\AppData\Local\Temp\ccs06oSe.s 			page 21


 735 000c 0493     		str	r3, [sp, #16]
 736 000e 0593     		str	r3, [sp, #20]
 326:Core/Src/stm32f4xx_hal_msp.c ****   if(htim->Instance==TIM2)
 737              		.loc 1 326 3 is_stmt 1 view .LVU182
 738              		.loc 1 326 10 is_stmt 0 view .LVU183
 739 0010 0368     		ldr	r3, [r0]
 740              		.loc 1 326 5 view .LVU184
 741 0012 B3F1804F 		cmp	r3, #1073741824
 742 0016 02D0     		beq	.L61
 743              	.LVL34:
 744              	.L58:
 327:Core/Src/stm32f4xx_hal_msp.c ****   {
 328:Core/Src/stm32f4xx_hal_msp.c ****   /* USER CODE BEGIN TIM2_MspPostInit 0 */
 329:Core/Src/stm32f4xx_hal_msp.c **** 
 330:Core/Src/stm32f4xx_hal_msp.c ****   /* USER CODE END TIM2_MspPostInit 0 */
 331:Core/Src/stm32f4xx_hal_msp.c **** 
 332:Core/Src/stm32f4xx_hal_msp.c ****     __HAL_RCC_GPIOA_CLK_ENABLE();
 333:Core/Src/stm32f4xx_hal_msp.c ****     /**TIM2 GPIO Configuration
 334:Core/Src/stm32f4xx_hal_msp.c ****     PA15     ------> TIM2_CH1
 335:Core/Src/stm32f4xx_hal_msp.c ****     */
 336:Core/Src/stm32f4xx_hal_msp.c ****     GPIO_InitStruct.Pin = GPIO_PIN_15;
 337:Core/Src/stm32f4xx_hal_msp.c ****     GPIO_InitStruct.Mode = GPIO_MODE_AF_PP;
 338:Core/Src/stm32f4xx_hal_msp.c ****     GPIO_InitStruct.Pull = GPIO_NOPULL;
 339:Core/Src/stm32f4xx_hal_msp.c ****     GPIO_InitStruct.Speed = GPIO_SPEED_FREQ_LOW;
 340:Core/Src/stm32f4xx_hal_msp.c ****     GPIO_InitStruct.Alternate = GPIO_AF1_TIM2;
 341:Core/Src/stm32f4xx_hal_msp.c ****     HAL_GPIO_Init(GPIOA, &GPIO_InitStruct);
 342:Core/Src/stm32f4xx_hal_msp.c **** 
 343:Core/Src/stm32f4xx_hal_msp.c ****   /* USER CODE BEGIN TIM2_MspPostInit 1 */
 344:Core/Src/stm32f4xx_hal_msp.c **** 
 345:Core/Src/stm32f4xx_hal_msp.c ****   /* USER CODE END TIM2_MspPostInit 1 */
 346:Core/Src/stm32f4xx_hal_msp.c ****   }
 347:Core/Src/stm32f4xx_hal_msp.c **** 
 348:Core/Src/stm32f4xx_hal_msp.c **** }
 745              		.loc 1 348 1 view .LVU185
 746 0018 07B0     		add	sp, sp, #28
 747              		.cfi_remember_state
 748              		.cfi_def_cfa_offset 4
 749              		@ sp needed
 750 001a 5DF804FB 		ldr	pc, [sp], #4
 751              	.LVL35:
 752              	.L61:
 753              		.cfi_restore_state
 332:Core/Src/stm32f4xx_hal_msp.c ****     /**TIM2 GPIO Configuration
 754              		.loc 1 332 5 is_stmt 1 view .LVU186
 755              	.LBB11:
 332:Core/Src/stm32f4xx_hal_msp.c ****     /**TIM2 GPIO Configuration
 756              		.loc 1 332 5 view .LVU187
 757 001e 0023     		movs	r3, #0
 758 0020 0093     		str	r3, [sp]
 332:Core/Src/stm32f4xx_hal_msp.c ****     /**TIM2 GPIO Configuration
 759              		.loc 1 332 5 view .LVU188
 760 0022 0B4B     		ldr	r3, .L62
 761 0024 1A6B     		ldr	r2, [r3, #48]
 762 0026 42F00102 		orr	r2, r2, #1
 763 002a 1A63     		str	r2, [r3, #48]
 332:Core/Src/stm32f4xx_hal_msp.c ****     /**TIM2 GPIO Configuration
 764              		.loc 1 332 5 view .LVU189
ARM GAS  C:\Users\gamin\AppData\Local\Temp\ccs06oSe.s 			page 22


 765 002c 1B6B     		ldr	r3, [r3, #48]
 766 002e 03F00103 		and	r3, r3, #1
 767 0032 0093     		str	r3, [sp]
 332:Core/Src/stm32f4xx_hal_msp.c ****     /**TIM2 GPIO Configuration
 768              		.loc 1 332 5 view .LVU190
 769 0034 009B     		ldr	r3, [sp]
 770              	.LBE11:
 332:Core/Src/stm32f4xx_hal_msp.c ****     /**TIM2 GPIO Configuration
 771              		.loc 1 332 5 view .LVU191
 336:Core/Src/stm32f4xx_hal_msp.c ****     GPIO_InitStruct.Mode = GPIO_MODE_AF_PP;
 772              		.loc 1 336 5 view .LVU192
 336:Core/Src/stm32f4xx_hal_msp.c ****     GPIO_InitStruct.Mode = GPIO_MODE_AF_PP;
 773              		.loc 1 336 25 is_stmt 0 view .LVU193
 774 0036 4FF40043 		mov	r3, #32768
 775 003a 0193     		str	r3, [sp, #4]
 337:Core/Src/stm32f4xx_hal_msp.c ****     GPIO_InitStruct.Pull = GPIO_NOPULL;
 776              		.loc 1 337 5 is_stmt 1 view .LVU194
 337:Core/Src/stm32f4xx_hal_msp.c ****     GPIO_InitStruct.Pull = GPIO_NOPULL;
 777              		.loc 1 337 26 is_stmt 0 view .LVU195
 778 003c 0223     		movs	r3, #2
 779 003e 0293     		str	r3, [sp, #8]
 338:Core/Src/stm32f4xx_hal_msp.c ****     GPIO_InitStruct.Speed = GPIO_SPEED_FREQ_LOW;
 780              		.loc 1 338 5 is_stmt 1 view .LVU196
 339:Core/Src/stm32f4xx_hal_msp.c ****     GPIO_InitStruct.Alternate = GPIO_AF1_TIM2;
 781              		.loc 1 339 5 view .LVU197
 340:Core/Src/stm32f4xx_hal_msp.c ****     HAL_GPIO_Init(GPIOA, &GPIO_InitStruct);
 782              		.loc 1 340 5 view .LVU198
 340:Core/Src/stm32f4xx_hal_msp.c ****     HAL_GPIO_Init(GPIOA, &GPIO_InitStruct);
 783              		.loc 1 340 31 is_stmt 0 view .LVU199
 784 0040 0123     		movs	r3, #1
 785 0042 0593     		str	r3, [sp, #20]
 341:Core/Src/stm32f4xx_hal_msp.c **** 
 786              		.loc 1 341 5 is_stmt 1 view .LVU200
 787 0044 01A9     		add	r1, sp, #4
 788 0046 0348     		ldr	r0, .L62+4
 789              	.LVL36:
 341:Core/Src/stm32f4xx_hal_msp.c **** 
 790              		.loc 1 341 5 is_stmt 0 view .LVU201
 791 0048 FFF7FEFF 		bl	HAL_GPIO_Init
 792              	.LVL37:
 793              		.loc 1 348 1 view .LVU202
 794 004c E4E7     		b	.L58
 795              	.L63:
 796 004e 00BF     		.align	2
 797              	.L62:
 798 0050 00380240 		.word	1073887232
 799 0054 00000240 		.word	1073872896
 800              		.cfi_endproc
 801              	.LFE247:
 803              		.section	.text.HAL_TIM_Base_MspDeInit,"ax",%progbits
 804              		.align	1
 805              		.global	HAL_TIM_Base_MspDeInit
 806              		.syntax unified
 807              		.thumb
 808              		.thumb_func
 810              	HAL_TIM_Base_MspDeInit:
 811              	.LVL38:
ARM GAS  C:\Users\gamin\AppData\Local\Temp\ccs06oSe.s 			page 23


 812              	.LFB248:
 349:Core/Src/stm32f4xx_hal_msp.c **** /**
 350:Core/Src/stm32f4xx_hal_msp.c **** * @brief TIM_Base MSP De-Initialization
 351:Core/Src/stm32f4xx_hal_msp.c **** * This function freeze the hardware resources used in this example
 352:Core/Src/stm32f4xx_hal_msp.c **** * @param htim_base: TIM_Base handle pointer
 353:Core/Src/stm32f4xx_hal_msp.c **** * @retval None
 354:Core/Src/stm32f4xx_hal_msp.c **** */
 355:Core/Src/stm32f4xx_hal_msp.c **** void HAL_TIM_Base_MspDeInit(TIM_HandleTypeDef* htim_base)
 356:Core/Src/stm32f4xx_hal_msp.c **** {
 813              		.loc 1 356 1 is_stmt 1 view -0
 814              		.cfi_startproc
 815              		@ args = 0, pretend = 0, frame = 0
 816              		@ frame_needed = 0, uses_anonymous_args = 0
 817              		@ link register save eliminated.
 357:Core/Src/stm32f4xx_hal_msp.c ****   if(htim_base->Instance==TIM2)
 818              		.loc 1 357 3 view .LVU204
 819              		.loc 1 357 15 is_stmt 0 view .LVU205
 820 0000 0368     		ldr	r3, [r0]
 821              		.loc 1 357 5 view .LVU206
 822 0002 B3F1804F 		cmp	r3, #1073741824
 823 0006 00D0     		beq	.L66
 824              	.L64:
 358:Core/Src/stm32f4xx_hal_msp.c ****   {
 359:Core/Src/stm32f4xx_hal_msp.c ****   /* USER CODE BEGIN TIM2_MspDeInit 0 */
 360:Core/Src/stm32f4xx_hal_msp.c **** 
 361:Core/Src/stm32f4xx_hal_msp.c ****   /* USER CODE END TIM2_MspDeInit 0 */
 362:Core/Src/stm32f4xx_hal_msp.c ****     /* Peripheral clock disable */
 363:Core/Src/stm32f4xx_hal_msp.c ****     __HAL_RCC_TIM2_CLK_DISABLE();
 364:Core/Src/stm32f4xx_hal_msp.c ****   /* USER CODE BEGIN TIM2_MspDeInit 1 */
 365:Core/Src/stm32f4xx_hal_msp.c **** 
 366:Core/Src/stm32f4xx_hal_msp.c ****   /* USER CODE END TIM2_MspDeInit 1 */
 367:Core/Src/stm32f4xx_hal_msp.c ****   }
 368:Core/Src/stm32f4xx_hal_msp.c **** 
 369:Core/Src/stm32f4xx_hal_msp.c **** }
 825              		.loc 1 369 1 view .LVU207
 826 0008 7047     		bx	lr
 827              	.L66:
 363:Core/Src/stm32f4xx_hal_msp.c ****   /* USER CODE BEGIN TIM2_MspDeInit 1 */
 828              		.loc 1 363 5 is_stmt 1 view .LVU208
 829 000a 034A     		ldr	r2, .L67
 830 000c 136C     		ldr	r3, [r2, #64]
 831 000e 23F00103 		bic	r3, r3, #1
 832 0012 1364     		str	r3, [r2, #64]
 833              		.loc 1 369 1 is_stmt 0 view .LVU209
 834 0014 F8E7     		b	.L64
 835              	.L68:
 836 0016 00BF     		.align	2
 837              	.L67:
 838 0018 00380240 		.word	1073887232
 839              		.cfi_endproc
 840              	.LFE248:
 842              		.text
 843              	.Letext0:
 844              		.file 2 "C:/Users/gamin/AppData/Roaming/Code/User/globalStorage/bmd.stm32-for-vscode/@xpack-dev-to
 845              		.file 3 "C:/Users/gamin/AppData/Roaming/Code/User/globalStorage/bmd.stm32-for-vscode/@xpack-dev-to
 846              		.file 4 "Drivers/CMSIS/Device/ST/STM32F4xx/Include/stm32f407xx.h"
 847              		.file 5 "Drivers/CMSIS/Device/ST/STM32F4xx/Include/stm32f4xx.h"
ARM GAS  C:\Users\gamin\AppData\Local\Temp\ccs06oSe.s 			page 24


 848              		.file 6 "Drivers/STM32F4xx_HAL_Driver/Inc/stm32f4xx_hal_def.h"
 849              		.file 7 "Drivers/STM32F4xx_HAL_Driver/Inc/stm32f4xx_hal_gpio.h"
 850              		.file 8 "Drivers/STM32F4xx_HAL_Driver/Inc/stm32f4xx_hal_dma.h"
 851              		.file 9 "Drivers/STM32F4xx_HAL_Driver/Inc/stm32f4xx_hal_adc.h"
 852              		.file 10 "Drivers/STM32F4xx_HAL_Driver/Inc/stm32f4xx_hal_i2c.h"
 853              		.file 11 "Drivers/STM32F4xx_HAL_Driver/Inc/stm32f4xx_hal_spi.h"
 854              		.file 12 "Drivers/STM32F4xx_HAL_Driver/Inc/stm32f4xx_hal_tim.h"
 855              		.file 13 "Drivers/STM32F4xx_HAL_Driver/Inc/stm32f4xx_hal_cortex.h"
 856              		.file 14 "Core/Inc/main.h"
ARM GAS  C:\Users\gamin\AppData\Local\Temp\ccs06oSe.s 			page 25


DEFINED SYMBOLS
                            *ABS*:00000000 stm32f4xx_hal_msp.c
C:\Users\gamin\AppData\Local\Temp\ccs06oSe.s:21     .text.HAL_MspInit:00000000 $t
C:\Users\gamin\AppData\Local\Temp\ccs06oSe.s:27     .text.HAL_MspInit:00000000 HAL_MspInit
C:\Users\gamin\AppData\Local\Temp\ccs06oSe.s:84     .text.HAL_MspInit:0000003c $d
C:\Users\gamin\AppData\Local\Temp\ccs06oSe.s:89     .text.HAL_ADC_MspInit:00000000 $t
C:\Users\gamin\AppData\Local\Temp\ccs06oSe.s:95     .text.HAL_ADC_MspInit:00000000 HAL_ADC_MspInit
C:\Users\gamin\AppData\Local\Temp\ccs06oSe.s:249    .text.HAL_ADC_MspInit:000000a0 $d
C:\Users\gamin\AppData\Local\Temp\ccs06oSe.s:256    .text.HAL_ADC_MspDeInit:00000000 $t
C:\Users\gamin\AppData\Local\Temp\ccs06oSe.s:262    .text.HAL_ADC_MspDeInit:00000000 HAL_ADC_MspDeInit
C:\Users\gamin\AppData\Local\Temp\ccs06oSe.s:307    .text.HAL_ADC_MspDeInit:00000028 $d
C:\Users\gamin\AppData\Local\Temp\ccs06oSe.s:314    .text.HAL_I2C_MspInit:00000000 $t
C:\Users\gamin\AppData\Local\Temp\ccs06oSe.s:320    .text.HAL_I2C_MspInit:00000000 HAL_I2C_MspInit
C:\Users\gamin\AppData\Local\Temp\ccs06oSe.s:424    .text.HAL_I2C_MspInit:00000064 $d
C:\Users\gamin\AppData\Local\Temp\ccs06oSe.s:431    .text.HAL_I2C_MspDeInit:00000000 $t
C:\Users\gamin\AppData\Local\Temp\ccs06oSe.s:437    .text.HAL_I2C_MspDeInit:00000000 HAL_I2C_MspDeInit
C:\Users\gamin\AppData\Local\Temp\ccs06oSe.s:481    .text.HAL_I2C_MspDeInit:0000002c $d
C:\Users\gamin\AppData\Local\Temp\ccs06oSe.s:488    .text.HAL_SPI_MspInit:00000000 $t
C:\Users\gamin\AppData\Local\Temp\ccs06oSe.s:494    .text.HAL_SPI_MspInit:00000000 HAL_SPI_MspInit
C:\Users\gamin\AppData\Local\Temp\ccs06oSe.s:593    .text.HAL_SPI_MspInit:00000064 $d
C:\Users\gamin\AppData\Local\Temp\ccs06oSe.s:599    .text.HAL_SPI_MspDeInit:00000000 $t
C:\Users\gamin\AppData\Local\Temp\ccs06oSe.s:605    .text.HAL_SPI_MspDeInit:00000000 HAL_SPI_MspDeInit
C:\Users\gamin\AppData\Local\Temp\ccs06oSe.s:647    .text.HAL_SPI_MspDeInit:00000020 $d
C:\Users\gamin\AppData\Local\Temp\ccs06oSe.s:654    .text.HAL_TIM_Base_MspInit:00000000 $t
C:\Users\gamin\AppData\Local\Temp\ccs06oSe.s:660    .text.HAL_TIM_Base_MspInit:00000000 HAL_TIM_Base_MspInit
C:\Users\gamin\AppData\Local\Temp\ccs06oSe.s:705    .text.HAL_TIM_Base_MspInit:00000028 $d
C:\Users\gamin\AppData\Local\Temp\ccs06oSe.s:710    .text.HAL_TIM_MspPostInit:00000000 $t
C:\Users\gamin\AppData\Local\Temp\ccs06oSe.s:716    .text.HAL_TIM_MspPostInit:00000000 HAL_TIM_MspPostInit
C:\Users\gamin\AppData\Local\Temp\ccs06oSe.s:798    .text.HAL_TIM_MspPostInit:00000050 $d
C:\Users\gamin\AppData\Local\Temp\ccs06oSe.s:804    .text.HAL_TIM_Base_MspDeInit:00000000 $t
C:\Users\gamin\AppData\Local\Temp\ccs06oSe.s:810    .text.HAL_TIM_Base_MspDeInit:00000000 HAL_TIM_Base_MspDeInit
C:\Users\gamin\AppData\Local\Temp\ccs06oSe.s:838    .text.HAL_TIM_Base_MspDeInit:00000018 $d

UNDEFINED SYMBOLS
HAL_NVIC_SetPriorityGrouping
HAL_GPIO_Init
HAL_DMA_Init
Error_Handler
hdma_adc1
HAL_GPIO_DeInit
HAL_DMA_DeInit
