ARM GAS  C:\Users\gamin\AppData\Local\Temp\ccdgYGek.s 			page 1


   1              		.cpu cortex-m4
   2              		.arch armv7e-m
   3              		.fpu fpv4-sp-d16
   4              		.eabi_attribute 27, 1
   5              		.eabi_attribute 28, 1
   6              		.eabi_attribute 20, 1
   7              		.eabi_attribute 21, 1
   8              		.eabi_attribute 23, 3
   9              		.eabi_attribute 24, 1
  10              		.eabi_attribute 25, 1
  11              		.eabi_attribute 26, 1
  12              		.eabi_attribute 30, 1
  13              		.eabi_attribute 34, 1
  14              		.eabi_attribute 18, 4
  15              		.file	"main.c"
  16              		.text
  17              	.Ltext0:
  18              		.cfi_sections	.debug_frame
  19              		.file 1 "Core/Src/main.c"
  20              		.section	.text.MX_GPIO_Init,"ax",%progbits
  21              		.align	1
  22              		.syntax unified
  23              		.thumb
  24              		.thumb_func
  26              	MX_GPIO_Init:
  27              	.LFB138:
   1:Core/Src/main.c **** /* USER CODE BEGIN Header */
   2:Core/Src/main.c **** /**
   3:Core/Src/main.c ****   ******************************************************************************
   4:Core/Src/main.c ****   * @file           : main.c
   5:Core/Src/main.c ****   * @brief          : Main program body
   6:Core/Src/main.c ****   ******************************************************************************
   7:Core/Src/main.c ****   * @attention
   8:Core/Src/main.c ****   *
   9:Core/Src/main.c ****   * Copyright (c) 2024 STMicroelectronics.
  10:Core/Src/main.c ****   * All rights reserved.
  11:Core/Src/main.c ****   *
  12:Core/Src/main.c ****   * This software is licensed under terms that can be found in the LICENSE file
  13:Core/Src/main.c ****   * in the root directory of this software component.
  14:Core/Src/main.c ****   * If no LICENSE file comes with this software, it is provided AS-IS.
  15:Core/Src/main.c ****   *
  16:Core/Src/main.c ****   ******************************************************************************
  17:Core/Src/main.c ****   */
  18:Core/Src/main.c **** /* USER CODE END Header */
  19:Core/Src/main.c **** /* Includes ------------------------------------------------------------------*/
  20:Core/Src/main.c **** #include "main.h"
  21:Core/Src/main.c **** #include "usb_device.h"
  22:Core/Src/main.c **** 
  23:Core/Src/main.c **** /* Private includes ----------------------------------------------------------*/
  24:Core/Src/main.c **** /* USER CODE BEGIN Includes */
  25:Core/Src/main.c **** #include "usbd_cdc_if.h"
  26:Core/Src/main.c **** #include "string.h"
  27:Core/Src/main.c **** /* USER CODE END Includes */
  28:Core/Src/main.c **** 
  29:Core/Src/main.c **** /* Private typedef -----------------------------------------------------------*/
  30:Core/Src/main.c **** /* USER CODE BEGIN PTD */
  31:Core/Src/main.c **** 
ARM GAS  C:\Users\gamin\AppData\Local\Temp\ccdgYGek.s 			page 2


  32:Core/Src/main.c **** /* USER CODE END PTD */
  33:Core/Src/main.c **** 
  34:Core/Src/main.c **** /* Private define ------------------------------------------------------------*/
  35:Core/Src/main.c **** /* USER CODE BEGIN PD */
  36:Core/Src/main.c **** 
  37:Core/Src/main.c **** /* USER CODE END PD */
  38:Core/Src/main.c **** 
  39:Core/Src/main.c **** /* Private macro -------------------------------------------------------------*/
  40:Core/Src/main.c **** /* USER CODE BEGIN PM */
  41:Core/Src/main.c **** 
  42:Core/Src/main.c **** /* USER CODE END PM */
  43:Core/Src/main.c **** 
  44:Core/Src/main.c **** /* Private variables ---------------------------------------------------------*/
  45:Core/Src/main.c **** 
  46:Core/Src/main.c **** /* USER CODE BEGIN PV */
  47:Core/Src/main.c **** 
  48:Core/Src/main.c **** /* USER CODE END PV */
  49:Core/Src/main.c **** 
  50:Core/Src/main.c **** /* Private function prototypes -----------------------------------------------*/
  51:Core/Src/main.c **** void SystemClock_Config(void);
  52:Core/Src/main.c **** static void MX_GPIO_Init(void);
  53:Core/Src/main.c **** /* USER CODE BEGIN PFP */
  54:Core/Src/main.c **** 
  55:Core/Src/main.c **** /* USER CODE END PFP */
  56:Core/Src/main.c **** 
  57:Core/Src/main.c **** /* Private user code ---------------------------------------------------------*/
  58:Core/Src/main.c **** /* USER CODE BEGIN 0 */
  59:Core/Src/main.c **** char *data = "Hello testing USB\n";
  60:Core/Src/main.c **** /* USER CODE END 0 */
  61:Core/Src/main.c **** 
  62:Core/Src/main.c **** /**
  63:Core/Src/main.c ****   * @brief  The application entry point.
  64:Core/Src/main.c ****   * @retval int
  65:Core/Src/main.c ****   */
  66:Core/Src/main.c **** int main(void)
  67:Core/Src/main.c **** {
  68:Core/Src/main.c ****   /* USER CODE BEGIN 1 */
  69:Core/Src/main.c **** 
  70:Core/Src/main.c ****   /* USER CODE END 1 */
  71:Core/Src/main.c **** 
  72:Core/Src/main.c ****   /* MCU Configuration--------------------------------------------------------*/
  73:Core/Src/main.c **** 
  74:Core/Src/main.c ****   /* Reset of all peripherals, Initializes the Flash interface and the Systick. */
  75:Core/Src/main.c ****   HAL_Init();
  76:Core/Src/main.c **** 
  77:Core/Src/main.c ****   /* USER CODE BEGIN Init */
  78:Core/Src/main.c **** 
  79:Core/Src/main.c ****   /* USER CODE END Init */
  80:Core/Src/main.c **** 
  81:Core/Src/main.c ****   /* Configure the system clock */
  82:Core/Src/main.c ****   SystemClock_Config();
  83:Core/Src/main.c **** 
  84:Core/Src/main.c ****   /* USER CODE BEGIN SysInit */
  85:Core/Src/main.c **** 
  86:Core/Src/main.c ****   /* USER CODE END SysInit */
  87:Core/Src/main.c **** 
  88:Core/Src/main.c ****   /* Initialize all configured peripherals */
ARM GAS  C:\Users\gamin\AppData\Local\Temp\ccdgYGek.s 			page 3


  89:Core/Src/main.c ****   MX_GPIO_Init();
  90:Core/Src/main.c ****   MX_USB_DEVICE_Init();
  91:Core/Src/main.c ****   /* USER CODE BEGIN 2 */
  92:Core/Src/main.c **** 
  93:Core/Src/main.c ****   /* USER CODE END 2 */
  94:Core/Src/main.c **** 
  95:Core/Src/main.c ****   /* Infinite loop */
  96:Core/Src/main.c ****   /* USER CODE BEGIN WHILE */
  97:Core/Src/main.c ****   while (1)
  98:Core/Src/main.c ****   {
  99:Core/Src/main.c **** 
 100:Core/Src/main.c ****     CDC_Transmit_FS((uint8_t *) data, strlen(data));
 101:Core/Src/main.c ****     HAL_Delay(1000);
 102:Core/Src/main.c ****     /* USER CODE END WHILE */
 103:Core/Src/main.c **** 
 104:Core/Src/main.c ****     /* USER CODE BEGIN 3 */
 105:Core/Src/main.c ****   }
 106:Core/Src/main.c ****   /* USER CODE END 3 */
 107:Core/Src/main.c **** }
 108:Core/Src/main.c **** 
 109:Core/Src/main.c **** /**
 110:Core/Src/main.c ****   * @brief System Clock Configuration
 111:Core/Src/main.c ****   * @retval None
 112:Core/Src/main.c ****   */
 113:Core/Src/main.c **** void SystemClock_Config(void)
 114:Core/Src/main.c **** {
 115:Core/Src/main.c ****   RCC_OscInitTypeDef RCC_OscInitStruct = {0};
 116:Core/Src/main.c ****   RCC_ClkInitTypeDef RCC_ClkInitStruct = {0};
 117:Core/Src/main.c **** 
 118:Core/Src/main.c ****   /** Configure the main internal regulator output voltage
 119:Core/Src/main.c ****   */
 120:Core/Src/main.c ****   if (HAL_PWREx_ControlVoltageScaling(PWR_REGULATOR_VOLTAGE_SCALE1) != HAL_OK)
 121:Core/Src/main.c ****   {
 122:Core/Src/main.c ****     Error_Handler();
 123:Core/Src/main.c ****   }
 124:Core/Src/main.c **** 
 125:Core/Src/main.c ****   /** Initializes the RCC Oscillators according to the specified parameters
 126:Core/Src/main.c ****   * in the RCC_OscInitTypeDef structure.
 127:Core/Src/main.c ****   */
 128:Core/Src/main.c ****   RCC_OscInitStruct.OscillatorType = RCC_OSCILLATORTYPE_MSI;
 129:Core/Src/main.c ****   RCC_OscInitStruct.MSIState = RCC_MSI_ON;
 130:Core/Src/main.c ****   RCC_OscInitStruct.MSICalibrationValue = 0;
 131:Core/Src/main.c ****   RCC_OscInitStruct.MSIClockRange = RCC_MSIRANGE_6;
 132:Core/Src/main.c ****   RCC_OscInitStruct.PLL.PLLState = RCC_PLL_ON;
 133:Core/Src/main.c ****   RCC_OscInitStruct.PLL.PLLSource = RCC_PLLSOURCE_MSI;
 134:Core/Src/main.c ****   RCC_OscInitStruct.PLL.PLLM = 1;
 135:Core/Src/main.c ****   RCC_OscInitStruct.PLL.PLLN = 40;
 136:Core/Src/main.c ****   RCC_OscInitStruct.PLL.PLLP = RCC_PLLP_DIV7;
 137:Core/Src/main.c ****   RCC_OscInitStruct.PLL.PLLQ = RCC_PLLQ_DIV2;
 138:Core/Src/main.c ****   RCC_OscInitStruct.PLL.PLLR = RCC_PLLR_DIV2;
 139:Core/Src/main.c ****   if (HAL_RCC_OscConfig(&RCC_OscInitStruct) != HAL_OK)
 140:Core/Src/main.c ****   {
 141:Core/Src/main.c ****     Error_Handler();
 142:Core/Src/main.c ****   }
 143:Core/Src/main.c **** 
 144:Core/Src/main.c ****   /** Initializes the CPU, AHB and APB buses clocks
 145:Core/Src/main.c ****   */
ARM GAS  C:\Users\gamin\AppData\Local\Temp\ccdgYGek.s 			page 4


 146:Core/Src/main.c ****   RCC_ClkInitStruct.ClockType = RCC_CLOCKTYPE_HCLK|RCC_CLOCKTYPE_SYSCLK
 147:Core/Src/main.c ****                               |RCC_CLOCKTYPE_PCLK1|RCC_CLOCKTYPE_PCLK2;
 148:Core/Src/main.c ****   RCC_ClkInitStruct.SYSCLKSource = RCC_SYSCLKSOURCE_PLLCLK;
 149:Core/Src/main.c ****   RCC_ClkInitStruct.AHBCLKDivider = RCC_SYSCLK_DIV1;
 150:Core/Src/main.c ****   RCC_ClkInitStruct.APB1CLKDivider = RCC_HCLK_DIV1;
 151:Core/Src/main.c ****   RCC_ClkInitStruct.APB2CLKDivider = RCC_HCLK_DIV1;
 152:Core/Src/main.c **** 
 153:Core/Src/main.c ****   if (HAL_RCC_ClockConfig(&RCC_ClkInitStruct, FLASH_LATENCY_4) != HAL_OK)
 154:Core/Src/main.c ****   {
 155:Core/Src/main.c ****     Error_Handler();
 156:Core/Src/main.c ****   }
 157:Core/Src/main.c **** }
 158:Core/Src/main.c **** 
 159:Core/Src/main.c **** /**
 160:Core/Src/main.c ****   * @brief GPIO Initialization Function
 161:Core/Src/main.c ****   * @param None
 162:Core/Src/main.c ****   * @retval None
 163:Core/Src/main.c ****   */
 164:Core/Src/main.c **** static void MX_GPIO_Init(void)
 165:Core/Src/main.c **** {
  28              		.loc 1 165 1 view -0
  29              		.cfi_startproc
  30              		@ args = 0, pretend = 0, frame = 8
  31              		@ frame_needed = 0, uses_anonymous_args = 0
  32              		@ link register save eliminated.
  33 0000 82B0     		sub	sp, sp, #8
  34              		.cfi_def_cfa_offset 8
 166:Core/Src/main.c **** /* USER CODE BEGIN MX_GPIO_Init_1 */
 167:Core/Src/main.c **** /* USER CODE END MX_GPIO_Init_1 */
 168:Core/Src/main.c **** 
 169:Core/Src/main.c ****   /* GPIO Ports Clock Enable */
 170:Core/Src/main.c ****   __HAL_RCC_GPIOA_CLK_ENABLE();
  35              		.loc 1 170 3 view .LVU1
  36              	.LBB4:
  37              		.loc 1 170 3 view .LVU2
  38              		.loc 1 170 3 view .LVU3
  39 0002 064B     		ldr	r3, .L3
  40 0004 DA6C     		ldr	r2, [r3, #76]
  41 0006 42F00102 		orr	r2, r2, #1
  42 000a DA64     		str	r2, [r3, #76]
  43              		.loc 1 170 3 view .LVU4
  44 000c DB6C     		ldr	r3, [r3, #76]
  45 000e 03F00103 		and	r3, r3, #1
  46 0012 0193     		str	r3, [sp, #4]
  47              		.loc 1 170 3 view .LVU5
  48 0014 019B     		ldr	r3, [sp, #4]
  49              	.LBE4:
  50              		.loc 1 170 3 view .LVU6
 171:Core/Src/main.c **** 
 172:Core/Src/main.c **** /* USER CODE BEGIN MX_GPIO_Init_2 */
 173:Core/Src/main.c **** /* USER CODE END MX_GPIO_Init_2 */
 174:Core/Src/main.c **** }
  51              		.loc 1 174 1 is_stmt 0 view .LVU7
  52 0016 02B0     		add	sp, sp, #8
  53              		.cfi_def_cfa_offset 0
  54              		@ sp needed
  55 0018 7047     		bx	lr
ARM GAS  C:\Users\gamin\AppData\Local\Temp\ccdgYGek.s 			page 5


  56              	.L4:
  57 001a 00BF     		.align	2
  58              	.L3:
  59 001c 00100240 		.word	1073876992
  60              		.cfi_endproc
  61              	.LFE138:
  63              		.section	.text.Error_Handler,"ax",%progbits
  64              		.align	1
  65              		.global	Error_Handler
  66              		.syntax unified
  67              		.thumb
  68              		.thumb_func
  70              	Error_Handler:
  71              	.LFB139:
 175:Core/Src/main.c **** 
 176:Core/Src/main.c **** /* USER CODE BEGIN 4 */
 177:Core/Src/main.c **** 
 178:Core/Src/main.c **** /* USER CODE END 4 */
 179:Core/Src/main.c **** 
 180:Core/Src/main.c **** /**
 181:Core/Src/main.c ****   * @brief  This function is executed in case of error occurrence.
 182:Core/Src/main.c ****   * @retval None
 183:Core/Src/main.c ****   */
 184:Core/Src/main.c **** void Error_Handler(void)
 185:Core/Src/main.c **** {
  72              		.loc 1 185 1 is_stmt 1 view -0
  73              		.cfi_startproc
  74              		@ Volatile: function does not return.
  75              		@ args = 0, pretend = 0, frame = 0
  76              		@ frame_needed = 0, uses_anonymous_args = 0
  77              		@ link register save eliminated.
 186:Core/Src/main.c ****   /* USER CODE BEGIN Error_Handler_Debug */
 187:Core/Src/main.c ****   /* User can add his own implementation to report the HAL error return state */
 188:Core/Src/main.c ****   __disable_irq();
  78              		.loc 1 188 3 view .LVU9
  79              	.LBB5:
  80              	.LBI5:
  81              		.file 2 "Drivers/CMSIS/Include/cmsis_gcc.h"
   1:Drivers/CMSIS/Include/cmsis_gcc.h **** /**************************************************************************//**
   2:Drivers/CMSIS/Include/cmsis_gcc.h ****  * @file     cmsis_gcc.h
   3:Drivers/CMSIS/Include/cmsis_gcc.h ****  * @brief    CMSIS compiler GCC header file
   4:Drivers/CMSIS/Include/cmsis_gcc.h ****  * @version  V5.2.0
   5:Drivers/CMSIS/Include/cmsis_gcc.h ****  * @date     08. May 2019
   6:Drivers/CMSIS/Include/cmsis_gcc.h ****  ******************************************************************************/
   7:Drivers/CMSIS/Include/cmsis_gcc.h **** /*
   8:Drivers/CMSIS/Include/cmsis_gcc.h ****  * Copyright (c) 2009-2019 Arm Limited. All rights reserved.
   9:Drivers/CMSIS/Include/cmsis_gcc.h ****  *
  10:Drivers/CMSIS/Include/cmsis_gcc.h ****  * SPDX-License-Identifier: Apache-2.0
  11:Drivers/CMSIS/Include/cmsis_gcc.h ****  *
  12:Drivers/CMSIS/Include/cmsis_gcc.h ****  * Licensed under the Apache License, Version 2.0 (the License); you may
  13:Drivers/CMSIS/Include/cmsis_gcc.h ****  * not use this file except in compliance with the License.
  14:Drivers/CMSIS/Include/cmsis_gcc.h ****  * You may obtain a copy of the License at
  15:Drivers/CMSIS/Include/cmsis_gcc.h ****  *
  16:Drivers/CMSIS/Include/cmsis_gcc.h ****  * www.apache.org/licenses/LICENSE-2.0
  17:Drivers/CMSIS/Include/cmsis_gcc.h ****  *
  18:Drivers/CMSIS/Include/cmsis_gcc.h ****  * Unless required by applicable law or agreed to in writing, software
  19:Drivers/CMSIS/Include/cmsis_gcc.h ****  * distributed under the License is distributed on an AS IS BASIS, WITHOUT
ARM GAS  C:\Users\gamin\AppData\Local\Temp\ccdgYGek.s 			page 6


  20:Drivers/CMSIS/Include/cmsis_gcc.h ****  * WARRANTIES OR CONDITIONS OF ANY KIND, either express or implied.
  21:Drivers/CMSIS/Include/cmsis_gcc.h ****  * See the License for the specific language governing permissions and
  22:Drivers/CMSIS/Include/cmsis_gcc.h ****  * limitations under the License.
  23:Drivers/CMSIS/Include/cmsis_gcc.h ****  */
  24:Drivers/CMSIS/Include/cmsis_gcc.h **** 
  25:Drivers/CMSIS/Include/cmsis_gcc.h **** #ifndef __CMSIS_GCC_H
  26:Drivers/CMSIS/Include/cmsis_gcc.h **** #define __CMSIS_GCC_H
  27:Drivers/CMSIS/Include/cmsis_gcc.h **** 
  28:Drivers/CMSIS/Include/cmsis_gcc.h **** /* ignore some GCC warnings */
  29:Drivers/CMSIS/Include/cmsis_gcc.h **** #pragma GCC diagnostic push
  30:Drivers/CMSIS/Include/cmsis_gcc.h **** #pragma GCC diagnostic ignored "-Wsign-conversion"
  31:Drivers/CMSIS/Include/cmsis_gcc.h **** #pragma GCC diagnostic ignored "-Wconversion"
  32:Drivers/CMSIS/Include/cmsis_gcc.h **** #pragma GCC diagnostic ignored "-Wunused-parameter"
  33:Drivers/CMSIS/Include/cmsis_gcc.h **** 
  34:Drivers/CMSIS/Include/cmsis_gcc.h **** /* Fallback for __has_builtin */
  35:Drivers/CMSIS/Include/cmsis_gcc.h **** #ifndef __has_builtin
  36:Drivers/CMSIS/Include/cmsis_gcc.h ****   #define __has_builtin(x) (0)
  37:Drivers/CMSIS/Include/cmsis_gcc.h **** #endif
  38:Drivers/CMSIS/Include/cmsis_gcc.h **** 
  39:Drivers/CMSIS/Include/cmsis_gcc.h **** /* CMSIS compiler specific defines */
  40:Drivers/CMSIS/Include/cmsis_gcc.h **** #ifndef   __ASM
  41:Drivers/CMSIS/Include/cmsis_gcc.h ****   #define __ASM                                  __asm
  42:Drivers/CMSIS/Include/cmsis_gcc.h **** #endif
  43:Drivers/CMSIS/Include/cmsis_gcc.h **** #ifndef   __INLINE
  44:Drivers/CMSIS/Include/cmsis_gcc.h ****   #define __INLINE                               inline
  45:Drivers/CMSIS/Include/cmsis_gcc.h **** #endif
  46:Drivers/CMSIS/Include/cmsis_gcc.h **** #ifndef   __STATIC_INLINE
  47:Drivers/CMSIS/Include/cmsis_gcc.h ****   #define __STATIC_INLINE                        static inline
  48:Drivers/CMSIS/Include/cmsis_gcc.h **** #endif
  49:Drivers/CMSIS/Include/cmsis_gcc.h **** #ifndef   __STATIC_FORCEINLINE                 
  50:Drivers/CMSIS/Include/cmsis_gcc.h ****   #define __STATIC_FORCEINLINE                   __attribute__((always_inline)) static inline
  51:Drivers/CMSIS/Include/cmsis_gcc.h **** #endif                                           
  52:Drivers/CMSIS/Include/cmsis_gcc.h **** #ifndef   __NO_RETURN
  53:Drivers/CMSIS/Include/cmsis_gcc.h ****   #define __NO_RETURN                            __attribute__((__noreturn__))
  54:Drivers/CMSIS/Include/cmsis_gcc.h **** #endif
  55:Drivers/CMSIS/Include/cmsis_gcc.h **** #ifndef   __USED
  56:Drivers/CMSIS/Include/cmsis_gcc.h ****   #define __USED                                 __attribute__((used))
  57:Drivers/CMSIS/Include/cmsis_gcc.h **** #endif
  58:Drivers/CMSIS/Include/cmsis_gcc.h **** #ifndef   __WEAK
  59:Drivers/CMSIS/Include/cmsis_gcc.h ****   #define __WEAK                                 __attribute__((weak))
  60:Drivers/CMSIS/Include/cmsis_gcc.h **** #endif
  61:Drivers/CMSIS/Include/cmsis_gcc.h **** #ifndef   __PACKED
  62:Drivers/CMSIS/Include/cmsis_gcc.h ****   #define __PACKED                               __attribute__((packed, aligned(1)))
  63:Drivers/CMSIS/Include/cmsis_gcc.h **** #endif
  64:Drivers/CMSIS/Include/cmsis_gcc.h **** #ifndef   __PACKED_STRUCT
  65:Drivers/CMSIS/Include/cmsis_gcc.h ****   #define __PACKED_STRUCT                        struct __attribute__((packed, aligned(1)))
  66:Drivers/CMSIS/Include/cmsis_gcc.h **** #endif
  67:Drivers/CMSIS/Include/cmsis_gcc.h **** #ifndef   __PACKED_UNION
  68:Drivers/CMSIS/Include/cmsis_gcc.h ****   #define __PACKED_UNION                         union __attribute__((packed, aligned(1)))
  69:Drivers/CMSIS/Include/cmsis_gcc.h **** #endif
  70:Drivers/CMSIS/Include/cmsis_gcc.h **** #ifndef   __UNALIGNED_UINT32        /* deprecated */
  71:Drivers/CMSIS/Include/cmsis_gcc.h ****   #pragma GCC diagnostic push
  72:Drivers/CMSIS/Include/cmsis_gcc.h ****   #pragma GCC diagnostic ignored "-Wpacked"
  73:Drivers/CMSIS/Include/cmsis_gcc.h ****   #pragma GCC diagnostic ignored "-Wattributes"
  74:Drivers/CMSIS/Include/cmsis_gcc.h ****   struct __attribute__((packed)) T_UINT32 { uint32_t v; };
  75:Drivers/CMSIS/Include/cmsis_gcc.h ****   #pragma GCC diagnostic pop
  76:Drivers/CMSIS/Include/cmsis_gcc.h ****   #define __UNALIGNED_UINT32(x)                  (((struct T_UINT32 *)(x))->v)
ARM GAS  C:\Users\gamin\AppData\Local\Temp\ccdgYGek.s 			page 7


  77:Drivers/CMSIS/Include/cmsis_gcc.h **** #endif
  78:Drivers/CMSIS/Include/cmsis_gcc.h **** #ifndef   __UNALIGNED_UINT16_WRITE
  79:Drivers/CMSIS/Include/cmsis_gcc.h ****   #pragma GCC diagnostic push
  80:Drivers/CMSIS/Include/cmsis_gcc.h ****   #pragma GCC diagnostic ignored "-Wpacked"
  81:Drivers/CMSIS/Include/cmsis_gcc.h ****   #pragma GCC diagnostic ignored "-Wattributes"
  82:Drivers/CMSIS/Include/cmsis_gcc.h ****   __PACKED_STRUCT T_UINT16_WRITE { uint16_t v; };
  83:Drivers/CMSIS/Include/cmsis_gcc.h ****   #pragma GCC diagnostic pop
  84:Drivers/CMSIS/Include/cmsis_gcc.h ****   #define __UNALIGNED_UINT16_WRITE(addr, val)    (void)((((struct T_UINT16_WRITE *)(void *)(addr))-
  85:Drivers/CMSIS/Include/cmsis_gcc.h **** #endif
  86:Drivers/CMSIS/Include/cmsis_gcc.h **** #ifndef   __UNALIGNED_UINT16_READ
  87:Drivers/CMSIS/Include/cmsis_gcc.h ****   #pragma GCC diagnostic push
  88:Drivers/CMSIS/Include/cmsis_gcc.h ****   #pragma GCC diagnostic ignored "-Wpacked"
  89:Drivers/CMSIS/Include/cmsis_gcc.h ****   #pragma GCC diagnostic ignored "-Wattributes"
  90:Drivers/CMSIS/Include/cmsis_gcc.h ****   __PACKED_STRUCT T_UINT16_READ { uint16_t v; };
  91:Drivers/CMSIS/Include/cmsis_gcc.h ****   #pragma GCC diagnostic pop
  92:Drivers/CMSIS/Include/cmsis_gcc.h ****   #define __UNALIGNED_UINT16_READ(addr)          (((const struct T_UINT16_READ *)(const void *)(add
  93:Drivers/CMSIS/Include/cmsis_gcc.h **** #endif
  94:Drivers/CMSIS/Include/cmsis_gcc.h **** #ifndef   __UNALIGNED_UINT32_WRITE
  95:Drivers/CMSIS/Include/cmsis_gcc.h ****   #pragma GCC diagnostic push
  96:Drivers/CMSIS/Include/cmsis_gcc.h ****   #pragma GCC diagnostic ignored "-Wpacked"
  97:Drivers/CMSIS/Include/cmsis_gcc.h ****   #pragma GCC diagnostic ignored "-Wattributes"
  98:Drivers/CMSIS/Include/cmsis_gcc.h ****   __PACKED_STRUCT T_UINT32_WRITE { uint32_t v; };
  99:Drivers/CMSIS/Include/cmsis_gcc.h ****   #pragma GCC diagnostic pop
 100:Drivers/CMSIS/Include/cmsis_gcc.h ****   #define __UNALIGNED_UINT32_WRITE(addr, val)    (void)((((struct T_UINT32_WRITE *)(void *)(addr))-
 101:Drivers/CMSIS/Include/cmsis_gcc.h **** #endif
 102:Drivers/CMSIS/Include/cmsis_gcc.h **** #ifndef   __UNALIGNED_UINT32_READ
 103:Drivers/CMSIS/Include/cmsis_gcc.h ****   #pragma GCC diagnostic push
 104:Drivers/CMSIS/Include/cmsis_gcc.h ****   #pragma GCC diagnostic ignored "-Wpacked"
 105:Drivers/CMSIS/Include/cmsis_gcc.h ****   #pragma GCC diagnostic ignored "-Wattributes"
 106:Drivers/CMSIS/Include/cmsis_gcc.h ****   __PACKED_STRUCT T_UINT32_READ { uint32_t v; };
 107:Drivers/CMSIS/Include/cmsis_gcc.h ****   #pragma GCC diagnostic pop
 108:Drivers/CMSIS/Include/cmsis_gcc.h ****   #define __UNALIGNED_UINT32_READ(addr)          (((const struct T_UINT32_READ *)(const void *)(add
 109:Drivers/CMSIS/Include/cmsis_gcc.h **** #endif
 110:Drivers/CMSIS/Include/cmsis_gcc.h **** #ifndef   __ALIGNED
 111:Drivers/CMSIS/Include/cmsis_gcc.h ****   #define __ALIGNED(x)                           __attribute__((aligned(x)))
 112:Drivers/CMSIS/Include/cmsis_gcc.h **** #endif
 113:Drivers/CMSIS/Include/cmsis_gcc.h **** #ifndef   __RESTRICT
 114:Drivers/CMSIS/Include/cmsis_gcc.h ****   #define __RESTRICT                             __restrict
 115:Drivers/CMSIS/Include/cmsis_gcc.h **** #endif
 116:Drivers/CMSIS/Include/cmsis_gcc.h **** #ifndef   __COMPILER_BARRIER
 117:Drivers/CMSIS/Include/cmsis_gcc.h ****   #define __COMPILER_BARRIER()                   __ASM volatile("":::"memory")
 118:Drivers/CMSIS/Include/cmsis_gcc.h **** #endif
 119:Drivers/CMSIS/Include/cmsis_gcc.h **** 
 120:Drivers/CMSIS/Include/cmsis_gcc.h **** /* #########################  Startup and Lowlevel Init  ######################## */
 121:Drivers/CMSIS/Include/cmsis_gcc.h **** 
 122:Drivers/CMSIS/Include/cmsis_gcc.h **** #ifndef __PROGRAM_START
 123:Drivers/CMSIS/Include/cmsis_gcc.h **** 
 124:Drivers/CMSIS/Include/cmsis_gcc.h **** /**
 125:Drivers/CMSIS/Include/cmsis_gcc.h ****   \brief   Initializes data and bss sections
 126:Drivers/CMSIS/Include/cmsis_gcc.h ****   \details This default implementations initialized all data and additional bss
 127:Drivers/CMSIS/Include/cmsis_gcc.h ****            sections relying on .copy.table and .zero.table specified properly
 128:Drivers/CMSIS/Include/cmsis_gcc.h ****            in the used linker script.
 129:Drivers/CMSIS/Include/cmsis_gcc.h ****   
 130:Drivers/CMSIS/Include/cmsis_gcc.h ****  */
 131:Drivers/CMSIS/Include/cmsis_gcc.h **** __STATIC_FORCEINLINE __NO_RETURN void __cmsis_start(void)
 132:Drivers/CMSIS/Include/cmsis_gcc.h **** {
 133:Drivers/CMSIS/Include/cmsis_gcc.h ****   extern void _start(void) __NO_RETURN;
ARM GAS  C:\Users\gamin\AppData\Local\Temp\ccdgYGek.s 			page 8


 134:Drivers/CMSIS/Include/cmsis_gcc.h ****   
 135:Drivers/CMSIS/Include/cmsis_gcc.h ****   typedef struct {
 136:Drivers/CMSIS/Include/cmsis_gcc.h ****     uint32_t const* src;
 137:Drivers/CMSIS/Include/cmsis_gcc.h ****     uint32_t* dest;
 138:Drivers/CMSIS/Include/cmsis_gcc.h ****     uint32_t  wlen;
 139:Drivers/CMSIS/Include/cmsis_gcc.h ****   } __copy_table_t;
 140:Drivers/CMSIS/Include/cmsis_gcc.h ****   
 141:Drivers/CMSIS/Include/cmsis_gcc.h ****   typedef struct {
 142:Drivers/CMSIS/Include/cmsis_gcc.h ****     uint32_t* dest;
 143:Drivers/CMSIS/Include/cmsis_gcc.h ****     uint32_t  wlen;
 144:Drivers/CMSIS/Include/cmsis_gcc.h ****   } __zero_table_t;
 145:Drivers/CMSIS/Include/cmsis_gcc.h ****   
 146:Drivers/CMSIS/Include/cmsis_gcc.h ****   extern const __copy_table_t __copy_table_start__;
 147:Drivers/CMSIS/Include/cmsis_gcc.h ****   extern const __copy_table_t __copy_table_end__;
 148:Drivers/CMSIS/Include/cmsis_gcc.h ****   extern const __zero_table_t __zero_table_start__;
 149:Drivers/CMSIS/Include/cmsis_gcc.h ****   extern const __zero_table_t __zero_table_end__;
 150:Drivers/CMSIS/Include/cmsis_gcc.h **** 
 151:Drivers/CMSIS/Include/cmsis_gcc.h ****   for (__copy_table_t const* pTable = &__copy_table_start__; pTable < &__copy_table_end__; ++pTable
 152:Drivers/CMSIS/Include/cmsis_gcc.h ****     for(uint32_t i=0u; i<pTable->wlen; ++i) {
 153:Drivers/CMSIS/Include/cmsis_gcc.h ****       pTable->dest[i] = pTable->src[i];
 154:Drivers/CMSIS/Include/cmsis_gcc.h ****     }
 155:Drivers/CMSIS/Include/cmsis_gcc.h ****   }
 156:Drivers/CMSIS/Include/cmsis_gcc.h ****  
 157:Drivers/CMSIS/Include/cmsis_gcc.h ****   for (__zero_table_t const* pTable = &__zero_table_start__; pTable < &__zero_table_end__; ++pTable
 158:Drivers/CMSIS/Include/cmsis_gcc.h ****     for(uint32_t i=0u; i<pTable->wlen; ++i) {
 159:Drivers/CMSIS/Include/cmsis_gcc.h ****       pTable->dest[i] = 0u;
 160:Drivers/CMSIS/Include/cmsis_gcc.h ****     }
 161:Drivers/CMSIS/Include/cmsis_gcc.h ****   }
 162:Drivers/CMSIS/Include/cmsis_gcc.h ****  
 163:Drivers/CMSIS/Include/cmsis_gcc.h ****   _start();
 164:Drivers/CMSIS/Include/cmsis_gcc.h **** }
 165:Drivers/CMSIS/Include/cmsis_gcc.h ****   
 166:Drivers/CMSIS/Include/cmsis_gcc.h **** #define __PROGRAM_START           __cmsis_start
 167:Drivers/CMSIS/Include/cmsis_gcc.h **** #endif
 168:Drivers/CMSIS/Include/cmsis_gcc.h **** 
 169:Drivers/CMSIS/Include/cmsis_gcc.h **** #ifndef __INITIAL_SP
 170:Drivers/CMSIS/Include/cmsis_gcc.h **** #define __INITIAL_SP              __StackTop
 171:Drivers/CMSIS/Include/cmsis_gcc.h **** #endif
 172:Drivers/CMSIS/Include/cmsis_gcc.h **** 
 173:Drivers/CMSIS/Include/cmsis_gcc.h **** #ifndef __STACK_LIMIT
 174:Drivers/CMSIS/Include/cmsis_gcc.h **** #define __STACK_LIMIT             __StackLimit
 175:Drivers/CMSIS/Include/cmsis_gcc.h **** #endif
 176:Drivers/CMSIS/Include/cmsis_gcc.h **** 
 177:Drivers/CMSIS/Include/cmsis_gcc.h **** #ifndef __VECTOR_TABLE
 178:Drivers/CMSIS/Include/cmsis_gcc.h **** #define __VECTOR_TABLE            __Vectors
 179:Drivers/CMSIS/Include/cmsis_gcc.h **** #endif
 180:Drivers/CMSIS/Include/cmsis_gcc.h **** 
 181:Drivers/CMSIS/Include/cmsis_gcc.h **** #ifndef __VECTOR_TABLE_ATTRIBUTE
 182:Drivers/CMSIS/Include/cmsis_gcc.h **** #define __VECTOR_TABLE_ATTRIBUTE  __attribute((used, section(".vectors")))
 183:Drivers/CMSIS/Include/cmsis_gcc.h **** #endif
 184:Drivers/CMSIS/Include/cmsis_gcc.h **** 
 185:Drivers/CMSIS/Include/cmsis_gcc.h **** /* ###########################  Core Function Access  ########################### */
 186:Drivers/CMSIS/Include/cmsis_gcc.h **** /** \ingroup  CMSIS_Core_FunctionInterface
 187:Drivers/CMSIS/Include/cmsis_gcc.h ****     \defgroup CMSIS_Core_RegAccFunctions CMSIS Core Register Access Functions
 188:Drivers/CMSIS/Include/cmsis_gcc.h ****   @{
 189:Drivers/CMSIS/Include/cmsis_gcc.h ****  */
 190:Drivers/CMSIS/Include/cmsis_gcc.h **** 
ARM GAS  C:\Users\gamin\AppData\Local\Temp\ccdgYGek.s 			page 9


 191:Drivers/CMSIS/Include/cmsis_gcc.h **** /**
 192:Drivers/CMSIS/Include/cmsis_gcc.h ****   \brief   Enable IRQ Interrupts
 193:Drivers/CMSIS/Include/cmsis_gcc.h ****   \details Enables IRQ interrupts by clearing the I-bit in the CPSR.
 194:Drivers/CMSIS/Include/cmsis_gcc.h ****            Can only be executed in Privileged modes.
 195:Drivers/CMSIS/Include/cmsis_gcc.h ****  */
 196:Drivers/CMSIS/Include/cmsis_gcc.h **** __STATIC_FORCEINLINE void __enable_irq(void)
 197:Drivers/CMSIS/Include/cmsis_gcc.h **** {
 198:Drivers/CMSIS/Include/cmsis_gcc.h ****   __ASM volatile ("cpsie i" : : : "memory");
 199:Drivers/CMSIS/Include/cmsis_gcc.h **** }
 200:Drivers/CMSIS/Include/cmsis_gcc.h **** 
 201:Drivers/CMSIS/Include/cmsis_gcc.h **** 
 202:Drivers/CMSIS/Include/cmsis_gcc.h **** /**
 203:Drivers/CMSIS/Include/cmsis_gcc.h ****   \brief   Disable IRQ Interrupts
 204:Drivers/CMSIS/Include/cmsis_gcc.h ****   \details Disables IRQ interrupts by setting the I-bit in the CPSR.
 205:Drivers/CMSIS/Include/cmsis_gcc.h ****            Can only be executed in Privileged modes.
 206:Drivers/CMSIS/Include/cmsis_gcc.h ****  */
 207:Drivers/CMSIS/Include/cmsis_gcc.h **** __STATIC_FORCEINLINE void __disable_irq(void)
  82              		.loc 2 207 27 view .LVU10
  83              	.LBB6:
 208:Drivers/CMSIS/Include/cmsis_gcc.h **** {
 209:Drivers/CMSIS/Include/cmsis_gcc.h ****   __ASM volatile ("cpsid i" : : : "memory");
  84              		.loc 2 209 3 view .LVU11
  85              		.syntax unified
  86              	@ 209 "Drivers/CMSIS/Include/cmsis_gcc.h" 1
  87 0000 72B6     		cpsid i
  88              	@ 0 "" 2
  89              		.thumb
  90              		.syntax unified
  91              	.L6:
  92              	.LBE6:
  93              	.LBE5:
 189:Core/Src/main.c ****   while (1)
  94              		.loc 1 189 3 view .LVU12
 190:Core/Src/main.c ****   {
 191:Core/Src/main.c ****   }
  95              		.loc 1 191 3 view .LVU13
 189:Core/Src/main.c ****   while (1)
  96              		.loc 1 189 9 view .LVU14
  97 0002 FEE7     		b	.L6
  98              		.cfi_endproc
  99              	.LFE139:
 101              		.section	.text.SystemClock_Config,"ax",%progbits
 102              		.align	1
 103              		.global	SystemClock_Config
 104              		.syntax unified
 105              		.thumb
 106              		.thumb_func
 108              	SystemClock_Config:
 109              	.LFB137:
 114:Core/Src/main.c ****   RCC_OscInitTypeDef RCC_OscInitStruct = {0};
 110              		.loc 1 114 1 view -0
 111              		.cfi_startproc
 112              		@ args = 0, pretend = 0, frame = 88
 113              		@ frame_needed = 0, uses_anonymous_args = 0
 114 0000 00B5     		push	{lr}
 115              		.cfi_def_cfa_offset 4
 116              		.cfi_offset 14, -4
ARM GAS  C:\Users\gamin\AppData\Local\Temp\ccdgYGek.s 			page 10


 117 0002 97B0     		sub	sp, sp, #92
 118              		.cfi_def_cfa_offset 96
 115:Core/Src/main.c ****   RCC_ClkInitTypeDef RCC_ClkInitStruct = {0};
 119              		.loc 1 115 3 view .LVU16
 115:Core/Src/main.c ****   RCC_ClkInitTypeDef RCC_ClkInitStruct = {0};
 120              		.loc 1 115 22 is_stmt 0 view .LVU17
 121 0004 4422     		movs	r2, #68
 122 0006 0021     		movs	r1, #0
 123 0008 05A8     		add	r0, sp, #20
 124 000a FFF7FEFF 		bl	memset
 125              	.LVL0:
 116:Core/Src/main.c **** 
 126              		.loc 1 116 3 is_stmt 1 view .LVU18
 116:Core/Src/main.c **** 
 127              		.loc 1 116 22 is_stmt 0 view .LVU19
 128 000e 0023     		movs	r3, #0
 129 0010 0093     		str	r3, [sp]
 130 0012 0193     		str	r3, [sp, #4]
 131 0014 0293     		str	r3, [sp, #8]
 132 0016 0393     		str	r3, [sp, #12]
 133 0018 0493     		str	r3, [sp, #16]
 120:Core/Src/main.c ****   {
 134              		.loc 1 120 3 is_stmt 1 view .LVU20
 120:Core/Src/main.c ****   {
 135              		.loc 1 120 7 is_stmt 0 view .LVU21
 136 001a 4FF40070 		mov	r0, #512
 137 001e FFF7FEFF 		bl	HAL_PWREx_ControlVoltageScaling
 138              	.LVL1:
 120:Core/Src/main.c ****   {
 139              		.loc 1 120 6 discriminator 1 view .LVU22
 140 0022 28BB     		cbnz	r0, .L12
 128:Core/Src/main.c ****   RCC_OscInitStruct.MSIState = RCC_MSI_ON;
 141              		.loc 1 128 3 is_stmt 1 view .LVU23
 128:Core/Src/main.c ****   RCC_OscInitStruct.MSIState = RCC_MSI_ON;
 142              		.loc 1 128 36 is_stmt 0 view .LVU24
 143 0024 1023     		movs	r3, #16
 144 0026 0593     		str	r3, [sp, #20]
 129:Core/Src/main.c ****   RCC_OscInitStruct.MSICalibrationValue = 0;
 145              		.loc 1 129 3 is_stmt 1 view .LVU25
 129:Core/Src/main.c ****   RCC_OscInitStruct.MSICalibrationValue = 0;
 146              		.loc 1 129 30 is_stmt 0 view .LVU26
 147 0028 0122     		movs	r2, #1
 148 002a 0B92     		str	r2, [sp, #44]
 130:Core/Src/main.c ****   RCC_OscInitStruct.MSIClockRange = RCC_MSIRANGE_6;
 149              		.loc 1 130 3 is_stmt 1 view .LVU27
 130:Core/Src/main.c ****   RCC_OscInitStruct.MSIClockRange = RCC_MSIRANGE_6;
 150              		.loc 1 130 41 is_stmt 0 view .LVU28
 151 002c 0023     		movs	r3, #0
 152 002e 0C93     		str	r3, [sp, #48]
 131:Core/Src/main.c ****   RCC_OscInitStruct.PLL.PLLState = RCC_PLL_ON;
 153              		.loc 1 131 3 is_stmt 1 view .LVU29
 131:Core/Src/main.c ****   RCC_OscInitStruct.PLL.PLLState = RCC_PLL_ON;
 154              		.loc 1 131 35 is_stmt 0 view .LVU30
 155 0030 6023     		movs	r3, #96
 156 0032 0D93     		str	r3, [sp, #52]
 132:Core/Src/main.c ****   RCC_OscInitStruct.PLL.PLLSource = RCC_PLLSOURCE_MSI;
 157              		.loc 1 132 3 is_stmt 1 view .LVU31
ARM GAS  C:\Users\gamin\AppData\Local\Temp\ccdgYGek.s 			page 11


 132:Core/Src/main.c ****   RCC_OscInitStruct.PLL.PLLSource = RCC_PLLSOURCE_MSI;
 158              		.loc 1 132 34 is_stmt 0 view .LVU32
 159 0034 0223     		movs	r3, #2
 160 0036 0F93     		str	r3, [sp, #60]
 133:Core/Src/main.c ****   RCC_OscInitStruct.PLL.PLLM = 1;
 161              		.loc 1 133 3 is_stmt 1 view .LVU33
 133:Core/Src/main.c ****   RCC_OscInitStruct.PLL.PLLM = 1;
 162              		.loc 1 133 35 is_stmt 0 view .LVU34
 163 0038 1092     		str	r2, [sp, #64]
 134:Core/Src/main.c ****   RCC_OscInitStruct.PLL.PLLN = 40;
 164              		.loc 1 134 3 is_stmt 1 view .LVU35
 134:Core/Src/main.c ****   RCC_OscInitStruct.PLL.PLLN = 40;
 165              		.loc 1 134 30 is_stmt 0 view .LVU36
 166 003a 1192     		str	r2, [sp, #68]
 135:Core/Src/main.c ****   RCC_OscInitStruct.PLL.PLLP = RCC_PLLP_DIV7;
 167              		.loc 1 135 3 is_stmt 1 view .LVU37
 135:Core/Src/main.c ****   RCC_OscInitStruct.PLL.PLLP = RCC_PLLP_DIV7;
 168              		.loc 1 135 30 is_stmt 0 view .LVU38
 169 003c 2822     		movs	r2, #40
 170 003e 1292     		str	r2, [sp, #72]
 136:Core/Src/main.c ****   RCC_OscInitStruct.PLL.PLLQ = RCC_PLLQ_DIV2;
 171              		.loc 1 136 3 is_stmt 1 view .LVU39
 136:Core/Src/main.c ****   RCC_OscInitStruct.PLL.PLLQ = RCC_PLLQ_DIV2;
 172              		.loc 1 136 30 is_stmt 0 view .LVU40
 173 0040 0722     		movs	r2, #7
 174 0042 1392     		str	r2, [sp, #76]
 137:Core/Src/main.c ****   RCC_OscInitStruct.PLL.PLLR = RCC_PLLR_DIV2;
 175              		.loc 1 137 3 is_stmt 1 view .LVU41
 137:Core/Src/main.c ****   RCC_OscInitStruct.PLL.PLLR = RCC_PLLR_DIV2;
 176              		.loc 1 137 30 is_stmt 0 view .LVU42
 177 0044 1493     		str	r3, [sp, #80]
 138:Core/Src/main.c ****   if (HAL_RCC_OscConfig(&RCC_OscInitStruct) != HAL_OK)
 178              		.loc 1 138 3 is_stmt 1 view .LVU43
 138:Core/Src/main.c ****   if (HAL_RCC_OscConfig(&RCC_OscInitStruct) != HAL_OK)
 179              		.loc 1 138 30 is_stmt 0 view .LVU44
 180 0046 1593     		str	r3, [sp, #84]
 139:Core/Src/main.c ****   {
 181              		.loc 1 139 3 is_stmt 1 view .LVU45
 139:Core/Src/main.c ****   {
 182              		.loc 1 139 7 is_stmt 0 view .LVU46
 183 0048 05A8     		add	r0, sp, #20
 184 004a FFF7FEFF 		bl	HAL_RCC_OscConfig
 185              	.LVL2:
 139:Core/Src/main.c ****   {
 186              		.loc 1 139 6 discriminator 1 view .LVU47
 187 004e 88B9     		cbnz	r0, .L13
 146:Core/Src/main.c ****                               |RCC_CLOCKTYPE_PCLK1|RCC_CLOCKTYPE_PCLK2;
 188              		.loc 1 146 3 is_stmt 1 view .LVU48
 146:Core/Src/main.c ****                               |RCC_CLOCKTYPE_PCLK1|RCC_CLOCKTYPE_PCLK2;
 189              		.loc 1 146 31 is_stmt 0 view .LVU49
 190 0050 0F23     		movs	r3, #15
 191 0052 0093     		str	r3, [sp]
 148:Core/Src/main.c ****   RCC_ClkInitStruct.AHBCLKDivider = RCC_SYSCLK_DIV1;
 192              		.loc 1 148 3 is_stmt 1 view .LVU50
 148:Core/Src/main.c ****   RCC_ClkInitStruct.AHBCLKDivider = RCC_SYSCLK_DIV1;
 193              		.loc 1 148 34 is_stmt 0 view .LVU51
 194 0054 0323     		movs	r3, #3
ARM GAS  C:\Users\gamin\AppData\Local\Temp\ccdgYGek.s 			page 12


 195 0056 0193     		str	r3, [sp, #4]
 149:Core/Src/main.c ****   RCC_ClkInitStruct.APB1CLKDivider = RCC_HCLK_DIV1;
 196              		.loc 1 149 3 is_stmt 1 view .LVU52
 149:Core/Src/main.c ****   RCC_ClkInitStruct.APB1CLKDivider = RCC_HCLK_DIV1;
 197              		.loc 1 149 35 is_stmt 0 view .LVU53
 198 0058 0023     		movs	r3, #0
 199 005a 0293     		str	r3, [sp, #8]
 150:Core/Src/main.c ****   RCC_ClkInitStruct.APB2CLKDivider = RCC_HCLK_DIV1;
 200              		.loc 1 150 3 is_stmt 1 view .LVU54
 150:Core/Src/main.c ****   RCC_ClkInitStruct.APB2CLKDivider = RCC_HCLK_DIV1;
 201              		.loc 1 150 36 is_stmt 0 view .LVU55
 202 005c 0393     		str	r3, [sp, #12]
 151:Core/Src/main.c **** 
 203              		.loc 1 151 3 is_stmt 1 view .LVU56
 151:Core/Src/main.c **** 
 204              		.loc 1 151 36 is_stmt 0 view .LVU57
 205 005e 0493     		str	r3, [sp, #16]
 153:Core/Src/main.c ****   {
 206              		.loc 1 153 3 is_stmt 1 view .LVU58
 153:Core/Src/main.c ****   {
 207              		.loc 1 153 7 is_stmt 0 view .LVU59
 208 0060 0421     		movs	r1, #4
 209 0062 6846     		mov	r0, sp
 210 0064 FFF7FEFF 		bl	HAL_RCC_ClockConfig
 211              	.LVL3:
 153:Core/Src/main.c ****   {
 212              		.loc 1 153 6 discriminator 1 view .LVU60
 213 0068 30B9     		cbnz	r0, .L14
 157:Core/Src/main.c **** 
 214              		.loc 1 157 1 view .LVU61
 215 006a 17B0     		add	sp, sp, #92
 216              		.cfi_remember_state
 217              		.cfi_def_cfa_offset 4
 218              		@ sp needed
 219 006c 5DF804FB 		ldr	pc, [sp], #4
 220              	.L12:
 221              		.cfi_restore_state
 122:Core/Src/main.c ****   }
 222              		.loc 1 122 5 is_stmt 1 view .LVU62
 223 0070 FFF7FEFF 		bl	Error_Handler
 224              	.LVL4:
 225              	.L13:
 141:Core/Src/main.c ****   }
 226              		.loc 1 141 5 view .LVU63
 227 0074 FFF7FEFF 		bl	Error_Handler
 228              	.LVL5:
 229              	.L14:
 155:Core/Src/main.c ****   }
 230              		.loc 1 155 5 view .LVU64
 231 0078 FFF7FEFF 		bl	Error_Handler
 232              	.LVL6:
 233              		.cfi_endproc
 234              	.LFE137:
 236              		.section	.text.main,"ax",%progbits
 237              		.align	1
 238              		.global	main
 239              		.syntax unified
ARM GAS  C:\Users\gamin\AppData\Local\Temp\ccdgYGek.s 			page 13


 240              		.thumb
 241              		.thumb_func
 243              	main:
 244              	.LFB136:
  67:Core/Src/main.c ****   /* USER CODE BEGIN 1 */
 245              		.loc 1 67 1 view -0
 246              		.cfi_startproc
 247              		@ Volatile: function does not return.
 248              		@ args = 0, pretend = 0, frame = 0
 249              		@ frame_needed = 0, uses_anonymous_args = 0
 250 0000 08B5     		push	{r3, lr}
 251              		.cfi_def_cfa_offset 8
 252              		.cfi_offset 3, -8
 253              		.cfi_offset 14, -4
  75:Core/Src/main.c **** 
 254              		.loc 1 75 3 view .LVU66
 255 0002 FFF7FEFF 		bl	HAL_Init
 256              	.LVL7:
  82:Core/Src/main.c **** 
 257              		.loc 1 82 3 view .LVU67
 258 0006 FFF7FEFF 		bl	SystemClock_Config
 259              	.LVL8:
  89:Core/Src/main.c ****   MX_USB_DEVICE_Init();
 260              		.loc 1 89 3 view .LVU68
 261 000a FFF7FEFF 		bl	MX_GPIO_Init
 262              	.LVL9:
  90:Core/Src/main.c ****   /* USER CODE BEGIN 2 */
 263              		.loc 1 90 3 view .LVU69
 264 000e FFF7FEFF 		bl	MX_USB_DEVICE_Init
 265              	.LVL10:
 266              	.L16:
  97:Core/Src/main.c ****   {
 267              		.loc 1 97 3 view .LVU70
 100:Core/Src/main.c ****     HAL_Delay(1000);
 268              		.loc 1 100 5 view .LVU71
 269 0012 074B     		ldr	r3, .L18
 270 0014 1C68     		ldr	r4, [r3]
 100:Core/Src/main.c ****     HAL_Delay(1000);
 271              		.loc 1 100 39 is_stmt 0 view .LVU72
 272 0016 2046     		mov	r0, r4
 273 0018 FFF7FEFF 		bl	strlen
 274              	.LVL11:
 100:Core/Src/main.c ****     HAL_Delay(1000);
 275              		.loc 1 100 5 discriminator 1 view .LVU73
 276 001c 81B2     		uxth	r1, r0
 277 001e 2046     		mov	r0, r4
 278 0020 FFF7FEFF 		bl	CDC_Transmit_FS
 279              	.LVL12:
 101:Core/Src/main.c ****     /* USER CODE END WHILE */
 280              		.loc 1 101 5 is_stmt 1 discriminator 1 view .LVU74
 281 0024 4FF47A70 		mov	r0, #1000
 282 0028 FFF7FEFF 		bl	HAL_Delay
 283              	.LVL13:
  97:Core/Src/main.c ****   {
 284              		.loc 1 97 9 view .LVU75
 285 002c F1E7     		b	.L16
 286              	.L19:
ARM GAS  C:\Users\gamin\AppData\Local\Temp\ccdgYGek.s 			page 14


 287 002e 00BF     		.align	2
 288              	.L18:
 289 0030 00000000 		.word	data
 290              		.cfi_endproc
 291              	.LFE136:
 293              		.global	data
 294              		.section	.rodata.str1.4,"aMS",%progbits,1
 295              		.align	2
 296              	.LC0:
 297 0000 48656C6C 		.ascii	"Hello testing USB\012\000"
 297      6F207465 
 297      7374696E 
 297      67205553 
 297      420A00
 298              		.section	.data.data,"aw"
 299              		.align	2
 302              	data:
 303 0000 00000000 		.word	.LC0
 304              		.text
 305              	.Letext0:
 306              		.file 3 "C:/Users/gamin/AppData/Roaming/Code/User/globalStorage/bmd.stm32-for-vscode/@xpack-dev-to
 307              		.file 4 "C:/Users/gamin/AppData/Roaming/Code/User/globalStorage/bmd.stm32-for-vscode/@xpack-dev-to
 308              		.file 5 "Drivers/CMSIS/Device/ST/STM32L4xx/Include/stm32l432xx.h"
 309              		.file 6 "C:/Users/gamin/AppData/Roaming/Code/User/globalStorage/bmd.stm32-for-vscode/@xpack-dev-to
 310              		.file 7 "Drivers/STM32L4xx_HAL_Driver/Inc/stm32l4xx_hal_def.h"
 311              		.file 8 "Drivers/STM32L4xx_HAL_Driver/Inc/stm32l4xx_hal_rcc.h"
 312              		.file 9 "Drivers/STM32L4xx_HAL_Driver/Inc/stm32l4xx_hal_pwr_ex.h"
 313              		.file 10 "USB_DEVICE/App/usbd_cdc_if.h"
 314              		.file 11 "C:/Users/gamin/AppData/Roaming/Code/User/globalStorage/bmd.stm32-for-vscode/@xpack-dev-t
 315              		.file 12 "Drivers/STM32L4xx_HAL_Driver/Inc/stm32l4xx_hal.h"
 316              		.file 13 "USB_DEVICE/App/usb_device.h"
 317              		.file 14 "<built-in>"
ARM GAS  C:\Users\gamin\AppData\Local\Temp\ccdgYGek.s 			page 15


DEFINED SYMBOLS
                            *ABS*:00000000 main.c
C:\Users\gamin\AppData\Local\Temp\ccdgYGek.s:21     .text.MX_GPIO_Init:00000000 $t
C:\Users\gamin\AppData\Local\Temp\ccdgYGek.s:26     .text.MX_GPIO_Init:00000000 MX_GPIO_Init
C:\Users\gamin\AppData\Local\Temp\ccdgYGek.s:59     .text.MX_GPIO_Init:0000001c $d
C:\Users\gamin\AppData\Local\Temp\ccdgYGek.s:64     .text.Error_Handler:00000000 $t
C:\Users\gamin\AppData\Local\Temp\ccdgYGek.s:70     .text.Error_Handler:00000000 Error_Handler
C:\Users\gamin\AppData\Local\Temp\ccdgYGek.s:102    .text.SystemClock_Config:00000000 $t
C:\Users\gamin\AppData\Local\Temp\ccdgYGek.s:108    .text.SystemClock_Config:00000000 SystemClock_Config
C:\Users\gamin\AppData\Local\Temp\ccdgYGek.s:237    .text.main:00000000 $t
C:\Users\gamin\AppData\Local\Temp\ccdgYGek.s:243    .text.main:00000000 main
C:\Users\gamin\AppData\Local\Temp\ccdgYGek.s:289    .text.main:00000030 $d
C:\Users\gamin\AppData\Local\Temp\ccdgYGek.s:302    .data.data:00000000 data
C:\Users\gamin\AppData\Local\Temp\ccdgYGek.s:295    .rodata.str1.4:00000000 $d
C:\Users\gamin\AppData\Local\Temp\ccdgYGek.s:299    .data.data:00000000 $d

UNDEFINED SYMBOLS
memset
HAL_PWREx_ControlVoltageScaling
HAL_RCC_OscConfig
HAL_RCC_ClockConfig
HAL_Init
MX_USB_DEVICE_Init
strlen
CDC_Transmit_FS
HAL_Delay
