2024-09-18 11:45:31,882 [INFO] Activator:176 - 


2024-09-18 11:45:31,905 [INFO] Activator:177 - !SESSION log4j initialized
2024-09-18 11:45:45,433 [INFO] LogOutputStream:77 - [STDOUT_REDIRECT] 
2024-09-18 11:45:51,521 [INFO] ApplicationProperties:184 - Using Application install path: E:\ST\STM32CubeIDE_1.9.0\STM32CubeIDE\plugins\com.st.stm32cube.common.mx_6.12.0.202406281431
2024-09-18 11:45:51,646 [INFO] DbMcusXml:78 - Set database path to: E:\ST\STM32CubeIDE_1.9.0\STM32CubeIDE\plugins\com.st.stm32cube.common.mx_6.12.0.202406281431\\db\/mcu/
2024-09-18 11:45:51,647 [INFO] ApiDb:274 - Set plugin database path to: E:\ST\STM32CubeIDE_1.9.0\STM32CubeIDE\plugins\com.st.stm32cube.common.mx_6.12.0.202406281431\\db\/plugins/boardmanager/
2024-09-18 11:45:51,648 [WARN] ApiDb:259 - Overriding images path with different value:  => E:\ST\STM32CubeIDE_1.9.0\STM32CubeIDE\plugins\com.st.stm32cube.common.mx_6.12.0.202406281431\\db\/plugins/mcufinder/images/
2024-09-18 11:45:51,735 [INFO] ApiDb:250 - Set database path to: C:\Users\gamin\.stmcufinder\plugins\mcufinder//mcu/
2024-09-18 11:45:51,737 [INFO] DbMcusAds:125 - Set database path to: C:\Users\gamin\.stmcufinder\plugins\mcufinder//mcu/
2024-09-18 11:45:51,740 [INFO] CrossReferenceDbSqlite:203 - Set database path to: C:\Users\gamin\.stmcufinder\plugins\mcufinder//mcu/cs/
2024-09-18 11:45:51,991 [INFO] RulesReader:64 - Compatibility file has been processed (297 Rules)
2024-09-18 11:45:52,169 [INFO] DbMcusXml:78 - Set database path to: E:\ST\STM32CubeIDE_1.9.0\STM32CubeIDE\plugins\com.st.stm32cube.common.mx_6.12.0.202406281431\\db\/mcu/
2024-09-18 11:45:52,169 [INFO] ApiDb:274 - Set plugin database path to: E:\ST\STM32CubeIDE_1.9.0\STM32CubeIDE\plugins\com.st.stm32cube.common.mx_6.12.0.202406281431\\db\/plugins/boardmanager/
2024-09-18 11:45:52,169 [INFO] ApiDb:261 - Set plugin images path to: E:\ST\STM32CubeIDE_1.9.0\STM32CubeIDE\plugins\com.st.stm32cube.common.mx_6.12.0.202406281431\\db\/plugins/mcufinder/images/
2024-09-18 11:45:52,169 [WARN] DbFile:41 - Overriding database path with different value: C:\Users\gamin\.stmcufinder\plugins\mcufinder/ => C:\Users\gamin\.stmcufinder\plugins\mcufinder
2024-09-18 11:45:52,169 [INFO] ApiDb:250 - Set database path to: C:\Users\gamin\.stmcufinder\plugins\mcufinder//mcu/
2024-09-18 11:45:52,169 [WARN] DbFile:41 - Overriding database path with different value: C:\Users\gamin\.stmcufinder\plugins\mcufinder/ => C:\Users\gamin\.stmcufinder\plugins\mcufinder
2024-09-18 11:45:52,169 [INFO] DbMcusAds:125 - Set database path to: C:\Users\gamin\.stmcufinder\plugins\mcufinder//mcu/
2024-09-18 11:45:52,169 [WARN] DbFile:41 - Overriding database path with different value: C:\Users\gamin\.stmcufinder\plugins\mcufinder/ => C:\Users\gamin\.stmcufinder\plugins\mcufinder
2024-09-18 11:45:52,169 [WARN] DbFile:41 - Overriding database path with different value: C:\Users\gamin\.stmcufinder\plugins\mcufinder/ => C:\Users\gamin\.stmcufinder\plugins\mcufinder
2024-09-18 11:45:52,170 [INFO] CrossReferenceDbSqlite:203 - Set database path to: C:\Users\gamin\.stmcufinder\plugins\mcufinder//mcu/cs/
2024-09-18 11:45:52,342 [INFO] MainPanel:268 - HeapMemory: 268435456
2024-09-18 11:45:52,579 [INFO] DbMcusXml:78 - Set database path to: E:\ST\STM32CubeIDE_1.9.0\STM32CubeIDE\plugins\com.st.stm32cube.common.mx_6.12.0.202406281431\\db\/mcu/
2024-09-18 11:45:52,580 [INFO] ApiDb:274 - Set plugin database path to: E:\ST\STM32CubeIDE_1.9.0\STM32CubeIDE\plugins\com.st.stm32cube.common.mx_6.12.0.202406281431\\db\/plugins/boardmanager/
2024-09-18 11:45:52,580 [INFO] ApiDb:261 - Set plugin images path to: E:\ST\STM32CubeIDE_1.9.0\STM32CubeIDE\plugins\com.st.stm32cube.common.mx_6.12.0.202406281431\\db\/plugins/mcufinder/images/
2024-09-18 11:45:52,580 [WARN] DbFile:41 - Overriding database path with different value: C:\Users\gamin\.stmcufinder\plugins\mcufinder/ => C:\Users\gamin\.stmcufinder\plugins\mcufinder
2024-09-18 11:45:52,580 [INFO] ApiDb:250 - Set database path to: C:\Users\gamin\.stmcufinder\plugins\mcufinder//mcu/
2024-09-18 11:45:52,580 [WARN] DbFile:41 - Overriding database path with different value: C:\Users\gamin\.stmcufinder\plugins\mcufinder/ => C:\Users\gamin\.stmcufinder\plugins\mcufinder
2024-09-18 11:45:52,580 [INFO] DbMcusAds:125 - Set database path to: C:\Users\gamin\.stmcufinder\plugins\mcufinder//mcu/
2024-09-18 11:45:52,580 [WARN] DbFile:41 - Overriding database path with different value: C:\Users\gamin\.stmcufinder\plugins\mcufinder/ => C:\Users\gamin\.stmcufinder\plugins\mcufinder
2024-09-18 11:45:52,580 [WARN] DbFile:41 - Overriding database path with different value: C:\Users\gamin\.stmcufinder\plugins\mcufinder/ => C:\Users\gamin\.stmcufinder\plugins\mcufinder
2024-09-18 11:45:52,581 [INFO] CrossReferenceDbSqlite:203 - Set database path to: C:\Users\gamin\.stmcufinder\plugins\mcufinder//mcu/cs/
2024-09-18 11:45:52,605 [INFO] ApplicationProperties:184 - Using Application install path: E:\ST\STM32CubeIDE_1.9.0\STM32CubeIDE\plugins\com.st.stm32cube.common.mx_6.12.0.202406281431
2024-09-18 11:45:52,607 [INFO] PluginManage:196 - Search for loadable plugins [exclusion list=, ]
2024-09-18 11:45:52,611 [INFO] PluginManage:310 - Check plugin analytics
2024-09-18 11:45:52,997 [INFO] AnalyticsPlugin:253 - Accepted Software Licenses: STM32CubeMX.6.10.0,STM32CubeMX.6.12.0
2024-09-18 11:45:52,997 [INFO] AnalyticsPlugin:255 - Accepted CMSIS Pack Licenses: 
2024-09-18 11:45:52,998 [INFO] AnalyticsPlugin:257 - Accepted Firmware Licenses: FW.F4.1.28.0,FW.L4.1.18.0,FW.H7.1.11.0,FW.H7.1.10.0
2024-09-18 11:45:53,000 [INFO] PluginManage:359 - Loaded plugin analytics (category:tool,tabindex:-1)
2024-09-18 11:45:53,000 [INFO] PluginManage:310 - Check plugin cadmodel
2024-09-18 11:45:53,063 [INFO] CADModel:105 - Init CAD model plugin
2024-09-18 11:45:53,064 [INFO] PluginManage:359 - Loaded plugin cadmodel (category:power,tabindex:5)
2024-09-18 11:45:53,064 [INFO] PluginManage:310 - Check plugin clock
2024-09-18 11:45:53,111 [INFO] PluginManage:359 - Loaded plugin clock (category:base,tabindex:2)
2024-09-18 11:45:53,111 [INFO] PluginManage:310 - Check plugin ddr
2024-09-18 11:45:53,131 [INFO] PluginManage:359 - Loaded plugin ddr (category:tool,tabindex:6)
2024-09-18 11:45:53,131 [INFO] PluginManage:310 - Check plugin filemanager
2024-09-18 11:45:53,473 [INFO] PluginManage:359 - Loaded plugin filemanager (category:base,tabindex:10)
2024-09-18 11:45:53,473 [INFO] PluginManage:310 - Check plugin ipmanager
2024-09-18 11:45:53,523 [INFO] PluginManage:359 - Loaded plugin ipmanager (category:base,tabindex:5)
2024-09-18 11:45:53,523 [INFO] PluginManage:310 - Check plugin lpbam
2024-09-18 11:45:53,546 [INFO] PluginManage:359 - Loaded plugin lpbam (category:base,tabindex:0)
2024-09-18 11:45:53,546 [INFO] PluginManage:310 - Check plugin memorymap
2024-09-18 11:45:53,580 [INFO] PluginManage:359 - Loaded plugin memorymap (category:base,tabindex:4)
2024-09-18 11:45:53,581 [INFO] PluginManage:310 - Check plugin pinoutandconfiguration
2024-09-18 11:45:53,623 [INFO] PluginManage:359 - Loaded plugin pinoutandconfiguration (category:base,tabindex:1)
2024-09-18 11:45:53,623 [INFO] PluginManage:310 - Check plugin pinoutconfig
2024-09-18 11:45:53,785 [WARN] SupportedApi:132 - Cannot load RTOS API schema: s4s-elt-must-match.1: The content of 'definitions' must match (annotation?, (simpleType | complexType)?, (unique | key | keyref)*)). A problem was found starting at: attribute.
2024-09-18 11:45:53,971 [INFO] PluginManage:359 - Loaded plugin pinoutconfig (category:base,tabindex:0)
2024-09-18 11:45:53,971 [INFO] PluginManage:310 - Check plugin power
2024-09-18 11:45:54,061 [INFO] PluginManage:359 - Loaded plugin power (category:power,tabindex:4)
2024-09-18 11:45:54,061 [INFO] PluginManage:310 - Check plugin projectmanager
2024-09-18 11:45:54,079 [INFO] PluginManage:359 - Loaded plugin projectmanager (category:projectmanager,tabindex:4)
2024-09-18 11:45:54,080 [INFO] PluginManage:310 - Check plugin rif
2024-09-18 11:45:54,129 [INFO] PluginManage:359 - Loaded plugin rif (category:base,tabindex:3)
2024-09-18 11:45:54,129 [INFO] PluginManage:310 - Check plugin thirdparty
2024-09-18 11:45:54,477 [INFO] PluginManage:359 - Loaded plugin thirdparty (category:base,tabindex:-1)
2024-09-18 11:45:54,477 [WARN] IntegrityCheckThread:84 - waiting for thirdparty lock release [integrity check]
2024-09-18 11:45:54,477 [INFO] PluginManage:310 - Check plugin tools
2024-09-18 11:45:54,477 [INFO] IntegrityCheckThread:86 - entering critical section [integrity check]
2024-09-18 11:45:54,477 [INFO] ThirdPartyUpdaterWithRetryManager:70 - Updater plugin not ready yet. [1/15]
2024-09-18 11:45:54,491 [INFO] PluginManage:359 - Loaded plugin tools (category:base,tabindex:7)
2024-09-18 11:45:54,491 [INFO] PluginManage:310 - Check plugin tutovideos
2024-09-18 11:45:54,821 [INFO] PluginManage:359 - Loaded plugin tutovideos (category:base,tabindex:-1)
2024-09-18 11:45:54,821 [INFO] PluginManage:310 - Check plugin updater
2024-09-18 11:45:54,878 [INFO] PluginManage:359 - Loaded plugin updater (category:base,tabindex:12)
2024-09-18 11:45:54,878 [INFO] PluginManage:310 - Check plugin userauth
2024-09-18 11:45:54,909 [INFO] UserAuth:113 - Init User Auth plugin
2024-09-18 11:45:54,909 [INFO] PluginManage:359 - Loaded plugin userauth (category:base,tabindex:14)
2024-09-18 11:45:54,909 [INFO] PluginManage:283 - PluginManage : Loaded plugins [18]
2024-09-18 11:45:55,335 [INFO] PinOutPanel:1561 - setPackage(No Configuration,No Configuration)
2024-09-18 11:45:55,513 [INFO] CADModel:165 - CPN selected for project level
2024-09-18 11:45:55,513 [INFO] CADModel:114 - Register for checkConnection events
2024-09-18 11:45:55,563 [INFO] IPUIPlugin:80 - create IPUIPlugin
2024-09-18 11:45:55,563 [INFO] PluginManager:220 - loadIPPluginJar : add adc
2024-09-18 11:45:55,586 [INFO] IPUIPlugin:80 - create IPUIPlugin
2024-09-18 11:45:55,586 [INFO] PluginManager:220 - loadIPPluginJar : add aes
2024-09-18 11:45:55,606 [INFO] IPUIPlugin:80 - create IPUIPlugin
2024-09-18 11:45:55,606 [INFO] PluginManager:220 - loadIPPluginJar : add can
2024-09-18 11:45:55,609 [INFO] IPUIPlugin:80 - create IPUIPlugin
2024-09-18 11:45:55,609 [INFO] PluginManager:220 - loadIPPluginJar : add comp
2024-09-18 11:45:55,638 [INFO] IPUIPlugin:80 - create IPUIPlugin
2024-09-18 11:45:55,638 [INFO] PluginManager:220 - loadIPPluginJar : add cryp
2024-09-18 11:45:55,697 [INFO] IPUIPlugin:80 - create IPUIPlugin
2024-09-18 11:45:55,697 [INFO] PluginManager:220 - loadIPPluginJar : add ddr_ctrl_phy
2024-09-18 11:45:55,713 [INFO] IPUIPlugin:80 - create IPUIPlugin
2024-09-18 11:45:55,713 [INFO] PluginManager:220 - loadIPPluginJar : add dfsdm
2024-09-18 11:45:55,740 [INFO] IPUIPlugin:80 - create IPUIPlugin
2024-09-18 11:45:55,740 [INFO] PluginManager:220 - loadIPPluginJar : add dma
2024-09-18 11:45:55,758 [INFO] IPUIPlugin:80 - create IPUIPlugin
2024-09-18 11:45:55,758 [INFO] PluginManager:220 - loadIPPluginJar : add dma3
2024-09-18 11:45:55,761 [INFO] IPUIPlugin:80 - create IPUIPlugin
2024-09-18 11:45:55,761 [INFO] PluginManager:220 - loadIPPluginJar : add extmemmanager
2024-09-18 11:45:55,762 [INFO] IPUIPlugin:80 - create IPUIPlugin
2024-09-18 11:45:55,762 [INFO] PluginManager:220 - loadIPPluginJar : add fatfs
2024-09-18 11:45:55,798 [INFO] IPUIPlugin:80 - create IPUIPlugin
2024-09-18 11:45:55,798 [INFO] PluginManager:220 - loadIPPluginJar : add fmc
2024-09-18 11:45:55,822 [INFO] IPUIPlugin:80 - create IPUIPlugin
2024-09-18 11:45:55,822 [INFO] PluginManager:220 - loadIPPluginJar : add freertos
2024-09-18 11:45:55,840 [INFO] IPUIPlugin:80 - create IPUIPlugin
2024-09-18 11:45:55,840 [INFO] PluginManager:220 - loadIPPluginJar : add genericplugin
2024-09-18 11:45:55,844 [INFO] IPUIPlugin:80 - create IPUIPlugin
2024-09-18 11:45:55,845 [INFO] PluginManager:220 - loadIPPluginJar : add gfxmmu
2024-09-18 11:45:55,859 [INFO] IPUIPlugin:80 - create IPUIPlugin
2024-09-18 11:45:55,859 [INFO] PluginManager:220 - loadIPPluginJar : add gic
2024-09-18 11:45:55,881 [INFO] IPUIPlugin:80 - create IPUIPlugin
2024-09-18 11:45:55,881 [INFO] PluginManager:220 - loadIPPluginJar : add gpio
2024-09-18 11:45:55,898 [INFO] IPUIPlugin:80 - create IPUIPlugin
2024-09-18 11:45:55,898 [INFO] PluginManager:220 - loadIPPluginJar : add gtzc
2024-09-18 11:45:55,923 [INFO] IPUIPlugin:80 - create IPUIPlugin
2024-09-18 11:45:55,923 [INFO] PluginManager:220 - loadIPPluginJar : add hash
2024-09-18 11:45:55,956 [INFO] IPUIPlugin:80 - create IPUIPlugin
2024-09-18 11:45:55,956 [INFO] PluginManager:220 - loadIPPluginJar : add i2c
2024-09-18 11:45:55,975 [INFO] IPUIPlugin:80 - create IPUIPlugin
2024-09-18 11:45:55,976 [INFO] PluginManager:220 - loadIPPluginJar : add i2s
2024-09-18 11:45:55,987 [INFO] IPUIPlugin:80 - create IPUIPlugin
2024-09-18 11:45:55,987 [INFO] PluginManager:220 - loadIPPluginJar : add i3c
2024-09-18 11:45:55,999 [INFO] IPUIPlugin:80 - create IPUIPlugin
2024-09-18 11:45:55,999 [INFO] PluginManager:220 - loadIPPluginJar : add ipddr
2024-09-18 11:45:56,023 [INFO] IPUIPlugin:80 - create IPUIPlugin
2024-09-18 11:45:56,023 [INFO] PluginManager:220 - loadIPPluginJar : add linkedlist
2024-09-18 11:45:56,049 [INFO] IPUIPlugin:80 - create IPUIPlugin
2024-09-18 11:45:56,049 [INFO] PluginManager:220 - loadIPPluginJar : add lorawan
2024-09-18 11:45:56,074 [INFO] IPUIPlugin:80 - create IPUIPlugin
2024-09-18 11:45:56,074 [INFO] PluginManager:220 - loadIPPluginJar : add ltdc
2024-09-18 11:45:56,099 [INFO] IPUIPlugin:80 - create IPUIPlugin
2024-09-18 11:45:56,099 [INFO] PluginManager:220 - loadIPPluginJar : add mdma
2024-09-18 11:45:56,116 [INFO] IPUIPlugin:80 - create IPUIPlugin
2024-09-18 11:45:56,116 [INFO] PluginManager:220 - loadIPPluginJar : add nvic
2024-09-18 11:45:56,119 [INFO] IPUIPlugin:80 - create IPUIPlugin
2024-09-18 11:45:56,119 [INFO] PluginManager:220 - loadIPPluginJar : add opamp
2024-09-18 11:45:56,138 [INFO] IPUIPlugin:80 - create IPUIPlugin
2024-09-18 11:45:56,138 [INFO] PluginManager:220 - loadIPPluginJar : add openamp
2024-09-18 11:45:56,141 [INFO] IPUIPlugin:80 - create IPUIPlugin
2024-09-18 11:45:56,141 [INFO] PluginManager:220 - loadIPPluginJar : add pdm2pcm
2024-09-18 11:45:56,168 [INFO] IPUIPlugin:80 - create IPUIPlugin
2024-09-18 11:45:56,170 [INFO] PluginManager:220 - loadIPPluginJar : add plateformsettings
2024-09-18 11:45:56,173 [INFO] IPUIPlugin:80 - create IPUIPlugin
2024-09-18 11:45:56,173 [INFO] PluginManager:220 - loadIPPluginJar : add quadspi
2024-09-18 11:45:56,177 [INFO] IPUIPlugin:80 - create IPUIPlugin
2024-09-18 11:45:56,177 [INFO] PluginManager:220 - loadIPPluginJar : add radio
2024-09-18 11:45:56,186 [INFO] IPUIPlugin:80 - create IPUIPlugin
2024-09-18 11:45:56,186 [INFO] PluginManager:220 - loadIPPluginJar : add resmgrutility
2024-09-18 11:45:56,189 [INFO] IPUIPlugin:80 - create IPUIPlugin
2024-09-18 11:45:56,189 [INFO] PluginManager:220 - loadIPPluginJar : add sai
2024-09-18 11:45:56,193 [INFO] IPUIPlugin:80 - create IPUIPlugin
2024-09-18 11:45:56,193 [INFO] PluginManager:220 - loadIPPluginJar : add spi
2024-09-18 11:45:56,198 [INFO] IPUIPlugin:80 - create IPUIPlugin
2024-09-18 11:45:56,198 [INFO] PluginManager:220 - loadIPPluginJar : add stm32_wpan
2024-09-18 11:45:56,203 [INFO] IPUIPlugin:80 - create IPUIPlugin
2024-09-18 11:45:56,203 [INFO] PluginManager:220 - loadIPPluginJar : add tim
2024-09-18 11:45:56,206 [INFO] IPUIPlugin:80 - create IPUIPlugin
2024-09-18 11:45:56,206 [INFO] PluginManager:220 - loadIPPluginJar : add touchsensing
2024-09-18 11:45:56,209 [INFO] IPUIPlugin:80 - create IPUIPlugin
2024-09-18 11:45:56,210 [INFO] PluginManager:220 - loadIPPluginJar : add tracer_emb
2024-09-18 11:45:56,213 [INFO] IPUIPlugin:80 - create IPUIPlugin
2024-09-18 11:45:56,213 [INFO] PluginManager:220 - loadIPPluginJar : add ts
2024-09-18 11:45:56,216 [INFO] IPUIPlugin:80 - create IPUIPlugin
2024-09-18 11:45:56,216 [INFO] PluginManager:220 - loadIPPluginJar : add tsc
2024-09-18 11:45:56,220 [INFO] IPUIPlugin:80 - create IPUIPlugin
2024-09-18 11:45:56,220 [INFO] PluginManager:220 - loadIPPluginJar : add ucpd
2024-09-18 11:45:56,223 [INFO] IPUIPlugin:80 - create IPUIPlugin
2024-09-18 11:45:56,224 [INFO] PluginManager:220 - loadIPPluginJar : add usart
2024-09-18 11:45:56,227 [INFO] IPUIPlugin:80 - create IPUIPlugin
2024-09-18 11:45:56,228 [INFO] PluginManager:220 - loadIPPluginJar : add usbx
2024-09-18 11:45:56,355 [INFO] CADModel:165 - CPN selected for project level
2024-09-18 11:45:56,355 [INFO] CADModel:114 - Register for checkConnection events
2024-09-18 11:45:56,355 [FATAL] Updater:334 - Updater called before beeing initialized
2024-09-18 11:45:56,355 [ERROR] CADModel:125 - Updater not yet initialized, retry later 
2024-09-18 11:45:56,687 [INFO] CADModel:165 - CPN selected for project level
2024-09-18 11:45:56,687 [INFO] CADModel:114 - Register for checkConnection events
2024-09-18 11:45:56,687 [FATAL] Updater:334 - Updater called before beeing initialized
2024-09-18 11:45:56,687 [ERROR] CADModel:125 - Updater not yet initialized, retry later 
2024-09-18 11:45:56,690 [FATAL] Updater:334 - Updater called before beeing initialized
2024-09-18 11:45:56,850 [FATAL] Updater:334 - Updater called before beeing initialized
2024-09-18 11:45:56,880 [INFO] DbMcusAds:53 - JSON generation date=Mon Sep 16 17:40:22 EEST 2024 (1726497622318)
2024-09-18 11:45:56,880 [FATAL] Updater:334 - Updater called before beeing initialized
2024-09-18 11:45:57,106 [WARN] DetailPanel:346 - Failed to get advertising image, set to default
2024-09-18 11:45:57,247 [FATAL] Updater:334 - Updater called before beeing initialized
2024-09-18 11:45:57,250 [FATAL] Updater:334 - Updater called before beeing initialized
2024-09-18 11:45:57,250 [FATAL] Updater:334 - Updater called before beeing initialized
2024-09-18 11:45:57,250 [WARN] DetailPanel:346 - Failed to get advertising image, set to default
2024-09-18 11:45:57,251 [FATAL] Updater:334 - Updater called before beeing initialized
2024-09-18 11:45:57,409 [ERROR] Updater:1164 - MainUpdater not yet initialized. External WinMGr cannot be set.
2024-09-18 11:45:57,414 [INFO] Updater:1100 - Updater Version found : 6.12.0
2024-09-18 11:45:57,455 [INFO] ApplicationProperties:184 - Using Application install path: E:\ST\STM32CubeIDE_1.9.0\STM32CubeIDE\plugins\com.st.stm32cube.common.mx_6.12.0.202406281431
2024-09-18 11:45:57,479 [INFO] ThirdPartyUpdaterWithRetryManager:70 - Updater plugin not ready yet. [2/15]
2024-09-18 11:45:57,972 [INFO] MainUpdater:2873 - connection check result : 10
2024-09-18 11:45:57,972 [INFO] MainUpdater:290 - Updater Check For Update Now.
2024-09-18 11:45:57,972 [INFO] MicroXplorer:498 - Change Database Version : DB.6.0.120
2024-09-18 11:45:58,004 [INFO] McuFinderGlobals:63 - Set McuFinder mode to 2 (CubeIDE integrated)
2024-09-18 11:45:58,005 [INFO] UserAuth:417 - Internet connection configuration mode: 1
2024-09-18 11:45:58,105 [INFO] JxBrowserEngine:152 - Initiate JxBrowser Engine with user profile folder
2024-09-18 11:45:58,215 [INFO] CheckServerUpdateThread:120 - End of CheckServer Thread
2024-09-18 11:45:59,509 [INFO] WebApp:167 - Instantiating new browser for Auth
2024-09-18 11:46:00,925 [WARN] PackLoader:240 - Cannot read IP mode file for STMicroelectronics.FP-SNS-MOTENVWB1.1.4.0
2024-09-18 11:46:00,941 [WARN] PackLoader:240 - Cannot read IP mode file for STMicroelectronics.X-CUBE-SMBUS.2.1.0
2024-09-18 11:46:00,948 [WARN] PackLoader:240 - Cannot read IP mode file for STMicroelectronics.X-CUBE-TOUCHGFX.4.23.1
2024-09-18 11:46:00,953 [WARN] PackLoader:240 - Cannot read IP mode file for STMicroelectronics.X-CUBE-TOUCHGFX.4.23.0
2024-09-18 11:46:01,067 [WARN] PackLoader:240 - Cannot read IP mode file for STMicroelectronics.X-CUBE-MEMS1.9.2.0
2024-09-18 11:46:01,337 [WARN] PackLoader:240 - Cannot read IP mode file for STMicroelectronics.X-CUBE-TOUCHGFX.4.23.2
2024-09-18 11:46:01,395 [WARN] PackLoader:240 - Cannot read IP mode file for STMicroelectronics.X-CUBE-AZRTOS-F7.1.1.0
2024-09-18 11:46:01,411 [WARN] PackLoader:240 - Cannot read IP mode file for STMicroelectronics.X-CUBE-AI.7.1.0
2024-09-18 11:46:01,415 [WARN] PackLoader:240 - Cannot read IP mode file for STMicroelectronics.X-CUBE-TOUCHGFX.4.19.1
2024-09-18 11:46:01,426 [WARN] PackLoader:240 - Cannot read IP mode file for STMicroelectronics.FP-SNS-MOTENV1.4.3.2
2024-09-18 11:46:01,435 [WARN] PackLoader:240 - Cannot read IP mode file for STMicroelectronics.X-CUBE-BLE1.6.2.3
2024-09-18 11:46:01,563 [WARN] PackLoader:240 - Cannot read IP mode file for STMicroelectronics.X-CUBE-MEMS1.11.0.0
2024-09-18 11:46:01,760 [WARN] PackLoader:240 - Cannot read IP mode file for STMicroelectronics.FP-SNS-FLIGHT1.5.0.2
2024-09-18 11:46:01,766 [WARN] PackLoader:240 - Cannot read IP mode file for STMicroelectronics.X-CUBE-BLE2.3.2.2
2024-09-18 11:46:01,779 [WARN] PackLoader:240 - Cannot read IP mode file for STMicroelectronics.X-CUBE-TOF1.3.1.0
2024-09-18 11:46:01,795 [WARN] PackLoader:240 - Cannot read IP mode file for STMicroelectronics.X-CUBE-DISPLAY.3.0.0
2024-09-18 11:46:01,805 [WARN] PackLoader:240 - Cannot read IP mode file for STMicroelectronics.X-CUBE-BLE1.7.0.0
2024-09-18 11:46:01,859 [WARN] PackLoader:240 - Cannot read IP mode file for STMicroelectronics.X-CUBE-MEMS1.9.3.0
2024-09-18 11:46:02,107 [WARN] PackLoader:240 - Cannot read IP mode file for STMicroelectronics.X-CUBE-AI.7.2.0
2024-09-18 11:46:02,121 [WARN] PackLoader:240 - Cannot read IP mode file for STMicroelectronics.X-CUBE-BLEMGR.3.1.0
2024-09-18 11:46:02,132 [WARN] PackLoader:240 - Cannot read IP mode file for STMicroelectronics.FP-SNS-SMARTAG2.1.2.0
2024-09-18 11:46:02,145 [INFO] LogOutputStream:77 - [STDOUT_REDIRECT] 1 : Invalid condition id : UX_CORESTACK_Condition cause : null
2024-09-18 11:46:02,145 [INFO] LogOutputStream:77 - [STDOUT_REDIRECT] 1 : Invalid condition id : UX_CORESTACK_Condition cause : null
2024-09-18 11:46:02,148 [INFO] LogOutputStream:77 - [STDOUT_REDIRECT] 1 : Invalid condition id : UX_CORESTACK_Condition cause : null
2024-09-18 11:46:02,151 [INFO] LogOutputStream:77 - [STDOUT_REDIRECT] 1 : Invalid condition id : UX_CORESTACK_Condition cause : null
2024-09-18 11:46:02,153 [INFO] LogOutputStream:77 - [STDOUT_REDIRECT] 1 : Invalid condition id : UX_CORESTACK_Condition cause : null
2024-09-18 11:46:02,158 [WARN] PackLoader:240 - Cannot read IP mode file for STMicroelectronics.X-CUBE-AZRTOS-WL.2.0.0
2024-09-18 11:46:02,165 [WARN] PackLoader:240 - Cannot read IP mode file for STMicroelectronics.FP-SNS-MOTENV1.5.0.0
2024-09-18 11:46:02,171 [WARN] PackLoader:240 - Cannot read IP mode file for wolfSSL.I-CUBE-wolfMQTT.1.19.0
2024-09-18 11:46:02,182 [WARN] PackLoader:240 - Cannot read IP mode file for WES.I-CUBE-Cesium.1.3.0
2024-09-18 11:46:02,187 [WARN] PackLoader:240 - Cannot read IP mode file for STMicroelectronics.X-CUBE-BLE2.3.3.0
2024-09-18 11:46:02,195 [WARN] PackLoader:240 - Cannot read IP mode file for STMicroelectronics.X-CUBE-DISPLAY.2.2.0
2024-09-18 11:46:02,203 [WARN] PackLoader:240 - Cannot read IP mode file for STMicroelectronics.X-CUBE-ISPU.1.0.0
2024-09-18 11:46:02,231 [WARN] PackLoader:240 - Cannot read IP mode file for STMicroelectronics.X-CUBE-AZRTOS-H7.2.1.0
2024-09-18 11:46:02,244 [WARN] PackLoader:240 - Cannot read IP mode file for STMicroelectronics.X-CUBE-TCPP.4.1.0
2024-09-18 11:46:02,254 [WARN] PackLoader:240 - Cannot read IP mode file for STMicroelectronics.X-CUBE-ALGOBUILD.1.3.0
2024-09-18 11:46:02,276 [WARN] PackLoader:240 - Cannot read IP mode file for STMicroelectronics.X-CUBE-AZRTOS-G0.1.1.0
2024-09-18 11:46:02,286 [WARN] PackLoader:240 - Cannot read IP mode file for STMicroelectronics.X-CUBE-SAFEA1.1.2.2
2024-09-18 11:46:02,293 [WARN] PackLoader:240 - Cannot read IP mode file for STMicroelectronics.X-CUBE-NFC4.3.0.0
2024-09-18 11:46:02,346 [WARN] PackLoader:240 - Cannot read IP mode file for SEGGER.I-CUBE-embOS.1.2.0
2024-09-18 11:46:02,393 [WARN] PackLoader:240 - Cannot read IP mode file for wolfSSL.I-CUBE-wolfMQTT.1.18.0
2024-09-18 11:46:02,403 [WARN] PackLoader:240 - Cannot read IP mode file for EmbeddedOffice.I-CUBE-FS-RTOS.1.0.1
2024-09-18 11:46:02,405 [ERROR] ConditionMgr:805 - Attr not supported : Dmpu
2024-09-18 11:46:02,405 [ERROR] ConditionMgr:805 - Attr not supported : Dmpu
2024-09-18 11:46:02,405 [ERROR] ConditionMgr:805 - Attr not supported : Dmpu
2024-09-18 11:46:02,405 [ERROR] ConditionMgr:805 - Attr not supported : Dmpu
2024-09-18 11:46:02,405 [ERROR] ConditionMgr:805 - Attr not supported : Dmpu
2024-09-18 11:46:02,405 [ERROR] ConditionMgr:805 - Attr not supported : Dmpu
2024-09-18 11:46:02,405 [ERROR] ConditionMgr:805 - Attr not supported : Dmpu
2024-09-18 11:46:02,405 [ERROR] ConditionMgr:805 - Attr not supported : Dmpu
2024-09-18 11:46:02,405 [ERROR] ConditionMgr:805 - Attr not supported : Dmpu
2024-09-18 11:46:02,406 [ERROR] ConditionMgr:805 - Attr not supported : Dmpu
2024-09-18 11:46:02,406 [ERROR] ConditionMgr:805 - Attr not supported : Dmpu
2024-09-18 11:46:02,406 [ERROR] ConditionMgr:805 - Attr not supported : Dmpu
2024-09-18 11:46:02,406 [ERROR] ConditionMgr:805 - Attr not supported : Dmpu
2024-09-18 11:46:02,406 [ERROR] ConditionMgr:805 - Attr not supported : Dmpu
2024-09-18 11:46:02,406 [ERROR] ConditionMgr:805 - Attr not supported : Dmpu
2024-09-18 11:46:02,406 [ERROR] ConditionMgr:805 - Attr not supported : Dmpu
2024-09-18 11:46:02,406 [ERROR] ConditionMgr:805 - Attr not supported : Dmpu
2024-09-18 11:46:02,406 [ERROR] ConditionMgr:805 - Attr not supported : Dmpu
2024-09-18 11:46:02,407 [ERROR] ConditionMgr:805 - Attr not supported : Dmpu
2024-09-18 11:46:02,407 [ERROR] ConditionMgr:805 - Attr not supported : Dmpu
2024-09-18 11:46:02,407 [ERROR] ConditionMgr:805 - Attr not supported : Dmpu
2024-09-18 11:46:02,407 [ERROR] ConditionMgr:805 - Attr not supported : Dmpu
2024-09-18 11:46:02,407 [ERROR] ConditionMgr:805 - Attr not supported : Dmpu
2024-09-18 11:46:02,407 [ERROR] ConditionMgr:805 - Attr not supported : Dmpu
2024-09-18 11:46:02,407 [ERROR] ConditionMgr:805 - Attr not supported : Dmpu
2024-09-18 11:46:02,407 [ERROR] ConditionMgr:805 - Attr not supported : Dmpu
2024-09-18 11:46:02,407 [ERROR] ConditionMgr:805 - Attr not supported : Dmpu
2024-09-18 11:46:02,407 [ERROR] ConditionMgr:805 - Attr not supported : Dmpu
2024-09-18 11:46:02,407 [ERROR] ConditionMgr:805 - Attr not supported : Dmpu
2024-09-18 11:46:02,408 [ERROR] ConditionMgr:805 - Attr not supported : Dmpu
2024-09-18 11:46:02,408 [ERROR] ConditionMgr:805 - Attr not supported : Dmpu
2024-09-18 11:46:02,408 [ERROR] ConditionMgr:805 - Attr not supported : Dmpu
2024-09-18 11:46:02,408 [ERROR] ConditionMgr:805 - Attr not supported : Dmpu
2024-09-18 11:46:02,408 [ERROR] ConditionMgr:805 - Attr not supported : Dmpu
2024-09-18 11:46:02,408 [ERROR] ConditionMgr:805 - Attr not supported : Dmpu
2024-09-18 11:46:02,408 [ERROR] ConditionMgr:805 - Attr not supported : Dmpu
2024-09-18 11:46:02,408 [ERROR] ConditionMgr:805 - Attr not supported : Dmpu
2024-09-18 11:46:02,408 [ERROR] ConditionMgr:805 - Attr not supported : Dmpu
2024-09-18 11:46:02,408 [ERROR] ConditionMgr:805 - Attr not supported : Dmpu
2024-09-18 11:46:02,409 [ERROR] ConditionMgr:805 - Attr not supported : Dmpu
2024-09-18 11:46:02,409 [ERROR] ConditionMgr:805 - Attr not supported : Dmpu
2024-09-18 11:46:02,409 [ERROR] ConditionMgr:805 - Attr not supported : Dmpu
2024-09-18 11:46:02,409 [ERROR] ConditionMgr:805 - Attr not supported : Dmpu
2024-09-18 11:46:02,409 [ERROR] ConditionMgr:805 - Attr not supported : Dmpu
2024-09-18 11:46:02,409 [ERROR] ConditionMgr:805 - Attr not supported : Dmpu
2024-09-18 11:46:02,409 [ERROR] ConditionMgr:805 - Attr not supported : Dmpu
2024-09-18 11:46:02,409 [ERROR] ConditionMgr:805 - Attr not supported : Dmpu
2024-09-18 11:46:02,409 [ERROR] ConditionMgr:805 - Attr not supported : Dmpu
2024-09-18 11:46:02,409 [ERROR] ConditionMgr:805 - Attr not supported : Dmpu
2024-09-18 11:46:02,409 [ERROR] ConditionMgr:805 - Attr not supported : Dmpu
2024-09-18 11:46:02,409 [ERROR] ConditionMgr:805 - Attr not supported : Dmpu
2024-09-18 11:46:02,409 [ERROR] ConditionMgr:805 - Attr not supported : Dmpu
2024-09-18 11:46:02,410 [ERROR] ConditionMgr:805 - Attr not supported : Dmpu
2024-09-18 11:46:02,410 [ERROR] ConditionMgr:805 - Attr not supported : Dmpu
2024-09-18 11:46:02,410 [ERROR] ConditionMgr:805 - Attr not supported : Dmpu
2024-09-18 11:46:02,410 [ERROR] ConditionMgr:805 - Attr not supported : Dmpu
2024-09-18 11:46:02,410 [ERROR] ConditionMgr:805 - Attr not supported : Dmpu
2024-09-18 11:46:02,410 [ERROR] ConditionMgr:805 - Attr not supported : Dmpu
2024-09-18 11:46:02,410 [ERROR] ConditionMgr:805 - Attr not supported : Dmpu
2024-09-18 11:46:02,410 [ERROR] ConditionMgr:805 - Attr not supported : Dmpu
2024-09-18 11:46:02,410 [ERROR] ConditionMgr:805 - Attr not supported : Dmpu
2024-09-18 11:46:02,410 [ERROR] ConditionMgr:805 - Attr not supported : Dmpu
2024-09-18 11:46:02,410 [ERROR] ConditionMgr:805 - Attr not supported : Dmpu
2024-09-18 11:46:02,410 [ERROR] ConditionMgr:805 - Attr not supported : Dmpu
2024-09-18 11:46:02,419 [WARN] PackLoader:240 - Cannot read IP mode file for STMicroelectronics.X-CUBE-BLEMGR.3.0.0
2024-09-18 11:46:02,427 [WARN] PackLoader:240 - Cannot read IP mode file for RealThread.X-CUBE-RT-Thread_Nano.4.1.1
2024-09-18 11:46:02,433 [WARN] PackLoader:240 - Cannot read IP mode file for STMicroelectronics.FP-ATR-SIGFOX1.3.2.0
2024-09-18 11:46:02,442 [WARN] PackLoader:240 - Cannot read IP mode file for STMicroelectronics.X-CUBE-EEPRMA1.5.1.0
2024-09-18 11:46:02,452 [WARN] PackLoader:240 - Cannot read IP mode file for emotas.I-CUBE-CANOPEN.1.1.2
2024-09-18 11:46:02,456 [WARN] PackLoader:240 - Cannot read IP mode file for STMicroelectronics.X-CUBE-TOUCHGFX.4.20.0
2024-09-18 11:46:02,492 [WARN] PackLoader:240 - Cannot read IP mode file for SEGGER.I-CUBE-embOS.1.3.1
2024-09-18 11:46:02,547 [WARN] PackLoader:240 - Cannot read IP mode file for STMicroelectronics.X-CUBE-ALGOBUILD.1.4.0
2024-09-18 11:46:02,558 [WARN] PackLoader:240 - Cannot read IP mode file for STMicroelectronics.X-CUBE-TOF1.3.0.0
2024-09-18 11:46:02,569 [WARN] PackLoader:240 - Cannot read IP mode file for STMicroelectronics.X-CUBE-GNSS1.6.0.0
2024-09-18 11:46:02,595 [WARN] PackLoader:240 - Cannot read IP mode file for STMicroelectronics.X-CUBE-AZRTOS-F4.1.1.0
2024-09-18 11:46:02,606 [WARN] PackLoader:240 - Cannot read IP mode file for STMicroelectronics.X-CUBE-FREERTOS.1.2.0
2024-09-18 11:46:02,616 [WARN] PackLoader:240 - Cannot read IP mode file for STMicroelectronics.X-CUBE-BLEMGR.1.2.0
2024-09-18 11:46:02,644 [WARN] PackLoader:240 - Cannot read IP mode file for STMicroelectronics.X-CUBE-AZRTOS-L5.2.0.0
2024-09-18 11:46:02,658 [WARN] PackLoader:240 - Cannot read IP mode file for STMicroelectronics.X-CUBE-NFC6.3.1.0
2024-09-18 11:46:02,669 [WARN] PackLoader:240 - Cannot read IP mode file for ITTIA_DB.I-CUBE-ITTIADB.8.8.0
2024-09-18 11:46:02,675 [WARN] PackLoader:240 - Cannot read IP mode file for STMicroelectronics.X-CUBE-DPower.1.2.0
2024-09-18 11:46:02,681 [WARN] PackLoader:240 - Cannot read IP mode file for STMicroelectronics.X-CUBE-NFC4.2.0.4
2024-09-18 11:46:02,688 [WARN] PackLoader:240 - Cannot read IP mode file for STMicroelectronics.X-CUBE-AI.9.0.0
2024-09-18 11:46:02,695 [WARN] PackLoader:240 - Cannot read IP mode file for STMicroelectronics.X-CUBE-SFXS2LP1.3.1.0
2024-09-18 11:46:02,722 [WARN] PackLoader:240 - Cannot read IP mode file for STMicroelectronics.X-CUBE-AZRTOS-F4.1.0.0
2024-09-18 11:46:02,732 [WARN] PackLoader:240 - Cannot read IP mode file for STMicroelectronics.X-CUBE-NFC7.1.0.1
2024-09-18 11:46:02,740 [WARN] PackLoader:240 - Cannot read IP mode file for STMicroelectronics.X-CUBE-NFC7.1.0.0
2024-09-18 11:46:02,745 [WARN] PackLoader:240 - Cannot read IP mode file for wolfSSL.I-CUBE-wolfTPM.3.2.0
2024-09-18 11:46:02,753 [WARN] PackLoader:240 - Cannot read IP mode file for STMicroelectronics.X-CUBE-NFC6.3.0.0
2024-09-18 11:46:02,761 [WARN] PackLoader:240 - Cannot read IP mode file for STMicroelectronics.X-CUBE-AI.8.1.0
2024-09-18 11:46:02,782 [WARN] PackLoader:240 - Cannot read IP mode file for STMicroelectronics.X-CUBE-AZRTOS-G0.1.0.0
2024-09-18 11:46:02,812 [WARN] ConditionMgr:438 - getConditionDescription Invalid condition id : LAN8742 Phy interface Condition cause : null
2024-09-18 11:46:02,814 [WARN] PackLoader:240 - Cannot read IP mode file for STMicroelectronics.X-CUBE-AZRTOS-L4.2.0.0
2024-09-18 11:46:02,817 [WARN] ConditionMgr:1039 - genDependencies : Invalid condition id : LAN8742 Phy interface Condition cause : null
2024-09-18 11:46:02,818 [WARN] ConditionMgr:1039 - genDependencies : Invalid condition id : LAN8742 Phy interface Condition cause : null
2024-09-18 11:46:02,819 [WARN] ConditionMgr:1039 - genDependencies : Invalid condition id : LAN8742 Phy interface Condition cause : null
2024-09-18 11:46:02,828 [WARN] PackLoader:240 - Cannot read IP mode file for STMicroelectronics.X-CUBE-SFXS2LP1.4.0.0
2024-09-18 11:46:02,852 [INFO] WebApp:448 - Apply proxy settings
2024-09-18 11:46:02,853 [INFO] WebApp:533 - Chromium requires no authentication
2024-09-18 11:46:02,862 [WARN] PackLoader:240 - Cannot read IP mode file for STMicroelectronics.X-CUBE-AZRTOS-H7.3.3.0
2024-09-18 11:46:02,875 [INFO] WebApp:476 - Direct internet connection detected
2024-09-18 11:46:02,879 [WARN] PackLoader:240 - Cannot read IP mode file for RoweBots.I-CUBE-UNISONRTOS.5.5.0-4
2024-09-18 11:46:02,899 [WARN] ConditionMgr:438 - getConditionDescription Invalid condition id : UX DEVICE CLASS RTOS Condition cause : null
2024-09-18 11:46:02,899 [WARN] ConditionMgr:438 - getConditionDescription Invalid condition id : UX DEVICE CLASS RTOS Condition cause : null
2024-09-18 11:46:02,902 [WARN] PackLoader:240 - Cannot read IP mode file for STMicroelectronics.X-CUBE-AZRTOS-WB.2.0.0
2024-09-18 11:46:02,903 [WARN] ConditionMgr:1039 - genDependencies : Invalid condition id : UX DEVICE CLASS RTOS Condition cause : null
2024-09-18 11:46:02,903 [WARN] ConditionMgr:1039 - genDependencies : Invalid condition id : UX DEVICE CLASS RTOS Condition cause : null
2024-09-18 11:46:02,904 [WARN] ConditionMgr:1039 - genDependencies : Invalid condition id : UX DEVICE CLASS RTOS Condition cause : null
2024-09-18 11:46:02,904 [WARN] ConditionMgr:1039 - genDependencies : Invalid condition id : UX DEVICE CLASS RTOS Condition cause : null
2024-09-18 11:46:02,904 [WARN] ConditionMgr:1039 - genDependencies : Invalid condition id : UX DEVICE CLASS RTOS Condition cause : null
2024-09-18 11:46:02,912 [WARN] PackLoader:240 - Cannot read IP mode file for STMicroelectronics.X-CUBE-GNSS1.7.0.0
2024-09-18 11:46:02,922 [WARN] PackLoader:240 - Cannot read IP mode file for STMicroelectronics.X-CUBE-BLEMGR.1.0.0
2024-09-18 11:46:02,932 [WARN] PackLoader:240 - Cannot read IP mode file for STMicroelectronics.FP-SNS-STBOX1.2.0.0
2024-09-18 11:46:02,945 [INFO] WebApp:869 - Register for checkConnection events
2024-09-18 11:46:02,945 [INFO] WebApp:448 - Apply proxy settings
2024-09-18 11:46:02,945 [INFO] WebApp:533 - Chromium requires no authentication
2024-09-18 11:46:02,945 [INFO] WebApp:476 - Direct internet connection detected
2024-09-18 11:46:02,951 [WARN] PackLoader:240 - Cannot read IP mode file for STMicroelectronics.X-CUBE-SUBG2.5.0.0
2024-09-18 11:46:03,011 [WARN] PackLoader:240 - Cannot read IP mode file for STMicroelectronics.X-CUBE-AZRTOS-G4.2.0.0
2024-09-18 11:46:03,021 [WARN] PackLoader:240 - Cannot read IP mode file for STMicroelectronics.FP-ATR-ASTRA1.1.1.1
2024-09-18 11:46:03,037 [WARN] PackLoader:240 - Cannot read IP mode file for Infineon.AIROC-Wi-Fi-Bluetooth-STM32.1.5.1
2024-09-18 11:46:03,046 [WARN] PackLoader:240 - Cannot read IP mode file for STMicroelectronics.FP-SNS-MOTENVWB1.1.3.1
2024-09-18 11:46:03,063 [WARN] PackLoader:240 - Cannot read IP mode file for STMicroelectronics.X-CUBE-AZRTOS-G4.1.0.0
2024-09-18 11:46:03,070 [WARN] PackLoader:240 - Cannot read IP mode file for wolfSSL.I-CUBE-wolfSSL.5.3.0
2024-09-18 11:46:03,091 [WARN] PackLoader:240 - Cannot read IP mode file for STMicroelectronics.X-CUBE-AZRTOS-L4.1.0.0
2024-09-18 11:46:03,098 [WARN] PackLoader:240 - Cannot read IP mode file for STMicroelectronics.X-CUBE-ISPU.2.0.0
2024-09-18 11:46:03,105 [WARN] PackLoader:240 - Cannot read IP mode file for STMicroelectronics.X-CUBE-ALS.1.0.2
2024-09-18 11:46:03,158 [WARN] PackLoader:240 - Cannot read IP mode file for STMicroelectronics.X-CUBE-MEMS1.10.0.0
2024-09-18 11:46:03,335 [WARN] PackLoader:240 - Cannot read IP mode file for STMicroelectronics.X-CUBE-FREERTOS.1.1.0
2024-09-18 11:46:03,338 [WARN] PackLoader:240 - Cannot read IP mode file for STMicroelectronics.X-CUBE-TOUCHGFX.4.24.0
2024-09-18 11:46:03,357 [WARN] PackLoader:240 - Cannot read IP mode file for STMicroelectronics.X-CUBE-AZRTOS-F7.1.0.0
2024-09-18 11:46:03,372 [WARN] PackLoader:240 - Cannot read IP mode file for STMicroelectronics.X-CUBE-AZRTOS-WL.1.0.0
2024-09-18 11:46:03,381 [WARN] PackLoader:240 - Cannot read IP mode file for portGmbH.I-Cube-SoM-uGOAL.1.1.0
2024-09-18 11:46:03,386 [WARN] PackLoader:240 - Cannot read IP mode file for STMicroelectronics.X-CUBE-ALS.1.0.1
2024-09-18 11:46:03,405 [WARN] PackLoader:240 - Cannot read IP mode file for STMicroelectronics.X-CUBE-AZRTOS-L5.1.0.0
2024-09-18 11:46:03,414 [WARN] PackLoader:240 - Cannot read IP mode file for STMicroelectronics.X-CUBE-EEPRMA1.3.1.1
2024-09-18 11:46:03,518 [INFO] WebApp:186 - Connection restablished
2024-09-18 11:46:03,530 [WARN] PackLoader:240 - Cannot read IP mode file for STMicroelectronics.X-CUBE-AZRTOS-H7RS.1.0.0
2024-09-18 11:46:03,539 [WARN] PackLoader:240 - Cannot read IP mode file for STMicroelectronics.X-CUBE-GNSS1.5.2.0
2024-09-18 11:46:03,543 [WARN] PackLoader:240 - Cannot read IP mode file for STMicroelectronics.FP-ATR-ASTRA1.2.0.0
2024-09-18 11:46:03,557 [WARN] PackLoader:240 - Cannot read IP mode file for STMicroelectronics.X-CUBE-TOF1.3.4.2
2024-09-18 11:46:03,567 [INFO] WebApp:220 - Starting web application
2024-09-18 11:46:03,567 [INFO] WebApp:578 - Web application path used E:\ST\STM32CubeIDE_1.9.0\STM32CubeIDE\plugins\com.st.stm32cube.common.mx_6.12.0.202406281431\db\plugins\mcufinder\reactClient1\index.html
2024-09-18 11:46:03,586 [WARN] PackLoader:240 - Cannot read IP mode file for STMicroelectronics.X-CUBE-TOF1.3.4.0
2024-09-18 11:46:03,611 [WARN] PackLoader:240 - Cannot read IP mode file for STMicroelectronics.X-CUBE-TOF1.3.4.1
2024-09-18 11:46:03,651 [WARN] PackLoader:240 - Cannot read IP mode file for STMicroelectronics.X-CUBE-AZRTOS-H7.3.2.0
2024-09-18 11:46:03,660 [WARN] PackLoader:240 - Cannot read IP mode file for wolfSSL.I-CUBE-wolfSSH.1.4.17
2024-09-18 11:46:03,661 [INFO] ThirdParty:978 - Integrity check success = true
2024-09-18 11:46:03,661 [INFO] IntegrityCheckThread:100 - exiting critical section [integrity check]
2024-09-18 11:46:03,661 [INFO] IntegrityCheckThread:103 - End integrity checks thread
2024-09-18 11:46:04,542 [INFO] UserAuth:417 - Internet connection configuration mode: 1
2024-09-18 11:47:47,617 [ERROR] LogOutputStream:75 - [STDERR_REDIRECT] 
