2024-09-16 19:23:21,900 [INFO] Activator:176 - 


2024-09-16 19:23:21,906 [INFO] Activator:177 - !SESSION log4j initialized
2024-09-16 19:23:28,525 [INFO] LogOutputStream:77 - [STDOUT_REDIRECT] 
2024-09-16 19:23:31,211 [INFO] ApplicationProperties:184 - Using Application install path: E:\ST\STM32CubeIDE_1.9.0\STM32CubeIDE\plugins\com.st.stm32cube.common.mx_6.12.0.202406281431
2024-09-16 19:23:31,251 [INFO] DbMcusXml:78 - Set database path to: E:\ST\STM32CubeIDE_1.9.0\STM32CubeIDE\plugins\com.st.stm32cube.common.mx_6.12.0.202406281431\\db\/mcu/
2024-09-16 19:23:31,253 [INFO] ApiDb:274 - Set plugin database path to: E:\ST\STM32CubeIDE_1.9.0\STM32CubeIDE\plugins\com.st.stm32cube.common.mx_6.12.0.202406281431\\db\/plugins/boardmanager/
2024-09-16 19:23:31,254 [WARN] ApiDb:259 - Overriding images path with different value:  => E:\ST\STM32CubeIDE_1.9.0\STM32CubeIDE\plugins\com.st.stm32cube.common.mx_6.12.0.202406281431\\db\/plugins/mcufinder/images/
2024-09-16 19:23:31,265 [INFO] ApiDb:250 - Set database path to: C:\Users\gamin\.stmcufinder\plugins\mcufinder//mcu/
2024-09-16 19:23:31,267 [INFO] DbMcusAds:125 - Set database path to: C:\Users\gamin\.stmcufinder\plugins\mcufinder//mcu/
2024-09-16 19:23:31,271 [INFO] CrossReferenceDbSqlite:203 - Set database path to: C:\Users\gamin\.stmcufinder\plugins\mcufinder//mcu/cs/
2024-09-16 19:23:31,529 [INFO] RulesReader:64 - Compatibility file has been processed (297 Rules)
2024-09-16 19:23:31,803 [INFO] DbMcusXml:78 - Set database path to: E:\ST\STM32CubeIDE_1.9.0\STM32CubeIDE\plugins\com.st.stm32cube.common.mx_6.12.0.202406281431\\db\/mcu/
2024-09-16 19:23:31,803 [INFO] ApiDb:274 - Set plugin database path to: E:\ST\STM32CubeIDE_1.9.0\STM32CubeIDE\plugins\com.st.stm32cube.common.mx_6.12.0.202406281431\\db\/plugins/boardmanager/
2024-09-16 19:23:31,803 [INFO] ApiDb:261 - Set plugin images path to: E:\ST\STM32CubeIDE_1.9.0\STM32CubeIDE\plugins\com.st.stm32cube.common.mx_6.12.0.202406281431\\db\/plugins/mcufinder/images/
2024-09-16 19:23:31,804 [WARN] DbFile:41 - Overriding database path with different value: C:\Users\gamin\.stmcufinder\plugins\mcufinder/ => C:\Users\gamin\.stmcufinder\plugins\mcufinder
2024-09-16 19:23:31,804 [INFO] ApiDb:250 - Set database path to: C:\Users\gamin\.stmcufinder\plugins\mcufinder//mcu/
2024-09-16 19:23:31,804 [WARN] DbFile:41 - Overriding database path with different value: C:\Users\gamin\.stmcufinder\plugins\mcufinder/ => C:\Users\gamin\.stmcufinder\plugins\mcufinder
2024-09-16 19:23:31,804 [INFO] DbMcusAds:125 - Set database path to: C:\Users\gamin\.stmcufinder\plugins\mcufinder//mcu/
2024-09-16 19:23:31,804 [WARN] DbFile:41 - Overriding database path with different value: C:\Users\gamin\.stmcufinder\plugins\mcufinder/ => C:\Users\gamin\.stmcufinder\plugins\mcufinder
2024-09-16 19:23:31,804 [WARN] DbFile:41 - Overriding database path with different value: C:\Users\gamin\.stmcufinder\plugins\mcufinder/ => C:\Users\gamin\.stmcufinder\plugins\mcufinder
2024-09-16 19:23:31,805 [INFO] CrossReferenceDbSqlite:203 - Set database path to: C:\Users\gamin\.stmcufinder\plugins\mcufinder//mcu/cs/
2024-09-16 19:23:32,011 [INFO] MainPanel:268 - HeapMemory: 268435456
2024-09-16 19:23:32,221 [INFO] DbMcusXml:78 - Set database path to: E:\ST\STM32CubeIDE_1.9.0\STM32CubeIDE\plugins\com.st.stm32cube.common.mx_6.12.0.202406281431\\db\/mcu/
2024-09-16 19:23:32,221 [INFO] ApiDb:274 - Set plugin database path to: E:\ST\STM32CubeIDE_1.9.0\STM32CubeIDE\plugins\com.st.stm32cube.common.mx_6.12.0.202406281431\\db\/plugins/boardmanager/
2024-09-16 19:23:32,221 [INFO] ApiDb:261 - Set plugin images path to: E:\ST\STM32CubeIDE_1.9.0\STM32CubeIDE\plugins\com.st.stm32cube.common.mx_6.12.0.202406281431\\db\/plugins/mcufinder/images/
2024-09-16 19:23:32,221 [WARN] DbFile:41 - Overriding database path with different value: C:\Users\gamin\.stmcufinder\plugins\mcufinder/ => C:\Users\gamin\.stmcufinder\plugins\mcufinder
2024-09-16 19:23:32,221 [INFO] ApiDb:250 - Set database path to: C:\Users\gamin\.stmcufinder\plugins\mcufinder//mcu/
2024-09-16 19:23:32,222 [WARN] DbFile:41 - Overriding database path with different value: C:\Users\gamin\.stmcufinder\plugins\mcufinder/ => C:\Users\gamin\.stmcufinder\plugins\mcufinder
2024-09-16 19:23:32,222 [INFO] DbMcusAds:125 - Set database path to: C:\Users\gamin\.stmcufinder\plugins\mcufinder//mcu/
2024-09-16 19:23:32,222 [WARN] DbFile:41 - Overriding database path with different value: C:\Users\gamin\.stmcufinder\plugins\mcufinder/ => C:\Users\gamin\.stmcufinder\plugins\mcufinder
2024-09-16 19:23:32,222 [WARN] DbFile:41 - Overriding database path with different value: C:\Users\gamin\.stmcufinder\plugins\mcufinder/ => C:\Users\gamin\.stmcufinder\plugins\mcufinder
2024-09-16 19:23:32,223 [INFO] CrossReferenceDbSqlite:203 - Set database path to: C:\Users\gamin\.stmcufinder\plugins\mcufinder//mcu/cs/
2024-09-16 19:23:32,260 [INFO] ApplicationProperties:184 - Using Application install path: E:\ST\STM32CubeIDE_1.9.0\STM32CubeIDE\plugins\com.st.stm32cube.common.mx_6.12.0.202406281431
2024-09-16 19:23:32,263 [INFO] PluginManage:196 - Search for loadable plugins [exclusion list=, ]
2024-09-16 19:23:32,265 [INFO] PluginManage:310 - Check plugin analytics
2024-09-16 19:23:32,542 [INFO] AnalyticsPlugin:253 - Accepted Software Licenses: STM32CubeMX.6.10.0,STM32CubeMX.6.12.0
2024-09-16 19:23:32,542 [INFO] AnalyticsPlugin:255 - Accepted CMSIS Pack Licenses: 
2024-09-16 19:23:32,542 [INFO] AnalyticsPlugin:257 - Accepted Firmware Licenses: FW.F4.1.28.0,FW.L4.1.18.0,FW.H7.1.11.0,FW.H7.1.10.0
2024-09-16 19:23:32,546 [INFO] PluginManage:359 - Loaded plugin analytics (category:tool,tabindex:-1)
2024-09-16 19:23:32,547 [INFO] PluginManage:310 - Check plugin cadmodel
2024-09-16 19:23:32,553 [INFO] CADModel:105 - Init CAD model plugin
2024-09-16 19:23:32,553 [INFO] PluginManage:359 - Loaded plugin cadmodel (category:power,tabindex:5)
2024-09-16 19:23:32,553 [INFO] PluginManage:310 - Check plugin clock
2024-09-16 19:23:32,566 [INFO] PluginManage:359 - Loaded plugin clock (category:base,tabindex:2)
2024-09-16 19:23:32,566 [INFO] PluginManage:310 - Check plugin ddr
2024-09-16 19:23:32,569 [INFO] PluginManage:359 - Loaded plugin ddr (category:tool,tabindex:6)
2024-09-16 19:23:32,570 [INFO] PluginManage:310 - Check plugin filemanager
2024-09-16 19:23:32,806 [INFO] PluginManage:359 - Loaded plugin filemanager (category:base,tabindex:10)
2024-09-16 19:23:32,806 [INFO] PluginManage:310 - Check plugin ipmanager
2024-09-16 19:23:32,818 [INFO] PluginManage:359 - Loaded plugin ipmanager (category:base,tabindex:5)
2024-09-16 19:23:32,819 [INFO] PluginManage:310 - Check plugin lpbam
2024-09-16 19:23:32,833 [INFO] PluginManage:359 - Loaded plugin lpbam (category:base,tabindex:0)
2024-09-16 19:23:32,833 [INFO] PluginManage:310 - Check plugin memorymap
2024-09-16 19:23:32,851 [INFO] PluginManage:359 - Loaded plugin memorymap (category:base,tabindex:4)
2024-09-16 19:23:32,851 [INFO] PluginManage:310 - Check plugin pinoutandconfiguration
2024-09-16 19:23:32,865 [INFO] PluginManage:359 - Loaded plugin pinoutandconfiguration (category:base,tabindex:1)
2024-09-16 19:23:32,865 [INFO] PluginManage:310 - Check plugin pinoutconfig
2024-09-16 19:23:33,052 [WARN] SupportedApi:132 - Cannot load RTOS API schema: s4s-elt-must-match.1: The content of 'definitions' must match (annotation?, (simpleType | complexType)?, (unique | key | keyref)*)). A problem was found starting at: attribute.
2024-09-16 19:23:33,439 [INFO] PluginManage:359 - Loaded plugin pinoutconfig (category:base,tabindex:0)
2024-09-16 19:23:33,439 [INFO] PluginManage:310 - Check plugin power
2024-09-16 19:23:33,463 [INFO] PluginManage:359 - Loaded plugin power (category:power,tabindex:4)
2024-09-16 19:23:33,463 [INFO] PluginManage:310 - Check plugin projectmanager
2024-09-16 19:23:33,503 [INFO] PluginManage:359 - Loaded plugin projectmanager (category:projectmanager,tabindex:4)
2024-09-16 19:23:33,503 [INFO] PluginManage:310 - Check plugin rif
2024-09-16 19:23:33,521 [INFO] PluginManage:359 - Loaded plugin rif (category:base,tabindex:3)
2024-09-16 19:23:33,521 [INFO] PluginManage:310 - Check plugin thirdparty
2024-09-16 19:23:33,777 [WARN] IntegrityCheckThread:84 - waiting for thirdparty lock release [integrity check]
2024-09-16 19:23:33,777 [INFO] IntegrityCheckThread:86 - entering critical section [integrity check]
2024-09-16 19:23:33,777 [INFO] PluginManage:359 - Loaded plugin thirdparty (category:base,tabindex:-1)
2024-09-16 19:23:33,777 [INFO] PluginManage:310 - Check plugin tools
2024-09-16 19:23:33,779 [INFO] ThirdPartyUpdaterWithRetryManager:70 - Updater plugin not ready yet. [1/15]
2024-09-16 19:23:33,782 [INFO] PluginManage:359 - Loaded plugin tools (category:base,tabindex:7)
2024-09-16 19:23:33,783 [INFO] PluginManage:310 - Check plugin tutovideos
2024-09-16 19:23:34,228 [INFO] PluginManage:359 - Loaded plugin tutovideos (category:base,tabindex:-1)
2024-09-16 19:23:34,229 [INFO] PluginManage:310 - Check plugin updater
2024-09-16 19:23:34,257 [INFO] PluginManage:359 - Loaded plugin updater (category:base,tabindex:12)
2024-09-16 19:23:34,257 [INFO] PluginManage:310 - Check plugin userauth
2024-09-16 19:23:34,265 [INFO] UserAuth:113 - Init User Auth plugin
2024-09-16 19:23:34,266 [INFO] PluginManage:359 - Loaded plugin userauth (category:base,tabindex:14)
2024-09-16 19:23:34,266 [INFO] PluginManage:283 - PluginManage : Loaded plugins [18]
2024-09-16 19:23:34,557 [INFO] PinOutPanel:1561 - setPackage(No Configuration,No Configuration)
2024-09-16 19:23:34,690 [INFO] CADModel:165 - CPN selected for project level
2024-09-16 19:23:34,691 [INFO] CADModel:114 - Register for checkConnection events
2024-09-16 19:23:34,722 [INFO] IPUIPlugin:80 - create IPUIPlugin
2024-09-16 19:23:34,722 [INFO] PluginManager:220 - loadIPPluginJar : add adc
2024-09-16 19:23:34,726 [INFO] IPUIPlugin:80 - create IPUIPlugin
2024-09-16 19:23:34,726 [INFO] PluginManager:220 - loadIPPluginJar : add aes
2024-09-16 19:23:34,733 [INFO] IPUIPlugin:80 - create IPUIPlugin
2024-09-16 19:23:34,733 [INFO] PluginManager:220 - loadIPPluginJar : add can
2024-09-16 19:23:34,761 [INFO] IPUIPlugin:80 - create IPUIPlugin
2024-09-16 19:23:34,761 [INFO] PluginManager:220 - loadIPPluginJar : add comp
2024-09-16 19:23:34,766 [INFO] IPUIPlugin:80 - create IPUIPlugin
2024-09-16 19:23:34,766 [INFO] PluginManager:220 - loadIPPluginJar : add cryp
2024-09-16 19:23:34,770 [INFO] IPUIPlugin:80 - create IPUIPlugin
2024-09-16 19:23:34,770 [INFO] PluginManager:220 - loadIPPluginJar : add ddr_ctrl_phy
2024-09-16 19:23:34,774 [INFO] IPUIPlugin:80 - create IPUIPlugin
2024-09-16 19:23:34,774 [INFO] PluginManager:220 - loadIPPluginJar : add dfsdm
2024-09-16 19:23:34,784 [INFO] IPUIPlugin:80 - create IPUIPlugin
2024-09-16 19:23:34,785 [INFO] PluginManager:220 - loadIPPluginJar : add dma
2024-09-16 19:23:34,790 [INFO] IPUIPlugin:80 - create IPUIPlugin
2024-09-16 19:23:34,791 [INFO] PluginManager:220 - loadIPPluginJar : add dma3
2024-09-16 19:23:34,797 [INFO] IPUIPlugin:80 - create IPUIPlugin
2024-09-16 19:23:34,798 [INFO] PluginManager:220 - loadIPPluginJar : add extmemmanager
2024-09-16 19:23:34,800 [INFO] IPUIPlugin:80 - create IPUIPlugin
2024-09-16 19:23:34,800 [INFO] PluginManager:220 - loadIPPluginJar : add fatfs
2024-09-16 19:23:34,815 [INFO] IPUIPlugin:80 - create IPUIPlugin
2024-09-16 19:23:34,815 [INFO] PluginManager:220 - loadIPPluginJar : add fmc
2024-09-16 19:23:34,821 [INFO] IPUIPlugin:80 - create IPUIPlugin
2024-09-16 19:23:34,822 [INFO] PluginManager:220 - loadIPPluginJar : add freertos
2024-09-16 19:23:34,823 [INFO] IPUIPlugin:80 - create IPUIPlugin
2024-09-16 19:23:34,824 [INFO] PluginManager:220 - loadIPPluginJar : add genericplugin
2024-09-16 19:23:34,826 [INFO] IPUIPlugin:80 - create IPUIPlugin
2024-09-16 19:23:34,826 [INFO] PluginManager:220 - loadIPPluginJar : add gfxmmu
2024-09-16 19:23:34,831 [INFO] IPUIPlugin:80 - create IPUIPlugin
2024-09-16 19:23:34,831 [INFO] PluginManager:220 - loadIPPluginJar : add gic
2024-09-16 19:23:34,836 [INFO] IPUIPlugin:80 - create IPUIPlugin
2024-09-16 19:23:34,836 [INFO] PluginManager:220 - loadIPPluginJar : add gpio
2024-09-16 19:23:34,840 [INFO] IPUIPlugin:80 - create IPUIPlugin
2024-09-16 19:23:34,840 [INFO] PluginManager:220 - loadIPPluginJar : add gtzc
2024-09-16 19:23:34,843 [INFO] IPUIPlugin:80 - create IPUIPlugin
2024-09-16 19:23:34,843 [INFO] PluginManager:220 - loadIPPluginJar : add hash
2024-09-16 19:23:34,847 [INFO] IPUIPlugin:80 - create IPUIPlugin
2024-09-16 19:23:34,847 [INFO] PluginManager:220 - loadIPPluginJar : add i2c
2024-09-16 19:23:34,850 [INFO] IPUIPlugin:80 - create IPUIPlugin
2024-09-16 19:23:34,850 [INFO] PluginManager:220 - loadIPPluginJar : add i2s
2024-09-16 19:23:34,853 [INFO] IPUIPlugin:80 - create IPUIPlugin
2024-09-16 19:23:34,853 [INFO] PluginManager:220 - loadIPPluginJar : add i3c
2024-09-16 19:23:34,856 [INFO] IPUIPlugin:80 - create IPUIPlugin
2024-09-16 19:23:34,857 [INFO] PluginManager:220 - loadIPPluginJar : add ipddr
2024-09-16 19:23:34,861 [INFO] IPUIPlugin:80 - create IPUIPlugin
2024-09-16 19:23:34,862 [INFO] PluginManager:220 - loadIPPluginJar : add linkedlist
2024-09-16 19:23:34,865 [INFO] IPUIPlugin:80 - create IPUIPlugin
2024-09-16 19:23:34,865 [INFO] PluginManager:220 - loadIPPluginJar : add lorawan
2024-09-16 19:23:34,866 [INFO] IPUIPlugin:80 - create IPUIPlugin
2024-09-16 19:23:34,867 [INFO] PluginManager:220 - loadIPPluginJar : add ltdc
2024-09-16 19:23:34,872 [INFO] IPUIPlugin:80 - create IPUIPlugin
2024-09-16 19:23:34,872 [INFO] PluginManager:220 - loadIPPluginJar : add mdma
2024-09-16 19:23:34,875 [INFO] IPUIPlugin:80 - create IPUIPlugin
2024-09-16 19:23:34,875 [INFO] PluginManager:220 - loadIPPluginJar : add nvic
2024-09-16 19:23:34,877 [INFO] IPUIPlugin:80 - create IPUIPlugin
2024-09-16 19:23:34,877 [INFO] PluginManager:220 - loadIPPluginJar : add opamp
2024-09-16 19:23:34,882 [INFO] IPUIPlugin:80 - create IPUIPlugin
2024-09-16 19:23:34,882 [INFO] PluginManager:220 - loadIPPluginJar : add openamp
2024-09-16 19:23:34,886 [INFO] IPUIPlugin:80 - create IPUIPlugin
2024-09-16 19:23:34,886 [INFO] PluginManager:220 - loadIPPluginJar : add pdm2pcm
2024-09-16 19:23:34,891 [INFO] IPUIPlugin:80 - create IPUIPlugin
2024-09-16 19:23:34,893 [INFO] PluginManager:220 - loadIPPluginJar : add plateformsettings
2024-09-16 19:23:34,895 [INFO] IPUIPlugin:80 - create IPUIPlugin
2024-09-16 19:23:34,895 [INFO] PluginManager:220 - loadIPPluginJar : add quadspi
2024-09-16 19:23:34,898 [INFO] IPUIPlugin:80 - create IPUIPlugin
2024-09-16 19:23:34,899 [INFO] PluginManager:220 - loadIPPluginJar : add radio
2024-09-16 19:23:34,903 [INFO] IPUIPlugin:80 - create IPUIPlugin
2024-09-16 19:23:34,903 [INFO] PluginManager:220 - loadIPPluginJar : add resmgrutility
2024-09-16 19:23:34,906 [INFO] IPUIPlugin:80 - create IPUIPlugin
2024-09-16 19:23:34,906 [INFO] PluginManager:220 - loadIPPluginJar : add sai
2024-09-16 19:23:34,908 [INFO] IPUIPlugin:80 - create IPUIPlugin
2024-09-16 19:23:34,908 [INFO] PluginManager:220 - loadIPPluginJar : add spi
2024-09-16 19:23:34,912 [INFO] IPUIPlugin:80 - create IPUIPlugin
2024-09-16 19:23:34,912 [INFO] PluginManager:220 - loadIPPluginJar : add stm32_wpan
2024-09-16 19:23:34,914 [INFO] IPUIPlugin:80 - create IPUIPlugin
2024-09-16 19:23:34,914 [INFO] PluginManager:220 - loadIPPluginJar : add tim
2024-09-16 19:23:34,916 [INFO] IPUIPlugin:80 - create IPUIPlugin
2024-09-16 19:23:34,917 [INFO] PluginManager:220 - loadIPPluginJar : add touchsensing
2024-09-16 19:23:34,918 [INFO] IPUIPlugin:80 - create IPUIPlugin
2024-09-16 19:23:34,918 [INFO] PluginManager:220 - loadIPPluginJar : add tracer_emb
2024-09-16 19:23:34,919 [INFO] IPUIPlugin:80 - create IPUIPlugin
2024-09-16 19:23:34,919 [INFO] PluginManager:220 - loadIPPluginJar : add ts
2024-09-16 19:23:34,920 [INFO] IPUIPlugin:80 - create IPUIPlugin
2024-09-16 19:23:34,920 [INFO] PluginManager:220 - loadIPPluginJar : add tsc
2024-09-16 19:23:34,921 [INFO] IPUIPlugin:80 - create IPUIPlugin
2024-09-16 19:23:34,921 [INFO] PluginManager:220 - loadIPPluginJar : add ucpd
2024-09-16 19:23:34,923 [INFO] IPUIPlugin:80 - create IPUIPlugin
2024-09-16 19:23:34,923 [INFO] PluginManager:220 - loadIPPluginJar : add usart
2024-09-16 19:23:34,925 [INFO] IPUIPlugin:80 - create IPUIPlugin
2024-09-16 19:23:34,925 [INFO] PluginManager:220 - loadIPPluginJar : add usbx
2024-09-16 19:23:35,064 [INFO] CADModel:165 - CPN selected for project level
2024-09-16 19:23:35,065 [INFO] CADModel:114 - Register for checkConnection events
2024-09-16 19:23:35,065 [FATAL] Updater:334 - Updater called before beeing initialized
2024-09-16 19:23:35,065 [ERROR] CADModel:125 - Updater not yet initialized, retry later 
2024-09-16 19:23:35,449 [INFO] CADModel:165 - CPN selected for project level
2024-09-16 19:23:35,449 [INFO] CADModel:114 - Register for checkConnection events
2024-09-16 19:23:35,449 [FATAL] Updater:334 - Updater called before beeing initialized
2024-09-16 19:23:35,449 [ERROR] CADModel:125 - Updater not yet initialized, retry later 
2024-09-16 19:23:35,454 [FATAL] Updater:334 - Updater called before beeing initialized
2024-09-16 19:23:35,621 [FATAL] Updater:334 - Updater called before beeing initialized
2024-09-16 19:23:35,632 [INFO] DbMcusAds:53 - JSON generation date=Thu May 16 12:22:00 EEST 2024 (1715851320667)
2024-09-16 19:23:35,632 [FATAL] Updater:334 - Updater called before beeing initialized
2024-09-16 19:23:35,694 [WARN] DetailPanel:346 - Failed to get advertising image, set to default
2024-09-16 19:23:36,034 [FATAL] Updater:334 - Updater called before beeing initialized
2024-09-16 19:23:36,042 [FATAL] Updater:334 - Updater called before beeing initialized
2024-09-16 19:23:36,043 [FATAL] Updater:334 - Updater called before beeing initialized
2024-09-16 19:23:36,043 [WARN] DetailPanel:346 - Failed to get advertising image, set to default
2024-09-16 19:23:36,044 [FATAL] Updater:334 - Updater called before beeing initialized
2024-09-16 19:23:36,133 [ERROR] Updater:1164 - MainUpdater not yet initialized. External WinMGr cannot be set.
2024-09-16 19:23:36,136 [INFO] Updater:1100 - Updater Version found : 6.12.0
2024-09-16 19:23:36,163 [INFO] ApplicationProperties:184 - Using Application install path: E:\ST\STM32CubeIDE_1.9.0\STM32CubeIDE\plugins\com.st.stm32cube.common.mx_6.12.0.202406281431
2024-09-16 19:23:36,739 [INFO] MainUpdater:2873 - connection check result : 10
2024-09-16 19:23:36,740 [INFO] MainUpdater:290 - Updater Check For Update Now.
2024-09-16 19:23:36,740 [INFO] MicroXplorer:498 - Change Database Version : DB.6.0.120
2024-09-16 19:23:36,753 [INFO] McuFinderGlobals:63 - Set McuFinder mode to 2 (CubeIDE integrated)
2024-09-16 19:23:36,753 [INFO] UserAuth:417 - Internet connection configuration mode: 1
2024-09-16 19:23:36,780 [WARN] MainUpdater:1194 - Updater busy. Cannot search thirdparties
2024-09-16 19:23:36,780 [INFO] ThirdPartyUpdaterWithRetryManager:96 - Updater plugin is busy. [1/15]
2024-09-16 19:23:36,785 [INFO] JxBrowserEngine:152 - Initiate JxBrowser Engine with user profile folder
2024-09-16 19:23:36,983 [INFO] CheckServerUpdateThread:120 - End of CheckServer Thread
2024-09-16 19:23:38,001 [INFO] WebApp:167 - Instantiating new browser for Auth
2024-09-16 19:23:40,333 [WARN] PackLoader:240 - Cannot read IP mode file for STMicroelectronics.FP-SNS-MOTENVWB1.1.4.0
2024-09-16 19:23:40,408 [WARN] PackLoader:240 - Cannot read IP mode file for STMicroelectronics.X-CUBE-SMBUS.2.1.0
2024-09-16 19:23:40,418 [WARN] PackLoader:240 - Cannot read IP mode file for STMicroelectronics.X-CUBE-TOUCHGFX.4.23.1
2024-09-16 19:23:40,424 [WARN] PackLoader:240 - Cannot read IP mode file for STMicroelectronics.X-CUBE-TOUCHGFX.4.23.0
2024-09-16 19:23:40,574 [WARN] PackLoader:240 - Cannot read IP mode file for STMicroelectronics.X-CUBE-MEMS1.9.2.0
2024-09-16 19:23:40,708 [INFO] WebApp:448 - Apply proxy settings
2024-09-16 19:23:40,709 [INFO] WebApp:533 - Chromium requires no authentication
2024-09-16 19:23:40,759 [INFO] WebApp:476 - Direct internet connection detected
2024-09-16 19:23:40,978 [WARN] PackLoader:240 - Cannot read IP mode file for STMicroelectronics.X-CUBE-TOUCHGFX.4.23.2
2024-09-16 19:23:41,006 [INFO] WebApp:869 - Register for checkConnection events
2024-09-16 19:23:41,006 [INFO] WebApp:448 - Apply proxy settings
2024-09-16 19:23:41,007 [INFO] WebApp:533 - Chromium requires no authentication
2024-09-16 19:23:41,010 [INFO] WebApp:476 - Direct internet connection detected
2024-09-16 19:23:41,014 [WARN] PackLoader:240 - Cannot read IP mode file for STMicroelectronics.X-CUBE-AZRTOS-F7.1.1.0
2024-09-16 19:23:41,033 [WARN] PackLoader:240 - Cannot read IP mode file for STMicroelectronics.X-CUBE-AI.7.1.0
2024-09-16 19:23:41,038 [WARN] PackLoader:240 - Cannot read IP mode file for STMicroelectronics.X-CUBE-TOUCHGFX.4.19.1
2024-09-16 19:23:41,046 [WARN] PackLoader:240 - Cannot read IP mode file for STMicroelectronics.FP-SNS-MOTENV1.4.3.2
2024-09-16 19:23:41,056 [WARN] PackLoader:240 - Cannot read IP mode file for STMicroelectronics.X-CUBE-BLE1.6.2.3
2024-09-16 19:23:41,133 [WARN] PackLoader:240 - Cannot read IP mode file for STMicroelectronics.X-CUBE-MEMS1.11.0.0
2024-09-16 19:23:41,260 [INFO] WebApp:186 - Connection restablished
2024-09-16 19:23:41,547 [WARN] PackLoader:240 - Cannot read IP mode file for STMicroelectronics.FP-SNS-FLIGHT1.5.0.2
2024-09-16 19:23:41,554 [WARN] PackLoader:240 - Cannot read IP mode file for STMicroelectronics.X-CUBE-BLE2.3.2.2
2024-09-16 19:23:41,569 [WARN] PackLoader:240 - Cannot read IP mode file for STMicroelectronics.X-CUBE-TOF1.3.1.0
2024-09-16 19:23:41,584 [WARN] PackLoader:240 - Cannot read IP mode file for STMicroelectronics.X-CUBE-DISPLAY.3.0.0
2024-09-16 19:23:41,595 [WARN] PackLoader:240 - Cannot read IP mode file for STMicroelectronics.X-CUBE-BLE1.7.0.0
2024-09-16 19:23:41,654 [WARN] PackLoader:240 - Cannot read IP mode file for STMicroelectronics.X-CUBE-MEMS1.9.3.0
2024-09-16 19:23:41,861 [WARN] PackLoader:240 - Cannot read IP mode file for STMicroelectronics.X-CUBE-AI.7.2.0
2024-09-16 19:23:41,873 [WARN] PackLoader:240 - Cannot read IP mode file for STMicroelectronics.X-CUBE-BLEMGR.3.1.0
2024-09-16 19:23:41,888 [WARN] PackLoader:240 - Cannot read IP mode file for STMicroelectronics.FP-SNS-SMARTAG2.1.2.0
2024-09-16 19:23:41,903 [INFO] LogOutputStream:77 - [STDOUT_REDIRECT] 1 : Invalid condition id : UX_CORESTACK_Condition cause : null
2024-09-16 19:23:41,904 [INFO] LogOutputStream:77 - [STDOUT_REDIRECT] 1 : Invalid condition id : UX_CORESTACK_Condition cause : null
2024-09-16 19:23:41,907 [INFO] LogOutputStream:77 - [STDOUT_REDIRECT] 1 : Invalid condition id : UX_CORESTACK_Condition cause : null
2024-09-16 19:23:41,909 [INFO] LogOutputStream:77 - [STDOUT_REDIRECT] 1 : Invalid condition id : UX_CORESTACK_Condition cause : null
2024-09-16 19:23:41,912 [INFO] LogOutputStream:77 - [STDOUT_REDIRECT] 1 : Invalid condition id : UX_CORESTACK_Condition cause : null
2024-09-16 19:23:41,917 [WARN] PackLoader:240 - Cannot read IP mode file for STMicroelectronics.X-CUBE-AZRTOS-WL.2.0.0
2024-09-16 19:23:41,923 [WARN] PackLoader:240 - Cannot read IP mode file for STMicroelectronics.FP-SNS-MOTENV1.5.0.0
2024-09-16 19:23:41,931 [WARN] PackLoader:240 - Cannot read IP mode file for wolfSSL.I-CUBE-wolfMQTT.1.19.0
2024-09-16 19:23:41,945 [WARN] PackLoader:240 - Cannot read IP mode file for WES.I-CUBE-Cesium.1.3.0
2024-09-16 19:23:41,950 [WARN] PackLoader:240 - Cannot read IP mode file for STMicroelectronics.X-CUBE-BLE2.3.3.0
2024-09-16 19:23:41,957 [WARN] PackLoader:240 - Cannot read IP mode file for STMicroelectronics.X-CUBE-DISPLAY.2.2.0
2024-09-16 19:23:41,966 [WARN] PackLoader:240 - Cannot read IP mode file for STMicroelectronics.X-CUBE-ISPU.1.0.0
2024-09-16 19:23:41,994 [WARN] PackLoader:240 - Cannot read IP mode file for STMicroelectronics.X-CUBE-AZRTOS-H7.2.1.0
2024-09-16 19:23:42,006 [WARN] PackLoader:240 - Cannot read IP mode file for STMicroelectronics.X-CUBE-TCPP.4.1.0
2024-09-16 19:23:42,016 [WARN] PackLoader:240 - Cannot read IP mode file for STMicroelectronics.X-CUBE-ALGOBUILD.1.3.0
2024-09-16 19:23:42,041 [WARN] PackLoader:240 - Cannot read IP mode file for STMicroelectronics.X-CUBE-AZRTOS-G0.1.1.0
2024-09-16 19:23:42,054 [WARN] PackLoader:240 - Cannot read IP mode file for STMicroelectronics.X-CUBE-SAFEA1.1.2.2
2024-09-16 19:23:42,062 [WARN] PackLoader:240 - Cannot read IP mode file for STMicroelectronics.X-CUBE-NFC4.3.0.0
2024-09-16 19:23:42,116 [WARN] PackLoader:240 - Cannot read IP mode file for SEGGER.I-CUBE-embOS.1.2.0
2024-09-16 19:23:42,173 [WARN] PackLoader:240 - Cannot read IP mode file for wolfSSL.I-CUBE-wolfMQTT.1.18.0
2024-09-16 19:23:42,185 [WARN] PackLoader:240 - Cannot read IP mode file for EmbeddedOffice.I-CUBE-FS-RTOS.1.0.1
2024-09-16 19:23:42,185 [ERROR] ConditionMgr:805 - Attr not supported : Dmpu
2024-09-16 19:23:42,185 [ERROR] ConditionMgr:805 - Attr not supported : Dmpu
2024-09-16 19:23:42,186 [ERROR] ConditionMgr:805 - Attr not supported : Dmpu
2024-09-16 19:23:42,186 [ERROR] ConditionMgr:805 - Attr not supported : Dmpu
2024-09-16 19:23:42,186 [ERROR] ConditionMgr:805 - Attr not supported : Dmpu
2024-09-16 19:23:42,186 [ERROR] ConditionMgr:805 - Attr not supported : Dmpu
2024-09-16 19:23:42,186 [ERROR] ConditionMgr:805 - Attr not supported : Dmpu
2024-09-16 19:23:42,186 [ERROR] ConditionMgr:805 - Attr not supported : Dmpu
2024-09-16 19:23:42,186 [ERROR] ConditionMgr:805 - Attr not supported : Dmpu
2024-09-16 19:23:42,186 [ERROR] ConditionMgr:805 - Attr not supported : Dmpu
2024-09-16 19:23:42,186 [ERROR] ConditionMgr:805 - Attr not supported : Dmpu
2024-09-16 19:23:42,186 [ERROR] ConditionMgr:805 - Attr not supported : Dmpu
2024-09-16 19:23:42,186 [ERROR] ConditionMgr:805 - Attr not supported : Dmpu
2024-09-16 19:23:42,187 [ERROR] ConditionMgr:805 - Attr not supported : Dmpu
2024-09-16 19:23:42,187 [ERROR] ConditionMgr:805 - Attr not supported : Dmpu
2024-09-16 19:23:42,187 [ERROR] ConditionMgr:805 - Attr not supported : Dmpu
2024-09-16 19:23:42,187 [ERROR] ConditionMgr:805 - Attr not supported : Dmpu
2024-09-16 19:23:42,187 [ERROR] ConditionMgr:805 - Attr not supported : Dmpu
2024-09-16 19:23:42,188 [ERROR] ConditionMgr:805 - Attr not supported : Dmpu
2024-09-16 19:23:42,188 [ERROR] ConditionMgr:805 - Attr not supported : Dmpu
2024-09-16 19:23:42,188 [ERROR] ConditionMgr:805 - Attr not supported : Dmpu
2024-09-16 19:23:42,188 [ERROR] ConditionMgr:805 - Attr not supported : Dmpu
2024-09-16 19:23:42,188 [ERROR] ConditionMgr:805 - Attr not supported : Dmpu
2024-09-16 19:23:42,188 [ERROR] ConditionMgr:805 - Attr not supported : Dmpu
2024-09-16 19:23:42,188 [ERROR] ConditionMgr:805 - Attr not supported : Dmpu
2024-09-16 19:23:42,188 [ERROR] ConditionMgr:805 - Attr not supported : Dmpu
2024-09-16 19:23:42,189 [ERROR] ConditionMgr:805 - Attr not supported : Dmpu
2024-09-16 19:23:42,189 [ERROR] ConditionMgr:805 - Attr not supported : Dmpu
2024-09-16 19:23:42,189 [ERROR] ConditionMgr:805 - Attr not supported : Dmpu
2024-09-16 19:23:42,189 [ERROR] ConditionMgr:805 - Attr not supported : Dmpu
2024-09-16 19:23:42,189 [ERROR] ConditionMgr:805 - Attr not supported : Dmpu
2024-09-16 19:23:42,189 [ERROR] ConditionMgr:805 - Attr not supported : Dmpu
2024-09-16 19:23:42,189 [ERROR] ConditionMgr:805 - Attr not supported : Dmpu
2024-09-16 19:23:42,189 [ERROR] ConditionMgr:805 - Attr not supported : Dmpu
2024-09-16 19:23:42,189 [ERROR] ConditionMgr:805 - Attr not supported : Dmpu
2024-09-16 19:23:42,189 [ERROR] ConditionMgr:805 - Attr not supported : Dmpu
2024-09-16 19:23:42,189 [ERROR] ConditionMgr:805 - Attr not supported : Dmpu
2024-09-16 19:23:42,190 [ERROR] ConditionMgr:805 - Attr not supported : Dmpu
2024-09-16 19:23:42,190 [ERROR] ConditionMgr:805 - Attr not supported : Dmpu
2024-09-16 19:23:42,190 [ERROR] ConditionMgr:805 - Attr not supported : Dmpu
2024-09-16 19:23:42,190 [ERROR] ConditionMgr:805 - Attr not supported : Dmpu
2024-09-16 19:23:42,190 [ERROR] ConditionMgr:805 - Attr not supported : Dmpu
2024-09-16 19:23:42,190 [ERROR] ConditionMgr:805 - Attr not supported : Dmpu
2024-09-16 19:23:42,190 [ERROR] ConditionMgr:805 - Attr not supported : Dmpu
2024-09-16 19:23:42,190 [ERROR] ConditionMgr:805 - Attr not supported : Dmpu
2024-09-16 19:23:42,191 [ERROR] ConditionMgr:805 - Attr not supported : Dmpu
2024-09-16 19:23:42,191 [ERROR] ConditionMgr:805 - Attr not supported : Dmpu
2024-09-16 19:23:42,191 [ERROR] ConditionMgr:805 - Attr not supported : Dmpu
2024-09-16 19:23:42,191 [ERROR] ConditionMgr:805 - Attr not supported : Dmpu
2024-09-16 19:23:42,191 [ERROR] ConditionMgr:805 - Attr not supported : Dmpu
2024-09-16 19:23:42,191 [ERROR] ConditionMgr:805 - Attr not supported : Dmpu
2024-09-16 19:23:42,191 [ERROR] ConditionMgr:805 - Attr not supported : Dmpu
2024-09-16 19:23:42,191 [ERROR] ConditionMgr:805 - Attr not supported : Dmpu
2024-09-16 19:23:42,191 [ERROR] ConditionMgr:805 - Attr not supported : Dmpu
2024-09-16 19:23:42,192 [ERROR] ConditionMgr:805 - Attr not supported : Dmpu
2024-09-16 19:23:42,192 [ERROR] ConditionMgr:805 - Attr not supported : Dmpu
2024-09-16 19:23:42,192 [ERROR] ConditionMgr:805 - Attr not supported : Dmpu
2024-09-16 19:23:42,192 [ERROR] ConditionMgr:805 - Attr not supported : Dmpu
2024-09-16 19:23:42,192 [ERROR] ConditionMgr:805 - Attr not supported : Dmpu
2024-09-16 19:23:42,192 [ERROR] ConditionMgr:805 - Attr not supported : Dmpu
2024-09-16 19:23:42,192 [ERROR] ConditionMgr:805 - Attr not supported : Dmpu
2024-09-16 19:23:42,192 [ERROR] ConditionMgr:805 - Attr not supported : Dmpu
2024-09-16 19:23:42,193 [ERROR] ConditionMgr:805 - Attr not supported : Dmpu
2024-09-16 19:23:42,193 [ERROR] ConditionMgr:805 - Attr not supported : Dmpu
2024-09-16 19:23:42,204 [WARN] PackLoader:240 - Cannot read IP mode file for STMicroelectronics.X-CUBE-BLEMGR.3.0.0
2024-09-16 19:23:42,213 [WARN] PackLoader:240 - Cannot read IP mode file for RealThread.X-CUBE-RT-Thread_Nano.4.1.1
2024-09-16 19:23:42,219 [WARN] PackLoader:240 - Cannot read IP mode file for STMicroelectronics.FP-ATR-SIGFOX1.3.2.0
2024-09-16 19:23:42,228 [WARN] PackLoader:240 - Cannot read IP mode file for STMicroelectronics.X-CUBE-EEPRMA1.5.1.0
2024-09-16 19:23:42,243 [WARN] PackLoader:240 - Cannot read IP mode file for emotas.I-CUBE-CANOPEN.1.1.2
2024-09-16 19:23:42,246 [WARN] PackLoader:240 - Cannot read IP mode file for STMicroelectronics.X-CUBE-TOUCHGFX.4.20.0
2024-09-16 19:23:42,302 [WARN] PackLoader:240 - Cannot read IP mode file for SEGGER.I-CUBE-embOS.1.3.1
2024-09-16 19:23:42,362 [WARN] PackLoader:240 - Cannot read IP mode file for STMicroelectronics.X-CUBE-ALGOBUILD.1.4.0
2024-09-16 19:23:42,372 [WARN] PackLoader:240 - Cannot read IP mode file for STMicroelectronics.X-CUBE-TOF1.3.0.0
2024-09-16 19:23:42,381 [WARN] PackLoader:240 - Cannot read IP mode file for STMicroelectronics.X-CUBE-GNSS1.6.0.0
2024-09-16 19:23:42,393 [INFO] WebApp:220 - Starting web application
2024-09-16 19:23:42,393 [INFO] WebApp:578 - Web application path used E:\ST\STM32CubeIDE_1.9.0\STM32CubeIDE\plugins\com.st.stm32cube.common.mx_6.12.0.202406281431\db\plugins\mcufinder\reactClient1\index.html
2024-09-16 19:23:42,408 [WARN] PackLoader:240 - Cannot read IP mode file for STMicroelectronics.X-CUBE-AZRTOS-F4.1.1.0
2024-09-16 19:23:42,419 [WARN] PackLoader:240 - Cannot read IP mode file for STMicroelectronics.X-CUBE-FREERTOS.1.2.0
2024-09-16 19:23:42,428 [WARN] PackLoader:240 - Cannot read IP mode file for STMicroelectronics.X-CUBE-BLEMGR.1.2.0
2024-09-16 19:23:42,458 [WARN] PackLoader:240 - Cannot read IP mode file for STMicroelectronics.X-CUBE-AZRTOS-L5.2.0.0
2024-09-16 19:23:42,473 [WARN] PackLoader:240 - Cannot read IP mode file for STMicroelectronics.X-CUBE-NFC6.3.1.0
2024-09-16 19:23:42,481 [WARN] PackLoader:240 - Cannot read IP mode file for ITTIA_DB.I-CUBE-ITTIADB.8.8.0
2024-09-16 19:23:42,488 [WARN] PackLoader:240 - Cannot read IP mode file for STMicroelectronics.X-CUBE-DPower.1.2.0
2024-09-16 19:23:42,494 [WARN] PackLoader:240 - Cannot read IP mode file for STMicroelectronics.X-CUBE-NFC4.2.0.4
2024-09-16 19:23:42,499 [WARN] PackLoader:240 - Cannot read IP mode file for STMicroelectronics.X-CUBE-AI.9.0.0
2024-09-16 19:23:42,508 [WARN] PackLoader:240 - Cannot read IP mode file for STMicroelectronics.X-CUBE-SFXS2LP1.3.1.0
2024-09-16 19:23:42,543 [WARN] PackLoader:240 - Cannot read IP mode file for STMicroelectronics.X-CUBE-AZRTOS-F4.1.0.0
2024-09-16 19:23:42,553 [WARN] PackLoader:240 - Cannot read IP mode file for STMicroelectronics.X-CUBE-NFC7.1.0.1
2024-09-16 19:23:42,560 [WARN] PackLoader:240 - Cannot read IP mode file for STMicroelectronics.X-CUBE-NFC7.1.0.0
2024-09-16 19:23:42,565 [WARN] PackLoader:240 - Cannot read IP mode file for wolfSSL.I-CUBE-wolfTPM.3.2.0
2024-09-16 19:23:42,575 [WARN] PackLoader:240 - Cannot read IP mode file for STMicroelectronics.X-CUBE-NFC6.3.0.0
2024-09-16 19:23:42,584 [WARN] PackLoader:240 - Cannot read IP mode file for STMicroelectronics.X-CUBE-AI.8.1.0
2024-09-16 19:23:42,608 [WARN] PackLoader:240 - Cannot read IP mode file for STMicroelectronics.X-CUBE-AZRTOS-G0.1.0.0
2024-09-16 19:23:42,642 [INFO] UserAuth:417 - Internet connection configuration mode: 1
2024-09-16 19:23:42,643 [WARN] ConditionMgr:438 - getConditionDescription Invalid condition id : LAN8742 Phy interface Condition cause : null
2024-09-16 19:23:42,644 [WARN] PackLoader:240 - Cannot read IP mode file for STMicroelectronics.X-CUBE-AZRTOS-L4.2.0.0
2024-09-16 19:23:42,649 [WARN] ConditionMgr:1039 - genDependencies : Invalid condition id : LAN8742 Phy interface Condition cause : null
2024-09-16 19:23:42,649 [WARN] ConditionMgr:1039 - genDependencies : Invalid condition id : LAN8742 Phy interface Condition cause : null
2024-09-16 19:23:42,650 [WARN] ConditionMgr:1039 - genDependencies : Invalid condition id : LAN8742 Phy interface Condition cause : null
2024-09-16 19:23:42,663 [WARN] PackLoader:240 - Cannot read IP mode file for STMicroelectronics.X-CUBE-SFXS2LP1.4.0.0
2024-09-16 19:23:42,857 [WARN] PackLoader:240 - Cannot read IP mode file for STMicroelectronics.X-CUBE-AZRTOS-H7.3.3.0
2024-09-16 19:23:42,871 [WARN] PackLoader:240 - Cannot read IP mode file for RoweBots.I-CUBE-UNISONRTOS.5.5.0-4
2024-09-16 19:23:42,894 [WARN] ConditionMgr:438 - getConditionDescription Invalid condition id : UX DEVICE CLASS RTOS Condition cause : null
2024-09-16 19:23:42,894 [WARN] ConditionMgr:438 - getConditionDescription Invalid condition id : UX DEVICE CLASS RTOS Condition cause : null
2024-09-16 19:23:42,898 [WARN] PackLoader:240 - Cannot read IP mode file for STMicroelectronics.X-CUBE-AZRTOS-WB.2.0.0
2024-09-16 19:23:42,900 [WARN] ConditionMgr:1039 - genDependencies : Invalid condition id : UX DEVICE CLASS RTOS Condition cause : null
2024-09-16 19:23:42,900 [WARN] ConditionMgr:1039 - genDependencies : Invalid condition id : UX DEVICE CLASS RTOS Condition cause : null
2024-09-16 19:23:42,901 [WARN] ConditionMgr:1039 - genDependencies : Invalid condition id : UX DEVICE CLASS RTOS Condition cause : null
2024-09-16 19:23:42,901 [WARN] ConditionMgr:1039 - genDependencies : Invalid condition id : UX DEVICE CLASS RTOS Condition cause : null
2024-09-16 19:23:42,901 [WARN] ConditionMgr:1039 - genDependencies : Invalid condition id : UX DEVICE CLASS RTOS Condition cause : null
2024-09-16 19:23:42,909 [WARN] PackLoader:240 - Cannot read IP mode file for STMicroelectronics.X-CUBE-GNSS1.7.0.0
2024-09-16 19:23:42,917 [WARN] PackLoader:240 - Cannot read IP mode file for STMicroelectronics.X-CUBE-BLEMGR.1.0.0
2024-09-16 19:23:42,929 [WARN] PackLoader:240 - Cannot read IP mode file for STMicroelectronics.FP-SNS-STBOX1.2.0.0
2024-09-16 19:23:42,948 [WARN] PackLoader:240 - Cannot read IP mode file for STMicroelectronics.X-CUBE-SUBG2.5.0.0
2024-09-16 19:23:42,978 [WARN] PackLoader:240 - Cannot read IP mode file for STMicroelectronics.X-CUBE-AZRTOS-G4.2.0.0
2024-09-16 19:23:42,985 [WARN] PackLoader:240 - Cannot read IP mode file for STMicroelectronics.FP-ATR-ASTRA1.1.1.1
2024-09-16 19:23:43,001 [WARN] PackLoader:240 - Cannot read IP mode file for Infineon.AIROC-Wi-Fi-Bluetooth-STM32.1.5.1
2024-09-16 19:23:43,011 [WARN] PackLoader:240 - Cannot read IP mode file for STMicroelectronics.FP-SNS-MOTENVWB1.1.3.1
2024-09-16 19:23:43,029 [WARN] PackLoader:240 - Cannot read IP mode file for STMicroelectronics.X-CUBE-AZRTOS-G4.1.0.0
2024-09-16 19:23:43,038 [WARN] PackLoader:240 - Cannot read IP mode file for wolfSSL.I-CUBE-wolfSSL.5.3.0
2024-09-16 19:23:43,058 [WARN] PackLoader:240 - Cannot read IP mode file for STMicroelectronics.X-CUBE-AZRTOS-L4.1.0.0
2024-09-16 19:23:43,066 [WARN] PackLoader:240 - Cannot read IP mode file for STMicroelectronics.X-CUBE-ISPU.2.0.0
2024-09-16 19:23:43,073 [WARN] PackLoader:240 - Cannot read IP mode file for STMicroelectronics.X-CUBE-ALS.1.0.2
2024-09-16 19:23:43,130 [WARN] PackLoader:240 - Cannot read IP mode file for STMicroelectronics.X-CUBE-MEMS1.10.0.0
2024-09-16 19:23:43,337 [WARN] PackLoader:240 - Cannot read IP mode file for STMicroelectronics.X-CUBE-FREERTOS.1.1.0
2024-09-16 19:23:43,340 [WARN] PackLoader:240 - Cannot read IP mode file for STMicroelectronics.X-CUBE-TOUCHGFX.4.24.0
2024-09-16 19:23:43,360 [WARN] PackLoader:240 - Cannot read IP mode file for STMicroelectronics.X-CUBE-AZRTOS-F7.1.0.0
2024-09-16 19:23:43,378 [WARN] PackLoader:240 - Cannot read IP mode file for STMicroelectronics.X-CUBE-AZRTOS-WL.1.0.0
2024-09-16 19:23:43,387 [WARN] PackLoader:240 - Cannot read IP mode file for portGmbH.I-Cube-SoM-uGOAL.1.1.0
2024-09-16 19:23:43,391 [WARN] PackLoader:240 - Cannot read IP mode file for STMicroelectronics.X-CUBE-ALS.1.0.1
2024-09-16 19:23:43,410 [WARN] PackLoader:240 - Cannot read IP mode file for STMicroelectronics.X-CUBE-AZRTOS-L5.1.0.0
2024-09-16 19:23:43,418 [WARN] PackLoader:240 - Cannot read IP mode file for STMicroelectronics.X-CUBE-EEPRMA1.3.1.1
2024-09-16 19:23:43,444 [WARN] PackLoader:240 - Cannot read IP mode file for STMicroelectronics.X-CUBE-AZRTOS-H7RS.1.0.0
2024-09-16 19:23:43,455 [WARN] PackLoader:240 - Cannot read IP mode file for STMicroelectronics.X-CUBE-GNSS1.5.2.0
2024-09-16 19:23:43,461 [WARN] PackLoader:240 - Cannot read IP mode file for STMicroelectronics.FP-ATR-ASTRA1.2.0.0
2024-09-16 19:23:43,474 [WARN] PackLoader:240 - Cannot read IP mode file for STMicroelectronics.X-CUBE-TOF1.3.4.2
2024-09-16 19:23:43,516 [WARN] PackLoader:240 - Cannot read IP mode file for STMicroelectronics.X-CUBE-TOF1.3.4.0
2024-09-16 19:23:43,543 [WARN] PackLoader:240 - Cannot read IP mode file for STMicroelectronics.X-CUBE-TOF1.3.4.1
2024-09-16 19:23:43,586 [WARN] PackLoader:240 - Cannot read IP mode file for STMicroelectronics.X-CUBE-AZRTOS-H7.3.2.0
2024-09-16 19:23:43,594 [WARN] PackLoader:240 - Cannot read IP mode file for wolfSSL.I-CUBE-wolfSSH.1.4.17
2024-09-16 19:23:43,595 [INFO] ThirdParty:978 - Integrity check success = true
2024-09-16 19:23:43,595 [INFO] IntegrityCheckThread:100 - exiting critical section [integrity check]
2024-09-16 19:23:43,596 [INFO] IntegrityCheckThread:103 - End integrity checks thread
2024-09-16 20:26:53,688 [ERROR] LogOutputStream:75 - [STDERR_REDIRECT] 
