ARM GAS  C:\Users\gamin\AppData\Local\Temp\ccjF1hjy.s 			page 1


   1              		.cpu cortex-m4
   2              		.arch armv7e-m
   3              		.fpu fpv4-sp-d16
   4              		.eabi_attribute 27, 1
   5              		.eabi_attribute 28, 1
   6              		.eabi_attribute 20, 1
   7              		.eabi_attribute 21, 1
   8              		.eabi_attribute 23, 3
   9              		.eabi_attribute 24, 1
  10              		.eabi_attribute 25, 1
  11              		.eabi_attribute 26, 1
  12              		.eabi_attribute 30, 1
  13              		.eabi_attribute 34, 1
  14              		.eabi_attribute 18, 4
  15              		.file	"stm32l4xx_hal_msp.c"
  16              		.text
  17              	.Ltext0:
  18              		.cfi_sections	.debug_frame
  19              		.file 1 "Core/Src/stm32l4xx_hal_msp.c"
  20              		.section	.text.HAL_MspInit,"ax",%progbits
  21              		.align	1
  22              		.global	HAL_MspInit
  23              		.syntax unified
  24              		.thumb
  25              		.thumb_func
  27              	HAL_MspInit:
  28              	.LFB288:
   1:Core/Src/stm32l4xx_hal_msp.c **** /* USER CODE BEGIN Header */
   2:Core/Src/stm32l4xx_hal_msp.c **** /**
   3:Core/Src/stm32l4xx_hal_msp.c ****   ******************************************************************************
   4:Core/Src/stm32l4xx_hal_msp.c ****   * @file         stm32l4xx_hal_msp.c
   5:Core/Src/stm32l4xx_hal_msp.c ****   * @brief        This file provides code for the MSP Initialization
   6:Core/Src/stm32l4xx_hal_msp.c ****   *               and de-Initialization codes.
   7:Core/Src/stm32l4xx_hal_msp.c ****   ******************************************************************************
   8:Core/Src/stm32l4xx_hal_msp.c ****   * @attention
   9:Core/Src/stm32l4xx_hal_msp.c ****   *
  10:Core/Src/stm32l4xx_hal_msp.c ****   * Copyright (c) 2024 STMicroelectronics.
  11:Core/Src/stm32l4xx_hal_msp.c ****   * All rights reserved.
  12:Core/Src/stm32l4xx_hal_msp.c ****   *
  13:Core/Src/stm32l4xx_hal_msp.c ****   * This software is licensed under terms that can be found in the LICENSE file
  14:Core/Src/stm32l4xx_hal_msp.c ****   * in the root directory of this software component.
  15:Core/Src/stm32l4xx_hal_msp.c ****   * If no LICENSE file comes with this software, it is provided AS-IS.
  16:Core/Src/stm32l4xx_hal_msp.c ****   *
  17:Core/Src/stm32l4xx_hal_msp.c ****   ******************************************************************************
  18:Core/Src/stm32l4xx_hal_msp.c ****   */
  19:Core/Src/stm32l4xx_hal_msp.c **** /* USER CODE END Header */
  20:Core/Src/stm32l4xx_hal_msp.c **** 
  21:Core/Src/stm32l4xx_hal_msp.c **** /* Includes ------------------------------------------------------------------*/
  22:Core/Src/stm32l4xx_hal_msp.c **** #include "main.h"
  23:Core/Src/stm32l4xx_hal_msp.c **** 
  24:Core/Src/stm32l4xx_hal_msp.c **** /* USER CODE BEGIN Includes */
  25:Core/Src/stm32l4xx_hal_msp.c **** 
  26:Core/Src/stm32l4xx_hal_msp.c **** /* USER CODE END Includes */
  27:Core/Src/stm32l4xx_hal_msp.c **** extern DMA_HandleTypeDef hdma_adc1;
  28:Core/Src/stm32l4xx_hal_msp.c **** 
  29:Core/Src/stm32l4xx_hal_msp.c **** /* Private typedef -----------------------------------------------------------*/
  30:Core/Src/stm32l4xx_hal_msp.c **** /* USER CODE BEGIN TD */
ARM GAS  C:\Users\gamin\AppData\Local\Temp\ccjF1hjy.s 			page 2


  31:Core/Src/stm32l4xx_hal_msp.c **** 
  32:Core/Src/stm32l4xx_hal_msp.c **** /* USER CODE END TD */
  33:Core/Src/stm32l4xx_hal_msp.c **** 
  34:Core/Src/stm32l4xx_hal_msp.c **** /* Private define ------------------------------------------------------------*/
  35:Core/Src/stm32l4xx_hal_msp.c **** /* USER CODE BEGIN Define */
  36:Core/Src/stm32l4xx_hal_msp.c **** 
  37:Core/Src/stm32l4xx_hal_msp.c **** /* USER CODE END Define */
  38:Core/Src/stm32l4xx_hal_msp.c **** 
  39:Core/Src/stm32l4xx_hal_msp.c **** /* Private macro -------------------------------------------------------------*/
  40:Core/Src/stm32l4xx_hal_msp.c **** /* USER CODE BEGIN Macro */
  41:Core/Src/stm32l4xx_hal_msp.c **** 
  42:Core/Src/stm32l4xx_hal_msp.c **** /* USER CODE END Macro */
  43:Core/Src/stm32l4xx_hal_msp.c **** 
  44:Core/Src/stm32l4xx_hal_msp.c **** /* Private variables ---------------------------------------------------------*/
  45:Core/Src/stm32l4xx_hal_msp.c **** /* USER CODE BEGIN PV */
  46:Core/Src/stm32l4xx_hal_msp.c **** 
  47:Core/Src/stm32l4xx_hal_msp.c **** /* USER CODE END PV */
  48:Core/Src/stm32l4xx_hal_msp.c **** 
  49:Core/Src/stm32l4xx_hal_msp.c **** /* Private function prototypes -----------------------------------------------*/
  50:Core/Src/stm32l4xx_hal_msp.c **** /* USER CODE BEGIN PFP */
  51:Core/Src/stm32l4xx_hal_msp.c **** 
  52:Core/Src/stm32l4xx_hal_msp.c **** /* USER CODE END PFP */
  53:Core/Src/stm32l4xx_hal_msp.c **** 
  54:Core/Src/stm32l4xx_hal_msp.c **** /* External functions --------------------------------------------------------*/
  55:Core/Src/stm32l4xx_hal_msp.c **** /* USER CODE BEGIN ExternalFunctions */
  56:Core/Src/stm32l4xx_hal_msp.c **** 
  57:Core/Src/stm32l4xx_hal_msp.c **** /* USER CODE END ExternalFunctions */
  58:Core/Src/stm32l4xx_hal_msp.c **** 
  59:Core/Src/stm32l4xx_hal_msp.c **** /* USER CODE BEGIN 0 */
  60:Core/Src/stm32l4xx_hal_msp.c **** 
  61:Core/Src/stm32l4xx_hal_msp.c **** /* USER CODE END 0 */
  62:Core/Src/stm32l4xx_hal_msp.c **** /**
  63:Core/Src/stm32l4xx_hal_msp.c ****   * Initializes the Global MSP.
  64:Core/Src/stm32l4xx_hal_msp.c ****   */
  65:Core/Src/stm32l4xx_hal_msp.c **** void HAL_MspInit(void)
  66:Core/Src/stm32l4xx_hal_msp.c **** {
  29              		.loc 1 66 1 view -0
  30              		.cfi_startproc
  31              		@ args = 0, pretend = 0, frame = 8
  32              		@ frame_needed = 0, uses_anonymous_args = 0
  33              		@ link register save eliminated.
  34 0000 82B0     		sub	sp, sp, #8
  35              		.cfi_def_cfa_offset 8
  67:Core/Src/stm32l4xx_hal_msp.c ****   /* USER CODE BEGIN MspInit 0 */
  68:Core/Src/stm32l4xx_hal_msp.c **** 
  69:Core/Src/stm32l4xx_hal_msp.c ****   /* USER CODE END MspInit 0 */
  70:Core/Src/stm32l4xx_hal_msp.c **** 
  71:Core/Src/stm32l4xx_hal_msp.c ****   __HAL_RCC_SYSCFG_CLK_ENABLE();
  36              		.loc 1 71 3 view .LVU1
  37              	.LBB2:
  38              		.loc 1 71 3 view .LVU2
  39              		.loc 1 71 3 view .LVU3
  40 0002 0A4B     		ldr	r3, .L3
  41 0004 1A6E     		ldr	r2, [r3, #96]
  42 0006 42F00102 		orr	r2, r2, #1
  43 000a 1A66     		str	r2, [r3, #96]
  44              		.loc 1 71 3 view .LVU4
ARM GAS  C:\Users\gamin\AppData\Local\Temp\ccjF1hjy.s 			page 3


  45 000c 1A6E     		ldr	r2, [r3, #96]
  46 000e 02F00102 		and	r2, r2, #1
  47 0012 0092     		str	r2, [sp]
  48              		.loc 1 71 3 view .LVU5
  49 0014 009A     		ldr	r2, [sp]
  50              	.LBE2:
  51              		.loc 1 71 3 view .LVU6
  72:Core/Src/stm32l4xx_hal_msp.c ****   __HAL_RCC_PWR_CLK_ENABLE();
  52              		.loc 1 72 3 view .LVU7
  53              	.LBB3:
  54              		.loc 1 72 3 view .LVU8
  55              		.loc 1 72 3 view .LVU9
  56 0016 9A6D     		ldr	r2, [r3, #88]
  57 0018 42F08052 		orr	r2, r2, #268435456
  58 001c 9A65     		str	r2, [r3, #88]
  59              		.loc 1 72 3 view .LVU10
  60 001e 9B6D     		ldr	r3, [r3, #88]
  61 0020 03F08053 		and	r3, r3, #268435456
  62 0024 0193     		str	r3, [sp, #4]
  63              		.loc 1 72 3 view .LVU11
  64 0026 019B     		ldr	r3, [sp, #4]
  65              	.LBE3:
  66              		.loc 1 72 3 view .LVU12
  73:Core/Src/stm32l4xx_hal_msp.c **** 
  74:Core/Src/stm32l4xx_hal_msp.c ****   /* System interrupt init*/
  75:Core/Src/stm32l4xx_hal_msp.c **** 
  76:Core/Src/stm32l4xx_hal_msp.c ****   /* USER CODE BEGIN MspInit 1 */
  77:Core/Src/stm32l4xx_hal_msp.c **** 
  78:Core/Src/stm32l4xx_hal_msp.c ****   /* USER CODE END MspInit 1 */
  79:Core/Src/stm32l4xx_hal_msp.c **** }
  67              		.loc 1 79 1 is_stmt 0 view .LVU13
  68 0028 02B0     		add	sp, sp, #8
  69              		.cfi_def_cfa_offset 0
  70              		@ sp needed
  71 002a 7047     		bx	lr
  72              	.L4:
  73              		.align	2
  74              	.L3:
  75 002c 00100240 		.word	1073876992
  76              		.cfi_endproc
  77              	.LFE288:
  79              		.section	.text.HAL_ADC_MspInit,"ax",%progbits
  80              		.align	1
  81              		.global	HAL_ADC_MspInit
  82              		.syntax unified
  83              		.thumb
  84              		.thumb_func
  86              	HAL_ADC_MspInit:
  87              	.LVL0:
  88              	.LFB289:
  80:Core/Src/stm32l4xx_hal_msp.c **** 
  81:Core/Src/stm32l4xx_hal_msp.c **** /**
  82:Core/Src/stm32l4xx_hal_msp.c **** * @brief ADC MSP Initialization
  83:Core/Src/stm32l4xx_hal_msp.c **** * This function configures the hardware resources used in this example
  84:Core/Src/stm32l4xx_hal_msp.c **** * @param hadc: ADC handle pointer
  85:Core/Src/stm32l4xx_hal_msp.c **** * @retval None
  86:Core/Src/stm32l4xx_hal_msp.c **** */
ARM GAS  C:\Users\gamin\AppData\Local\Temp\ccjF1hjy.s 			page 4


  87:Core/Src/stm32l4xx_hal_msp.c **** void HAL_ADC_MspInit(ADC_HandleTypeDef* hadc)
  88:Core/Src/stm32l4xx_hal_msp.c **** {
  89              		.loc 1 88 1 is_stmt 1 view -0
  90              		.cfi_startproc
  91              		@ args = 0, pretend = 0, frame = 32
  92              		@ frame_needed = 0, uses_anonymous_args = 0
  93              		.loc 1 88 1 is_stmt 0 view .LVU15
  94 0000 10B5     		push	{r4, lr}
  95              		.cfi_def_cfa_offset 8
  96              		.cfi_offset 4, -8
  97              		.cfi_offset 14, -4
  98 0002 88B0     		sub	sp, sp, #32
  99              		.cfi_def_cfa_offset 40
  89:Core/Src/stm32l4xx_hal_msp.c ****   GPIO_InitTypeDef GPIO_InitStruct = {0};
 100              		.loc 1 89 3 is_stmt 1 view .LVU16
 101              		.loc 1 89 20 is_stmt 0 view .LVU17
 102 0004 0023     		movs	r3, #0
 103 0006 0393     		str	r3, [sp, #12]
 104 0008 0493     		str	r3, [sp, #16]
 105 000a 0593     		str	r3, [sp, #20]
 106 000c 0693     		str	r3, [sp, #24]
 107 000e 0793     		str	r3, [sp, #28]
  90:Core/Src/stm32l4xx_hal_msp.c ****   if(hadc->Instance==ADC1)
 108              		.loc 1 90 3 is_stmt 1 view .LVU18
 109              		.loc 1 90 10 is_stmt 0 view .LVU19
 110 0010 0268     		ldr	r2, [r0]
 111              		.loc 1 90 5 view .LVU20
 112 0012 244B     		ldr	r3, .L11
 113 0014 9A42     		cmp	r2, r3
 114 0016 01D0     		beq	.L9
 115              	.LVL1:
 116              	.L5:
  91:Core/Src/stm32l4xx_hal_msp.c ****   {
  92:Core/Src/stm32l4xx_hal_msp.c ****   /* USER CODE BEGIN ADC1_MspInit 0 */
  93:Core/Src/stm32l4xx_hal_msp.c **** 
  94:Core/Src/stm32l4xx_hal_msp.c ****   /* USER CODE END ADC1_MspInit 0 */
  95:Core/Src/stm32l4xx_hal_msp.c ****     /* Peripheral clock enable */
  96:Core/Src/stm32l4xx_hal_msp.c ****     __HAL_RCC_ADC_CLK_ENABLE();
  97:Core/Src/stm32l4xx_hal_msp.c **** 
  98:Core/Src/stm32l4xx_hal_msp.c ****     __HAL_RCC_GPIOA_CLK_ENABLE();
  99:Core/Src/stm32l4xx_hal_msp.c ****     /**ADC1 GPIO Configuration
 100:Core/Src/stm32l4xx_hal_msp.c ****     PA0     ------> ADC1_IN5
 101:Core/Src/stm32l4xx_hal_msp.c ****     */
 102:Core/Src/stm32l4xx_hal_msp.c ****     GPIO_InitStruct.Pin = GPIO_PIN_0;
 103:Core/Src/stm32l4xx_hal_msp.c ****     GPIO_InitStruct.Mode = GPIO_MODE_ANALOG_ADC_CONTROL;
 104:Core/Src/stm32l4xx_hal_msp.c ****     GPIO_InitStruct.Pull = GPIO_NOPULL;
 105:Core/Src/stm32l4xx_hal_msp.c ****     HAL_GPIO_Init(GPIOA, &GPIO_InitStruct);
 106:Core/Src/stm32l4xx_hal_msp.c **** 
 107:Core/Src/stm32l4xx_hal_msp.c ****     /* ADC1 DMA Init */
 108:Core/Src/stm32l4xx_hal_msp.c ****     /* ADC1 Init */
 109:Core/Src/stm32l4xx_hal_msp.c ****     hdma_adc1.Instance = DMA1_Channel1;
 110:Core/Src/stm32l4xx_hal_msp.c ****     hdma_adc1.Init.Request = DMA_REQUEST_0;
 111:Core/Src/stm32l4xx_hal_msp.c ****     hdma_adc1.Init.Direction = DMA_PERIPH_TO_MEMORY;
 112:Core/Src/stm32l4xx_hal_msp.c ****     hdma_adc1.Init.PeriphInc = DMA_PINC_DISABLE;
 113:Core/Src/stm32l4xx_hal_msp.c ****     hdma_adc1.Init.MemInc = DMA_MINC_ENABLE;
 114:Core/Src/stm32l4xx_hal_msp.c ****     hdma_adc1.Init.PeriphDataAlignment = DMA_PDATAALIGN_HALFWORD;
 115:Core/Src/stm32l4xx_hal_msp.c ****     hdma_adc1.Init.MemDataAlignment = DMA_MDATAALIGN_HALFWORD;
ARM GAS  C:\Users\gamin\AppData\Local\Temp\ccjF1hjy.s 			page 5


 116:Core/Src/stm32l4xx_hal_msp.c ****     hdma_adc1.Init.Mode = DMA_CIRCULAR;
 117:Core/Src/stm32l4xx_hal_msp.c ****     hdma_adc1.Init.Priority = DMA_PRIORITY_LOW;
 118:Core/Src/stm32l4xx_hal_msp.c ****     if (HAL_DMA_Init(&hdma_adc1) != HAL_OK)
 119:Core/Src/stm32l4xx_hal_msp.c ****     {
 120:Core/Src/stm32l4xx_hal_msp.c ****       Error_Handler();
 121:Core/Src/stm32l4xx_hal_msp.c ****     }
 122:Core/Src/stm32l4xx_hal_msp.c **** 
 123:Core/Src/stm32l4xx_hal_msp.c ****     __HAL_LINKDMA(hadc,DMA_Handle,hdma_adc1);
 124:Core/Src/stm32l4xx_hal_msp.c **** 
 125:Core/Src/stm32l4xx_hal_msp.c ****     /* ADC1 interrupt Init */
 126:Core/Src/stm32l4xx_hal_msp.c ****     HAL_NVIC_SetPriority(ADC1_IRQn, 1, 0);
 127:Core/Src/stm32l4xx_hal_msp.c ****     HAL_NVIC_EnableIRQ(ADC1_IRQn);
 128:Core/Src/stm32l4xx_hal_msp.c ****   /* USER CODE BEGIN ADC1_MspInit 1 */
 129:Core/Src/stm32l4xx_hal_msp.c **** 
 130:Core/Src/stm32l4xx_hal_msp.c ****   /* USER CODE END ADC1_MspInit 1 */
 131:Core/Src/stm32l4xx_hal_msp.c ****   }
 132:Core/Src/stm32l4xx_hal_msp.c **** 
 133:Core/Src/stm32l4xx_hal_msp.c **** }
 117              		.loc 1 133 1 view .LVU21
 118 0018 08B0     		add	sp, sp, #32
 119              		.cfi_remember_state
 120              		.cfi_def_cfa_offset 8
 121              		@ sp needed
 122 001a 10BD     		pop	{r4, pc}
 123              	.LVL2:
 124              	.L9:
 125              		.cfi_restore_state
 126              		.loc 1 133 1 view .LVU22
 127 001c 0446     		mov	r4, r0
  96:Core/Src/stm32l4xx_hal_msp.c **** 
 128              		.loc 1 96 5 is_stmt 1 view .LVU23
 129              	.LBB4:
  96:Core/Src/stm32l4xx_hal_msp.c **** 
 130              		.loc 1 96 5 view .LVU24
  96:Core/Src/stm32l4xx_hal_msp.c **** 
 131              		.loc 1 96 5 view .LVU25
 132 001e 03F17043 		add	r3, r3, #-268435456
 133 0022 A3F5F833 		sub	r3, r3, #126976
 134 0026 DA6C     		ldr	r2, [r3, #76]
 135 0028 42F40052 		orr	r2, r2, #8192
 136 002c DA64     		str	r2, [r3, #76]
  96:Core/Src/stm32l4xx_hal_msp.c **** 
 137              		.loc 1 96 5 view .LVU26
 138 002e DA6C     		ldr	r2, [r3, #76]
 139 0030 02F40052 		and	r2, r2, #8192
 140 0034 0192     		str	r2, [sp, #4]
  96:Core/Src/stm32l4xx_hal_msp.c **** 
 141              		.loc 1 96 5 view .LVU27
 142 0036 019A     		ldr	r2, [sp, #4]
 143              	.LBE4:
  96:Core/Src/stm32l4xx_hal_msp.c **** 
 144              		.loc 1 96 5 view .LVU28
  98:Core/Src/stm32l4xx_hal_msp.c ****     /**ADC1 GPIO Configuration
 145              		.loc 1 98 5 view .LVU29
 146              	.LBB5:
  98:Core/Src/stm32l4xx_hal_msp.c ****     /**ADC1 GPIO Configuration
 147              		.loc 1 98 5 view .LVU30
ARM GAS  C:\Users\gamin\AppData\Local\Temp\ccjF1hjy.s 			page 6


  98:Core/Src/stm32l4xx_hal_msp.c ****     /**ADC1 GPIO Configuration
 148              		.loc 1 98 5 view .LVU31
 149 0038 DA6C     		ldr	r2, [r3, #76]
 150 003a 42F00102 		orr	r2, r2, #1
 151 003e DA64     		str	r2, [r3, #76]
  98:Core/Src/stm32l4xx_hal_msp.c ****     /**ADC1 GPIO Configuration
 152              		.loc 1 98 5 view .LVU32
 153 0040 DB6C     		ldr	r3, [r3, #76]
 154 0042 03F00103 		and	r3, r3, #1
 155 0046 0293     		str	r3, [sp, #8]
  98:Core/Src/stm32l4xx_hal_msp.c ****     /**ADC1 GPIO Configuration
 156              		.loc 1 98 5 view .LVU33
 157 0048 029B     		ldr	r3, [sp, #8]
 158              	.LBE5:
  98:Core/Src/stm32l4xx_hal_msp.c ****     /**ADC1 GPIO Configuration
 159              		.loc 1 98 5 view .LVU34
 102:Core/Src/stm32l4xx_hal_msp.c ****     GPIO_InitStruct.Mode = GPIO_MODE_ANALOG_ADC_CONTROL;
 160              		.loc 1 102 5 view .LVU35
 102:Core/Src/stm32l4xx_hal_msp.c ****     GPIO_InitStruct.Mode = GPIO_MODE_ANALOG_ADC_CONTROL;
 161              		.loc 1 102 25 is_stmt 0 view .LVU36
 162 004a 0123     		movs	r3, #1
 163 004c 0393     		str	r3, [sp, #12]
 103:Core/Src/stm32l4xx_hal_msp.c ****     GPIO_InitStruct.Pull = GPIO_NOPULL;
 164              		.loc 1 103 5 is_stmt 1 view .LVU37
 103:Core/Src/stm32l4xx_hal_msp.c ****     GPIO_InitStruct.Pull = GPIO_NOPULL;
 165              		.loc 1 103 26 is_stmt 0 view .LVU38
 166 004e 0B23     		movs	r3, #11
 167 0050 0493     		str	r3, [sp, #16]
 104:Core/Src/stm32l4xx_hal_msp.c ****     HAL_GPIO_Init(GPIOA, &GPIO_InitStruct);
 168              		.loc 1 104 5 is_stmt 1 view .LVU39
 105:Core/Src/stm32l4xx_hal_msp.c **** 
 169              		.loc 1 105 5 view .LVU40
 170 0052 03A9     		add	r1, sp, #12
 171 0054 4FF09040 		mov	r0, #1207959552
 172              	.LVL3:
 105:Core/Src/stm32l4xx_hal_msp.c **** 
 173              		.loc 1 105 5 is_stmt 0 view .LVU41
 174 0058 FFF7FEFF 		bl	HAL_GPIO_Init
 175              	.LVL4:
 109:Core/Src/stm32l4xx_hal_msp.c ****     hdma_adc1.Init.Request = DMA_REQUEST_0;
 176              		.loc 1 109 5 is_stmt 1 view .LVU42
 109:Core/Src/stm32l4xx_hal_msp.c ****     hdma_adc1.Init.Request = DMA_REQUEST_0;
 177              		.loc 1 109 24 is_stmt 0 view .LVU43
 178 005c 1248     		ldr	r0, .L11+4
 179 005e 134B     		ldr	r3, .L11+8
 180 0060 0360     		str	r3, [r0]
 110:Core/Src/stm32l4xx_hal_msp.c ****     hdma_adc1.Init.Direction = DMA_PERIPH_TO_MEMORY;
 181              		.loc 1 110 5 is_stmt 1 view .LVU44
 110:Core/Src/stm32l4xx_hal_msp.c ****     hdma_adc1.Init.Direction = DMA_PERIPH_TO_MEMORY;
 182              		.loc 1 110 28 is_stmt 0 view .LVU45
 183 0062 0023     		movs	r3, #0
 184 0064 4360     		str	r3, [r0, #4]
 111:Core/Src/stm32l4xx_hal_msp.c ****     hdma_adc1.Init.PeriphInc = DMA_PINC_DISABLE;
 185              		.loc 1 111 5 is_stmt 1 view .LVU46
 111:Core/Src/stm32l4xx_hal_msp.c ****     hdma_adc1.Init.PeriphInc = DMA_PINC_DISABLE;
 186              		.loc 1 111 30 is_stmt 0 view .LVU47
 187 0066 8360     		str	r3, [r0, #8]
ARM GAS  C:\Users\gamin\AppData\Local\Temp\ccjF1hjy.s 			page 7


 112:Core/Src/stm32l4xx_hal_msp.c ****     hdma_adc1.Init.MemInc = DMA_MINC_ENABLE;
 188              		.loc 1 112 5 is_stmt 1 view .LVU48
 112:Core/Src/stm32l4xx_hal_msp.c ****     hdma_adc1.Init.MemInc = DMA_MINC_ENABLE;
 189              		.loc 1 112 30 is_stmt 0 view .LVU49
 190 0068 C360     		str	r3, [r0, #12]
 113:Core/Src/stm32l4xx_hal_msp.c ****     hdma_adc1.Init.PeriphDataAlignment = DMA_PDATAALIGN_HALFWORD;
 191              		.loc 1 113 5 is_stmt 1 view .LVU50
 113:Core/Src/stm32l4xx_hal_msp.c ****     hdma_adc1.Init.PeriphDataAlignment = DMA_PDATAALIGN_HALFWORD;
 192              		.loc 1 113 27 is_stmt 0 view .LVU51
 193 006a 8022     		movs	r2, #128
 194 006c 0261     		str	r2, [r0, #16]
 114:Core/Src/stm32l4xx_hal_msp.c ****     hdma_adc1.Init.MemDataAlignment = DMA_MDATAALIGN_HALFWORD;
 195              		.loc 1 114 5 is_stmt 1 view .LVU52
 114:Core/Src/stm32l4xx_hal_msp.c ****     hdma_adc1.Init.MemDataAlignment = DMA_MDATAALIGN_HALFWORD;
 196              		.loc 1 114 40 is_stmt 0 view .LVU53
 197 006e 4FF48072 		mov	r2, #256
 198 0072 4261     		str	r2, [r0, #20]
 115:Core/Src/stm32l4xx_hal_msp.c ****     hdma_adc1.Init.Mode = DMA_CIRCULAR;
 199              		.loc 1 115 5 is_stmt 1 view .LVU54
 115:Core/Src/stm32l4xx_hal_msp.c ****     hdma_adc1.Init.Mode = DMA_CIRCULAR;
 200              		.loc 1 115 37 is_stmt 0 view .LVU55
 201 0074 4FF48062 		mov	r2, #1024
 202 0078 8261     		str	r2, [r0, #24]
 116:Core/Src/stm32l4xx_hal_msp.c ****     hdma_adc1.Init.Priority = DMA_PRIORITY_LOW;
 203              		.loc 1 116 5 is_stmt 1 view .LVU56
 116:Core/Src/stm32l4xx_hal_msp.c ****     hdma_adc1.Init.Priority = DMA_PRIORITY_LOW;
 204              		.loc 1 116 25 is_stmt 0 view .LVU57
 205 007a 2022     		movs	r2, #32
 206 007c C261     		str	r2, [r0, #28]
 117:Core/Src/stm32l4xx_hal_msp.c ****     if (HAL_DMA_Init(&hdma_adc1) != HAL_OK)
 207              		.loc 1 117 5 is_stmt 1 view .LVU58
 117:Core/Src/stm32l4xx_hal_msp.c ****     if (HAL_DMA_Init(&hdma_adc1) != HAL_OK)
 208              		.loc 1 117 29 is_stmt 0 view .LVU59
 209 007e 0362     		str	r3, [r0, #32]
 118:Core/Src/stm32l4xx_hal_msp.c ****     {
 210              		.loc 1 118 5 is_stmt 1 view .LVU60
 118:Core/Src/stm32l4xx_hal_msp.c ****     {
 211              		.loc 1 118 9 is_stmt 0 view .LVU61
 212 0080 FFF7FEFF 		bl	HAL_DMA_Init
 213              	.LVL5:
 118:Core/Src/stm32l4xx_hal_msp.c ****     {
 214              		.loc 1 118 8 discriminator 1 view .LVU62
 215 0084 58B9     		cbnz	r0, .L10
 216              	.L7:
 123:Core/Src/stm32l4xx_hal_msp.c **** 
 217              		.loc 1 123 5 is_stmt 1 view .LVU63
 123:Core/Src/stm32l4xx_hal_msp.c **** 
 218              		.loc 1 123 5 view .LVU64
 219 0086 084B     		ldr	r3, .L11+4
 220 0088 E364     		str	r3, [r4, #76]
 123:Core/Src/stm32l4xx_hal_msp.c **** 
 221              		.loc 1 123 5 view .LVU65
 222 008a 9C62     		str	r4, [r3, #40]
 123:Core/Src/stm32l4xx_hal_msp.c **** 
 223              		.loc 1 123 5 view .LVU66
 126:Core/Src/stm32l4xx_hal_msp.c ****     HAL_NVIC_EnableIRQ(ADC1_IRQn);
 224              		.loc 1 126 5 view .LVU67
ARM GAS  C:\Users\gamin\AppData\Local\Temp\ccjF1hjy.s 			page 8


 225 008c 0022     		movs	r2, #0
 226 008e 0121     		movs	r1, #1
 227 0090 1220     		movs	r0, #18
 228 0092 FFF7FEFF 		bl	HAL_NVIC_SetPriority
 229              	.LVL6:
 127:Core/Src/stm32l4xx_hal_msp.c ****   /* USER CODE BEGIN ADC1_MspInit 1 */
 230              		.loc 1 127 5 view .LVU68
 231 0096 1220     		movs	r0, #18
 232 0098 FFF7FEFF 		bl	HAL_NVIC_EnableIRQ
 233              	.LVL7:
 234              		.loc 1 133 1 is_stmt 0 view .LVU69
 235 009c BCE7     		b	.L5
 236              	.L10:
 120:Core/Src/stm32l4xx_hal_msp.c ****     }
 237              		.loc 1 120 7 is_stmt 1 view .LVU70
 238 009e FFF7FEFF 		bl	Error_Handler
 239              	.LVL8:
 240 00a2 F0E7     		b	.L7
 241              	.L12:
 242              		.align	2
 243              	.L11:
 244 00a4 00000450 		.word	1342439424
 245 00a8 00000000 		.word	hdma_adc1
 246 00ac 08000240 		.word	1073872904
 247              		.cfi_endproc
 248              	.LFE289:
 250              		.section	.text.HAL_ADC_MspDeInit,"ax",%progbits
 251              		.align	1
 252              		.global	HAL_ADC_MspDeInit
 253              		.syntax unified
 254              		.thumb
 255              		.thumb_func
 257              	HAL_ADC_MspDeInit:
 258              	.LVL9:
 259              	.LFB290:
 134:Core/Src/stm32l4xx_hal_msp.c **** 
 135:Core/Src/stm32l4xx_hal_msp.c **** /**
 136:Core/Src/stm32l4xx_hal_msp.c **** * @brief ADC MSP De-Initialization
 137:Core/Src/stm32l4xx_hal_msp.c **** * This function freeze the hardware resources used in this example
 138:Core/Src/stm32l4xx_hal_msp.c **** * @param hadc: ADC handle pointer
 139:Core/Src/stm32l4xx_hal_msp.c **** * @retval None
 140:Core/Src/stm32l4xx_hal_msp.c **** */
 141:Core/Src/stm32l4xx_hal_msp.c **** void HAL_ADC_MspDeInit(ADC_HandleTypeDef* hadc)
 142:Core/Src/stm32l4xx_hal_msp.c **** {
 260              		.loc 1 142 1 view -0
 261              		.cfi_startproc
 262              		@ args = 0, pretend = 0, frame = 0
 263              		@ frame_needed = 0, uses_anonymous_args = 0
 143:Core/Src/stm32l4xx_hal_msp.c ****   if(hadc->Instance==ADC1)
 264              		.loc 1 143 3 view .LVU72
 265              		.loc 1 143 10 is_stmt 0 view .LVU73
 266 0000 0268     		ldr	r2, [r0]
 267              		.loc 1 143 5 view .LVU74
 268 0002 0B4B     		ldr	r3, .L20
 269 0004 9A42     		cmp	r2, r3
 270 0006 00D0     		beq	.L19
 271 0008 7047     		bx	lr
ARM GAS  C:\Users\gamin\AppData\Local\Temp\ccjF1hjy.s 			page 9


 272              	.L19:
 142:Core/Src/stm32l4xx_hal_msp.c ****   if(hadc->Instance==ADC1)
 273              		.loc 1 142 1 view .LVU75
 274 000a 10B5     		push	{r4, lr}
 275              		.cfi_def_cfa_offset 8
 276              		.cfi_offset 4, -8
 277              		.cfi_offset 14, -4
 278 000c 0446     		mov	r4, r0
 144:Core/Src/stm32l4xx_hal_msp.c ****   {
 145:Core/Src/stm32l4xx_hal_msp.c ****   /* USER CODE BEGIN ADC1_MspDeInit 0 */
 146:Core/Src/stm32l4xx_hal_msp.c **** 
 147:Core/Src/stm32l4xx_hal_msp.c ****   /* USER CODE END ADC1_MspDeInit 0 */
 148:Core/Src/stm32l4xx_hal_msp.c ****     /* Peripheral clock disable */
 149:Core/Src/stm32l4xx_hal_msp.c ****     __HAL_RCC_ADC_CLK_DISABLE();
 279              		.loc 1 149 5 is_stmt 1 view .LVU76
 280 000e 094A     		ldr	r2, .L20+4
 281 0010 D36C     		ldr	r3, [r2, #76]
 282 0012 23F40053 		bic	r3, r3, #8192
 283 0016 D364     		str	r3, [r2, #76]
 150:Core/Src/stm32l4xx_hal_msp.c **** 
 151:Core/Src/stm32l4xx_hal_msp.c ****     /**ADC1 GPIO Configuration
 152:Core/Src/stm32l4xx_hal_msp.c ****     PA0     ------> ADC1_IN5
 153:Core/Src/stm32l4xx_hal_msp.c ****     */
 154:Core/Src/stm32l4xx_hal_msp.c ****     HAL_GPIO_DeInit(GPIOA, GPIO_PIN_0);
 284              		.loc 1 154 5 view .LVU77
 285 0018 0121     		movs	r1, #1
 286 001a 4FF09040 		mov	r0, #1207959552
 287              	.LVL10:
 288              		.loc 1 154 5 is_stmt 0 view .LVU78
 289 001e FFF7FEFF 		bl	HAL_GPIO_DeInit
 290              	.LVL11:
 155:Core/Src/stm32l4xx_hal_msp.c **** 
 156:Core/Src/stm32l4xx_hal_msp.c ****     /* ADC1 DMA DeInit */
 157:Core/Src/stm32l4xx_hal_msp.c ****     HAL_DMA_DeInit(hadc->DMA_Handle);
 291              		.loc 1 157 5 is_stmt 1 view .LVU79
 292 0022 E06C     		ldr	r0, [r4, #76]
 293 0024 FFF7FEFF 		bl	HAL_DMA_DeInit
 294              	.LVL12:
 158:Core/Src/stm32l4xx_hal_msp.c **** 
 159:Core/Src/stm32l4xx_hal_msp.c ****     /* ADC1 interrupt DeInit */
 160:Core/Src/stm32l4xx_hal_msp.c ****     HAL_NVIC_DisableIRQ(ADC1_IRQn);
 295              		.loc 1 160 5 view .LVU80
 296 0028 1220     		movs	r0, #18
 297 002a FFF7FEFF 		bl	HAL_NVIC_DisableIRQ
 298              	.LVL13:
 161:Core/Src/stm32l4xx_hal_msp.c ****   /* USER CODE BEGIN ADC1_MspDeInit 1 */
 162:Core/Src/stm32l4xx_hal_msp.c **** 
 163:Core/Src/stm32l4xx_hal_msp.c ****   /* USER CODE END ADC1_MspDeInit 1 */
 164:Core/Src/stm32l4xx_hal_msp.c ****   }
 165:Core/Src/stm32l4xx_hal_msp.c **** 
 166:Core/Src/stm32l4xx_hal_msp.c **** }
 299              		.loc 1 166 1 is_stmt 0 view .LVU81
 300 002e 10BD     		pop	{r4, pc}
 301              	.LVL14:
 302              	.L21:
 303              		.loc 1 166 1 view .LVU82
 304              		.align	2
ARM GAS  C:\Users\gamin\AppData\Local\Temp\ccjF1hjy.s 			page 10


 305              	.L20:
 306 0030 00000450 		.word	1342439424
 307 0034 00100240 		.word	1073876992
 308              		.cfi_endproc
 309              	.LFE290:
 311              		.text
 312              	.Letext0:
 313              		.file 2 "Drivers/CMSIS/Device/ST/STM32L4xx/Include/stm32l432xx.h"
 314              		.file 3 "C:/Users/gamin/AppData/Roaming/Code/User/globalStorage/bmd.stm32-for-vscode/@xpack-dev-to
 315              		.file 4 "C:/Users/gamin/AppData/Roaming/Code/User/globalStorage/bmd.stm32-for-vscode/@xpack-dev-to
 316              		.file 5 "Drivers/CMSIS/Device/ST/STM32L4xx/Include/stm32l4xx.h"
 317              		.file 6 "Drivers/STM32L4xx_HAL_Driver/Inc/stm32l4xx_hal_def.h"
 318              		.file 7 "Drivers/STM32L4xx_HAL_Driver/Inc/stm32l4xx_hal_gpio.h"
 319              		.file 8 "Drivers/STM32L4xx_HAL_Driver/Inc/stm32l4xx_hal_dma.h"
 320              		.file 9 "Drivers/STM32L4xx_HAL_Driver/Inc/stm32l4xx_hal_adc.h"
 321              		.file 10 "Drivers/STM32L4xx_HAL_Driver/Inc/stm32l4xx_hal_cortex.h"
 322              		.file 11 "Core/Inc/main.h"
ARM GAS  C:\Users\gamin\AppData\Local\Temp\ccjF1hjy.s 			page 11


DEFINED SYMBOLS
                            *ABS*:00000000 stm32l4xx_hal_msp.c
C:\Users\gamin\AppData\Local\Temp\ccjF1hjy.s:21     .text.HAL_MspInit:00000000 $t
C:\Users\gamin\AppData\Local\Temp\ccjF1hjy.s:27     .text.HAL_MspInit:00000000 HAL_MspInit
C:\Users\gamin\AppData\Local\Temp\ccjF1hjy.s:75     .text.HAL_MspInit:0000002c $d
C:\Users\gamin\AppData\Local\Temp\ccjF1hjy.s:80     .text.HAL_ADC_MspInit:00000000 $t
C:\Users\gamin\AppData\Local\Temp\ccjF1hjy.s:86     .text.HAL_ADC_MspInit:00000000 HAL_ADC_MspInit
C:\Users\gamin\AppData\Local\Temp\ccjF1hjy.s:244    .text.HAL_ADC_MspInit:000000a4 $d
C:\Users\gamin\AppData\Local\Temp\ccjF1hjy.s:251    .text.HAL_ADC_MspDeInit:00000000 $t
C:\Users\gamin\AppData\Local\Temp\ccjF1hjy.s:257    .text.HAL_ADC_MspDeInit:00000000 HAL_ADC_MspDeInit
C:\Users\gamin\AppData\Local\Temp\ccjF1hjy.s:306    .text.HAL_ADC_MspDeInit:00000030 $d

UNDEFINED SYMBOLS
HAL_GPIO_Init
HAL_DMA_Init
HAL_NVIC_SetPriority
HAL_NVIC_EnableIRQ
Error_Handler
hdma_adc1
HAL_GPIO_DeInit
HAL_DMA_DeInit
HAL_NVIC_DisableIRQ
