2025-01-21 18:21:29,376 [INFO] Activator:176 - 


2025-01-21 18:21:29,379 [INFO] Activator:177 - !SESSION log4j initialized
2025-01-21 18:21:33,763 [INFO] LogOutputStream:77 - [STDOUT_REDIRECT] 
2025-01-21 18:21:38,720 [INFO] ApplicationProperties:184 - Using Application install path: E:\ST\STM32CubeIDE_1.9.0\STM32CubeIDE\plugins\com.st.stm32cube.common.mx_6.13.0.202411220809
2025-01-21 18:21:38,872 [INFO] DbMcusXml:78 - Set database path to: E:\ST\STM32CubeIDE_1.9.0\STM32CubeIDE\plugins\com.st.stm32cube.common.mx_6.13.0.202411220809\\db\/mcu/
2025-01-21 18:21:38,872 [INFO] ApiDb:274 - Set plugin database path to: E:\ST\STM32CubeIDE_1.9.0\STM32CubeIDE\plugins\com.st.stm32cube.common.mx_6.13.0.202411220809\\db\/plugins/boardmanager/
2025-01-21 18:21:38,874 [WARN] ApiDb:259 - Overriding images path with different value:  => E:\ST\STM32CubeIDE_1.9.0\STM32CubeIDE\plugins\com.st.stm32cube.common.mx_6.13.0.202411220809\\db\/plugins/mcufinder/images/
2025-01-21 18:21:38,907 [INFO] ApiDb:250 - Set database path to: C:\Users\gamin\.stmcufinder\plugins\mcufinder//mcu/
2025-01-21 18:21:38,908 [INFO] DbMcusAds:125 - Set database path to: C:\Users\gamin\.stmcufinder\plugins\mcufinder//mcu/
2025-01-21 18:21:38,912 [INFO] CrossReferenceDbSqlite:203 - Set database path to: C:\Users\gamin\.stmcufinder\plugins\mcufinder//mcu/cs/
2025-01-21 18:21:39,117 [INFO] RulesReader:64 - Compatibility file has been processed (297 Rules)
2025-01-21 18:21:39,340 [INFO] DbMcusXml:78 - Set database path to: E:\ST\STM32CubeIDE_1.9.0\STM32CubeIDE\plugins\com.st.stm32cube.common.mx_6.13.0.202411220809\\db\/mcu/
2025-01-21 18:21:39,340 [INFO] ApiDb:274 - Set plugin database path to: E:\ST\STM32CubeIDE_1.9.0\STM32CubeIDE\plugins\com.st.stm32cube.common.mx_6.13.0.202411220809\\db\/plugins/boardmanager/
2025-01-21 18:21:39,340 [INFO] ApiDb:261 - Set plugin images path to: E:\ST\STM32CubeIDE_1.9.0\STM32CubeIDE\plugins\com.st.stm32cube.common.mx_6.13.0.202411220809\\db\/plugins/mcufinder/images/
2025-01-21 18:21:39,340 [WARN] DbFile:41 - Overriding database path with different value: C:\Users\gamin\.stmcufinder\plugins\mcufinder/ => C:\Users\gamin\.stmcufinder\plugins\mcufinder
2025-01-21 18:21:39,340 [INFO] ApiDb:250 - Set database path to: C:\Users\gamin\.stmcufinder\plugins\mcufinder//mcu/
2025-01-21 18:21:39,341 [WARN] DbFile:41 - Overriding database path with different value: C:\Users\gamin\.stmcufinder\plugins\mcufinder/ => C:\Users\gamin\.stmcufinder\plugins\mcufinder
2025-01-21 18:21:39,341 [INFO] DbMcusAds:125 - Set database path to: C:\Users\gamin\.stmcufinder\plugins\mcufinder//mcu/
2025-01-21 18:21:39,341 [WARN] DbFile:41 - Overriding database path with different value: C:\Users\gamin\.stmcufinder\plugins\mcufinder/ => C:\Users\gamin\.stmcufinder\plugins\mcufinder
2025-01-21 18:21:39,341 [WARN] DbFile:41 - Overriding database path with different value: C:\Users\gamin\.stmcufinder\plugins\mcufinder/ => C:\Users\gamin\.stmcufinder\plugins\mcufinder
2025-01-21 18:21:39,341 [INFO] CrossReferenceDbSqlite:203 - Set database path to: C:\Users\gamin\.stmcufinder\plugins\mcufinder//mcu/cs/
2025-01-21 18:21:39,490 [INFO] MainPanel:272 - HeapMemory: 268435456
2025-01-21 18:21:39,762 [INFO] DbMcusXml:78 - Set database path to: E:\ST\STM32CubeIDE_1.9.0\STM32CubeIDE\plugins\com.st.stm32cube.common.mx_6.13.0.202411220809\\db\/mcu/
2025-01-21 18:21:39,762 [INFO] ApiDb:274 - Set plugin database path to: E:\ST\STM32CubeIDE_1.9.0\STM32CubeIDE\plugins\com.st.stm32cube.common.mx_6.13.0.202411220809\\db\/plugins/boardmanager/
2025-01-21 18:21:39,762 [INFO] ApiDb:261 - Set plugin images path to: E:\ST\STM32CubeIDE_1.9.0\STM32CubeIDE\plugins\com.st.stm32cube.common.mx_6.13.0.202411220809\\db\/plugins/mcufinder/images/
2025-01-21 18:21:39,763 [WARN] DbFile:41 - Overriding database path with different value: C:\Users\gamin\.stmcufinder\plugins\mcufinder/ => C:\Users\gamin\.stmcufinder\plugins\mcufinder
2025-01-21 18:21:39,764 [INFO] ApiDb:250 - Set database path to: C:\Users\gamin\.stmcufinder\plugins\mcufinder//mcu/
2025-01-21 18:21:39,764 [WARN] DbFile:41 - Overriding database path with different value: C:\Users\gamin\.stmcufinder\plugins\mcufinder/ => C:\Users\gamin\.stmcufinder\plugins\mcufinder
2025-01-21 18:21:39,764 [INFO] DbMcusAds:125 - Set database path to: C:\Users\gamin\.stmcufinder\plugins\mcufinder//mcu/
2025-01-21 18:21:39,764 [WARN] DbFile:41 - Overriding database path with different value: C:\Users\gamin\.stmcufinder\plugins\mcufinder/ => C:\Users\gamin\.stmcufinder\plugins\mcufinder
2025-01-21 18:21:39,764 [WARN] DbFile:41 - Overriding database path with different value: C:\Users\gamin\.stmcufinder\plugins\mcufinder/ => C:\Users\gamin\.stmcufinder\plugins\mcufinder
2025-01-21 18:21:39,764 [INFO] CrossReferenceDbSqlite:203 - Set database path to: C:\Users\gamin\.stmcufinder\plugins\mcufinder//mcu/cs/
2025-01-21 18:21:39,792 [INFO] ApplicationProperties:184 - Using Application install path: E:\ST\STM32CubeIDE_1.9.0\STM32CubeIDE\plugins\com.st.stm32cube.common.mx_6.13.0.202411220809
2025-01-21 18:21:39,793 [INFO] PluginManage:196 - Search for loadable plugins [exclusion list=, ]
2025-01-21 18:21:39,797 [INFO] PluginManage:310 - Check plugin analytics
2025-01-21 18:21:40,050 [INFO] AnalyticsPlugin:253 - Accepted Software Licenses: 
2025-01-21 18:21:40,050 [INFO] AnalyticsPlugin:255 - Accepted CMSIS Pack Licenses: 
2025-01-21 18:21:40,051 [INFO] AnalyticsPlugin:257 - Accepted Firmware Licenses: 
2025-01-21 18:21:40,056 [INFO] PluginManage:359 - Loaded plugin analytics (category:tool,tabindex:-1)
2025-01-21 18:21:40,057 [INFO] PluginManage:310 - Check plugin cadmodel
2025-01-21 18:21:40,106 [INFO] CADModel:105 - Init CAD model plugin
2025-01-21 18:21:40,106 [INFO] PluginManage:359 - Loaded plugin cadmodel (category:power,tabindex:5)
2025-01-21 18:21:40,106 [INFO] PluginManage:310 - Check plugin clock
2025-01-21 18:21:40,116 [INFO] PluginManage:359 - Loaded plugin clock (category:base,tabindex:2)
2025-01-21 18:21:40,116 [INFO] PluginManage:310 - Check plugin ddr
2025-01-21 18:21:40,119 [INFO] PluginManage:359 - Loaded plugin ddr (category:tool,tabindex:6)
2025-01-21 18:21:40,121 [INFO] PluginManage:310 - Check plugin filemanager
2025-01-21 18:21:40,433 [INFO] PluginManage:359 - Loaded plugin filemanager (category:base,tabindex:10)
2025-01-21 18:21:40,433 [INFO] PluginManage:310 - Check plugin ipmanager
2025-01-21 18:21:40,454 [INFO] PluginManage:359 - Loaded plugin ipmanager (category:base,tabindex:5)
2025-01-21 18:21:40,454 [INFO] PluginManage:310 - Check plugin lpbam
2025-01-21 18:21:40,460 [INFO] PluginManage:359 - Loaded plugin lpbam (category:base,tabindex:0)
2025-01-21 18:21:40,460 [INFO] PluginManage:310 - Check plugin memorymap
2025-01-21 18:21:40,497 [INFO] PluginManage:359 - Loaded plugin memorymap (category:base,tabindex:4)
2025-01-21 18:21:40,497 [INFO] PluginManage:310 - Check plugin pinoutandconfiguration
2025-01-21 18:21:40,503 [INFO] PluginManage:359 - Loaded plugin pinoutandconfiguration (category:base,tabindex:1)
2025-01-21 18:21:40,503 [INFO] PluginManage:310 - Check plugin pinoutconfig
2025-01-21 18:21:40,632 [WARN] SupportedApi:132 - Cannot load RTOS API schema: s4s-elt-must-match.1: The content of 'definitions' must match (annotation?, (simpleType | complexType)?, (unique | key | keyref)*)). A problem was found starting at: attribute.
2025-01-21 18:21:40,822 [INFO] PluginManage:359 - Loaded plugin pinoutconfig (category:base,tabindex:0)
2025-01-21 18:21:40,822 [INFO] PluginManage:310 - Check plugin power
2025-01-21 18:21:40,893 [INFO] PluginManage:359 - Loaded plugin power (category:power,tabindex:4)
2025-01-21 18:21:40,893 [INFO] PluginManage:310 - Check plugin projectmanager
2025-01-21 18:21:40,910 [INFO] PluginManage:359 - Loaded plugin projectmanager (category:projectmanager,tabindex:4)
2025-01-21 18:21:40,910 [INFO] PluginManage:310 - Check plugin rif
2025-01-21 18:21:40,955 [INFO] PluginManage:359 - Loaded plugin rif (category:base,tabindex:3)
2025-01-21 18:21:40,956 [INFO] PluginManage:310 - Check plugin thirdparty
2025-01-21 18:21:41,228 [INFO] PluginManage:359 - Loaded plugin thirdparty (category:base,tabindex:-1)
2025-01-21 18:21:41,228 [INFO] PluginManage:310 - Check plugin tools
2025-01-21 18:21:41,228 [WARN] IntegrityCheckThread:84 - waiting for thirdparty lock release [integrity check]
2025-01-21 18:21:41,229 [INFO] IntegrityCheckThread:86 - entering critical section [integrity check]
2025-01-21 18:21:41,229 [INFO] ThirdPartyUpdaterWithRetryManager:70 - Updater plugin not ready yet. [1/15]
2025-01-21 18:21:41,231 [INFO] PluginManage:359 - Loaded plugin tools (category:base,tabindex:7)
2025-01-21 18:21:41,231 [INFO] PluginManage:310 - Check plugin tutovideos
2025-01-21 18:21:41,579 [INFO] PluginManage:359 - Loaded plugin tutovideos (category:base,tabindex:-1)
2025-01-21 18:21:41,579 [INFO] PluginManage:310 - Check plugin updater
2025-01-21 18:21:41,597 [INFO] PluginManage:359 - Loaded plugin updater (category:base,tabindex:12)
2025-01-21 18:21:41,599 [INFO] PluginManage:310 - Check plugin userauth
2025-01-21 18:21:41,604 [INFO] UserAuth:118 - Init User Auth plugin
2025-01-21 18:21:41,605 [INFO] PluginManage:359 - Loaded plugin userauth (category:base,tabindex:14)
2025-01-21 18:21:41,605 [INFO] PluginManage:283 - PluginManage : Loaded plugins [18]
2025-01-21 18:21:41,964 [INFO] PinOutPanel:1589 - setPackage(No Configuration,No Configuration)
2025-01-21 18:21:42,133 [INFO] CADModel:165 - CPN selected for project level
2025-01-21 18:21:42,133 [INFO] CADModel:114 - Register for checkConnection events
2025-01-21 18:21:42,149 [INFO] IPUIPlugin:80 - create IPUIPlugin
2025-01-21 18:21:42,149 [INFO] PluginManager:220 - loadIPPluginJar : add adc
2025-01-21 18:21:42,151 [INFO] IPUIPlugin:80 - create IPUIPlugin
2025-01-21 18:21:42,151 [INFO] PluginManager:220 - loadIPPluginJar : add aes
2025-01-21 18:21:42,153 [INFO] IPUIPlugin:80 - create IPUIPlugin
2025-01-21 18:21:42,154 [INFO] PluginManager:220 - loadIPPluginJar : add can
2025-01-21 18:21:42,155 [INFO] IPUIPlugin:80 - create IPUIPlugin
2025-01-21 18:21:42,155 [INFO] PluginManager:220 - loadIPPluginJar : add comp
2025-01-21 18:21:42,157 [INFO] IPUIPlugin:80 - create IPUIPlugin
2025-01-21 18:21:42,157 [INFO] PluginManager:220 - loadIPPluginJar : add cryp
2025-01-21 18:21:42,188 [INFO] IPUIPlugin:80 - create IPUIPlugin
2025-01-21 18:21:42,188 [INFO] PluginManager:220 - loadIPPluginJar : add ddr_ctrl_phy
2025-01-21 18:21:42,199 [INFO] IPUIPlugin:80 - create IPUIPlugin
2025-01-21 18:21:42,199 [INFO] PluginManager:220 - loadIPPluginJar : add dfsdm
2025-01-21 18:21:42,204 [INFO] IPUIPlugin:80 - create IPUIPlugin
2025-01-21 18:21:42,204 [INFO] PluginManager:220 - loadIPPluginJar : add dma
2025-01-21 18:21:42,206 [INFO] IPUIPlugin:80 - create IPUIPlugin
2025-01-21 18:21:42,206 [INFO] PluginManager:220 - loadIPPluginJar : add dma3
2025-01-21 18:21:42,208 [INFO] IPUIPlugin:80 - create IPUIPlugin
2025-01-21 18:21:42,208 [INFO] PluginManager:220 - loadIPPluginJar : add extmemmanager
2025-01-21 18:21:42,209 [INFO] IPUIPlugin:80 - create IPUIPlugin
2025-01-21 18:21:42,209 [INFO] PluginManager:220 - loadIPPluginJar : add fatfs
2025-01-21 18:21:42,213 [INFO] IPUIPlugin:80 - create IPUIPlugin
2025-01-21 18:21:42,213 [INFO] PluginManager:220 - loadIPPluginJar : add fmc
2025-01-21 18:21:42,219 [INFO] IPUIPlugin:80 - create IPUIPlugin
2025-01-21 18:21:42,219 [INFO] PluginManager:220 - loadIPPluginJar : add freertos
2025-01-21 18:21:42,220 [INFO] IPUIPlugin:80 - create IPUIPlugin
2025-01-21 18:21:42,221 [INFO] PluginManager:220 - loadIPPluginJar : add genericplugin
2025-01-21 18:21:42,223 [INFO] IPUIPlugin:80 - create IPUIPlugin
2025-01-21 18:21:42,223 [INFO] PluginManager:220 - loadIPPluginJar : add gfxmmu
2025-01-21 18:21:42,228 [INFO] IPUIPlugin:80 - create IPUIPlugin
2025-01-21 18:21:42,228 [INFO] PluginManager:220 - loadIPPluginJar : add gic
2025-01-21 18:21:42,231 [INFO] IPUIPlugin:80 - create IPUIPlugin
2025-01-21 18:21:42,231 [INFO] PluginManager:220 - loadIPPluginJar : add gpio
2025-01-21 18:21:42,233 [INFO] IPUIPlugin:80 - create IPUIPlugin
2025-01-21 18:21:42,234 [INFO] PluginManager:220 - loadIPPluginJar : add gtzc
2025-01-21 18:21:42,236 [INFO] IPUIPlugin:80 - create IPUIPlugin
2025-01-21 18:21:42,236 [INFO] PluginManager:220 - loadIPPluginJar : add hash
2025-01-21 18:21:42,238 [INFO] IPUIPlugin:80 - create IPUIPlugin
2025-01-21 18:21:42,238 [INFO] PluginManager:220 - loadIPPluginJar : add i2c
2025-01-21 18:21:42,241 [INFO] IPUIPlugin:80 - create IPUIPlugin
2025-01-21 18:21:42,242 [INFO] PluginManager:220 - loadIPPluginJar : add i2s
2025-01-21 18:21:42,244 [INFO] IPUIPlugin:80 - create IPUIPlugin
2025-01-21 18:21:42,244 [INFO] PluginManager:220 - loadIPPluginJar : add i3c
2025-01-21 18:21:42,275 [INFO] IPUIPlugin:80 - create IPUIPlugin
2025-01-21 18:21:42,275 [INFO] PluginManager:220 - loadIPPluginJar : add ipddr
2025-01-21 18:21:42,290 [INFO] IPUIPlugin:80 - create IPUIPlugin
2025-01-21 18:21:42,290 [INFO] PluginManager:220 - loadIPPluginJar : add linkedlist
2025-01-21 18:21:42,294 [INFO] IPUIPlugin:80 - create IPUIPlugin
2025-01-21 18:21:42,294 [INFO] PluginManager:220 - loadIPPluginJar : add lorawan
2025-01-21 18:21:42,295 [INFO] IPUIPlugin:80 - create IPUIPlugin
2025-01-21 18:21:42,296 [INFO] PluginManager:220 - loadIPPluginJar : add ltdc
2025-01-21 18:21:42,300 [INFO] IPUIPlugin:80 - create IPUIPlugin
2025-01-21 18:21:42,300 [INFO] PluginManager:220 - loadIPPluginJar : add mdma
2025-01-21 18:21:42,302 [INFO] IPUIPlugin:80 - create IPUIPlugin
2025-01-21 18:21:42,302 [INFO] PluginManager:220 - loadIPPluginJar : add nvic
2025-01-21 18:21:42,304 [INFO] IPUIPlugin:80 - create IPUIPlugin
2025-01-21 18:21:42,305 [INFO] PluginManager:220 - loadIPPluginJar : add opamp
2025-01-21 18:21:42,309 [INFO] IPUIPlugin:80 - create IPUIPlugin
2025-01-21 18:21:42,309 [INFO] PluginManager:220 - loadIPPluginJar : add openamp
2025-01-21 18:21:42,313 [INFO] IPUIPlugin:80 - create IPUIPlugin
2025-01-21 18:21:42,313 [INFO] PluginManager:220 - loadIPPluginJar : add pdm2pcm
2025-01-21 18:21:42,317 [INFO] IPUIPlugin:80 - create IPUIPlugin
2025-01-21 18:21:42,320 [INFO] PluginManager:220 - loadIPPluginJar : add plateformsettings
2025-01-21 18:21:42,322 [INFO] IPUIPlugin:80 - create IPUIPlugin
2025-01-21 18:21:42,322 [INFO] PluginManager:220 - loadIPPluginJar : add quadspi
2025-01-21 18:21:42,324 [INFO] IPUIPlugin:80 - create IPUIPlugin
2025-01-21 18:21:42,324 [INFO] PluginManager:220 - loadIPPluginJar : add radio
2025-01-21 18:21:42,327 [INFO] IPUIPlugin:80 - create IPUIPlugin
2025-01-21 18:21:42,327 [INFO] PluginManager:220 - loadIPPluginJar : add resmgrutility
2025-01-21 18:21:42,329 [INFO] IPUIPlugin:80 - create IPUIPlugin
2025-01-21 18:21:42,329 [INFO] PluginManager:220 - loadIPPluginJar : add sai
2025-01-21 18:21:42,332 [INFO] IPUIPlugin:80 - create IPUIPlugin
2025-01-21 18:21:42,333 [INFO] PluginManager:220 - loadIPPluginJar : add spi
2025-01-21 18:21:42,338 [INFO] IPUIPlugin:80 - create IPUIPlugin
2025-01-21 18:21:42,338 [INFO] PluginManager:220 - loadIPPluginJar : add stm32_wpan
2025-01-21 18:21:42,340 [INFO] IPUIPlugin:80 - create IPUIPlugin
2025-01-21 18:21:42,340 [INFO] PluginManager:220 - loadIPPluginJar : add tim
2025-01-21 18:21:42,343 [INFO] IPUIPlugin:80 - create IPUIPlugin
2025-01-21 18:21:42,343 [INFO] PluginManager:220 - loadIPPluginJar : add touchsensing
2025-01-21 18:21:42,344 [INFO] IPUIPlugin:80 - create IPUIPlugin
2025-01-21 18:21:42,345 [INFO] PluginManager:220 - loadIPPluginJar : add tracer_emb
2025-01-21 18:21:42,348 [INFO] IPUIPlugin:80 - create IPUIPlugin
2025-01-21 18:21:42,348 [INFO] PluginManager:220 - loadIPPluginJar : add ts
2025-01-21 18:21:42,350 [INFO] IPUIPlugin:80 - create IPUIPlugin
2025-01-21 18:21:42,350 [INFO] PluginManager:220 - loadIPPluginJar : add tsc
2025-01-21 18:21:42,351 [INFO] IPUIPlugin:80 - create IPUIPlugin
2025-01-21 18:21:42,351 [INFO] PluginManager:220 - loadIPPluginJar : add ucpd
2025-01-21 18:21:42,354 [INFO] IPUIPlugin:80 - create IPUIPlugin
2025-01-21 18:21:42,354 [INFO] PluginManager:220 - loadIPPluginJar : add usart
2025-01-21 18:21:42,356 [INFO] IPUIPlugin:80 - create IPUIPlugin
2025-01-21 18:21:42,356 [INFO] PluginManager:220 - loadIPPluginJar : add usbx
2025-01-21 18:21:42,489 [FATAL] Updater:351 - Updater called before beeing initialized
2025-01-21 18:21:42,533 [INFO] RulesReader:64 - Compatibility file has been processed (297 Rules)
2025-01-21 18:21:42,543 [INFO] RulesReader:64 - Compatibility file has been processed (297 Rules)
2025-01-21 18:21:42,557 [INFO] CADModel:165 - CPN selected for project level
2025-01-21 18:21:42,558 [INFO] CADModel:114 - Register for checkConnection events
2025-01-21 18:21:42,558 [FATAL] Updater:351 - Updater called before beeing initialized
2025-01-21 18:21:42,559 [ERROR] CADModel:125 - Updater not yet initialized, retry later 
2025-01-21 18:21:42,791 [FATAL] Updater:351 - Updater called before beeing initialized
2025-01-21 18:21:42,793 [INFO] CADModel:165 - CPN selected for project level
2025-01-21 18:21:42,793 [INFO] CADModel:114 - Register for checkConnection events
2025-01-21 18:21:42,793 [FATAL] Updater:351 - Updater called before beeing initialized
2025-01-21 18:21:42,793 [ERROR] CADModel:125 - Updater not yet initialized, retry later 
2025-01-21 18:21:42,796 [FATAL] Updater:351 - Updater called before beeing initialized
2025-01-21 18:21:42,961 [FATAL] Updater:351 - Updater called before beeing initialized
2025-01-21 18:21:42,967 [INFO] DbMcusAds:53 - JSON generation date=Tue Dec 17 18:01:15 SAST 2024 (1734451275143)
2025-01-21 18:21:42,968 [FATAL] Updater:351 - Updater called before beeing initialized
2025-01-21 18:21:43,118 [WARN] DetailPanel:346 - Failed to get advertising image, set to default
2025-01-21 18:21:43,378 [FATAL] Updater:351 - Updater called before beeing initialized
2025-01-21 18:21:43,402 [FATAL] Updater:351 - Updater called before beeing initialized
2025-01-21 18:21:43,402 [FATAL] Updater:351 - Updater called before beeing initialized
2025-01-21 18:21:43,402 [WARN] DetailPanel:346 - Failed to get advertising image, set to default
2025-01-21 18:21:43,403 [FATAL] Updater:351 - Updater called before beeing initialized
2025-01-21 18:21:43,477 [ERROR] Updater:1198 - MainUpdater not yet initialized. External WinMGr cannot be set.
2025-01-21 18:21:43,482 [INFO] Updater:1134 - Updater Version found : 6.13.0
2025-01-21 18:21:43,497 [INFO] ApplicationProperties:184 - Using Application install path: E:\ST\STM32CubeIDE_1.9.0\STM32CubeIDE\plugins\com.st.stm32cube.common.mx_6.13.0.202411220809
2025-01-21 18:21:44,109 [INFO] MainUpdater:2872 - connection check result : 10
2025-01-21 18:21:44,110 [INFO] MainUpdater:289 - Updater Check For Update Now.
2025-01-21 18:21:44,111 [INFO] MicroXplorer:498 - Change Database Version : DB.6.0.130
2025-01-21 18:21:44,131 [INFO] McuFinderGlobals:63 - Set McuFinder mode to 2 (CubeIDE integrated)
2025-01-21 18:21:44,139 [INFO] UserAuth:486 - Internet connection configuration mode: 1
2025-01-21 18:21:44,234 [WARN] MainUpdater:1193 - Updater busy. Cannot search thirdparties
2025-01-21 18:21:44,234 [INFO] ThirdPartyUpdaterWithRetryManager:96 - Updater plugin is busy. [1/15]
2025-01-21 18:21:44,411 [INFO] JxBrowserEngine:152 - Initiate JxBrowser Engine with user profile folder
2025-01-21 18:21:44,551 [INFO] CheckServerUpdateThread:120 - End of CheckServer Thread
2025-01-21 18:21:46,270 [INFO] WebApp:168 - Instantiating new browser for Auth
2025-01-21 18:21:47,744 [WARN] PackLoader:240 - Cannot read IP mode file for STMicroelectronics.FP-SNS-MOTENVWB1.1.4.0
2025-01-21 18:21:47,761 [WARN] PackLoader:240 - Cannot read IP mode file for STMicroelectronics.FP-ATR-ASTRA1.2.0.1
2025-01-21 18:21:47,776 [WARN] PackLoader:240 - Cannot read IP mode file for STMicroelectronics.X-CUBE-SMBUS.2.1.0
2025-01-21 18:21:47,789 [WARN] PackLoader:240 - Cannot read IP mode file for STMicroelectronics.X-CUBE-WB05N.1.1.0
2025-01-21 18:21:47,797 [WARN] PackLoader:240 - Cannot read IP mode file for STMicroelectronics.X-CUBE-TOUCHGFX.4.23.1
2025-01-21 18:21:47,800 [WARN] PackLoader:240 - Cannot read IP mode file for STMicroelectronics.X-CUBE-TOUCHGFX.4.23.0
2025-01-21 18:21:47,905 [WARN] PackLoader:240 - Cannot read IP mode file for STMicroelectronics.X-CUBE-MEMS1.9.2.0
2025-01-21 18:21:47,993 [INFO] WebApp:449 - Apply proxy settings
2025-01-21 18:21:47,993 [INFO] WebApp:534 - Chromium requires no authentication
2025-01-21 18:21:48,093 [INFO] WebApp:477 - Direct internet connection detected
2025-01-21 18:21:48,182 [WARN] PackLoader:240 - Cannot read IP mode file for STMicroelectronics.X-CUBE-TOUCHGFX.4.23.2
2025-01-21 18:21:48,194 [INFO] WebApp:880 - Register for checkConnection events
2025-01-21 18:21:48,195 [INFO] WebApp:449 - Apply proxy settings
2025-01-21 18:21:48,195 [INFO] WebApp:534 - Chromium requires no authentication
2025-01-21 18:21:48,196 [INFO] WebApp:477 - Direct internet connection detected
2025-01-21 18:21:48,209 [WARN] PackLoader:240 - Cannot read IP mode file for STMicroelectronics.X-CUBE-AZRTOS-F7.1.1.0
2025-01-21 18:21:48,223 [WARN] PackLoader:240 - Cannot read IP mode file for STMicroelectronics.X-CUBE-AI.7.1.0
2025-01-21 18:21:48,228 [WARN] PackLoader:240 - Cannot read IP mode file for STMicroelectronics.X-CUBE-TOUCHGFX.4.19.1
2025-01-21 18:21:48,235 [WARN] PackLoader:240 - Cannot read IP mode file for STMicroelectronics.FP-SNS-MOTENV1.4.3.2
2025-01-21 18:21:48,245 [WARN] PackLoader:240 - Cannot read IP mode file for STMicroelectronics.X-CUBE-BLE1.6.2.3
2025-01-21 18:21:48,298 [WARN] PackLoader:240 - Cannot read IP mode file for STMicroelectronics.X-CUBE-MEMS1.11.0.0
2025-01-21 18:21:48,460 [WARN] PackLoader:240 - Cannot read IP mode file for STMicroelectronics.FP-SNS-FLIGHT1.5.0.2
2025-01-21 18:21:48,468 [WARN] PackLoader:240 - Cannot read IP mode file for STMicroelectronics.X-CUBE-BLE2.3.2.2
2025-01-21 18:21:48,485 [WARN] PackLoader:240 - Cannot read IP mode file for STMicroelectronics.X-CUBE-TOF1.3.1.0
2025-01-21 18:21:48,507 [WARN] PackLoader:240 - Cannot read IP mode file for STMicroelectronics.X-CUBE-DISPLAY.3.0.0
2025-01-21 18:21:48,518 [WARN] PackLoader:240 - Cannot read IP mode file for STMicroelectronics.X-CUBE-BLE1.7.0.0
2025-01-21 18:21:48,555 [WARN] PackLoader:240 - Cannot read IP mode file for STMicroelectronics.X-CUBE-NFC10.1.0.0
2025-01-21 18:21:48,578 [WARN] PackLoader:240 - Cannot read IP mode file for STMicroelectronics.X-CUBE-BLEMGR.4.0.0
2025-01-21 18:21:48,651 [WARN] PackLoader:240 - Cannot read IP mode file for STMicroelectronics.X-CUBE-MEMS1.9.3.0
2025-01-21 18:21:48,836 [INFO] WebApp:187 - Connection restablished
2025-01-21 18:21:48,839 [WARN] PackLoader:240 - Cannot read IP mode file for STMicroelectronics.X-CUBE-AI.7.2.0
2025-01-21 18:21:48,853 [WARN] PackLoader:240 - Cannot read IP mode file for STMicroelectronics.X-CUBE-BLEMGR.3.1.0
2025-01-21 18:21:48,863 [WARN] PackLoader:240 - Cannot read IP mode file for STMicroelectronics.FP-SNS-SMARTAG2.1.2.0
2025-01-21 18:21:48,934 [WARN] PackLoader:240 - Cannot read IP mode file for STMicroelectronics.X-CUBE-MEMS1.11.1.0
2025-01-21 18:21:49,172 [INFO] LogOutputStream:77 - [STDOUT_REDIRECT] 1 : Invalid condition id : UX_CORESTACK_Condition cause : null
2025-01-21 18:21:49,179 [INFO] LogOutputStream:77 - [STDOUT_REDIRECT] 1 : Invalid condition id : UX_CORESTACK_Condition cause : null
2025-01-21 18:21:49,182 [INFO] LogOutputStream:77 - [STDOUT_REDIRECT] 1 : Invalid condition id : UX_CORESTACK_Condition cause : null
2025-01-21 18:21:49,188 [INFO] LogOutputStream:77 - [STDOUT_REDIRECT] 1 : Invalid condition id : UX_CORESTACK_Condition cause : null
2025-01-21 18:21:49,192 [INFO] LogOutputStream:77 - [STDOUT_REDIRECT] 1 : Invalid condition id : UX_CORESTACK_Condition cause : null
2025-01-21 18:21:49,198 [WARN] PackLoader:240 - Cannot read IP mode file for STMicroelectronics.X-CUBE-AZRTOS-WL.2.0.0
2025-01-21 18:21:49,205 [WARN] PackLoader:240 - Cannot read IP mode file for STMicroelectronics.FP-SNS-MOTENV1.5.0.0
2025-01-21 18:21:49,213 [WARN] PackLoader:240 - Cannot read IP mode file for wolfSSL.I-CUBE-wolfMQTT.1.19.0
2025-01-21 18:21:49,234 [WARN] PackLoader:240 - Cannot read IP mode file for WES.I-CUBE-Cesium.1.3.0
2025-01-21 18:21:49,246 [WARN] PackLoader:240 - Cannot read IP mode file for STMicroelectronics.X-CUBE-BLE2.3.3.0
2025-01-21 18:21:49,255 [WARN] PackLoader:240 - Cannot read IP mode file for STMicroelectronics.X-CUBE-DISPLAY.2.2.0
2025-01-21 18:21:49,268 [WARN] PackLoader:240 - Cannot read IP mode file for STMicroelectronics.X-CUBE-ISPU.1.0.0
2025-01-21 18:21:49,279 [WARN] PackLoader:240 - Cannot read IP mode file for STMicroelectronics.X-CUBE-NFC9.1.0.0
2025-01-21 18:21:49,306 [WARN] PackLoader:240 - Cannot read IP mode file for STMicroelectronics.X-CUBE-AZRTOS-H7.2.1.0
2025-01-21 18:21:49,319 [WARN] PackLoader:240 - Cannot read IP mode file for STMicroelectronics.X-CUBE-TCPP.4.1.0
2025-01-21 18:21:49,328 [WARN] PackLoader:240 - Cannot read IP mode file for STMicroelectronics.X-CUBE-ALGOBUILD.1.3.0
2025-01-21 18:21:49,349 [WARN] PackLoader:240 - Cannot read IP mode file for STMicroelectronics.X-CUBE-AZRTOS-G0.1.1.0
2025-01-21 18:21:49,361 [WARN] PackLoader:240 - Cannot read IP mode file for STMicroelectronics.X-CUBE-SAFEA1.1.2.2
2025-01-21 18:21:49,370 [WARN] PackLoader:240 - Cannot read IP mode file for STMicroelectronics.X-CUBE-NFC4.3.0.0
2025-01-21 18:21:49,412 [WARN] PackLoader:240 - Cannot read IP mode file for SEGGER.I-CUBE-embOS.1.2.0
2025-01-21 18:21:49,467 [INFO] WebApp:221 - Starting web application
2025-01-21 18:21:49,467 [INFO] WebApp:579 - Web application path used E:\ST\STM32CubeIDE_1.9.0\STM32CubeIDE\plugins\com.st.stm32cube.common.mx_6.13.0.202411220809\db\plugins\mcufinder\reactClient1\index.html
2025-01-21 18:21:49,474 [WARN] PackLoader:240 - Cannot read IP mode file for wolfSSL.I-CUBE-wolfMQTT.1.18.0
2025-01-21 18:21:49,492 [WARN] PackLoader:240 - Cannot read IP mode file for EmbeddedOffice.I-CUBE-FS-RTOS.1.0.1
2025-01-21 18:21:49,513 [WARN] PackLoader:240 - Cannot read IP mode file for STMicroelectronics.X-CUBE-BLEMGR.3.0.0
2025-01-21 18:21:49,526 [WARN] PackLoader:240 - Cannot read IP mode file for STMicroelectronics.X-CUBE-TCPP.4.2.0
2025-01-21 18:21:49,536 [WARN] PackLoader:240 - Cannot read IP mode file for RealThread.X-CUBE-RT-Thread_Nano.4.1.1
2025-01-21 18:21:49,542 [WARN] PackLoader:240 - Cannot read IP mode file for STMicroelectronics.FP-ATR-SIGFOX1.3.2.0
2025-01-21 18:21:49,550 [WARN] ConditionMgr:438 - getConditionDescription Invalid condition id : Cortex-A Device cause : null
2025-01-21 18:21:49,598 [WARN] ConditionMgr:1044 - genDependencies : Invalid condition id : Cortex-A Device cause : null
2025-01-21 18:21:49,599 [WARN] ConditionMgr:1044 - genDependencies : Invalid condition id : Cortex-A Device cause : null
2025-01-21 18:21:49,599 [WARN] ConditionMgr:1044 - genDependencies : Invalid condition id : Cortex-A Device cause : null
2025-01-21 18:21:49,614 [WARN] PackLoader:240 - Cannot read IP mode file for STMicroelectronics.X-CUBE-EEPRMA1.5.1.0
2025-01-21 18:21:49,633 [WARN] PackLoader:240 - Cannot read IP mode file for emotas.I-CUBE-CANOPEN.1.1.2
2025-01-21 18:21:49,643 [WARN] PackLoader:240 - Cannot read IP mode file for STMicroelectronics.X-CUBE-TOUCHGFX.4.20.0
2025-01-21 18:21:49,679 [WARN] PackLoader:240 - Cannot read IP mode file for SEGGER.I-CUBE-embOS.1.3.1
2025-01-21 18:21:49,740 [WARN] PackLoader:240 - Cannot read IP mode file for STMicroelectronics.X-CUBE-ALGOBUILD.1.4.0
2025-01-21 18:21:49,781 [WARN] PackLoader:240 - Cannot read IP mode file for STMicroelectronics.X-CUBE-AI.9.1.0
2025-01-21 18:21:49,789 [WARN] PackLoader:240 - Cannot read IP mode file for STMicroelectronics.X-CUBE-TOF1.3.0.0
2025-01-21 18:21:49,797 [WARN] PackLoader:240 - Cannot read IP mode file for STMicroelectronics.X-CUBE-GNSS1.6.0.0
2025-01-21 18:21:49,819 [WARN] PackLoader:240 - Cannot read IP mode file for STMicroelectronics.X-CUBE-AZRTOS-F4.1.1.0
2025-01-21 18:21:49,826 [WARN] PackLoader:240 - Cannot read IP mode file for STMicroelectronics.X-CUBE-ISPU.2.1.0
2025-01-21 18:21:49,835 [WARN] PackLoader:240 - Cannot read IP mode file for STMicroelectronics.X-CUBE-FREERTOS.1.2.0
2025-01-21 18:21:49,845 [WARN] PackLoader:240 - Cannot read IP mode file for STMicroelectronics.X-CUBE-BLEMGR.1.2.0
2025-01-21 18:21:49,867 [WARN] PackLoader:240 - Cannot read IP mode file for STMicroelectronics.X-CUBE-AZRTOS-L5.2.0.0
2025-01-21 18:21:49,883 [WARN] PackLoader:240 - Cannot read IP mode file for STMicroelectronics.X-CUBE-NFC6.3.1.0
2025-01-21 18:21:49,893 [WARN] PackLoader:240 - Cannot read IP mode file for ITTIA_DB.I-CUBE-ITTIADB.8.8.0
2025-01-21 18:21:49,901 [WARN] PackLoader:240 - Cannot read IP mode file for STMicroelectronics.X-CUBE-DPower.1.2.0
2025-01-21 18:21:49,907 [WARN] PackLoader:240 - Cannot read IP mode file for STMicroelectronics.X-CUBE-NFC4.2.0.4
2025-01-21 18:21:49,913 [WARN] PackLoader:240 - Cannot read IP mode file for STMicroelectronics.X-CUBE-AI.9.0.0
2025-01-21 18:21:49,920 [WARN] PackLoader:240 - Cannot read IP mode file for STMicroelectronics.X-CUBE-SFXS2LP1.3.1.0
2025-01-21 18:21:49,922 [INFO] UserAuth:486 - Internet connection configuration mode: 1
2025-01-21 18:21:49,943 [WARN] PackLoader:240 - Cannot read IP mode file for STMicroelectronics.X-CUBE-AZRTOS-F4.1.0.0
2025-01-21 18:21:49,951 [WARN] PackLoader:240 - Cannot read IP mode file for STMicroelectronics.X-CUBE-FREERTOS.1.3.0
2025-01-21 18:21:49,963 [WARN] PackLoader:240 - Cannot read IP mode file for STMicroelectronics.X-CUBE-NFC7.1.0.1
2025-01-21 18:21:49,970 [WARN] PackLoader:240 - Cannot read IP mode file for STMicroelectronics.X-CUBE-NFC7.1.0.0
2025-01-21 18:21:49,977 [WARN] PackLoader:240 - Cannot read IP mode file for wolfSSL.I-CUBE-wolfTPM.3.2.0
2025-01-21 18:21:49,985 [WARN] PackLoader:240 - Cannot read IP mode file for STMicroelectronics.X-CUBE-NFC6.3.0.0
2025-01-21 18:21:49,993 [WARN] PackLoader:240 - Cannot read IP mode file for STMicroelectronics.X-CUBE-AI.8.1.0
2025-01-21 18:21:50,009 [WARN] PackLoader:240 - Cannot read IP mode file for STMicroelectronics.X-CUBE-AZRTOS-G0.1.0.0
2025-01-21 18:21:50,034 [WARN] ConditionMgr:438 - getConditionDescription Invalid condition id : LAN8742 Phy interface Condition cause : null
2025-01-21 18:21:50,035 [WARN] PackLoader:240 - Cannot read IP mode file for STMicroelectronics.X-CUBE-AZRTOS-L4.2.0.0
2025-01-21 18:21:50,036 [WARN] ConditionMgr:1044 - genDependencies : Invalid condition id : LAN8742 Phy interface Condition cause : null
2025-01-21 18:21:50,037 [WARN] ConditionMgr:1044 - genDependencies : Invalid condition id : LAN8742 Phy interface Condition cause : null
2025-01-21 18:21:50,037 [WARN] ConditionMgr:1044 - genDependencies : Invalid condition id : LAN8742 Phy interface Condition cause : null
2025-01-21 18:21:50,045 [WARN] PackLoader:240 - Cannot read IP mode file for STMicroelectronics.X-CUBE-SFXS2LP1.4.0.0
2025-01-21 18:21:50,072 [WARN] PackLoader:240 - Cannot read IP mode file for STMicroelectronics.X-CUBE-AZRTOS-H7.3.3.0
2025-01-21 18:21:50,085 [WARN] PackLoader:240 - Cannot read IP mode file for RoweBots.I-CUBE-UNISONRTOS.5.5.0-4
2025-01-21 18:21:50,099 [WARN] PackLoader:240 - Cannot read IP mode file for STMicroelectronics.X-CUBE-IPS.3.0.0
2025-01-21 18:21:50,120 [WARN] ConditionMgr:438 - getConditionDescription Invalid condition id : UX DEVICE CLASS RTOS Condition cause : null
2025-01-21 18:21:50,120 [WARN] ConditionMgr:438 - getConditionDescription Invalid condition id : UX DEVICE CLASS RTOS Condition cause : null
2025-01-21 18:21:50,124 [WARN] PackLoader:240 - Cannot read IP mode file for STMicroelectronics.X-CUBE-AZRTOS-WB.2.0.0
2025-01-21 18:21:50,125 [WARN] ConditionMgr:1044 - genDependencies : Invalid condition id : UX DEVICE CLASS RTOS Condition cause : null
2025-01-21 18:21:50,125 [WARN] ConditionMgr:1044 - genDependencies : Invalid condition id : UX DEVICE CLASS RTOS Condition cause : null
2025-01-21 18:21:50,126 [WARN] ConditionMgr:1044 - genDependencies : Invalid condition id : UX DEVICE CLASS RTOS Condition cause : null
2025-01-21 18:21:50,126 [WARN] ConditionMgr:1044 - genDependencies : Invalid condition id : UX DEVICE CLASS RTOS Condition cause : null
2025-01-21 18:21:50,126 [WARN] ConditionMgr:1044 - genDependencies : Invalid condition id : UX DEVICE CLASS RTOS Condition cause : null
2025-01-21 18:21:50,133 [WARN] PackLoader:240 - Cannot read IP mode file for STMicroelectronics.X-CUBE-GNSS1.7.0.0
2025-01-21 18:21:50,140 [WARN] PackLoader:240 - Cannot read IP mode file for STMicroelectronics.X-CUBE-GNSS1.7.0.1
2025-01-21 18:21:50,149 [WARN] PackLoader:240 - Cannot read IP mode file for STMicroelectronics.X-CUBE-BLEMGR.1.0.0
2025-01-21 18:21:50,159 [WARN] PackLoader:240 - Cannot read IP mode file for STMicroelectronics.FP-SNS-STBOX1.2.0.0
2025-01-21 18:21:50,175 [WARN] PackLoader:240 - Cannot read IP mode file for STMicroelectronics.X-CUBE-SUBG2.5.0.0
2025-01-21 18:21:50,200 [WARN] PackLoader:240 - Cannot read IP mode file for STMicroelectronics.X-CUBE-AZRTOS-G4.2.0.0
2025-01-21 18:21:50,207 [WARN] PackLoader:240 - Cannot read IP mode file for STMicroelectronics.FP-ATR-ASTRA1.1.1.1
2025-01-21 18:21:50,223 [WARN] PackLoader:240 - Cannot read IP mode file for Infineon.AIROC-Wi-Fi-Bluetooth-STM32.1.5.1
2025-01-21 18:21:50,231 [WARN] PackLoader:240 - Cannot read IP mode file for STMicroelectronics.FP-SNS-MOTENVWB1.1.3.1
2025-01-21 18:21:50,267 [WARN] PackLoader:240 - Cannot read IP mode file for STMicroelectronics.X-CUBE-AZRTOS-G4.1.0.0
2025-01-21 18:21:50,276 [WARN] PackLoader:240 - Cannot read IP mode file for wolfSSL.I-CUBE-wolfSSL.5.3.0
2025-01-21 18:21:50,301 [WARN] PackLoader:240 - Cannot read IP mode file for STMicroelectronics.X-CUBE-AZRTOS-L4.1.0.0
2025-01-21 18:21:50,309 [WARN] PackLoader:240 - Cannot read IP mode file for STMicroelectronics.X-CUBE-ISPU.2.0.0
2025-01-21 18:21:50,324 [WARN] PackLoader:240 - Cannot read IP mode file for STMicroelectronics.X-CUBE-IPS.3.1.0
2025-01-21 18:21:50,337 [WARN] PackLoader:240 - Cannot read IP mode file for STMicroelectronics.X-CUBE-ALS.1.0.2
2025-01-21 18:21:50,400 [WARN] PackLoader:240 - Cannot read IP mode file for STMicroelectronics.X-CUBE-MEMS1.10.0.0
2025-01-21 18:21:50,532 [WARN] PackLoader:240 - Cannot read IP mode file for STMicroelectronics.X-CUBE-FREERTOS.1.1.0
2025-01-21 18:21:50,537 [WARN] PackLoader:240 - Cannot read IP mode file for STMicroelectronics.X-CUBE-TOUCHGFX.4.24.0
2025-01-21 18:21:50,558 [WARN] PackLoader:240 - Cannot read IP mode file for STMicroelectronics.X-CUBE-AZRTOS-F7.1.0.0
2025-01-21 18:21:50,566 [WARN] PackLoader:240 - Cannot read IP mode file for STMicroelectronics.X-CUBE-TOUCHGFX.4.24.2
2025-01-21 18:21:50,578 [WARN] PackLoader:240 - Cannot read IP mode file for STMicroelectronics.X-CUBE-AZRTOS-WL.1.0.0
2025-01-21 18:21:50,581 [WARN] PackLoader:240 - Cannot read IP mode file for STMicroelectronics.X-CUBE-TOUCHGFX.4.24.1
2025-01-21 18:21:50,589 [WARN] PackLoader:240 - Cannot read IP mode file for portGmbH.I-Cube-SoM-uGOAL.1.1.0
2025-01-21 18:21:50,595 [WARN] PackLoader:240 - Cannot read IP mode file for STMicroelectronics.X-CUBE-ALS.1.0.1
2025-01-21 18:21:50,612 [WARN] PackLoader:240 - Cannot read IP mode file for STMicroelectronics.X-CUBE-AZRTOS-L5.1.0.0
2025-01-21 18:21:50,620 [WARN] PackLoader:240 - Cannot read IP mode file for STMicroelectronics.X-CUBE-EEPRMA1.3.1.1
2025-01-21 18:21:50,637 [WARN] PackLoader:240 - Cannot read IP mode file for STMicroelectronics.X-CUBE-AZRTOS-H7RS.1.0.0
2025-01-21 18:21:50,646 [WARN] PackLoader:240 - Cannot read IP mode file for STMicroelectronics.X-CUBE-GNSS1.5.2.0
2025-01-21 18:21:50,653 [WARN] PackLoader:240 - Cannot read IP mode file for STMicroelectronics.FP-ATR-ASTRA1.2.0.0
2025-01-21 18:21:50,665 [WARN] PackLoader:240 - Cannot read IP mode file for STMicroelectronics.X-CUBE-TOF1.3.4.2
2025-01-21 18:21:50,694 [WARN] PackLoader:240 - Cannot read IP mode file for STMicroelectronics.X-CUBE-TOF1.3.4.0
2025-01-21 18:21:50,729 [WARN] PackLoader:240 - Cannot read IP mode file for STMicroelectronics.X-CUBE-TOF1.3.4.1
2025-01-21 18:21:50,782 [WARN] PackLoader:240 - Cannot read IP mode file for STMicroelectronics.X-CUBE-AZRTOS-H7.3.2.0
2025-01-21 18:21:50,796 [WARN] PackLoader:240 - Cannot read IP mode file for wolfSSL.I-CUBE-wolfSSH.1.4.17
2025-01-21 18:21:50,797 [INFO] ThirdParty:978 - Integrity check success = true
2025-01-21 18:21:50,797 [INFO] IntegrityCheckThread:100 - exiting critical section [integrity check]
2025-01-21 18:21:50,797 [INFO] IntegrityCheckThread:103 - End integrity checks thread
2025-01-21 18:25:21,001 [ERROR] LogOutputStream:75 - [STDERR_REDIRECT] 
