2023-09-16 18:44:12,641 [INFO] Activator:176 - 


2023-09-16 18:44:12,653 [INFO] Activator:177 - !SESSION log4j initialized
2023-09-16 18:44:16,648 [ERROR] LogOutputStream:75 - [STDERR_REDIRECT] 
2023-09-16 18:44:17,218 [INFO] LogOutputStream:77 - [STDOUT_REDIRECT] 
2023-09-16 18:44:19,209 [INFO] LogOutputStream:77 - [STDOUT_REDIRECT] 
2023-09-16 18:44:20,081 [INFO] ApplicationProperties:184 - Using Application install path: /Applications/STM32CubeIDE.app/Contents/Eclipse/plugins/com.st.stm32cube.common.mx_6.9.1.202307191849
2023-09-16 18:44:20,101 [INFO] DbMcusXml:78 - Set database path to: /Applications/STM32CubeIDE.app/Contents/Eclipse/plugins/com.st.stm32cube.common.mx_6.9.1.202307191849//db//mcu/
2023-09-16 18:44:20,101 [INFO] ApiDb:274 - Set plugin database path to: /Applications/STM32CubeIDE.app/Contents/Eclipse/plugins/com.st.stm32cube.common.mx_6.9.1.202307191849//db//plugins/boardmanager/
2023-09-16 18:44:20,101 [WARN] ApiDb:259 - Overriding images path with different value:  => /Applications/STM32CubeIDE.app/Contents/Eclipse/plugins/com.st.stm32cube.common.mx_6.9.1.202307191849//db//plugins/mcufinder/images/
2023-09-16 18:44:20,113 [INFO] ApiDb:250 - Set database path to: /Users/mishaynaidoo/.stmcufinder/plugins/mcufinder//mcu/
2023-09-16 18:44:20,115 [INFO] DbMcusAds:125 - Set database path to: /Users/mishaynaidoo/.stmcufinder/plugins/mcufinder//mcu/
2023-09-16 18:44:20,118 [INFO] CrossReferenceDbSqlite:203 - Set database path to: /Users/mishaynaidoo/.stmcufinder/plugins/mcufinder//mcu/cs/
2023-09-16 18:44:20,281 [INFO] RulesReader:64 - Compatibility file has been processed (293 Rules)
2023-09-16 18:44:20,374 [INFO] DbMcusXml:78 - Set database path to: /Applications/STM32CubeIDE.app/Contents/Eclipse/plugins/com.st.stm32cube.common.mx_6.9.1.202307191849//db//mcu/
2023-09-16 18:44:20,375 [INFO] ApiDb:274 - Set plugin database path to: /Applications/STM32CubeIDE.app/Contents/Eclipse/plugins/com.st.stm32cube.common.mx_6.9.1.202307191849//db//plugins/boardmanager/
2023-09-16 18:44:20,375 [INFO] ApiDb:261 - Set plugin images path to: /Applications/STM32CubeIDE.app/Contents/Eclipse/plugins/com.st.stm32cube.common.mx_6.9.1.202307191849//db//plugins/mcufinder/images/
2023-09-16 18:44:20,375 [WARN] DbFile:41 - Overriding database path with different value: /Users/mishaynaidoo/.stmcufinder/plugins/mcufinder/ => /Users/mishaynaidoo/.stmcufinder/plugins/mcufinder
2023-09-16 18:44:20,375 [INFO] ApiDb:250 - Set database path to: /Users/mishaynaidoo/.stmcufinder/plugins/mcufinder//mcu/
2023-09-16 18:44:20,375 [WARN] DbFile:41 - Overriding database path with different value: /Users/mishaynaidoo/.stmcufinder/plugins/mcufinder/ => /Users/mishaynaidoo/.stmcufinder/plugins/mcufinder
2023-09-16 18:44:20,375 [INFO] DbMcusAds:125 - Set database path to: /Users/mishaynaidoo/.stmcufinder/plugins/mcufinder//mcu/
2023-09-16 18:44:20,375 [WARN] DbFile:41 - Overriding database path with different value: /Users/mishaynaidoo/.stmcufinder/plugins/mcufinder/ => /Users/mishaynaidoo/.stmcufinder/plugins/mcufinder
2023-09-16 18:44:20,376 [WARN] DbFile:41 - Overriding database path with different value: /Users/mishaynaidoo/.stmcufinder/plugins/mcufinder/ => /Users/mishaynaidoo/.stmcufinder/plugins/mcufinder
2023-09-16 18:44:20,376 [INFO] CrossReferenceDbSqlite:203 - Set database path to: /Users/mishaynaidoo/.stmcufinder/plugins/mcufinder//mcu/cs/
2023-09-16 18:44:20,539 [INFO] MainPanel:262 - HeapMemory: 268435456
2023-09-16 18:44:20,748 [INFO] DbMcusXml:78 - Set database path to: /Applications/STM32CubeIDE.app/Contents/Eclipse/plugins/com.st.stm32cube.common.mx_6.9.1.202307191849//db//mcu/
2023-09-16 18:44:20,748 [INFO] ApiDb:274 - Set plugin database path to: /Applications/STM32CubeIDE.app/Contents/Eclipse/plugins/com.st.stm32cube.common.mx_6.9.1.202307191849//db//plugins/boardmanager/
2023-09-16 18:44:20,748 [INFO] ApiDb:261 - Set plugin images path to: /Applications/STM32CubeIDE.app/Contents/Eclipse/plugins/com.st.stm32cube.common.mx_6.9.1.202307191849//db//plugins/mcufinder/images/
2023-09-16 18:44:20,749 [WARN] DbFile:41 - Overriding database path with different value: /Users/mishaynaidoo/.stmcufinder/plugins/mcufinder/ => /Users/mishaynaidoo/.stmcufinder/plugins/mcufinder
2023-09-16 18:44:20,749 [INFO] ApiDb:250 - Set database path to: /Users/mishaynaidoo/.stmcufinder/plugins/mcufinder//mcu/
2023-09-16 18:44:20,749 [WARN] DbFile:41 - Overriding database path with different value: /Users/mishaynaidoo/.stmcufinder/plugins/mcufinder/ => /Users/mishaynaidoo/.stmcufinder/plugins/mcufinder
2023-09-16 18:44:20,749 [INFO] DbMcusAds:125 - Set database path to: /Users/mishaynaidoo/.stmcufinder/plugins/mcufinder//mcu/
2023-09-16 18:44:20,749 [WARN] DbFile:41 - Overriding database path with different value: /Users/mishaynaidoo/.stmcufinder/plugins/mcufinder/ => /Users/mishaynaidoo/.stmcufinder/plugins/mcufinder
2023-09-16 18:44:20,749 [WARN] DbFile:41 - Overriding database path with different value: /Users/mishaynaidoo/.stmcufinder/plugins/mcufinder/ => /Users/mishaynaidoo/.stmcufinder/plugins/mcufinder
2023-09-16 18:44:20,750 [INFO] CrossReferenceDbSqlite:203 - Set database path to: /Users/mishaynaidoo/.stmcufinder/plugins/mcufinder//mcu/cs/
2023-09-16 18:44:20,766 [INFO] ApplicationProperties:184 - Using Application install path: /Applications/STM32CubeIDE.app/Contents/Eclipse/plugins/com.st.stm32cube.common.mx_6.9.1.202307191849
2023-09-16 18:44:20,767 [INFO] PluginManage:196 - Search for loadable plugins [exclusion list=, ]
2023-09-16 18:44:20,769 [INFO] PluginManage:310 - Check plugin analytics
2023-09-16 18:44:20,964 [INFO] AnalyticsPlugin:253 - Accepted Software Licenses: 
2023-09-16 18:44:20,964 [INFO] AnalyticsPlugin:255 - Accepted CMSIS Pack Licenses: 
2023-09-16 18:44:20,965 [INFO] AnalyticsPlugin:257 - Accepted Firmware Licenses: 
2023-09-16 18:44:20,967 [INFO] PluginManage:359 - Loaded plugin analytics (category:tool,tabindex:-1)
2023-09-16 18:44:20,968 [INFO] PluginManage:310 - Check plugin cadmodel
2023-09-16 18:44:21,574 [INFO] CADModel:105 - Init CAD model plugin
2023-09-16 18:44:21,574 [INFO] PluginManage:359 - Loaded plugin cadmodel (category:power,tabindex:5)
2023-09-16 18:44:21,574 [INFO] PluginManage:310 - Check plugin clock
2023-09-16 18:44:21,617 [INFO] PluginManage:359 - Loaded plugin clock (category:base,tabindex:2)
2023-09-16 18:44:21,617 [INFO] PluginManage:310 - Check plugin ddr
2023-09-16 18:44:21,620 [INFO] PluginManage:359 - Loaded plugin ddr (category:tool,tabindex:6)
2023-09-16 18:44:21,620 [INFO] PluginManage:310 - Check plugin filemanager
2023-09-16 18:44:21,818 [INFO] PluginManage:359 - Loaded plugin filemanager (category:base,tabindex:10)
2023-09-16 18:44:21,819 [INFO] PluginManage:310 - Check plugin ipmanager
2023-09-16 18:44:21,825 [INFO] PluginManage:359 - Loaded plugin ipmanager (category:base,tabindex:5)
2023-09-16 18:44:21,825 [INFO] PluginManage:310 - Check plugin lpbam
2023-09-16 18:44:21,837 [INFO] PluginManage:359 - Loaded plugin lpbam (category:base,tabindex:0)
2023-09-16 18:44:21,837 [INFO] PluginManage:310 - Check plugin memorymap
2023-09-16 18:44:21,853 [INFO] PluginManage:359 - Loaded plugin memorymap (category:base,tabindex:4)
2023-09-16 18:44:21,853 [INFO] PluginManage:310 - Check plugin pinoutandconfiguration
2023-09-16 18:44:21,861 [INFO] PluginManage:359 - Loaded plugin pinoutandconfiguration (category:base,tabindex:1)
2023-09-16 18:44:21,861 [INFO] PluginManage:310 - Check plugin pinoutconfig
2023-09-16 18:44:21,977 [WARN] SupportedApi:132 - Cannot load RTOS API schema: s4s-elt-must-match.1: The content of 'definitions' must match (annotation?, (simpleType | complexType)?, (unique | key | keyref)*)). A problem was found starting at: attribute.
2023-09-16 18:44:22,133 [INFO] PluginManage:359 - Loaded plugin pinoutconfig (category:base,tabindex:0)
2023-09-16 18:44:22,134 [INFO] PluginManage:310 - Check plugin power
2023-09-16 18:44:22,151 [INFO] PluginManage:359 - Loaded plugin power (category:power,tabindex:4)
2023-09-16 18:44:22,151 [INFO] PluginManage:310 - Check plugin projectmanager
2023-09-16 18:44:22,165 [INFO] PluginManage:359 - Loaded plugin projectmanager (category:projectmanager,tabindex:3)
2023-09-16 18:44:22,166 [INFO] PluginManage:310 - Check plugin thirdparty
2023-09-16 18:44:22,329 [INFO] PluginManage:359 - Loaded plugin thirdparty (category:base,tabindex:-1)
2023-09-16 18:44:22,329 [INFO] PluginManage:310 - Check plugin tools
2023-09-16 18:44:22,329 [WARN] IntegrityCheckThread:84 - waiting for thirdparty lock release [integrity check]
2023-09-16 18:44:22,329 [INFO] IntegrityCheckThread:86 - entering critical section [integrity check]
2023-09-16 18:44:22,330 [INFO] ThirdPartyUpdaterWithRetryManager:70 - Updater plugin not ready yet. [1/15]
2023-09-16 18:44:22,332 [INFO] PluginManage:359 - Loaded plugin tools (category:base,tabindex:7)
2023-09-16 18:44:22,332 [INFO] PluginManage:310 - Check plugin tutovideos
2023-09-16 18:44:22,589 [INFO] PluginManage:359 - Loaded plugin tutovideos (category:base,tabindex:-1)
2023-09-16 18:44:22,590 [INFO] PluginManage:310 - Check plugin updater
2023-09-16 18:44:22,601 [INFO] PluginManage:359 - Loaded plugin updater (category:base,tabindex:12)
2023-09-16 18:44:22,601 [INFO] PluginManage:310 - Check plugin userauth
2023-09-16 18:44:22,607 [INFO] UserAuth:113 - Init User Auth plugin
2023-09-16 18:44:22,607 [INFO] PluginManage:359 - Loaded plugin userauth (category:base,tabindex:14)
2023-09-16 18:44:22,608 [INFO] PluginManage:283 - PluginManage : Loaded plugins [17]
2023-09-16 18:44:22,844 [INFO] PinOutPanel:1499 - setPackage(No Configuration,No Configuration)
2023-09-16 18:44:22,944 [INFO] CADModel:165 - CPN selected for project level
2023-09-16 18:44:22,944 [INFO] CADModel:114 - Register for checkConnection events
2023-09-16 18:44:22,957 [INFO] IPUIPlugin:80 - create IPUIPlugin
2023-09-16 18:44:22,958 [INFO] PluginManager:220 - loadIPPluginJar : add mdma
2023-09-16 18:44:22,965 [INFO] IPUIPlugin:80 - create IPUIPlugin
2023-09-16 18:44:22,965 [INFO] PluginManager:220 - loadIPPluginJar : add freertos
2023-09-16 18:44:22,971 [INFO] IPUIPlugin:80 - create IPUIPlugin
2023-09-16 18:44:22,971 [INFO] PluginManager:220 - loadIPPluginJar : add gic
2023-09-16 18:44:22,980 [INFO] IPUIPlugin:80 - create IPUIPlugin
2023-09-16 18:44:22,980 [INFO] PluginManager:220 - loadIPPluginJar : add adc
2023-09-16 18:44:22,984 [INFO] IPUIPlugin:80 - create IPUIPlugin
2023-09-16 18:44:22,984 [INFO] PluginManager:220 - loadIPPluginJar : add gtzc
2023-09-16 18:44:22,986 [INFO] IPUIPlugin:80 - create IPUIPlugin
2023-09-16 18:44:22,986 [INFO] PluginManager:220 - loadIPPluginJar : add quadspi
2023-09-16 18:44:22,990 [INFO] IPUIPlugin:80 - create IPUIPlugin
2023-09-16 18:44:22,990 [INFO] PluginManager:220 - loadIPPluginJar : add aes
2023-09-16 18:44:22,993 [INFO] IPUIPlugin:80 - create IPUIPlugin
2023-09-16 18:44:22,993 [INFO] PluginManager:220 - loadIPPluginJar : add pdm2pcm
2023-09-16 18:44:22,995 [INFO] IPUIPlugin:80 - create IPUIPlugin
2023-09-16 18:44:22,995 [INFO] PluginManager:220 - loadIPPluginJar : add hash
2023-09-16 18:44:22,997 [INFO] IPUIPlugin:80 - create IPUIPlugin
2023-09-16 18:44:22,997 [INFO] PluginManager:220 - loadIPPluginJar : add tim
2023-09-16 18:44:22,998 [INFO] IPUIPlugin:80 - create IPUIPlugin
2023-09-16 18:44:22,999 [INFO] PluginManager:220 - loadIPPluginJar : add tsc
2023-09-16 18:44:23,000 [INFO] IPUIPlugin:80 - create IPUIPlugin
2023-09-16 18:44:23,000 [INFO] PluginManager:220 - loadIPPluginJar : add ts
2023-09-16 18:44:23,004 [INFO] IPUIPlugin:80 - create IPUIPlugin
2023-09-16 18:44:23,004 [INFO] PluginManager:220 - loadIPPluginJar : add can
2023-09-16 18:44:23,006 [INFO] IPUIPlugin:80 - create IPUIPlugin
2023-09-16 18:44:23,006 [INFO] PluginManager:220 - loadIPPluginJar : add dma3
2023-09-16 18:44:23,008 [INFO] IPUIPlugin:80 - create IPUIPlugin
2023-09-16 18:44:23,008 [INFO] PluginManager:220 - loadIPPluginJar : add dfsdm
2023-09-16 18:44:23,011 [INFO] IPUIPlugin:80 - create IPUIPlugin
2023-09-16 18:44:23,011 [INFO] PluginManager:220 - loadIPPluginJar : add spi
2023-09-16 18:44:23,015 [INFO] IPUIPlugin:80 - create IPUIPlugin
2023-09-16 18:44:23,015 [INFO] PluginManager:220 - loadIPPluginJar : add gfxmmu
2023-09-16 18:44:23,017 [INFO] IPUIPlugin:80 - create IPUIPlugin
2023-09-16 18:44:23,017 [INFO] PluginManager:220 - loadIPPluginJar : add genericplugin
2023-09-16 18:44:23,020 [INFO] IPUIPlugin:80 - create IPUIPlugin
2023-09-16 18:44:23,020 [INFO] PluginManager:220 - loadIPPluginJar : add cryp
2023-09-16 18:44:23,027 [INFO] IPUIPlugin:80 - create IPUIPlugin
2023-09-16 18:44:23,027 [INFO] PluginManager:220 - loadIPPluginJar : add gpio
2023-09-16 18:44:23,029 [INFO] IPUIPlugin:80 - create IPUIPlugin
2023-09-16 18:44:23,029 [INFO] PluginManager:220 - loadIPPluginJar : add comp
2023-09-16 18:44:23,031 [INFO] IPUIPlugin:80 - create IPUIPlugin
2023-09-16 18:44:23,031 [INFO] PluginManager:220 - loadIPPluginJar : add tracer_emb
2023-09-16 18:44:23,036 [INFO] IPUIPlugin:80 - create IPUIPlugin
2023-09-16 18:44:23,036 [INFO] PluginManager:220 - loadIPPluginJar : add openamp
2023-09-16 18:44:23,041 [INFO] IPUIPlugin:80 - create IPUIPlugin
2023-09-16 18:44:23,042 [INFO] PluginManager:220 - loadIPPluginJar : add stm32_wpan
2023-09-16 18:44:23,048 [INFO] IPUIPlugin:80 - create IPUIPlugin
2023-09-16 18:44:23,051 [INFO] PluginManager:220 - loadIPPluginJar : add plateformsettings
2023-09-16 18:44:23,054 [INFO] IPUIPlugin:80 - create IPUIPlugin
2023-09-16 18:44:23,054 [INFO] PluginManager:220 - loadIPPluginJar : add ipddr
2023-09-16 18:44:23,057 [INFO] IPUIPlugin:80 - create IPUIPlugin
2023-09-16 18:44:23,057 [INFO] PluginManager:220 - loadIPPluginJar : add usart
2023-09-16 18:44:23,058 [INFO] IPUIPlugin:80 - create IPUIPlugin
2023-09-16 18:44:23,058 [INFO] PluginManager:220 - loadIPPluginJar : add ltdc
2023-09-16 18:44:23,062 [INFO] IPUIPlugin:80 - create IPUIPlugin
2023-09-16 18:44:23,062 [INFO] PluginManager:220 - loadIPPluginJar : add nvic
2023-09-16 18:44:23,064 [INFO] IPUIPlugin:80 - create IPUIPlugin
2023-09-16 18:44:23,064 [INFO] PluginManager:220 - loadIPPluginJar : add fatfs
2023-09-16 18:44:23,075 [INFO] IPUIPlugin:80 - create IPUIPlugin
2023-09-16 18:44:23,075 [INFO] PluginManager:220 - loadIPPluginJar : add linkedlist
2023-09-16 18:44:23,082 [INFO] IPUIPlugin:80 - create IPUIPlugin
2023-09-16 18:44:23,082 [INFO] PluginManager:220 - loadIPPluginJar : add dma
2023-09-16 18:44:23,088 [INFO] IPUIPlugin:80 - create IPUIPlugin
2023-09-16 18:44:23,088 [INFO] PluginManager:220 - loadIPPluginJar : add fmc
2023-09-16 18:44:23,091 [INFO] IPUIPlugin:80 - create IPUIPlugin
2023-09-16 18:44:23,091 [INFO] PluginManager:220 - loadIPPluginJar : add i2s
2023-09-16 18:44:23,093 [INFO] IPUIPlugin:80 - create IPUIPlugin
2023-09-16 18:44:23,093 [INFO] PluginManager:220 - loadIPPluginJar : add ucpd
2023-09-16 18:44:23,095 [INFO] IPUIPlugin:80 - create IPUIPlugin
2023-09-16 18:44:23,095 [INFO] PluginManager:220 - loadIPPluginJar : add lorawan
2023-09-16 18:44:23,097 [INFO] IPUIPlugin:80 - create IPUIPlugin
2023-09-16 18:44:23,097 [INFO] PluginManager:220 - loadIPPluginJar : add opamp
2023-09-16 18:44:23,100 [INFO] IPUIPlugin:80 - create IPUIPlugin
2023-09-16 18:44:23,100 [INFO] PluginManager:220 - loadIPPluginJar : add i3c
2023-09-16 18:44:23,103 [INFO] IPUIPlugin:80 - create IPUIPlugin
2023-09-16 18:44:23,103 [INFO] PluginManager:220 - loadIPPluginJar : add touchsensing
2023-09-16 18:44:23,106 [INFO] IPUIPlugin:80 - create IPUIPlugin
2023-09-16 18:44:23,106 [INFO] PluginManager:220 - loadIPPluginJar : add i2c
2023-09-16 18:44:23,110 [INFO] IPUIPlugin:80 - create IPUIPlugin
2023-09-16 18:44:23,110 [INFO] PluginManager:220 - loadIPPluginJar : add resmgrutility
2023-09-16 18:44:23,113 [INFO] IPUIPlugin:80 - create IPUIPlugin
2023-09-16 18:44:23,113 [INFO] PluginManager:220 - loadIPPluginJar : add sai
2023-09-16 18:44:23,116 [INFO] IPUIPlugin:80 - create IPUIPlugin
2023-09-16 18:44:23,116 [INFO] PluginManager:220 - loadIPPluginJar : add usbx
2023-09-16 18:44:23,213 [INFO] CADModel:165 - CPN selected for project level
2023-09-16 18:44:23,213 [INFO] CADModel:114 - Register for checkConnection events
2023-09-16 18:44:23,213 [FATAL] Updater:308 - Updater called before beeing initialized
2023-09-16 18:44:23,213 [ERROR] CADModel:125 - Updater not yet initialized, retry later 
2023-09-16 18:44:23,442 [INFO] CADModel:165 - CPN selected for project level
2023-09-16 18:44:23,443 [INFO] CADModel:114 - Register for checkConnection events
2023-09-16 18:44:23,443 [FATAL] Updater:308 - Updater called before beeing initialized
2023-09-16 18:44:23,443 [ERROR] CADModel:125 - Updater not yet initialized, retry later 
2023-09-16 18:44:23,446 [FATAL] Updater:308 - Updater called before beeing initialized
2023-09-16 18:44:23,523 [FATAL] Updater:308 - Updater called before beeing initialized
2023-09-16 18:44:23,529 [INFO] DbMcusAds:53 - JSON generation date=Tue Mar 07 10:50:54 SAST 2023 (1678179054945)
2023-09-16 18:44:23,529 [FATAL] Updater:308 - Updater called before beeing initialized
2023-09-16 18:44:23,633 [WARN] DetailPanel:346 - Failed to get advertising image, set to default
2023-09-16 18:44:23,735 [FATAL] Updater:308 - Updater called before beeing initialized
2023-09-16 18:44:23,737 [FATAL] Updater:308 - Updater called before beeing initialized
2023-09-16 18:44:23,737 [FATAL] Updater:308 - Updater called before beeing initialized
2023-09-16 18:44:23,737 [WARN] DetailPanel:346 - Failed to get advertising image, set to default
2023-09-16 18:44:23,738 [FATAL] Updater:308 - Updater called before beeing initialized
2023-09-16 18:44:23,765 [ERROR] Updater:1120 - MainUpdater not yet initialized. External WinMGr cannot be set.
2023-09-16 18:44:23,786 [INFO] Updater:1056 - Updater Version found : 6.9.1
2023-09-16 18:44:23,806 [INFO] ApplicationProperties:184 - Using Application install path: /Applications/STM32CubeIDE.app/Contents/Eclipse/plugins/com.st.stm32cube.common.mx_6.9.1.202307191849
2023-09-16 18:44:23,960 [INFO] MainUpdater:2868 - connection check result : 10
2023-09-16 18:44:23,960 [INFO] MainUpdater:285 - Updater Check For Update Now.
2023-09-16 18:44:23,960 [INFO] MicroXplorer:498 - Change Database Version : DB.6.0.91
2023-09-16 18:44:23,965 [INFO] McuFinderGlobals:63 - Set McuFinder mode to 2 (CubeIDE integrated)
2023-09-16 18:44:23,965 [INFO] UserAuth:179 - activating auth plugin
2023-09-16 18:44:23,967 [INFO] UserAuth:393 - Internet connection configuration mode: 1
2023-09-16 18:44:23,987 [INFO] JxBrowserEngine:151 - Initiate JxBrowser Engine with user profile folder
2023-09-16 18:44:24,143 [INFO] CheckServerUpdateThread:120 - End of CheckServer Thread
2023-09-16 18:44:25,462 [WARN] PackLoader:240 - Cannot read IP mode file for STMicroelectronics.X-CUBE-SMBUS.2.1.0
2023-09-16 18:44:25,535 [WARN] PackLoader:240 - Cannot read IP mode file for STMicroelectronics.X-CUBE-AZRTOS-F7.1.1.0
2023-09-16 18:44:25,551 [WARN] PackLoader:240 - Cannot read IP mode file for STMicroelectronics.FP-SNS-MOTENV1.4.3.2
2023-09-16 18:44:25,563 [WARN] PackLoader:240 - Cannot read IP mode file for STMicroelectronics.FP-SNS-FLIGHT1.5.0.2
2023-09-16 18:44:25,583 [WARN] PackLoader:240 - Cannot read IP mode file for STMicroelectronics.X-CUBE-DISPLAY.3.0.0
2023-09-16 18:44:25,599 [WARN] PackLoader:240 - Cannot read IP mode file for STMicroelectronics.X-CUBE-BLE1.7.0.0
2023-09-16 18:44:25,614 [WARN] PackLoader:240 - Cannot read IP mode file for emotas.I-CUBE-CANOPEN.1.3.0
2023-09-16 18:44:25,619 [WARN] PackLoader:240 - Cannot read IP mode file for STMicroelectronics.X-CUBE-TOUCHGFX.4.22.0
2023-09-16 18:44:25,622 [WARN] PackLoader:240 - Cannot read IP mode file for STMicroelectronics.FP-SNS-SMARTAG2.1.2.0
2023-09-16 18:44:25,641 [INFO] LogOutputStream:77 - [STDOUT_REDIRECT] 1 : Invalid condition id : UX_CORESTACK_Condition cause : null
2023-09-16 18:44:25,642 [INFO] LogOutputStream:77 - [STDOUT_REDIRECT] 1 : Invalid condition id : UX_CORESTACK_Condition cause : null
2023-09-16 18:44:25,642 [INFO] LogOutputStream:77 - [STDOUT_REDIRECT] 1 : Invalid condition id : UX_CORESTACK_Condition cause : null
2023-09-16 18:44:25,642 [INFO] LogOutputStream:77 - [STDOUT_REDIRECT] 1 : Invalid condition id : UX_CORESTACK_Condition cause : null
2023-09-16 18:44:25,642 [INFO] LogOutputStream:77 - [STDOUT_REDIRECT] 1 : Invalid condition id : UX_CORESTACK_Condition cause : null
2023-09-16 18:44:25,649 [WARN] PackLoader:240 - Cannot read IP mode file for STMicroelectronics.X-CUBE-AZRTOS-WL.2.0.0
2023-09-16 18:44:25,661 [WARN] PackLoader:240 - Cannot read IP mode file for WES.I-CUBE-Cesium.1.3.0
2023-09-16 18:44:25,672 [WARN] PackLoader:240 - Cannot read IP mode file for STMicroelectronics.X-CUBE-BLE2.3.3.0
2023-09-16 18:44:25,687 [WARN] PackLoader:240 - Cannot read IP mode file for STMicroelectronics.X-CUBE-ALGOBUILD.1.3.0
2023-09-16 18:44:25,830 [WARN] PackLoader:240 - Cannot read IP mode file for STMicroelectronics.X-CUBE-AZRTOS-G0.1.1.0
2023-09-16 18:44:25,840 [WARN] PackLoader:240 - Cannot read IP mode file for STMicroelectronics.X-CUBE-NFC4.3.0.0
2023-09-16 18:44:25,845 [WARN] PackLoader:240 - Cannot read IP mode file for STMicroelectronics.FP-ATR-SIGFOX1.3.2.0
2023-09-16 18:44:25,900 [WARN] PackLoader:240 - Cannot read IP mode file for SEGGER.I-CUBE-embOS.1.3.1
2023-09-16 18:44:25,962 [WARN] PackLoader:240 - Cannot read IP mode file for STMicroelectronics.X-CUBE-GNSS1.6.0.0
2023-09-16 18:44:25,995 [WARN] PackLoader:240 - Cannot read IP mode file for STMicroelectronics.X-CUBE-AZRTOS-F4.1.1.0
2023-09-16 18:44:26,024 [WARN] PackLoader:240 - Cannot read IP mode file for wolfSSL.I-CUBE-wolfSSL.5.6.3
2023-09-16 18:44:26,160 [WARN] PackLoader:240 - Cannot read IP mode file for STMicroelectronics.X-CUBE-AZRTOS-L5.2.0.0
2023-09-16 18:44:26,258 [WARN] PackLoader:240 - Cannot read IP mode file for STMicroelectronics.X-CUBE-MEMS1.9.6.0
2023-09-16 18:44:26,545 [WARN] PackLoader:240 - Cannot read IP mode file for STMicroelectronics.X-CUBE-BLEMGR.2.0.0
2023-09-16 18:44:26,595 [WARN] ConditionMgr:438 - getConditionDescription Invalid condition id : UX DEVICE CLASS RTOS Condition cause : null
2023-09-16 18:44:26,595 [WARN] ConditionMgr:438 - getConditionDescription Invalid condition id : UX DEVICE CLASS RTOS Condition cause : null
2023-09-16 18:44:26,602 [WARN] PackLoader:240 - Cannot read IP mode file for STMicroelectronics.X-CUBE-AZRTOS-H7.3.1.0
2023-09-16 18:44:26,604 [WARN] ConditionMgr:1039 - genDependencies : Invalid condition id : UX DEVICE CLASS RTOS Condition cause : null
2023-09-16 18:44:26,605 [WARN] ConditionMgr:1039 - genDependencies : Invalid condition id : UX DEVICE CLASS RTOS Condition cause : null
2023-09-16 18:44:26,605 [WARN] ConditionMgr:1039 - genDependencies : Invalid condition id : UX DEVICE CLASS RTOS Condition cause : null
2023-09-16 18:44:26,606 [WARN] ConditionMgr:1039 - genDependencies : Invalid condition id : UX DEVICE CLASS RTOS Condition cause : null
2023-09-16 18:44:26,606 [WARN] ConditionMgr:1039 - genDependencies : Invalid condition id : UX DEVICE CLASS RTOS Condition cause : null
2023-09-16 18:44:26,716 [WARN] PackLoader:240 - Cannot read IP mode file for STMicroelectronics.X-CUBE-NFC7.1.0.1
2023-09-16 18:44:26,759 [WARN] PackLoader:240 - Cannot read IP mode file for STMicroelectronics.X-CUBE-NFC6.3.0.0
2023-09-16 18:44:26,787 [WARN] PackLoader:240 - Cannot read IP mode file for STMicroelectronics.X-CUBE-EEPRMA1.4.1.0
2023-09-16 18:44:26,866 [WARN] PackLoader:240 - Cannot read IP mode file for STMicroelectronics.X-CUBE-AI.8.1.0
2023-09-16 18:44:26,897 [WARN] ConditionMgr:438 - getConditionDescription Invalid condition id : LAN8742 Phy interface Condition cause : null
2023-09-16 18:44:26,898 [WARN] PackLoader:240 - Cannot read IP mode file for STMicroelectronics.X-CUBE-AZRTOS-L4.2.0.0
2023-09-16 18:44:26,900 [WARN] ConditionMgr:1039 - genDependencies : Invalid condition id : LAN8742 Phy interface Condition cause : null
2023-09-16 18:44:26,900 [WARN] ConditionMgr:1039 - genDependencies : Invalid condition id : LAN8742 Phy interface Condition cause : null
2023-09-16 18:44:26,901 [WARN] ConditionMgr:1039 - genDependencies : Invalid condition id : LAN8742 Phy interface Condition cause : null
2023-09-16 18:44:26,913 [WARN] PackLoader:240 - Cannot read IP mode file for STMicroelectronics.X-CUBE-SFXS2LP1.4.0.0
2023-09-16 18:44:26,920 [WARN] PackLoader:240 - Cannot read IP mode file for STMicroelectronics.X-CUBE-ISPU.1.1.0
2023-09-16 18:44:26,940 [WARN] ConditionMgr:438 - getConditionDescription Invalid condition id : UX DEVICE CLASS RTOS Condition cause : null
2023-09-16 18:44:26,941 [WARN] ConditionMgr:438 - getConditionDescription Invalid condition id : UX DEVICE CLASS RTOS Condition cause : null
2023-09-16 18:44:26,944 [WARN] PackLoader:240 - Cannot read IP mode file for STMicroelectronics.X-CUBE-AZRTOS-WB.2.0.0
2023-09-16 18:44:26,945 [WARN] ConditionMgr:1039 - genDependencies : Invalid condition id : UX DEVICE CLASS RTOS Condition cause : null
2023-09-16 18:44:26,945 [WARN] ConditionMgr:1039 - genDependencies : Invalid condition id : UX DEVICE CLASS RTOS Condition cause : null
2023-09-16 18:44:26,946 [WARN] ConditionMgr:1039 - genDependencies : Invalid condition id : UX DEVICE CLASS RTOS Condition cause : null
2023-09-16 18:44:26,947 [WARN] ConditionMgr:1039 - genDependencies : Invalid condition id : UX DEVICE CLASS RTOS Condition cause : null
2023-09-16 18:44:26,947 [WARN] ConditionMgr:1039 - genDependencies : Invalid condition id : UX DEVICE CLASS RTOS Condition cause : null
2023-09-16 18:44:26,963 [WARN] PackLoader:240 - Cannot read IP mode file for STMicroelectronics.X-CUBE-SUBG2.5.0.0
2023-09-16 18:44:26,985 [WARN] PackLoader:240 - Cannot read IP mode file for STMicroelectronics.X-CUBE-TOF1.3.3.1
2023-09-16 18:44:27,015 [WARN] PackLoader:240 - Cannot read IP mode file for STMicroelectronics.X-CUBE-AZRTOS-G4.2.0.0
2023-09-16 18:44:27,022 [WARN] PackLoader:240 - Cannot read IP mode file for STMicroelectronics.X-CUBE-FREERTOS.1.1.0
2023-09-16 18:44:27,033 [WARN] PackLoader:240 - Cannot read IP mode file for portGmbH.I-Cube-SoM-uGOAL.1.1.0
2023-09-16 18:44:27,040 [WARN] PackLoader:240 - Cannot read IP mode file for STMicroelectronics.X-CUBE-ALS.1.0.1
2023-09-16 18:44:27,045 [WARN] PackLoader:240 - Cannot read IP mode file for STMicroelectronics.FP-ATR-ASTRA1.2.0.0
2023-09-16 18:44:27,046 [INFO] ThirdParty:978 - Integrity check success = true
2023-09-16 18:44:27,046 [INFO] IntegrityCheckThread:100 - exiting critical section [integrity check]
2023-09-16 18:44:27,046 [INFO] IntegrityCheckThread:103 - End integrity checks thread
2023-09-16 18:44:27,290 [INFO] WebApp:157 - Instantiating new browser for Auth
2023-09-16 18:44:28,409 [INFO] WebApp:753 - Register for checkConnection events
2023-09-16 18:44:28,409 [INFO] WebApp:390 - Apply proxy settings
2023-09-16 18:44:28,412 [INFO] WebApp:455 - Chromium authenticates against System proxy
2023-09-16 18:44:28,692 [INFO] WebApp:188 - Starting web application
2023-09-16 18:44:28,693 [INFO] WebApp:520 - Web application path used /Applications/STM32CubeIDE.app/Contents/Eclipse/plugins/com.st.stm32cube.common.mx_6.9.1.202307191849/db/plugins/mcufinder/reactClient1/index.html
2023-09-16 18:44:49,681 [ERROR] LogOutputStream:75 - [STDERR_REDIRECT] SLF4J: Failed to load class "org.slf4j.impl.StaticLoggerBinder".
2023-09-16 18:44:49,682 [ERROR] LogOutputStream:75 - [STDERR_REDIRECT] SLF4J: Defaulting to no-operation (NOP) logger implementation
2023-09-16 18:44:49,682 [ERROR] LogOutputStream:75 - [STDERR_REDIRECT] SLF4J: See http://www.slf4j.org/codes.html#StaticLoggerBinder for further details.
2023-09-16 18:45:10,343 [INFO] McuFinderGlobals:63 - Set McuFinder mode to 2 (CubeIDE integrated)
2023-09-16 18:45:10,348 [INFO] MainUpdater:2868 - connection check result : 10
2023-09-16 18:45:10,349 [INFO] MainUpdater:2868 - connection check result : 10
2023-09-16 18:45:10,800 [INFO] MicroXplorer:468 - Change Database Path : 
2023-09-16 18:45:10,801 [INFO] MicroXplorer:498 - Change Database Version : DB.6.0.91
2023-09-16 18:45:10,811 [WARN] ThirdParty:871 - waiting for thirdparty lock release [close project]
2023-09-16 18:45:10,811 [INFO] ThirdParty:873 - entering critical section [close project]
2023-09-16 18:45:10,812 [INFO] ThirdParty:883 - exiting critical section [close project]
2023-09-16 18:45:10,815 [INFO] PinOutPanel:1499 - setPackage(No Configuration,No Configuration)
2023-09-16 18:45:10,822 [INFO] UtilMem:75 - Begin LoadConfig() Used Memory: 257451136 Bytes (593494016)
2023-09-16 18:45:10,823 [INFO] MicroXplorer:468 - Change Database Path : 
2023-09-16 18:45:10,824 [INFO] MicroXplorer:498 - Change Database Version : DB.6.0.91
2023-09-16 18:45:10,824 [INFO] OpenFileManager:308 - Change cursor
2023-09-16 18:45:10,849 [INFO] Mcu:1946 - Initializing MCU STM32F051R8Tx STM32F051R8Tx STM32F051R8T6
2023-09-16 18:45:12,067 [INFO] Context:659 - Trying to add GPIOservice into a context  which must be forbidden
2023-09-16 18:45:13,058 [INFO] RtosManager:555 - Registered RTOS mode: class=CMSIS, group=RTOS, mode=CMSIS_V1, owner=FREERTOS
2023-09-16 18:45:13,059 [INFO] RtosManager:555 - Registered RTOS mode: class=CMSIS, group=RTOS2, mode=CMSIS_V2, owner=FREERTOS
2023-09-16 18:45:13,059 [INFO] RtosManager:555 - Registered RTOS mode: class=RTOS, group=Core, mode=CMSIS_V1, owner=FREERTOS
2023-09-16 18:45:13,059 [INFO] RtosManager:555 - Registered RTOS mode: class=RTOS, group=Core, mode=CMSIS_V2, owner=FREERTOS
2023-09-16 18:45:13,059 [WARN] ModelIntegratedComponent:184 - Missing modes for component STMicroelectronics:FreeRTOS:0.0.1:STMicroelectronics:RTOS:FreeRTOS:Core:::10.2.0:
2023-09-16 18:45:13,076 [WARN] ModelIntegratedComponent:63 - No mode defined for component null
2023-09-16 18:45:13,076 [WARN] ModelIntegratedComponent:63 - No mode defined for component null
2023-09-16 18:45:13,076 [WARN] ModelIntegratedComponent:63 - No mode defined for component null
2023-09-16 18:45:13,076 [WARN] ModelIntegratedComponent:63 - No mode defined for component null
2023-09-16 18:45:13,076 [WARN] ModelIntegratedComponent:63 - No mode defined for component null
2023-09-16 18:45:13,077 [WARN] ModelIntegratedComponent:63 - No mode defined for component null
2023-09-16 18:45:13,077 [WARN] ModelIntegratedComponent:63 - No mode defined for component null
2023-09-16 18:45:13,077 [WARN] ModelIntegratedComponent:63 - No mode defined for component null
2023-09-16 18:45:13,077 [WARN] ModelIntegratedComponent:63 - No mode defined for component null
2023-09-16 18:45:13,077 [WARN] ModelIntegratedComponent:63 - No mode defined for component null
2023-09-16 18:45:13,077 [WARN] ModelIntegratedComponent:63 - No mode defined for component null
2023-09-16 18:45:13,077 [WARN] ModelIntegratedComponent:63 - No mode defined for component null
2023-09-16 18:45:13,077 [WARN] ModelIntegratedComponent:63 - No mode defined for component null
2023-09-16 18:45:13,077 [WARN] ModelIntegratedComponent:63 - No mode defined for component null
2023-09-16 18:45:13,077 [WARN] ModelIntegratedComponent:63 - No mode defined for component null
2023-09-16 18:45:13,077 [WARN] ModelIntegratedComponent:63 - No mode defined for component null
2023-09-16 18:45:13,077 [WARN] ModelIntegratedComponent:63 - No mode defined for component null
2023-09-16 18:45:13,077 [WARN] ModelIntegratedComponent:63 - No mode defined for component null
2023-09-16 18:45:13,077 [WARN] ModelIntegratedComponent:63 - No mode defined for component null
2023-09-16 18:45:13,078 [WARN] ModelIntegratedComponent:63 - No mode defined for component null
2023-09-16 18:45:13,078 [WARN] ModelIntegratedComponent:63 - No mode defined for component null
2023-09-16 18:45:13,078 [WARN] ModelIntegratedComponent:63 - No mode defined for component null
2023-09-16 18:45:13,078 [WARN] ModelIntegratedComponent:63 - No mode defined for component null
2023-09-16 18:45:13,078 [WARN] ModelIntegratedComponent:63 - No mode defined for component null
2023-09-16 18:45:13,078 [WARN] ModelIntegratedComponent:63 - No mode defined for component null
2023-09-16 18:45:13,078 [WARN] ModelIntegratedComponent:63 - No mode defined for component null
2023-09-16 18:45:13,078 [WARN] ModelIntegratedComponent:63 - No mode defined for component null
2023-09-16 18:45:13,078 [WARN] ModelIntegratedComponent:63 - No mode defined for component null
2023-09-16 18:45:13,078 [WARN] ModelIntegratedComponent:63 - No mode defined for component null
2023-09-16 18:45:13,078 [WARN] ModelIntegratedComponent:63 - No mode defined for component null
2023-09-16 18:45:13,078 [WARN] ModelIntegratedComponent:63 - No mode defined for component null
2023-09-16 18:45:13,078 [WARN] ModelIntegratedComponent:63 - No mode defined for component null
2023-09-16 18:45:13,079 [WARN] ModelIntegratedComponent:63 - No mode defined for component null
2023-09-16 18:45:13,101 [INFO] ThirdPartyModel:298 - Start build external matchings
2023-09-16 18:45:13,673 [INFO] ThirdPartyModel:316 - End build external matchings
2023-09-16 18:45:13,684 [INFO] ImportTextPane:194 - (OptionalMessage_ERROR) IP (RCC) : Invalid parameter (FamilyName)
2023-09-16 18:45:13,684 [INFO] ImportTextPane:194 - (OptionalMessage_ERROR) IP (RCC) : Invalid parameter (HSICECFreq_Value)
2023-09-16 18:45:13,900 [INFO] UtilMem:75 - End LoadConfig() Used Memory: 217892784 Bytes (593494016)
2023-09-16 18:45:14,588 [INFO] ApiDb:581 - Connected to CubeFinder SQLite database (/Users/mishaynaidoo/.stmcufinder/plugins/mcufinder/mcu/cube-finder-db.db)
2023-09-16 18:45:15,449 [INFO] ApiDb:668 - CubeFinder database Data Model version=2.1
2023-09-16 18:45:15,449 [INFO] ApiDb:669 - CubeFinder database Configuration version=3.0.37
2023-09-16 18:45:15,450 [INFO] ApiDb:670 - CubeFinder database generation date=2023-08-31 (1693470701)
2023-09-16 18:45:15,450 [INFO] ApiDb:671 - CubeFinder database FW Pack versions=[FP-ATR-ASTRA1_V2.0.0, FP-SNS-FLIGHT1_V5.0.1, FP-SNS-FLIGHT1_V5.0.2, FP-SNS-MOTENV1_V4.3.1, FP-SNS-MOTENV1_V4.3.2, STM32Cube_FW_C0_V1.1.0, STM32Cube_FW_F4_V1.27.1, STM32Cube_FW_F7_V1.17.0, STM32Cube_FW_G0_V1.6.1, STM32Cube_FW_G4_V1.5.1, STM32Cube_FW_H5_V0.5.1, STM32Cube_FW_H5_V1.1.1, STM32Cube_FW_H7_V1.11.0, STM32Cube_FW_L0_V1.12.2, STM32Cube_FW_L5_V1.5.0, STM32Cube_FW_U5_V1.3.0, STM32Cube_FW_U5_V1.3.0RC4, STM32Cube_FW_WBA_V1.0.0RC1, STM32Cube_FW_WBA_V1.1.0, STM32Cube_FW_WBA_V1.1.0RC1, STM32Cube_FW_WB_V1.15.0RC1, STM32Cube_FW_WB_V1.16.0, STM32Cube_FW_WB_V1.16.0RC2, STM32Cube_FW_WB_V1.17.0, STM32Cube_FW_WB_V1.17.2, STM32Cube_FW_WL_V1.3.0, X-CUBE-ALGOBUILD_V1.3.0, X-CUBE-ALS_V1.0.1, X-CUBE-AZRTOS-F4_V1.1.0, X-CUBE-AZRTOS-F7_V1.1.0, X-CUBE-AZRTOS-G0_V1.1.0, X-CUBE-AZRTOS-G4_V2.0.0, X-CUBE-AZRTOS-H7_V3.1.0, X-CUBE-AZRTOS-L4_V1.0.0, X-CUBE-AZRTOS-L4_V2.0.0, X-CUBE-AZRTOS-L5_V1.1.0, X-CUBE-AZRTOS-WB_V2.0.0, X-CUBE-AZRTOS-WL_V2.0.0, X-CUBE-BLE1_V7.0.0, X-CUBE-BLE2_V3.3.0, X-CUBE-BLEMGR_V2.0.0, X-CUBE-EEPRMA1_V4.1.0, X-CUBE-FREERTOS_V1.1.0, X-CUBE-GNSS1_V6.0.0, X-CUBE-MEMS1_V9.1.0, X-CUBE-MEMS1_V9.4.0, X-CUBE-MEMS1_V9.6.0, X-CUBE-NFC4_V3.0.0, X-CUBE-NFC7_V1.0.0, X-CUBE-SFXS2LP1_V4.0.0, X-CUBE-SUBG2_V5.0.0, X-CUBE-TOF1_V3.3.1]
2023-09-16 18:45:18,172 [INFO] ApiDb:240 - Found 323 in-development CPN: [B-G473E-ZEST1S, B-WB1M-WPAN1, B-WL5M-SUBG1, NUCLEO-C031C6, NUCLEO-H503RB, NUCLEO-H563ZI, NUCLEO-U545RE-Q, NUCLEO-U5A5ZJ-Q, NUCLEO-WBA52CG, STEVAL-PROTEUS1, STEVAL-SMARTAG2, STEVAL-STWINBX1, STM320518-EVAL, STM32C0116-DK, STM32C011D6Y3TR, STM32C011D6Y6TR, STM32C011F4P3, STM32C011F4P6, STM32C011F4U3, STM32C011F4U6TR, STM32C011F6P3, STM32C011F6P6, STM32C011F6U3, STM32C011F6U6TR, STM32C011J4M3, STM32C011J4M6, STM32C011J6M3, STM32C011J6M6, STM32C0316-DK, STM32C031C4T3, STM32C031C4T6, STM32C031C4U3, STM32C031C4U6, STM32C031C6T3, STM32C031C6T6, STM32C031C6U3, STM32C031C6U6, STM32C031F4P3, STM32C031F4P6, STM32C031F6P3, STM32C031F6P6, STM32C031G4U3, STM32C031G4U6, STM32C031G6U3, STM32C031G6U6, STM32C031K4T3, STM32C031K4T6, STM32C031K4U3, STM32C031K4U6, STM32C031K6T3, STM32C031K6T6, STM32C031K6U3, STM32C031K6U6, STM32G071K8TXN, STM32G071K8UXN, STM32G081GBU6N, STM32G081KBT6N, STM32G081KBUXN, STM32G0B1CCT6N, STM32G0B1KCT6, STM32G0B1NEY6TR, STM32G0B1RCT6N, STM32G0C1CCT6, STM32G0C1CCT6N, STM32G0C1CCU6N, STM32G0C1CET6N, STM32G0C1CEU6N, STM32G0C1KCT6, STM32G0C1NEY6TR, STM32G0C1RCI6N, STM32G0C1RCT6N, STM32G0C1REI6N, STM32G0C1RET6N, STM32G0C1VCI6, STM32G0C1VEI6, STM32G471CCT6, STM32G471CCU6, STM32G471CET3, STM32G471CET6, STM32G471CEU3, STM32G471CEU6, STM32G471MCT6, STM32G471MET3, STM32G471MET6, STM32G471MEY6TR, STM32G471QCT6, STM32G471QET3, STM32G471RCT6, STM32G471RET3, STM32G471RET6, STM32G471VCH6, STM32G471VCI6, STM32G471VCT6, STM32G471VEH3, STM32G471VEH6, STM32G471VEI3, STM32G471VEI6, STM32G471VET3, STM32G471VET6, STM32G474CCT6, STM32H503CBT6, STM32H503CBU6, STM32H503EBY6TR, STM32H503KBU6, STM32H503RBT6, STM32H562AGI6, STM32H562AII6, STM32H562IGK6, STM32H562IGT6, STM32H562IIK6, STM32H562IIT6, STM32H562RGT6, STM32H562RGV6, STM32H562RIT6, STM32H562RIV6, STM32H562VGT6, STM32H562VIT6, STM32H562ZGT6, STM32H562ZIT6, STM32H563AGI6, STM32H563AII3Q, STM32H563AII6, STM32H563IGK6, STM32H563IGT6, STM32H563IIK3Q, STM32H563IIK6, STM32H563IIT3Q, STM32H563IIT6, STM32H563MIY3QTR, STM32H563RGT6, STM32H563RGV6, STM32H563RIT6, STM32H563RIV6, STM32H563VGT6, STM32H563VIT3Q, STM32H563VIT6, STM32H563ZGT6, STM32H563ZIT3Q, STM32H563ZIT6, STM32H573AII3Q, STM32H573AII6, STM32H573I-DK, STM32H573IIK3Q, STM32H573IIK6, STM32H573IIT3Q, STM32H573IIT6, STM32H573MIY3QTR, STM32H573RIT6, STM32H573RIV6, STM32H573VIT3Q, STM32H573VIT6, STM32H573ZIT3Q, STM32H573ZIT6, STM32L4R5QGI6STR, STM32MP131AAE3, STM32MP131AAF3, STM32MP131AAG3, STM32MP131CAE3, STM32MP131CAF3, STM32MP131CAG3, STM32MP131DAE7, STM32MP131DAF7, STM32MP131DAG7, STM32MP131FAE7, STM32MP131FAF7, STM32MP131FAG7, STM32MP133AAE3, STM32MP133AAF3, STM32MP133AAG3, STM32MP133CAE3, STM32MP133CAF3, STM32MP133CAG3, STM32MP133DAE7, STM32MP133DAF7, STM32MP133DAG7, STM32MP133FAE7, STM32MP133FAF7, STM32MP133FAG7, STM32MP135AAE3, STM32MP135AAF3, STM32MP135AAG3, STM32MP135CAE3, STM32MP135CAF3, STM32MP135CAG3, STM32MP135DAE7, STM32MP135DAF7, STM32MP135DAG7, STM32MP135F-DK, STM32MP135FAE7, STM32MP135FAF7, STM32MP135FAF7T, STM32MP135FAF7U, STM32MP135FAG7, STM32U535CBT6, STM32U535CBT6Q, STM32U535CBU6, STM32U535CBU6Q, STM32U535CCT6, STM32U535CCT6Q, STM32U535CCU6, STM32U535CCU6Q, STM32U535CET6, STM32U535CET6Q, STM32U535CEU6, STM32U535CEU6Q, STM32U535JEY6QTR, STM32U535NCY6QTR, STM32U535NEY6QTR, STM32U535RBI6, STM32U535RBI6Q, STM32U535RBT6, STM32U535RBT6Q, STM32U535RCI6, STM32U535RCI6Q, STM32U535RCT6, STM32U535RCT6Q, STM32U535REI6, STM32U535REI6Q, STM32U535RET6, STM32U535RET6Q, STM32U535VCI6, STM32U535VCI6Q, STM32U535VCT6, STM32U535VCT6Q, STM32U535VEI6, STM32U535VEI6Q, STM32U535VET6, STM32U535VET6Q, STM32U545CET6, STM32U545CET6Q, STM32U545CEU6, STM32U545CEU6Q, STM32U545JEY6QTR, STM32U545NEY6QTR, STM32U545REI6, STM32U545REI6Q, STM32U545RET6, STM32U545RET6Q, STM32U545VEI6, STM32U545VEI6Q, STM32U545VET6, STM32U545VET6Q, STM32U595AIH6, STM32U595AIH6Q, STM32U595AJH6, STM32U595AJH6Q, STM32U595QII6, STM32U595QII6Q, STM32U595QJI6, STM32U595QJI6Q, STM32U595RIT6, STM32U595RIT6Q, STM32U595RJT6, STM32U595RJT6Q, STM32U595VIT6, STM32U595VIT6Q, STM32U595VJT6, STM32U595VJT6Q, STM32U595ZIT6, STM32U595ZIT6Q, STM32U595ZIY6QTR, STM32U595ZJT6, STM32U595ZJT6Q, STM32U595ZJY6QTR, STM32U599BJY6QTR, STM32U599NIH6Q, STM32U599NJH6Q, STM32U599VIT6Q, STM32U599VJT6, STM32U599VJT6Q, STM32U599ZIT6Q, STM32U599ZIY6QTR, STM32U599ZJT6Q, STM32U599ZJY6QTR, STM32U5A5AJH6, STM32U5A5AJH6Q, STM32U5A5QJI6, STM32U5A5QJI6Q, STM32U5A5RJT6, STM32U5A5RJT6Q, STM32U5A5VJT6, STM32U5A5VJT6Q, STM32U5A5ZJT6, STM32U5A5ZJT6Q, STM32U5A5ZJY6QTR, STM32U5A9BJY6QTR, STM32U5A9J-DK, STM32U5A9NJH6Q, STM32U5A9VJT6Q, STM32U5A9ZJT6Q, STM32U5A9ZJY6QTR, STM32U5F7VIT6, STM32U5F7VIT6Q, STM32U5F7VJT6, STM32U5F7VJT6Q, STM32U5F9BJY6QTR, STM32U5F9NJH6Q, STM32U5F9VIT6Q, STM32U5F9VJT6Q, STM32U5F9ZIJ6QTR, STM32U5F9ZIT6Q, STM32U5F9ZJJ6QTR, STM32U5F9ZJT6Q, STM32U5G7VJT6, STM32U5G7VJT6Q, STM32U5G9BJY6QTR, STM32U5G9J-DK1, STM32U5G9J-DK2, STM32U5G9NJH6Q, STM32U5G9VJT6Q, STM32U5G9ZJJ6QTR, STM32U5G9ZJT6Q, STM32WB1MMCH6, STM32WBA52CEU6, STM32WBA52CEU6T, STM32WBA52CGU6, STM32WBA52CGU6T, STM32WBA52KEU6, STM32WBA52KEU6T, STM32WBA52KGU6, STM32WBA52KGU6T, STM32WL5MOCH6, STM32WL5MOCH6TR]
2023-09-16 18:45:18,178 [INFO] DbMcus:217 - Found 3848 MCUs, 3848 are supported
2023-09-16 18:45:18,178 [INFO] ApiDb:423 - Load user favorites file /Users/mishaynaidoo/.stm32cubeide/favorites.mcus.txt: 0 item(s)
2023-09-16 18:45:18,178 [INFO] ApiDb:427 - User favorites MCUs=[]
2023-09-16 18:45:18,179 [INFO] DbMcus:223 - Set 0 / 0 favorites MCUs
2023-09-16 18:45:18,798 [WARN] ThirdParty:833 - waiting for thirdparty lock release [change project]
2023-09-16 18:45:18,798 [INFO] ThirdParty:835 - entering critical section [change project]
2023-09-16 18:45:18,798 [INFO] ThirdParty:1030 - CMSIS Pack Vendor :STMicroelectronics X-CUBE-ISPU 1.1.0
2023-09-16 18:45:18,798 [INFO] ThirdParty:1030 - CMSIS Pack Vendor :STMicroelectronics USBPD 4.1
2023-09-16 18:45:18,798 [INFO] ThirdParty:1030 - CMSIS Pack Vendor :STMicroelectronics X-CUBE-GNSS1 6.0.0
2023-09-16 18:45:18,798 [INFO] ThirdParty:1030 - CMSIS Pack Vendor :STMicroelectronics USB_HOST 2.0.0
2023-09-16 18:45:18,798 [INFO] ThirdParty:1030 - CMSIS Pack Vendor :STMicroelectronics X-CUBE-AZRTOS-F4 1.1.0
2023-09-16 18:45:18,798 [INFO] ThirdParty:1030 - CMSIS Pack Vendor :STMicroelectronics LIBJPEG 8.0.0
2023-09-16 18:45:18,799 [INFO] ThirdParty:1030 - CMSIS Pack Vendor :wolfSSL I-CUBE-wolfSSL 5.6.3
2023-09-16 18:45:18,799 [INFO] ThirdParty:1030 - CMSIS Pack Vendor :STMicroelectronics X-CUBE-SMBUS 2.1.0
2023-09-16 18:45:18,799 [INFO] ThirdParty:1030 - CMSIS Pack Vendor :STMicroelectronics USB_DEVICE 3.0.0
2023-09-16 18:45:18,799 [INFO] ThirdParty:1030 - CMSIS Pack Vendor :STMicroelectronics X-CUBE-AZRTOS-WB 2.0.0
2023-09-16 18:45:18,799 [INFO] ThirdParty:1030 - CMSIS Pack Vendor :STMicroelectronics X-CUBE-AZRTOS-F7 1.1.0
2023-09-16 18:45:18,799 [INFO] ThirdParty:1030 - CMSIS Pack Vendor :STMicroelectronics X-CUBE-AZRTOS-L5 2.0.0
2023-09-16 18:45:18,799 [INFO] ThirdParty:1030 - CMSIS Pack Vendor :STMicroelectronics USB_DEVICE 2.0.0
2023-09-16 18:45:18,799 [INFO] ThirdParty:1030 - CMSIS Pack Vendor :STMicroelectronics X-CUBE-MEMS1 9.6.0
2023-09-16 18:45:18,799 [INFO] ThirdParty:1030 - CMSIS Pack Vendor :STMicroelectronics FP-SNS-MOTENV1 4.3.2
2023-09-16 18:45:18,799 [INFO] ThirdParty:1030 - CMSIS Pack Vendor :STMicroelectronics X-CUBE-ALGOBUILD 1.3.0
2023-09-16 18:45:18,799 [INFO] ThirdParty:1030 - CMSIS Pack Vendor :STMicroelectronics FreeRTOS 0.0.1
2023-09-16 18:45:18,799 [INFO] ThirdParty:1030 - CMSIS Pack Vendor :STMicroelectronics X-CUBE-AZRTOS-G0 1.1.0
2023-09-16 18:45:18,799 [INFO] ThirdParty:1030 - CMSIS Pack Vendor :STMicroelectronics X-CUBE-BLEMGR 2.0.0
2023-09-16 18:45:18,799 [INFO] ThirdParty:1030 - CMSIS Pack Vendor :STMicroelectronics X-CUBE-NFC4 3.0.0
2023-09-16 18:45:18,799 [INFO] ThirdParty:1030 - CMSIS Pack Vendor :STMicroelectronics X-CUBE-SUBG2 5.0.0
2023-09-16 18:45:18,799 [INFO] ThirdParty:1030 - CMSIS Pack Vendor :STMicroelectronics STM32_WPAN 1.0.0
2023-09-16 18:45:18,799 [INFO] ThirdParty:1030 - CMSIS Pack Vendor :STMicroelectronics lwIP 2.0.3
2023-09-16 18:45:18,799 [INFO] ThirdParty:1030 - CMSIS Pack Vendor :STMicroelectronics FP-SNS-FLIGHT1 5.0.2
2023-09-16 18:45:18,799 [INFO] ThirdParty:1030 - CMSIS Pack Vendor :STMicroelectronics USB_HOST 1.0.0
2023-09-16 18:45:18,799 [INFO] ThirdParty:1030 - CMSIS Pack Vendor :STMicroelectronics X-CUBE-TOF1 3.3.1
2023-09-16 18:45:18,800 [INFO] ThirdParty:1030 - CMSIS Pack Vendor :STMicroelectronics X-CUBE-AZRTOS-G4 2.0.0
2023-09-16 18:45:18,800 [INFO] ThirdParty:1030 - CMSIS Pack Vendor :STMicroelectronics PDM2PCM 3.1.0
2023-09-16 18:45:18,800 [INFO] ThirdParty:1030 - CMSIS Pack Vendor :STMicroelectronics X-CUBE-AZRTOS-H7 3.1.0
2023-09-16 18:45:18,800 [INFO] ThirdParty:1030 - CMSIS Pack Vendor :STMicroelectronics PDM2PCM 3.3.0
2023-09-16 18:45:18,800 [INFO] ThirdParty:1030 - CMSIS Pack Vendor :STMicroelectronics X-CUBE-DISPLAY 3.0.0
2023-09-16 18:45:18,800 [INFO] ThirdParty:1030 - CMSIS Pack Vendor :STMicroelectronics X-CUBE-BLE1 7.0.0
2023-09-16 18:45:18,800 [INFO] ThirdParty:1030 - CMSIS Pack Vendor :STMicroelectronics FP-ATR-SIGFOX1 3.2.0
2023-09-16 18:45:18,800 [INFO] ThirdParty:1030 - CMSIS Pack Vendor :STMicroelectronics HAL Drivers 0.0.0
2023-09-16 18:45:18,800 [INFO] ThirdParty:1030 - CMSIS Pack Vendor :STMicroelectronics MBEDTLS 2.16.2
2023-09-16 18:45:18,800 [INFO] ThirdParty:1030 - CMSIS Pack Vendor :emotas I-CUBE-CANOPEN 1.3.0
2023-09-16 18:45:18,800 [INFO] ThirdParty:1030 - CMSIS Pack Vendor :STMicroelectronics X-CUBE-FREERTOS 1.1.0
2023-09-16 18:45:18,800 [INFO] ThirdParty:1030 - CMSIS Pack Vendor :STMicroelectronics X-CUBE-TOUCHGFX 4.22.0
2023-09-16 18:45:18,800 [INFO] ThirdParty:1030 - CMSIS Pack Vendor :STMicroelectronics X-CUBE-NFC7 1.0.1
2023-09-16 18:45:18,800 [INFO] ThirdParty:1030 - CMSIS Pack Vendor :STMicroelectronics MBEDTLS 2.14.1
2023-09-16 18:45:18,801 [INFO] ThirdParty:1030 - CMSIS Pack Vendor :STMicroelectronics X-CUBE-NFC6 3.0.0
2023-09-16 18:45:18,801 [INFO] ThirdParty:1030 - CMSIS Pack Vendor :STMicroelectronics X-CUBE-EEPRMA1 4.1.0
2023-09-16 18:45:18,801 [INFO] ThirdParty:1030 - CMSIS Pack Vendor :portGmbH I-Cube-SoM-uGOAL 1.1.0
2023-09-16 18:45:18,801 [INFO] ThirdParty:1030 - CMSIS Pack Vendor :STMicroelectronics X-CUBE-ALS 1.0.1
2023-09-16 18:45:18,801 [INFO] ThirdParty:1030 - CMSIS Pack Vendor :STMicroelectronics ThreadX 1.0.0
2023-09-16 18:45:18,801 [INFO] ThirdParty:1030 - CMSIS Pack Vendor :STMicroelectronics FP-SNS-SMARTAG2 1.2.0
2023-09-16 18:45:18,801 [INFO] ThirdParty:1030 - CMSIS Pack Vendor :STMicroelectronics X-CUBE-AZRTOS-WL 2.0.0
2023-09-16 18:45:18,801 [INFO] ThirdParty:1030 - CMSIS Pack Vendor :SEGGER I-CUBE-embOS 1.3.1
2023-09-16 18:45:18,801 [INFO] ThirdParty:1030 - CMSIS Pack Vendor :STMicroelectronics USB_DEVICE 1.0.0
2023-09-16 18:45:18,801 [INFO] ThirdParty:1030 - CMSIS Pack Vendor :STMicroelectronics X-CUBE-AI 8.1.0
2023-09-16 18:45:18,801 [INFO] ThirdParty:1030 - CMSIS Pack Vendor :STMicroelectronics X-CUBE-AZRTOS-L4 2.0.0
2023-09-16 18:45:18,802 [INFO] ThirdParty:1030 - CMSIS Pack Vendor :STMicroelectronics ThreadX 0.0.2
2023-09-16 18:45:18,802 [INFO] ThirdParty:1030 - CMSIS Pack Vendor :WES I-CUBE-Cesium 1.3.0
2023-09-16 18:45:18,802 [INFO] ThirdParty:1030 - CMSIS Pack Vendor :STMicroelectronics FP-ATR-ASTRA1 2.0.0
2023-09-16 18:45:18,802 [INFO] ThirdParty:1030 - CMSIS Pack Vendor :STMicroelectronics lwIP 2.1.2
2023-09-16 18:45:18,802 [INFO] ThirdParty:1030 - CMSIS Pack Vendor :STMicroelectronics X-CUBE-SFXS2LP1 4.0.0
2023-09-16 18:45:18,802 [INFO] ThirdParty:1030 - CMSIS Pack Vendor :STMicroelectronics X-CUBE-BLE2 3.3.0
2023-09-16 18:45:18,802 [INFO] ThirdParty:1030 - CMSIS Pack Vendor :STMicroelectronics PDM2PCM 3.2.0
2023-09-16 18:45:18,802 [INFO] ThirdParty:841 - exiting critical section [change project]
2023-09-16 18:45:19,187 [INFO] PinOutPanel:1499 - setPackage(No Configuration,No Configuration)
2023-09-16 18:45:19,189 [INFO] PinOutPanel:1499 - setPackage(STM32F051R8Tx,LQFP64)
2023-09-16 18:45:20,694 [INFO] UtilMem:75 - Before build in PCC Used Memory: 306036424 Bytes (723517440)
2023-09-16 18:45:21,558 [INFO] UtilMem:75 - After build in PCC Used Memory: 423460232 Bytes (723517440)
2023-09-16 18:45:21,595 [INFO] IPUIPlugin:80 - create IPUIPlugin
2023-09-16 18:45:21,595 [INFO] IPUIPlugin:80 - create IPUIPlugin
2023-09-16 18:45:21,596 [INFO] IPUIPlugin:80 - create IPUIPlugin
2023-09-16 18:45:21,596 [INFO] IPUIPlugin:80 - create IPUIPlugin
2023-09-16 18:45:21,597 [INFO] IPUIPlugin:80 - create IPUIPlugin
2023-09-16 18:45:21,597 [INFO] IPUIPlugin:80 - create IPUIPlugin
2023-09-16 18:45:21,597 [INFO] IPUIPlugin:80 - create IPUIPlugin
2023-09-16 18:45:21,597 [INFO] IPUIPlugin:80 - create IPUIPlugin
2023-09-16 18:45:21,598 [INFO] IPUIPlugin:80 - create IPUIPlugin
2023-09-16 18:45:21,598 [INFO] IPUIPlugin:80 - create IPUIPlugin
2023-09-16 18:45:21,598 [INFO] IPUIPlugin:80 - create IPUIPlugin
2023-09-16 18:45:21,599 [INFO] IPUIPlugin:80 - create IPUIPlugin
2023-09-16 18:45:21,599 [INFO] IPUIPlugin:80 - create IPUIPlugin
2023-09-16 18:45:21,599 [INFO] IPUIPlugin:80 - create IPUIPlugin
2023-09-16 18:45:21,599 [INFO] IPUIPlugin:80 - create IPUIPlugin
2023-09-16 18:45:21,600 [INFO] IPUIPlugin:80 - create IPUIPlugin
2023-09-16 18:45:21,600 [INFO] IPUIPlugin:80 - create IPUIPlugin
2023-09-16 18:45:21,600 [INFO] IPUIPlugin:80 - create IPUIPlugin
2023-09-16 18:45:21,600 [INFO] IPUIPlugin:80 - create IPUIPlugin
2023-09-16 18:45:21,600 [INFO] IPUIPlugin:80 - create IPUIPlugin
2023-09-16 18:45:21,601 [INFO] IPUIPlugin:80 - create IPUIPlugin
2023-09-16 18:45:21,601 [INFO] IPUIPlugin:80 - create IPUIPlugin
2023-09-16 18:45:21,601 [INFO] IPUIPlugin:80 - create IPUIPlugin
2023-09-16 18:45:21,602 [INFO] IPUIPlugin:80 - create IPUIPlugin
2023-09-16 18:45:21,602 [INFO] IPUIPlugin:80 - create IPUIPlugin
2023-09-16 18:45:21,602 [INFO] IPUIPlugin:80 - create IPUIPlugin
2023-09-16 18:45:21,604 [INFO] IPUIPlugin:80 - create IPUIPlugin
2023-09-16 18:45:21,604 [INFO] IPUIPlugin:80 - create IPUIPlugin
2023-09-16 18:45:21,604 [INFO] IPUIPlugin:80 - create IPUIPlugin
2023-09-16 18:45:21,605 [INFO] IPUIPlugin:80 - create IPUIPlugin
2023-09-16 18:45:21,605 [INFO] IPUIPlugin:80 - create IPUIPlugin
2023-09-16 18:45:21,606 [INFO] IPUIPlugin:80 - create IPUIPlugin
2023-09-16 18:45:21,606 [INFO] IPUIPlugin:80 - create IPUIPlugin
2023-09-16 18:45:21,609 [INFO] IPUIPlugin:80 - create IPUIPlugin
2023-09-16 18:45:21,877 [INFO] CADModel:165 - CPN selected for project levelSTM32F051R8T6
2023-09-16 18:45:21,877 [INFO] CADModel:114 - Register for checkConnection events
2023-09-16 18:45:21,916 [INFO] OpenFileManager:328 - Restore cursor
2023-09-16 19:07:01,815 [INFO] UtilMem:75 - End SaveConfig() Used Memory: 580167904 Bytes (933232640)
2023-09-16 19:07:04,123 [INFO] UtilMem:75 - End SaveConfig() Used Memory: 617390304 Bytes (933232640)
2023-09-16 19:07:04,410 [INFO] UtilMem:75 - End SaveConfig() Used Memory: 667721952 Bytes (933232640)
2023-09-16 19:07:05,103 [INFO] BlockDiagram:2759 - set Specific Code input for plugin: ADC
2023-09-16 19:07:05,103 [INFO] BlockDiagram:2759 - set Specific Code input for plugin: NVIC
2023-09-16 19:07:05,103 [INFO] BlockDiagram:2759 - set Specific Code input for plugin: USART
2023-09-16 19:07:05,104 [INFO] BlockDiagram:2759 - set Specific Code input for plugin: SYS
2023-09-16 19:07:05,104 [INFO] BlockDiagram:2759 - set Specific Code input for plugin: GPIO
2023-09-16 19:07:05,104 [INFO] BlockDiagram:2759 - set Specific Code input for plugin: RCC
2023-09-16 19:07:05,106 [INFO] CodeGenerator:799 - code generatio: config db path: /Applications/STM32CubeIDE.app/Contents/Eclipse/plugins/com.st.stm32cube.common.mx_6.9.1.202307191849//db/
2023-09-16 19:07:05,768 [INFO] CodeEngine:255 - oldGeneratedFile, /Users/mishaynaidoo/Desktop/Traffic-Monitoring-Using-Doppler-Radar/CDM/STM32Code/Adc_Test/MXTmpFiles/license.tmp_save
2023-09-16 19:07:06,317 [INFO] CodeEngine:279 - Generated code: /Users/mishaynaidoo/Desktop/Traffic-Monitoring-Using-Doppler-Radar/CDM/STM32Code/Adc_Test/MXTmpFiles/license.tmp
2023-09-16 19:07:06,465 [INFO] CodeEngine:255 - oldGeneratedFile, /Users/mishaynaidoo/Desktop/Traffic-Monitoring-Using-Doppler-Radar/CDM/STM32Code/Adc_Test/MXTmpFiles/gpio.tmp_save
2023-09-16 19:07:06,601 [INFO] CodeEngine:279 - Generated code: /Users/mishaynaidoo/Desktop/Traffic-Monitoring-Using-Doppler-Radar/CDM/STM32Code/Adc_Test/MXTmpFiles/gpio.tmp
2023-09-16 19:07:06,802 [INFO] CodeEngine:255 - oldGeneratedFile, /Users/mishaynaidoo/Desktop/Traffic-Monitoring-Using-Doppler-Radar/CDM/STM32Code/Adc_Test/Core/Src/stm32f0xx_it.c_save
2023-09-16 19:07:06,954 [INFO] CodeEngine:279 - Generated code: /Users/mishaynaidoo/Desktop/Traffic-Monitoring-Using-Doppler-Radar/CDM/STM32Code/Adc_Test/Core/Src/stm32f0xx_it.c
2023-09-16 19:07:06,958 [INFO] CodeEngine:255 - oldGeneratedFile, /Users/mishaynaidoo/Desktop/Traffic-Monitoring-Using-Doppler-Radar/CDM/STM32Code/Adc_Test/Core/Inc/stm32f0xx_it.h_save
2023-09-16 19:07:07,049 [INFO] CodeEngine:279 - Generated code: /Users/mishaynaidoo/Desktop/Traffic-Monitoring-Using-Doppler-Radar/CDM/STM32Code/Adc_Test/Core/Inc/stm32f0xx_it.h
2023-09-16 19:07:07,058 [INFO] CodeEngine:255 - oldGeneratedFile, /Users/mishaynaidoo/Desktop/Traffic-Monitoring-Using-Doppler-Radar/CDM/STM32Code/Adc_Test/Core/Src/stm32f0xx_hal_msp.c_save
2023-09-16 19:07:07,229 [INFO] CodeEngine:279 - Generated code: /Users/mishaynaidoo/Desktop/Traffic-Monitoring-Using-Doppler-Radar/CDM/STM32Code/Adc_Test/Core/Src/stm32f0xx_hal_msp.c
2023-09-16 19:07:07,231 [INFO] CodeEngine:255 - oldGeneratedFile, /Users/mishaynaidoo/Desktop/Traffic-Monitoring-Using-Doppler-Radar/CDM/STM32Code/Adc_Test/MXTmpFiles/system.tmp_save
2023-09-16 19:07:07,309 [INFO] CodeEngine:279 - Generated code: /Users/mishaynaidoo/Desktop/Traffic-Monitoring-Using-Doppler-Radar/CDM/STM32Code/Adc_Test/MXTmpFiles/system.tmp
2023-09-16 19:07:07,316 [INFO] CodeEngine:311 - oldGeneratedFile, /Users/mishaynaidoo/Desktop/Traffic-Monitoring-Using-Doppler-Radar/CDM/STM32Code/Adc_Test/Core/Inc/stm32f0xx_hal_conf.h_save
2023-09-16 19:07:07,404 [INFO] CodeEngine:335 - Generated code: /Users/mishaynaidoo/Desktop/Traffic-Monitoring-Using-Doppler-Radar/CDM/STM32Code/Adc_Test/Core/Inc/stm32f0xx_hal_conf.h
2023-09-16 19:07:07,450 [INFO] CodeEngine:255 - oldGeneratedFile, /Users/mishaynaidoo/Desktop/Traffic-Monitoring-Using-Doppler-Radar/CDM/STM32Code/Adc_Test/Core/Inc/main.h_save
2023-09-16 19:07:07,553 [INFO] CodeEngine:279 - Generated code: /Users/mishaynaidoo/Desktop/Traffic-Monitoring-Using-Doppler-Radar/CDM/STM32Code/Adc_Test/Core/Inc/main.h
2023-09-16 19:07:07,558 [INFO] CodeEngine:255 - oldGeneratedFile, /Users/mishaynaidoo/Desktop/Traffic-Monitoring-Using-Doppler-Radar/CDM/STM32Code/Adc_Test/Core/Src/main.c_save
2023-09-16 19:07:07,729 [INFO] CodeEngine:279 - Generated code: /Users/mishaynaidoo/Desktop/Traffic-Monitoring-Using-Doppler-Radar/CDM/STM32Code/Adc_Test/Core/Src/main.c
2023-09-16 19:07:08,551 [INFO] ProjectBuilder:3064 - Time for Copy HAL[1] : 339mS.
2023-09-16 19:07:08,558 [INFO] ProjectBuilder:4404 - Project Generator version: 4.1.0
2023-09-16 19:07:08,882 [INFO] ConfigFileManager:1457 - The Die is : DIE440
2023-09-16 19:07:08,969 [INFO] ApiDbMcu:507 - Load IP Config File for FATFS
2023-09-16 19:07:09,057 [INFO] ApiDbMcu:507 - Load IP Config File for FREERTOS
2023-09-16 19:07:09,598 [INFO] ApiDbMcu:507 - Load IP Config File for TOUCHSENSING
2023-09-16 19:07:11,329 [INFO] LogOutputStream:77 - [STDOUT_REDIRECT] 
2023-09-16 19:07:12,956 [INFO] ProjectBuilder:4626 - Time for Generating toolchain IDE Files: 4397mS.
2023-09-16 19:07:12,957 [INFO] ProjectBuilder:2935 - Time for Copy CMSIS : 1mS.
2023-09-16 19:07:12,958 [INFO] ProjectBuilder:2935 - Time for Copy CMSIS : 0mS.
2023-09-16 19:31:00,451 [INFO] UtilMem:75 - End SaveConfig() Used Memory: 636163072 Bytes (793772032)
2023-09-16 19:31:02,280 [INFO] UtilMem:75 - End SaveConfig() Used Memory: 657134592 Bytes (793772032)
2023-09-16 19:31:04,981 [INFO] UtilMem:75 - End SaveConfig() Used Memory: 725814272 Bytes (793772032)
2023-09-16 19:31:05,467 [INFO] BlockDiagram:2759 - set Specific Code input for plugin: ADC
2023-09-16 19:31:05,476 [INFO] BlockDiagram:2759 - set Specific Code input for plugin: NVIC
2023-09-16 19:31:05,476 [INFO] BlockDiagram:2759 - set Specific Code input for plugin: USART
2023-09-16 19:31:05,476 [INFO] BlockDiagram:2759 - set Specific Code input for plugin: TIM1_8F0
2023-09-16 19:31:05,476 [INFO] BlockDiagram:2759 - set Specific Code input for plugin: SYS
2023-09-16 19:31:05,479 [INFO] BlockDiagram:2759 - set Specific Code input for plugin: GPIO
2023-09-16 19:31:05,479 [INFO] BlockDiagram:2759 - set Specific Code input for plugin: RCC
2023-09-16 19:31:05,480 [INFO] CodeGenerator:799 - code generatio: config db path: /Applications/STM32CubeIDE.app/Contents/Eclipse/plugins/com.st.stm32cube.common.mx_6.9.1.202307191849//db/
2023-09-16 19:31:05,778 [INFO] CodeEngine:255 - oldGeneratedFile, /Users/mishaynaidoo/Desktop/Traffic-Monitoring-Using-Doppler-Radar/CDM/STM32Code/Adc_Test/MXTmpFiles/license.tmp_save
2023-09-16 19:31:06,136 [INFO] CodeEngine:279 - Generated code: /Users/mishaynaidoo/Desktop/Traffic-Monitoring-Using-Doppler-Radar/CDM/STM32Code/Adc_Test/MXTmpFiles/license.tmp
2023-09-16 19:31:06,175 [INFO] CodeEngine:255 - oldGeneratedFile, /Users/mishaynaidoo/Desktop/Traffic-Monitoring-Using-Doppler-Radar/CDM/STM32Code/Adc_Test/MXTmpFiles/gpio.tmp_save
2023-09-16 19:31:06,361 [INFO] CodeEngine:279 - Generated code: /Users/mishaynaidoo/Desktop/Traffic-Monitoring-Using-Doppler-Radar/CDM/STM32Code/Adc_Test/MXTmpFiles/gpio.tmp
2023-09-16 19:31:06,956 [INFO] CodeEngine:255 - oldGeneratedFile, /Users/mishaynaidoo/Desktop/Traffic-Monitoring-Using-Doppler-Radar/CDM/STM32Code/Adc_Test/Core/Src/stm32f0xx_it.c_save
2023-09-16 19:31:07,523 [INFO] CodeEngine:279 - Generated code: /Users/mishaynaidoo/Desktop/Traffic-Monitoring-Using-Doppler-Radar/CDM/STM32Code/Adc_Test/Core/Src/stm32f0xx_it.c
2023-09-16 19:31:07,533 [INFO] CodeEngine:255 - oldGeneratedFile, /Users/mishaynaidoo/Desktop/Traffic-Monitoring-Using-Doppler-Radar/CDM/STM32Code/Adc_Test/Core/Inc/stm32f0xx_it.h_save
2023-09-16 19:31:07,649 [INFO] CodeEngine:279 - Generated code: /Users/mishaynaidoo/Desktop/Traffic-Monitoring-Using-Doppler-Radar/CDM/STM32Code/Adc_Test/Core/Inc/stm32f0xx_it.h
2023-09-16 19:31:07,657 [INFO] CodeEngine:255 - oldGeneratedFile, /Users/mishaynaidoo/Desktop/Traffic-Monitoring-Using-Doppler-Radar/CDM/STM32Code/Adc_Test/Core/Src/stm32f0xx_hal_msp.c_save
2023-09-16 19:31:07,881 [INFO] CodeEngine:279 - Generated code: /Users/mishaynaidoo/Desktop/Traffic-Monitoring-Using-Doppler-Radar/CDM/STM32Code/Adc_Test/Core/Src/stm32f0xx_hal_msp.c
2023-09-16 19:31:07,887 [INFO] CodeEngine:255 - oldGeneratedFile, /Users/mishaynaidoo/Desktop/Traffic-Monitoring-Using-Doppler-Radar/CDM/STM32Code/Adc_Test/MXTmpFiles/system.tmp_save
2023-09-16 19:31:07,969 [INFO] CodeEngine:279 - Generated code: /Users/mishaynaidoo/Desktop/Traffic-Monitoring-Using-Doppler-Radar/CDM/STM32Code/Adc_Test/MXTmpFiles/system.tmp
2023-09-16 19:31:07,979 [INFO] CodeEngine:311 - oldGeneratedFile, /Users/mishaynaidoo/Desktop/Traffic-Monitoring-Using-Doppler-Radar/CDM/STM32Code/Adc_Test/Core/Inc/stm32f0xx_hal_conf.h_save
2023-09-16 19:31:08,080 [INFO] CodeEngine:335 - Generated code: /Users/mishaynaidoo/Desktop/Traffic-Monitoring-Using-Doppler-Radar/CDM/STM32Code/Adc_Test/Core/Inc/stm32f0xx_hal_conf.h
2023-09-16 19:31:08,095 [WARN] IPConfigManager:3431 - IP not found : TIM
2023-09-16 19:31:08,096 [WARN] CodeGenerator:3760 - IP not found : null
2023-09-16 19:31:08,105 [INFO] CodeEngine:255 - oldGeneratedFile, /Users/mishaynaidoo/Desktop/Traffic-Monitoring-Using-Doppler-Radar/CDM/STM32Code/Adc_Test/Core/Inc/main.h_save
2023-09-16 19:31:08,345 [INFO] CodeEngine:279 - Generated code: /Users/mishaynaidoo/Desktop/Traffic-Monitoring-Using-Doppler-Radar/CDM/STM32Code/Adc_Test/Core/Inc/main.h
2023-09-16 19:31:08,348 [INFO] CodeEngine:255 - oldGeneratedFile, /Users/mishaynaidoo/Desktop/Traffic-Monitoring-Using-Doppler-Radar/CDM/STM32Code/Adc_Test/Core/Src/main.c_save
2023-09-16 19:31:08,498 [INFO] CodeEngine:279 - Generated code: /Users/mishaynaidoo/Desktop/Traffic-Monitoring-Using-Doppler-Radar/CDM/STM32Code/Adc_Test/Core/Src/main.c
2023-09-16 19:31:09,385 [INFO] ProjectBuilder:3064 - Time for Copy HAL[1] : 283mS.
2023-09-16 19:31:09,396 [INFO] ProjectBuilder:4404 - Project Generator version: 4.1.0
2023-09-16 19:31:09,667 [INFO] ConfigFileManager:1457 - The Die is : DIE440
2023-09-16 19:31:12,355 [INFO] ProjectBuilder:4626 - Time for Generating toolchain IDE Files: 2959mS.
2023-09-16 19:31:12,359 [INFO] ProjectBuilder:2935 - Time for Copy CMSIS : 0mS.
2023-09-16 19:31:12,361 [INFO] ProjectBuilder:2935 - Time for Copy CMSIS : 0mS.
2023-09-16 20:05:34,850 [INFO] NvicIntPanel:101 - NVIC parent = com.st.microxplorer.plugins.ip.nvic.MultiNvicIntPanel[,0,0,0x0,invalid,layout=javax.swing.BoxLayout,alignmentX=0.0,alignmentY=0.0,border=,flags=9,maximumSize=,minimumSize=,preferredSize=]
2023-09-16 20:06:00,525 [INFO] UtilMem:75 - End SaveConfig() Used Memory: 453148176 Bytes (835715072)
2023-09-16 20:06:01,877 [INFO] UtilMem:75 - End SaveConfig() Used Memory: 473593360 Bytes (835715072)
2023-09-16 20:06:02,087 [INFO] UtilMem:75 - End SaveConfig() Used Memory: 518159888 Bytes (835715072)
2023-09-16 20:06:02,332 [INFO] BlockDiagram:2759 - set Specific Code input for plugin: ADC
2023-09-16 20:06:02,332 [INFO] BlockDiagram:2759 - set Specific Code input for plugin: NVIC
2023-09-16 20:06:02,332 [INFO] BlockDiagram:2759 - set Specific Code input for plugin: USART
2023-09-16 20:06:02,332 [INFO] BlockDiagram:2759 - set Specific Code input for plugin: TIM1_8F0
2023-09-16 20:06:02,332 [INFO] BlockDiagram:2759 - set Specific Code input for plugin: SYS
2023-09-16 20:06:02,333 [INFO] BlockDiagram:2759 - set Specific Code input for plugin: GPIO
2023-09-16 20:06:02,334 [INFO] BlockDiagram:2759 - set Specific Code input for plugin: RCC
2023-09-16 20:06:02,334 [INFO] CodeGenerator:799 - code generatio: config db path: /Applications/STM32CubeIDE.app/Contents/Eclipse/plugins/com.st.stm32cube.common.mx_6.9.1.202307191849//db/
2023-09-16 20:06:02,583 [INFO] CodeEngine:255 - oldGeneratedFile, /Users/mishaynaidoo/Desktop/Traffic-Monitoring-Using-Doppler-Radar/CDM/STM32Code/Adc_Test/MXTmpFiles/license.tmp_save
2023-09-16 20:06:02,816 [INFO] CodeEngine:279 - Generated code: /Users/mishaynaidoo/Desktop/Traffic-Monitoring-Using-Doppler-Radar/CDM/STM32Code/Adc_Test/MXTmpFiles/license.tmp
2023-09-16 20:06:02,845 [INFO] CodeEngine:255 - oldGeneratedFile, /Users/mishaynaidoo/Desktop/Traffic-Monitoring-Using-Doppler-Radar/CDM/STM32Code/Adc_Test/MXTmpFiles/gpio.tmp_save
2023-09-16 20:06:02,940 [INFO] CodeEngine:279 - Generated code: /Users/mishaynaidoo/Desktop/Traffic-Monitoring-Using-Doppler-Radar/CDM/STM32Code/Adc_Test/MXTmpFiles/gpio.tmp
2023-09-16 20:06:03,013 [INFO] CodeEngine:255 - oldGeneratedFile, /Users/mishaynaidoo/Desktop/Traffic-Monitoring-Using-Doppler-Radar/CDM/STM32Code/Adc_Test/Core/Src/stm32f0xx_it.c_save
2023-09-16 20:06:03,218 [INFO] CodeEngine:279 - Generated code: /Users/mishaynaidoo/Desktop/Traffic-Monitoring-Using-Doppler-Radar/CDM/STM32Code/Adc_Test/Core/Src/stm32f0xx_it.c
2023-09-16 20:06:03,226 [INFO] CodeEngine:255 - oldGeneratedFile, /Users/mishaynaidoo/Desktop/Traffic-Monitoring-Using-Doppler-Radar/CDM/STM32Code/Adc_Test/Core/Inc/stm32f0xx_it.h_save
2023-09-16 20:06:03,420 [INFO] CodeEngine:279 - Generated code: /Users/mishaynaidoo/Desktop/Traffic-Monitoring-Using-Doppler-Radar/CDM/STM32Code/Adc_Test/Core/Inc/stm32f0xx_it.h
2023-09-16 20:06:03,428 [INFO] CodeEngine:255 - oldGeneratedFile, /Users/mishaynaidoo/Desktop/Traffic-Monitoring-Using-Doppler-Radar/CDM/STM32Code/Adc_Test/Core/Src/stm32f0xx_hal_msp.c_save
2023-09-16 20:06:03,543 [INFO] CodeEngine:279 - Generated code: /Users/mishaynaidoo/Desktop/Traffic-Monitoring-Using-Doppler-Radar/CDM/STM32Code/Adc_Test/Core/Src/stm32f0xx_hal_msp.c
2023-09-16 20:06:03,546 [INFO] CodeEngine:255 - oldGeneratedFile, /Users/mishaynaidoo/Desktop/Traffic-Monitoring-Using-Doppler-Radar/CDM/STM32Code/Adc_Test/MXTmpFiles/system.tmp_save
2023-09-16 20:06:03,610 [INFO] CodeEngine:279 - Generated code: /Users/mishaynaidoo/Desktop/Traffic-Monitoring-Using-Doppler-Radar/CDM/STM32Code/Adc_Test/MXTmpFiles/system.tmp
2023-09-16 20:06:03,615 [INFO] CodeEngine:311 - oldGeneratedFile, /Users/mishaynaidoo/Desktop/Traffic-Monitoring-Using-Doppler-Radar/CDM/STM32Code/Adc_Test/Core/Inc/stm32f0xx_hal_conf.h_save
2023-09-16 20:06:03,680 [INFO] CodeEngine:335 - Generated code: /Users/mishaynaidoo/Desktop/Traffic-Monitoring-Using-Doppler-Radar/CDM/STM32Code/Adc_Test/Core/Inc/stm32f0xx_hal_conf.h
2023-09-16 20:06:03,692 [WARN] IPConfigManager:3431 - IP not found : TIM
2023-09-16 20:06:03,692 [WARN] CodeGenerator:3760 - IP not found : null
2023-09-16 20:06:03,696 [INFO] CodeEngine:255 - oldGeneratedFile, /Users/mishaynaidoo/Desktop/Traffic-Monitoring-Using-Doppler-Radar/CDM/STM32Code/Adc_Test/Core/Inc/main.h_save
2023-09-16 20:06:03,779 [INFO] CodeEngine:279 - Generated code: /Users/mishaynaidoo/Desktop/Traffic-Monitoring-Using-Doppler-Radar/CDM/STM32Code/Adc_Test/Core/Inc/main.h
2023-09-16 20:06:03,782 [INFO] CodeEngine:255 - oldGeneratedFile, /Users/mishaynaidoo/Desktop/Traffic-Monitoring-Using-Doppler-Radar/CDM/STM32Code/Adc_Test/Core/Src/main.c_save
2023-09-16 20:06:03,899 [INFO] CodeEngine:279 - Generated code: /Users/mishaynaidoo/Desktop/Traffic-Monitoring-Using-Doppler-Radar/CDM/STM32Code/Adc_Test/Core/Src/main.c
2023-09-16 20:06:05,051 [INFO] ProjectBuilder:3064 - Time for Copy HAL[1] : 332mS.
2023-09-16 20:06:05,055 [INFO] ProjectBuilder:4404 - Project Generator version: 4.1.0
2023-09-16 20:06:05,327 [INFO] ConfigFileManager:1457 - The Die is : DIE440
2023-09-16 20:06:07,618 [INFO] ProjectBuilder:4626 - Time for Generating toolchain IDE Files: 2563mS.
2023-09-16 20:06:07,619 [INFO] ProjectBuilder:2935 - Time for Copy CMSIS : 1mS.
2023-09-16 20:06:07,623 [INFO] ProjectBuilder:2935 - Time for Copy CMSIS : 0mS.
2023-09-16 20:23:57,616 [ERROR] ConfigurationRetriever:142 - IOException on connection: sw-center.st.com
2023-09-16 20:23:57,799 [ERROR] ConfigurationRetriever:142 - IOException on connection: sw-center.st.com
2023-09-16 20:23:57,800 [ERROR] ConfigurationRetriever:142 - IOException on connection: sw-center.st.com
2023-09-16 20:23:58,988 [ERROR] ConfigurationRetriever:142 - IOException on connection: sw-center.st.com
2023-09-16 20:23:58,989 [ERROR] ConfigurationRetriever:142 - IOException on connection: sw-center.st.com
2023-09-16 20:23:58,990 [ERROR] ConfigurationRetriever:142 - IOException on connection: sw-center.st.com
2023-09-16 20:28:20,703 [ERROR] ConfigurationRetriever:142 - IOException on connection: Connect timed out
2023-09-16 20:28:22,732 [ERROR] ConfigurationRetriever:142 - IOException on connection: Read timed out
2023-09-16 20:28:25,855 [ERROR] ConfigurationRetriever:142 - IOException on connection: Read timed out
2023-09-16 20:28:28,940 [ERROR] ConfigurationRetriever:142 - IOException on connection: Read timed out
2023-09-16 20:28:30,972 [ERROR] ConfigurationRetriever:142 - IOException on connection: Read timed out
2023-09-16 20:28:32,973 [ERROR] ConfigurationRetriever:142 - IOException on connection: Connect timed out
2023-09-16 20:28:47,099 [ERROR] ConfigurationRetriever:142 - IOException on connection: Connect timed out
2023-09-16 20:28:49,102 [ERROR] ConfigurationRetriever:142 - IOException on connection: Connect timed out
2023-09-16 20:36:14,113 [ERROR] ConfigurationRetriever:142 - IOException on connection: sw-center.st.com
2023-09-16 20:36:14,145 [ERROR] ConfigurationRetriever:142 - IOException on connection: sw-center.st.com
2023-09-16 20:36:14,145 [ERROR] ConfigurationRetriever:142 - IOException on connection: sw-center.st.com
2023-09-16 20:36:27,781 [ERROR] ConfigurationRetriever:142 - IOException on connection: sw-center.st.com
2023-09-16 20:36:27,782 [ERROR] ConfigurationRetriever:142 - IOException on connection: sw-center.st.com
2023-09-16 20:36:27,783 [ERROR] ConfigurationRetriever:142 - IOException on connection: sw-center.st.com
2023-09-16 20:36:40,794 [ERROR] ConfigurationRetriever:142 - IOException on connection: sw-center.st.com
2023-09-16 20:36:40,795 [ERROR] ConfigurationRetriever:142 - IOException on connection: sw-center.st.com
2023-09-16 20:36:40,795 [ERROR] ConfigurationRetriever:142 - IOException on connection: sw-center.st.com
2023-09-16 21:01:06,656 [ERROR] ConfigurationRetriever:142 - IOException on connection: Read timed out
2023-09-16 21:01:09,688 [ERROR] ConfigurationRetriever:142 - IOException on connection: Read timed out
2023-09-16 21:01:11,688 [ERROR] ConfigurationRetriever:142 - IOException on connection: Connect timed out
2023-09-16 21:01:12,712 [ERROR] LogOutputStream:75 - [STDERR_REDIRECT] 
